003     0x1C 0x1E  iol 0x1E     ; Device 1, command E : Set group A (U14, kd/disp) 0xB
3
006     0x1C 0x1D  iol 0x1D     ; Device 1, command D: Set group B
6
00A     0x02 0x44  tml 0x244     ;
10
013     0x00 0x00  lbl 0x00  
19
015     0x00 0x00  lbl 0x00  
21
017     0x00 0xD3  lbl 0xD3  
23
026     0x01 0x0F  tml 0x10F
38
029     0x03 0xA2  tml 0x3A2
41
02C     0x01 0x14  tml 0x114
44
02E     0x02 0x71  tml 0x271
46
030     0x00 0xF7  lbl 0xF7  
48
034     0x56 0x1A  tl 0x61A
52
040     0x00 0x1C  lbl 0x1C  
64
044     0x00 0xF8  lbl 0xF8  
68
049     0x00 0x00  lbl 0x00  
73
04B     0x00 0xFE  lbl 0xFE  
75
04F     0x00 0xF3  lbl 0xF3  
79
06E     0x57 0x8F  tl 0x78F
110
073     0x56 0xDF  tl 0x6DF
115
076     0x00 0x78  lbl 0x78  
118
07B     0x56 0x5E  tl 0x65E
123
07E     0x00 0x00  lbl 0x00  
126
084     0x00 0xE0  lbl 0xE0  
132
088     0x01 0x1C  tml 0x11C
136
08B     0x00 0x00  lbl 0x00  
139
08D     0x00 0x00  lbl 0x00  
141
08F     0x00 0x0F  lbl 0x0F  
143
091     0x00 0x00  lbl 0x00  
145
094     0x01 0xE3  tml 0x1E3
148
09F     0x02 0xB7  tml 0x2B7
159
0A3     0x03 0x3F  tml 0x33F
163
0A7     0x00 0x7B  lbl 0x7B  
167
0AE     0x00 0xF2  lbl 0xF2  
174
0B1     0x00 0xB2  lbl 0xB2  
177
0B6     0x00 0x00  lbl 0x00  
182
0B8     0x00 0x00  lbl 0x00  
184
0E2     0x02 0x04  tml 0x204
226
0EA     0x52 0x51  tl 0x251
234
0EC     0x50 0x4F  tl 0x04F
236
102     0x00 0xB2  lbl 0xB2  
258
107     0x00 0x90  lbl 0x90  
263
109     0x00 0xA0  lbl 0xA0  
265
11C     0x00 0xB0  lbl 0xB0  
284
122     0x00 0x92  lbl 0x92  
290
124     0x00 0xB2  lbl 0xB2  
292
126     0x00 0xF2  lbl 0xF2  
294
12E     0x52 0x14  tl 0x214
302
130     0x56 0x40  tl 0x640
304
132     0x53 0xC0  tl 0x3C0
306
134     0x52 0xC0  tl 0x2C0
308
136     0x5E 0xA8  tl 0xEA8
310
138     0x5A 0x74  tl 0xA74
312
13A     0x00 0xD3  lbl 0xD3  
314
13C     0x00 0xD0  lbl 0xD0  
316
13E     0x52 0x67  tl 0x267
318
141     0x00 0xEB  lbl 0xEB  
321
143     0x00 0x9F  lbl 0x9F  
323
145     0x00 0xFF  lbl 0xFF  
325
147     0x00 0xBF  lbl 0xBF  
327
179     0x00 0xB0  lbl 0xB0    ; Load B with 0xB0
377
195     0x00 0xBA  lbl 0xBA  
405
1AC     0x00 0xFD  lbl 0xFD    ;Load b with 0xFD
428
1AE     0x00 0xCD  lbl 0xCD    ; Ignored unless first LBL
430
1B7     0x00 0x90  lbl 0x90  
439
1B9     0x00 0x80  lbl 0x80  
441
1C0     0x00 0xF0  lbl 0xF0  
448
1C2     0x00 0xB0  lbl 0xB0  
450
1D9     0x00 0xD9  lbl 0xD9  
473
1DB     0x00 0xDA  lbl 0xDA  
475
1DF     0x00 0xDC  lbl 0xDC  
479
1E3     0x00 0xB0  lbl 0xB0  
483
1F2     0x00 0x90  lbl 0x90  
498
1F4     0x00 0xF0  lbl 0xF0  
500
200     0x55 0x00  tl 0x500
512
226     0x57 0xC3  tl 0x7C3
550
228     0x02 0xB7  tml 0x2B7
552
22F     0x01 0x1C  tml 0x11C
559
235     0x58 0x40  tl 0x840
565
238     0x00 0x90  lbl 0x90  
568
23E     0x58 0x80  tl 0x880
574
244     0x5C 0x6F  tl 0xC6F
580
24B     0x55 0xC0  tl 0x5C0
587
24D     0x55 0xCC  tl 0x5CC
589
255     0x56 0x90  tl 0x690
597
259     0x59 0x00  tl 0x900
601
25B     0x56 0x80  tl 0x680
603
271     0x55 0x40  tl 0x540
625
2A9     0x00 0x90  lbl 0x90  
681
2AB     0x00 0xB2  lbl 0xB2  
683
2AD     0x00 0xB0  lbl 0xB0  
685
2B3     0x00 0x90  lbl 0x90  
691
2B5     0x00 0xB2  lbl 0xB2  
693
2B7     0x00 0xB0  lbl 0xB0  
695
2C1     0x02 0x4B  tml 0x24B
705
2C3     0x02 0xF1  tml 0x2F1
707
2CD     0x02 0xAB  tml 0x2AB
717
2D1     0x00 0x92  lbl 0x92  
721
2D9     0x00 0x90  lbl 0x90  
729
2DC     0x01 0x43  tml 0x143
732
2E0     0x02 0xB9  tml 0x2B9
736
2E2     0x57 0x40  tl 0x740
738
2EA     0x02 0x4B  tml 0x24B
746
2F6     0x01 0x09  tml 0x109
758
302     0x00 0x13  lbl 0x13  
770
311     0x54 0x69  tl 0x469
785
31E     0x57 0x1B  tl 0x71B
798
342     0x5C 0xA2  tl 0xCA2
834
37B     0x50 0x58  tl 0x058
891
381     0x00 0x57  lbl 0x57  
897
383     0x01 0x57  tml 0x157
899
385     0x02 0x57  tml 0x257
901
387     0x03 0x57  tml 0x357
903
38A     0x57 0x05  tl 0x705
906
38C     0x57 0x06  tl 0x706
908
390     0x57 0x08  tl 0x708
912
392     0x00 0x00  lbl 0x00  
914
394     0x00 0x00  lbl 0x00  
916
386     0x57 0x03  tl 0x703
902
396     0x5D 0x32  tl 0xD32
918
398     0x00 0x00  lbl 0x00  
920
39A     0x55 0x9C  tl 0x59C
922
39E     0x5D 0x40  tl 0xD40
926
3A0     0x00 0xB1  lbl 0xB1     ; 8B1
928
3A2     0x00 0xF9  lbl 0xF9  
930
3A4     0x00 0xF0  lbl 0xF0  
932
3A6     0x00 0xBD  lbl 0xBD  
934
3A8     0x00 0xC0  lbl 0xC0  
936
3AA     0x00 0xD0  lbl 0xD0  
938
3AC     0x00 0xE0  lbl 0xE0  
940
3AE     0x00 0xF6  lbl 0xF6  
942
3B0     0x00 0xF3  lbl 0xF3  
944
3B2     0x00 0xA0  lbl 0xA0  
946
3B4     0x00 0x90  lbl 0x90  
948
3B6     0x00 0x80  lbl 0x80  
950
3C1     0x02 0x4B  tml 0x24B
961
3CF     0x01 0x26  tml 0x126
975
3D5     0x01 0x22  tml 0x122
981
3E3     0x01 0x1C  tml 0x11C
995
3EA     0x02 0xB7  tml 0x2B7
1002
3F1     0x54 0x00  tl 0x400
1009
402     0x00 0x92  lbl 0x92  
1026
406     0x00 0x92  lbl 0x92  
1030
408     0x03 0x2F  tml 0x32F
1032
40F     0x02 0xB9  tml 0x2B9
1039
412     0x02 0xA9  tml 0x2A9
1042
415     0x00 0x92  lbl 0x92  
1045
41B     0x53 0xD5  tl 0x3D5
1051
423     0x02 0x4B  tml 0x24B
1059
427     0x02 0xB9  tml 0x2B9
1063
429     0x53 0xF0  tl 0x3F0
1065
438     0x50 0x29  tl 0x029
1080
446     0x53 0x60  tl 0x360
1094
448     0x00 0x00  lbl 0x00  
1096
44A     0x00 0x00  lbl 0x00  
1098
451     0x53 0x64  tl 0x364
1105
457     0x53 0x68  tl 0x368
1111
459     0x00 0x00  lbl 0x00  
1113
45B     0x00 0x00  lbl 0x00  
1115
45D     0x00 0x00  lbl 0x00  
1117
45F     0x02 0xA9  tml 0x2A9
1119
461     0x00 0x9F  lbl 0x9F  
1121
467     0x01 0x93  tml 0x193
1127
469     0x00 0x90  lbl 0x90  
1129
471     0x01 0x93  tml 0x193
1137
476     0x02 0xB7  tml 0x2B7
1142
47E     0x54 0x80  tl 0x480
1150
484     0x00 0xE1  lbl 0xE1  
1156
489     0x00 0x92  lbl 0x92  
1161
48C     0x54 0xA9  tl 0x4A9
1164
48E     0x00 0x92  lbl 0x92  
1166
490     0x03 0x02  tml 0x302
1168
495     0x03 0x00  tml 0x300
1173
498     0x00 0x92  lbl 0x92  
1176
49F     0x00 0xF9  lbl 0xF9  
1183
4A1     0x00 0x01  lbl 0x01  
1185
4A4     0x00 0x92  lbl 0x92  
1188
4A6     0x03 0x02  tml 0x302
1190
4B9     0x01 0x22  tml 0x122
1209
4BE     0x00 0x00  lbl 0x00  
1214
4CA     0x00 0xE2  lbl 0xE2  
1226
4D1     0x00 0xD6  lbl 0xD6  
1233
4D5     0x00 0xE2  lbl 0xE2  
1237
4DE     0x00 0xD6  lbl 0xD6  
1246
4E1     0x00 0xE2  lbl 0xE2  
1249
4E7     0x00 0xC2  lbl 0xC2  
1255
4F5     0x00 0x00  lbl 0x00  
1269
4F7     0x00 0x00  lbl 0x00  
1271
4F9     0x00 0x00  lbl 0x00  
1273
4FB     0x00 0x03  lbl 0x03  
1275
4FE     0x5F 0x69  tl 0xF69
1278
503     0x00 0xC7  lbl 0xC7  
1283
503     0x00 0xC7  lbl 0xC7  
1283
518     0x50 0x29  tl 0x029
1304
51F     0x00 0x00  lbl 0x00  
1311
521     0x00 0x00  lbl 0x00  
1313
523     0x00 0x02  lbl 0x02  
1315
526     0x00 0x00  lbl 0x00  
1318
52B     0x03 0x00  tml 0x300
1323
52E     0x00 0x00  lbl 0x00  
1326
530     0x58 0xBB  tl 0x8BB
1328
532     0x00 0x00  lbl 0x00  
1330
534     0x00 0xC5  lbl 0xC5  
1332
537     0x03 0xB6  tml 0x3B6
1335
53A     0x00 0x78  lbl 0x78  
1338
53E     0x5B 0x00  tl 0xB00
1342
541     0x02 0x4B  tml 0x24B
1345
543     0x00 0xE1  lbl 0xE1  
1347
553     0x00 0xA0  lbl 0xA0    ; Writes C04992905852032  
1363
58C     0x00 0xC2  lbl 0xC2  
1420
591     0x00 0xD8  lbl 0xD8  
1425
599     0x00 0xD8  lbl 0xD8  
1433
5A2     0x55 0xC0  tl 0x5C0
1442
5A4     0x00 0xD6  lbl 0xD6  
1444
5B1     0x00 0xD7  lbl 0xD7  
1457
5BC     0x54 0xC0  tl 0x4C0
1468
5BE     0x55 0xDB  tl 0x5DB
1470
5C9     0x00 0xD8  lbl 0xD8  
1481
5D2     0x00 0xC2  lbl 0xC2  
1490
5D6     0x00 0xD8  lbl 0xD8  
1494
5E3     0x00 0xE1  lbl 0xE1  
1507
5EE     0x56 0x00  tl 0x600
1518
5F7     0x00 0x00  lbl 0x00  
1527
5F9     0x56 0x09  tl 0x609
1529
5FB     0x56 0x05  tl 0x605
1531
5FD     0x55 0x80  tl 0x580
1533
600     0x00 0xC2  lbl 0xC2  
1536
609     0x00 0xD6  lbl 0xD6  
1545
618     0x55 0xC2  tl 0x5C2
1560
622     0x5B 0x40  tl 0xB40
1570
624     0x56 0x5A  tl 0x65A
1572
627     0x00 0xE2  lbl 0xE2  
1575
639     0x5F 0xC2  tl 0xFC2
1593
63E     0x5E 0xC0  tl 0xEC0
1598
641     0x00 0xD3  lbl 0xD3  
1601
649     0x01 0x14  tml 0x114
1609
654     0x00 0x00  lbl 0x00  
1620
656     0x01 0x56  tml 0x156
1622
658     0x50 0x29  tl 0x029
1624
65B     0x02 0x59  tml 0x259
1627
662     0x00 0x00  lbl 0x00  
1634
664     0x00 0x00  lbl 0x00  
1636
666     0x00 0x00  lbl 0x00  
1638
668     0x02 0xA2  tml 0x2A2
1640
66D     0x00 0xE2  lbl 0xE2  
1645
675     0x01 0x56  tml 0x156
1653
677     0x53 0x4E  tl 0x34E
1655
679     0x00 0x00  lbl 0x00  
1657
67B     0x00 0x00  lbl 0x00  
1659
67D     0x00 0x00  lbl 0x00  
1661
67F     0x00 0xEC  lbl 0xEC  
1663
680     0x00 0x00  lbl 0x00  
1664
695     0x00 0xCF  lbl 0xCF  
1685
6A4     0x00 0xF9  lbl 0xF9  
1700
6A9     0x00 0x9F  lbl 0x9F  
1705
6BA     0x00 0x00  lbl 0x00  
1722
6BC     0x02 0x1F  tml 0x21F
1724
6BE     0x55 0x08  tl 0x508
1726
6C0     0x00 0x00  lbl 0x00  
1728
6C9     0x5C 0x40  tl 0xC40
1737
6E5     0x00 0xF2  lbl 0xF2  
1765
6E7     0x02 0x42  tml 0x242
1767
6EB     0x03 0xB6  tml 0x3B6
1771
6EE     0x03 0xA4  tml 0x3A4
1774
6F1     0x03 0xB2  tml 0x3B2
1777
6F4     0x03 0xB4  tml 0x3B4
1780
6F7     0x00 0xC5  lbl 0xC5  
1783
6FE     0x58 0xA2  tl 0x8A2
1790
715     0x5A 0x80  tl 0xA80
1813
727     0x56 0xE0  tl 0x6E0
1831
729     0x00 0x00  lbl 0x00  
1833
73B     0x50 0x29  tl 0x029
1851
74C     0x02 0xBA  tml 0x2BA
1868
74E     0x01 0x43  tml 0x143
1870
753     0x03 0x13  tml 0x313
1875
761     0x01 0x22  tml 0x122
1889
768     0x01 0xE3  tml 0x1E3
1896
76B     0x57 0x80  tl 0x780
1899
76D     0x52 0xE4  tl 0x2E4
1901
770     0x01 0x1C  tml 0x11C
1904
777     0x5E 0x40  tl 0xE40
1911
77F     0x00 0x3F  lbl 0x3F  
1919
784     0x00 0xB2  lbl 0xB2  
1924
789     0x02 0xAD  tml 0x2AD
1929
795     0x00 0xDC  lbl 0xDC  
1941
79E     0x00 0xE1  lbl 0xE1  
1950
7A0     0x00 0xF8  lbl 0xF8  
1952
7A6     0x00 0xDC  lbl 0xDC  
1958
7B0     0x00 0xE1  lbl 0xE1  
1968
7B9     0x58 0x0B  tl 0x80B
1977
7C9     0x00 0xD9  lbl 0xD9  
1993
7CF     0x00 0xDA  lbl 0xDA  
1999
7D6     0x00 0xDB  lbl 0xDB  
2006
7E3     0x00 0xDC  lbl 0xDC  
2019
7F0     0x01 0xC8  tml 0x1C8
2032
7F2     0x03 0x6C  tml 0x36C
2034
7FC     0x58 0x00  tl 0x800
2044
805     0x00 0xE1  lbl 0xE1  
2053
80B     0x00 0xDC  lbl 0xDC  
2059
810     0x00 0xB1  lbl 0xB1  
2064
82E     0x57 0xC0  tl 0x7C0
2094
830     0x00 0xDC  lbl 0xDC  
2096
832     0x02 0xB9  tml 0x2B9
2098
834     0x55 0x4B  tl 0x54B
2100
836     0x57 0xA6  tl 0x7A6
2102
83D     0x57 0xF2  tl 0x7F2
2109
841     0x00 0x92  lbl 0x92  
2113
845     0x03 0x13  tml 0x313
2117
848     0x02 0xB3  tml 0x2B3
2120
84E     0x01 0xF4  tml 0x1F4
2126
853     0x02 0x37  tml 0x237
2131
85D     0x02 0xB9  tml 0x2B9
2141
860     0x02 0x38  tml 0x238
2144
86A     0x58 0x86  tl 0x886
2154
86D     0x00 0x91  lbl 0x91  
2157
873     0x02 0x70  tml 0x270
2163
876     0x02 0xBA  tml 0x2BA
2166
87A     0x01 0x43  tml 0x143
2170
87D     0x02 0xBA  tml 0x2BA
2173
882     0x53 0x05  tl 0x305
2178
884     0x51 0xA6  tl 0x1A6
2180
890     0x02 0xBA  tml 0x2BA
2192
892     0x00 0xF2  lbl 0xF2  
2194
898     0x02 0x4B  tml 0x24B
2200
89B     0x50 0xA8  tl 0x0A8
2203
8A0     0x50 0x29  tl 0x029
2208
8AA     0x03 0x00  tml 0x300
2218
8C3     0x02 0xAD  tml 0x2AD
2243
8C5     0x00 0xD9  lbl 0xD9  
2245
8E0     0x00 0xEC  lbl 0xEC  
2272
8E3     0x00 0xF1  lbl 0xF1  
2275
8F8     0x02 0x4D  tml 0x24D
2296
8FA     0x5E 0x00  tl 0xE00
2298
8FA     0x5E 0x65  tl 0xE65
2298
8FC     0x03 0xA6  tml 0x3A6
2300
8FE     0x5A 0x7D  tl 0xA7D
2302
905     0x03 0xAA  tml 0x3AA   ; Load B with 8D0
2309
912     0x01 0xAC  tml 0x1AC
2322
917     0x03 0x65  tml 0x365
2327
91A     0x00 0xFE  lbl 0xFE  
2330
91E     0x00 0xFF  lbl 0xFF  
2334
923     0x00 0xFF  lbl 0xFF  
2339
927     0x00 0x00  lbl 0x00  
2343
929     0x53 0x39  tl 0x339
2345
92C     0x01 0xAC  tml 0x1AC
2348
930     0x5B 0x38  tl 0xB38
2352
932     0x02 0xBA  tml 0x2BA
2354
935     0x00 0xFE  lbl 0xFE  
2357
939     0x01 0xAC  tml 0x1AC
2361
93C     0x02 0xBA  tml 0x2BA  ; Jump to 2BA
2364
9F4     0x00 0xC7  lbl 0xC7  
2548
9FC     0x55 0x0E  tl 0x50E
2556
A0E     0x00 0x00  lbl 0x00
2574
A11     0x00 0xF0  lbl 0xF0  
2577
A3A     0x00 0xFA  lbl 0xFA  
2618
A3E     0x55 0x10  tl 0x510
2622
A41     0x00 0x7E  lbl 0x7E  
2625
A56     0x00 0xD0  lbl 0xD0  
2646
A58     0x5A 0xC0  tl 0xAC0
2648
A61     0x00 0x00  lbl 0x00  
2657
A63     0x00 0x00  lbl 0x00  
2659
A65     0x00 0x03  lbl 0x03  
2661
A72     0x58 0xFC  tl 0x8FC
2674
A7E     0x5F 0x70  tl 0xF70
2686
A9E     0x55 0x0C  tl 0x50C
2718
AA9     0x00 0xB2  lbl 0xB2  
2729
AB5     0x00 0x77  lbl 0x77  
2741
AB8     0x5C 0xC1  tl 0xCC1
2744
ABA     0x52 0x9F  tl 0x29F
2746
ABC     0x5A 0x3B  tl 0xA3B
2748
ABE     0x00 0x00  lbl 0x00  
2750
AC1     0x02 0x53  tml 0x253
2753
AC3     0x01 0x14  tml 0x114
2755
AC8     0x02 0xA2  tml 0x2A2
2760
AF1     0x01 0xC0  tml 0x1C0
2801
AF9     0x5C 0xEB  tl 0xCEB
2809
AFB     0x00 0x00  lbl 0x00  
2811
AFD     0x00 0x00  lbl 0x00  
2813
AFF     0x00 0xC3  lbl 0xC3  
2815
B04     0x00 0x00  lbl 0x00  
2820
B06     0x00 0x00  lbl 0x00  
2822
B08     0x00 0x00  lbl 0x00  
2824
B14     0x00 0xC5  lbl 0xC5  
2836
B19     0x00 0xFF  lbl 0xFF  
2841
B1E     0x02 0x40  tml 0x240
2846
B20     0x02 0x12  tml 0x212
2848
B22     0x58 0xA2  tl 0x8A2
2850
B28     0x00 0x00  lbl 0x00  
2856
B2A     0x00 0x00  lbl 0x00  
2858
B2C     0x00 0xC0  lbl 0xC0  
2860
B36     0x50 0x29  tl 0x029
2870
B3A     0x03 0xAA  tml 0x3AA
2874
B3F     0x00 0x00  lbl 0x00
2879
B40     0x00 0xEC  lbl 0xEC  
2880
B48     0x01 0x28  tml 0x128
2888
B52     0x00 0xE3  lbl 0xE3  
2898
B62     0x01 0x40  tml 0x140
2914
B64     0x01 0x40  tml 0x140
2916
B66     0x55 0x00  tl 0x500
2918
B6A     0x5E 0x00  tl 0xE00
2922
B6F     0x03 0xA2  tml 0x3A2
2927
B72     0x00 0xDF  lbl 0xDF  
2930
B77     0x02 0x77  tml 0x277
2935
B79     0x02 0x71  tml 0x271
2937
B7E     0x5F 0x80  tl 0xF80
2942
B8A     0x5C 0x00  tl 0xC00
2954
BB4     0x00 0x7F  lbl 0x7F  
2996
BBC     0x01 0xC8  tml 0x1C8
3004
BBE     0x50 0x29  tl 0x029
3006
BC6     0x02 0x55  tml 0x255
3014
BE5     0x00 0x97  lbl 0x97  
3045
BE7     0x02 0x55  tml 0x255
3047
BEA     0x00 0xA7  lbl 0xA7  
3050
BEC     0x02 0x55  tml 0x255
3052
C24     0x02 0x5B  tml 0x25B
3108
C40     0x01 0xF4  tml 0x1F4
3136
C42     0x02 0x5B  tml 0x25B
3138
C4F     0x55 0x03  tl 0x503
3151
C5D     0x00 0x00  lbl 0x00  
3165
C71     0x02 0x59  tml 0x259
3185
C71     0x02 0x59  tml 0x259
3185
CA8     0x02 0x2B  tml 0x22B
3240
C7F     0x00 0x77  lbl 0x77  
3199
C86     0x02 0x77  tml 0x277
3206
C88     0x55 0x08  tl 0x508
3208
C8C     0x52 0x96  tl 0x296
3212
C8E     0x00 0x00  lbl 0x00  
3214
C90     0x00 0x00  lbl 0x00  
3216
C92     0x00 0x00  lbl 0x00  
3218
C94     0x00 0x00  lbl 0x00  
3220
C96     0x00 0x00  lbl 0x00  
3222
C98     0x00 0x00  lbl 0x00  
3224
C9A     0x00 0x00  lbl 0x00  
3226
C9C     0x00 0x00  lbl 0x00  
3228
C9E     0x00 0x00  lbl 0x00  
3230
CA0     0x00 0x2F  lbl 0x2F  
3232
CAD     0x55 0x03  tl 0x503
3245
CB0     0x01 0x88  tml 0x188
3248
CB8     0x00 0xB1  lbl 0xB1  
3256
CBE     0x55 0x0C  tl 0x50C
3262
CC1     0x00 0xA0  lbl 0xA0  
3265
CC6     0x00 0xCF  lbl 0xCF  
3270
CCB     0x00 0xA0  lbl 0xA0  
3275
CDE     0x00 0xA8  lbl 0xA8  
3294
CE2     0x00 0xCF  lbl 0xCF  
3298
D32     0x00 0xC5  lbl 0xC5  
3378
D6A     0x03 0xB6  tml 0x3B6
3434
D6F     0x03 0xB6  tml 0x3B6
3439
D71     0x5D 0x80  tl 0xD80
3441
D87     0x5D 0x6A  tl 0xD6A
3463
D89     0x00 0xC5  lbl 0xC5  
3465
D9A     0x00 0xA0  lbl 0xA0  
3482
DA3     0x03 0xB0  tml 0x3B0
3491
DCA     0x55 0x08  tl 0x508
3530
DEF     0x01 0x37  tml 0x137
3567
DF1     0x03 0x75  tml 0x375
3569
DF8     0x00 0xF4  lbl 0xF4  
3576
E01     0x03 0xAA  tml 0x3AA
3585
E04     0x00 0xC7  lbl 0xC7  
3588
E18     0x00 0xB0  lbl 0xB0  
3608
E2A     0x00 0xD9  lbl 0xD9  
3626
E3B     0x00 0xF1  lbl 0xF1  
3643
E3D     0x58 0xC0  tl 0x8C0
3645
E4B     0x02 0x1B  tml 0x21B
3659
E50     0x58 0xAB  tl 0x8AB
3664
E65     0x00 0xE3  lbl 0xE3  
3685
E73     0x58 0xE9  tl 0x8E9
3699
E79     0x03 0xAA  tml 0x3AA
3705
E7C     0x01 0xC0  tml 0x1C0
3708
E7E     0x5B 0x4E  tl 0xB4E
3710
EA8     0x00 0xC7  lbl 0xC7  
3752
EE8     0x03 0x10  tml 0x310
3816
EEA     0x01 0x07  tml 0x107
3818
EEE     0x01 0xB7  tml 0x1B7
3822
F80     0x00 0xE2  lbl 0xE2  
3968
F97     0x00 0xE2  lbl 0xE2  
3991
FA2     0x01 0x40  tml 0x140
4002
FA4     0x01 0x40  tml 0x140
4004
FA6     0x50 0x17  tl 0x017
4006
FA8     0x00 0xE3  lbl 0xE3  
4008
FBA     0x5F 0xC0  tl 0xFC0
4026
FC2     0x03 0xA2  tml 0x3A2
4034
FC6     0x00 0xE2  lbl 0xE2  
4038
FD2     0x01 0x24  tml 0x124
4050
FD5     0x00 0xC3  lbl 0xC3  
4053
FD8     0x5F 0x94  tl 0xF94
4056
FDA     0x00 0xE1  lbl 0xE1  
4058
FE0     0x00 0xC5  lbl 0xC5  
4064
FDF     0x00 0xB1  lbl 0xB1  
4063
FE7     0x01 0x24  tml 0x124
4071
FEA     0x59 0x78  tl 0x978
4074
FF8     0x5A 0x5A  tl 0xA5A
4088
FFE     0x00 0x00  lbl 0x00  
4094
Getting line for 000
000     0x81       t 0x1        ;
P:001 A:0 X:0 B:000 SA:000 SB:000

Getting line for 001
001     0x82       t 0x2
P:002 A:0 X:0 B:000 SA:000 SB:000

Getting line for 002
002     0x74       ldi 0xB      ;Set up for IOL
P:002 A:B X:0 B:000 SA:000 SB:000

Getting line for 003
003     0x1C 0x1E  iol 0x1E     ; Device 1, command E : Set group A (U14, kd/disp) 0xB
IOL: Device:1 Cmd:14
P:003 A:B X:0 B:000 SA:000 SB:000

Getting line for 005
005     0x7E       ldi 0x1      ; Set up for IOL
P:005 A:1 X:0 B:000 SA:000 SB:000

Getting line for 006
006     0x1C 0x1D  iol 0x1D     ; Device 1, command D: Set group B
IOL: Device:1 Cmd:13
P:006 A:1 X:0 B:000 SA:000 SB:000

Getting line for 008
008     0xCA       lb 0x5       ; Location CA accessed with ED as value. ED inverted
(Access location:0CA data:ED)
P:008 A:1 X:0 B:012 SA:000 SB:008

Getting line for 009
009     0xFD       tm 0x3D      ; t to 1f6 
P:1F6 A:1 X:0 B:012 SA:00A SB:000

Getting line for 1f6
1F6     0x7F       ldi 0x0
P:1F6 A:0 X:0 B:012 SA:00A SB:000

Getting line for 1f7
1F7     0x2F       exd 0x0
(RAM Exchange Addr:012)
P:1F7 A:AA X:0 B:011 SA:00A SB:000

Getting line for 1f8
1F8     0xB6       t 0x36
P:1F6 A:AA X:0 B:011 SA:00A SB:000

Getting line for 1f6
1F6     0x7F       ldi 0x0
P:1F6 A:0 X:0 B:011 SA:00A SB:000

Getting line for 1f7
1F7     0x2F       exd 0x0
(RAM Exchange Addr:011)
P:1F7 A:AA X:0 B:010 SA:00A SB:000

Getting line for 1f8
1F8     0xB6       t 0x36
P:1F6 A:AA X:0 B:010 SA:00A SB:000

Getting line for 1f6
1F6     0x7F       ldi 0x0
P:1F6 A:0 X:0 B:010 SA:00A SB:000

Getting line for 1f7
1F7     0x2F       exd 0x0
(RAM Exchange Addr:010)
P:1F7 A:AA X:0 B:01F SA:00A SB:000

(Skipped next ROM word)
505
Getting line for 1f9
1F9     0x05       rtn
**RETURN
P:00A A:AA X:0 B:01F SA:000 SB:00A

Getting line for 00a
00A     0x02 0x44  tml 0x244     ;
P:244 A:AA X:0 B:01F SA:00A SB:000

Getting line for 244
244     0x5C 0x6F  tl 0xC6F
TL
P:C6F A:AA X:0 B:01F SA:00A SB:000

Getting line for c71
C71     0x19       xabl
P:C71 A:F X:0 B:0BA SA:00A SB:000

Getting line for c72
C72     0x9F       t 0x1F
P:C5F A:F X:0 B:0BA SA:00A SB:000

Getting line for c5f
C5F     0xFD       tm 0x3D
P:1F6 A:F X:0 B:0BA SA:C60 SB:00A

Getting line for 1f6
1F6     0x7F       ldi 0x0
P:1F6 A:0 X:0 B:0BA SA:C60 SB:00A

Getting line for 1f7
1F7     0x2F       exd 0x0
(RAM Exchange Addr:0BA)
P:1F7 A:AA X:0 B:0B9 SA:C60 SB:00A

Getting line for 1f8
1F8     0xB6       t 0x36
P:1F6 A:AA X:0 B:0B9 SA:C60 SB:00A

Getting line for 1f6
1F6     0x7F       ldi 0x0
P:1F6 A:0 X:0 B:0B9 SA:C60 SB:00A

Getting line for 1f7
1F7     0x2F       exd 0x0
(RAM Exchange Addr:0B9)
P:1F7 A:AA X:0 B:0B8 SA:C60 SB:00A

Getting line for 1f8
1F8     0xB6       t 0x36
P:1F6 A:AA X:0 B:0B8 SA:C60 SB:00A

Getting line for 1f6
1F6     0x7F       ldi 0x0
P:1F6 A:0 X:0 B:0B8 SA:C60 SB:00A

Getting line for 1f7
1F7     0x2F       exd 0x0
(RAM Exchange Addr:0B8)
P:1F7 A:AA X:0 B:0B7 SA:C60 SB:00A

Getting line for 1f8
1F8     0xB6       t 0x36
P:1F6 A:AA X:0 B:0B7 SA:C60 SB:00A

Getting line for 1f6
1F6     0x7F       ldi 0x0
P:1F6 A:0 X:0 B:0B7 SA:C60 SB:00A

Getting line for 1f7
1F7     0x2F       exd 0x0
(RAM Exchange Addr:0B7)
P:1F7 A:AA X:0 B:0B6 SA:C60 SB:00A

Getting line for 1f8
1F8     0xB6       t 0x36
P:1F6 A:AA X:0 B:0B6 SA:C60 SB:00A

Getting line for 1f6
1F6     0x7F       ldi 0x0
P:1F6 A:0 X:0 B:0B6 SA:C60 SB:00A

Getting line for 1f7
1F7     0x2F       exd 0x0
(RAM Exchange Addr:0B6)
P:1F7 A:AA X:0 B:0B5 SA:C60 SB:00A

Getting line for 1f8
1F8     0xB6       t 0x36
P:1F6 A:AA X:0 B:0B5 SA:C60 SB:00A

Getting line for 1f6
1F6     0x7F       ldi 0x0
P:1F6 A:0 X:0 B:0B5 SA:C60 SB:00A

Getting line for 1f7
1F7     0x2F       exd 0x0
(RAM Exchange Addr:0B5)
P:1F7 A:AA X:0 B:0B4 SA:C60 SB:00A

Getting line for 1f8
1F8     0xB6       t 0x36
P:1F6 A:AA X:0 B:0B4 SA:C60 SB:00A

Getting line for 1f6
1F6     0x7F       ldi 0x0
P:1F6 A:0 X:0 B:0B4 SA:C60 SB:00A

Getting line for 1f7
1F7     0x2F       exd 0x0
(RAM Exchange Addr:0B4)
P:1F7 A:AA X:0 B:0B3 SA:C60 SB:00A

Getting line for 1f8
1F8     0xB6       t 0x36
P:1F6 A:AA X:0 B:0B3 SA:C60 SB:00A

Getting line for 1f6
1F6     0x7F       ldi 0x0
P:1F6 A:0 X:0 B:0B3 SA:C60 SB:00A

Getting line for 1f7
1F7     0x2F       exd 0x0
(RAM Exchange Addr:0B3)
P:1F7 A:AA X:0 B:0B2 SA:C60 SB:00A

Getting line for 1f8
1F8     0xB6       t 0x36
P:1F6 A:AA X:0 B:0B2 SA:C60 SB:00A

Getting line for 1f6
1F6     0x7F       ldi 0x0
P:1F6 A:0 X:0 B:0B2 SA:C60 SB:00A

Getting line for 1f7
1F7     0x2F       exd 0x0
(RAM Exchange Addr:0B2)
P:1F7 A:AA X:0 B:0B1 SA:C60 SB:00A

Getting line for 1f8
1F8     0xB6       t 0x36
P:1F6 A:AA X:0 B:0B1 SA:C60 SB:00A

Getting line for 1f6
1F6     0x7F       ldi 0x0
P:1F6 A:0 X:0 B:0B1 SA:C60 SB:00A

Getting line for 1f7
1F7     0x2F       exd 0x0
(RAM Exchange Addr:0B1)
P:1F7 A:AA X:0 B:0B0 SA:C60 SB:00A

Getting line for 1f8
1F8     0xB6       t 0x36
P:1F6 A:AA X:0 B:0B0 SA:C60 SB:00A

Getting line for 1f6
1F6     0x7F       ldi 0x0
P:1F6 A:0 X:0 B:0B0 SA:C60 SB:00A

Getting line for 1f7
1F7     0x2F       exd 0x0
(RAM Exchange Addr:0B0)
P:1F7 A:AA X:0 B:0BF SA:C60 SB:00A

(Skipped next ROM word)
505
Getting line for 1f9
1F9     0x05       rtn
**RETURN
P:C60 A:AA X:0 B:0BF SA:00A SB:C60

Getting line for c60
C60     0xDB       tm 0x1B
P:1E9 A:AA X:0 B:0BF SA:C61 SB:00A

Getting line for 1e9
1E9     0x1A       xax
P:1E9 A:0 X:AA B:0BF SA:C61 SB:00A

Getting line for 1ea
1EA     0x6E       adi 0x1
