000     0x0D       and
001     0x00 0x1C  lbl 0x1C  
003     0x00 0x0F  lbl 0x0F  
005     0x00 0x00  lbl 0x00  
007     0x00 0x00  lbl 0x00  
009     0x00 0xC9  lbl 0xC9  
00B     0x00 0xE9  lbl 0xE9  
00D     0x00 0x00  lbl 0x00  
00F     0x60       adi 0xF
010     0x37       ld 0x0
011     0xD7       tm 0x17
012     0x12       lax
013     0x00 0x00  lbl 0x00  
015     0x00 0x00  lbl 0x00  
017     0x00 0xD3  lbl 0xD3  
019     0x37       ld 0x0
01A     0x0B       ad
01B     0x0E       comp
01C     0x2F       exd 0x0
01D     0x71       ldi 0xE
01E     0x0D       and
01F     0x3F       ex 0x0
020     0x7F       ldi 0x0
021     0x0A       adc
022     0x0E       comp
023     0x0F       or
024     0x73       ldi 0xC
025     0x3F       ex 0x0
026     0x01 0x3A  tml 0x13A
028     0x05       rtn
029     0x03 0xA2  tml 0x3A2
02B     0xED       tm 0x2D
02C     0x00 0x14  lbl 0x14  
02E     0x02 0x71  tml 0x271
031     0xF7       tm 0x37
032     0xB6       t 0x36
033     0xC4       lb 0xB
034     0xBB       t 0x3B
035     0x1A       xax
036     0x00 0x00  lbl 0x00  
038     0x00 0x00  lbl 0x00  
03A     0x00 0x00  lbl 0x00  
03C     0xCC       lb 0x3
03D     0x07       rtnsk
03E     0x00 0x00  lbl 0x00  
040     0xE7       tm 0x27
041     0x3A       ex 0x5
042     0x3A       ex 0x5
043     0xCD       lb 0x2
044     0x3F       ex 0x0
045     0xF8       tm 0x38
046     0x88       t 0x8
047     0x1D       doa
048     0xC8       lb 0x7
049     0x16       skf1
04A     0x92       t 0x12
04B     0x00 0xFE  lbl 0xFE  
04D     0x14       skf2
04E     0x1C       iol 0x00  
050     0xF3       tm 0x33
051     0x80       t 0x0
052     0x71       ldi 0xE
053     0x1C       iol 0x0E  
055     0xDD       tm 0x1D
056     0xC5       lb 0xA
057     0x7E       ldi 0x1
058     0x0B       ad
059     0x0E       comp
05A     0x19       xabl
05B     0x75       ldi 0xA
05C     0x01 0xFC  tml 0x1FC
05E     0x00 0xFF  lbl 0xFF  
060     0x37       ld 0x0
061     0x1E       skz
062     0xAB       t 0x2B
063     0x70       ldi 0xF
064     0x3F       ex 0x0
065     0x17       incb
066     0x75       ldi 0xA
067     0xD7       tm 0x17
068     0x80       t 0x0
069     0x1F       decb
06A     0x3F       ex 0x0
06B     0x80       t 0x0
06C     0xFA       tm 0x3A
06D     0xB0       t 0x30
06E     0x57 0x8F  tl 0x78F
070     0xD8       tm 0x18
071     0x76       ldi 0x9
072     0xD2       tm 0x12
073     0x56 0xDF  tl 0x6DF
075     0xF6       tm 0x36
076     0x00 0x78  lbl 0x78  
078     0xD2       tm 0x12
079     0x7E       ldi 0x1
07A     0xD3       tm 0x13
07B     0x56 0x5E  tl 0x65E
07D     0xF8       tm 0x38
07E     0x00 0x00  lbl 0x00  
080     0x00 0xC5  lbl 0xC5  
082     0xF8       tm 0x38
083     0xBA       t 0x3A
084     0x00 0xE0  lbl 0xE0  
086     0x37       ld 0x0
087     0x1B       lxa
088     0x01 0x1C  tml 0x11C
08A     0x93       t 0x13
08B     0x00 0x00  lbl 0x00  
08D     0x00 0x00  lbl 0x00  
08F     0x00 0x0F  lbl 0x0F  
091     0x00 0x00  lbl 0x00  
093     0x12       lax
094     0x01 0xE3  tml 0x1E3
096     0x98       t 0x18
097     0xA2       t 0x22
098     0xC9       lb 0x6
099     0x37       ld 0x0
09A     0x1E       skz
09B     0xA2       t 0x22
09D     0xE9       tm 0x29
09E     0xE2       tm 0x22
09F     0x02 0xB7  tml 0x2B7
0A1     0x93       t 0x13
0A2     0xC5       lb 0xA
0A3     0x03 0x3F  tml 0x33F
0A5     0xF8       tm 0x38
0A6     0x88       t 0x8
0A7     0x00 0x7B  lbl 0x7B  
0A9     0xC6       lb 0x9
0AA     0xD6       tm 0x16
0AB     0xBA       t 0x3A
0AC     0xC5       lb 0xA
0AD     0xFD       tm 0x3D
0AE     0x00 0xF2  lbl 0xF2  
0B0     0xF3       tm 0x33
0B1     0x00 0xB2  lbl 0xB2  
0B3     0xEE       tm 0x2E
0B4     0x15       skc
0B5     0x9A       t 0x1A
0B6     0x00 0x00  lbl 0x00  
0B8     0x00 0x00  lbl 0x00  
0BA     0xC6       lb 0x9
0BB     0xE9       tm 0x29
0BC     0x05       rtn
0BD     0x00 0x00  lbl 0x00  
0BF     0x00 0x16  lbl 0x16  
0C1     0xC6       lb 0x9
0C2     0xC0       lb 0xF
0C3     0xC3       lb 0xC
0C4     0xC0       lb 0xF
0C5     0xF0       tm 0x30
0C6     0xC1       lb 0xE
0C7     0xFD       tm 0x3D
0C8     0xB0       t 0x30
0C9     0xBF       t 0x3F
0CA     0xED       tm 0x2D
0CB     0xCD       lb 0x2
0CC     0xCC       lb 0x3
0CD     0xCB       lb 0x4
0CE     0xCA       lb 0x5
0CF     0xC9       lb 0x6
0D0     0xD9       tm 0x19
0D1     0xDB       tm 0x1B
0D2     0xDD       tm 0x1D
0D3     0xDF       tm 0x1F
0D4     0x36       ld 0x1
0D5     0xB0       t 0x30
0D6     0x1E       skz
0D7     0xE5       tm 0x25
0D8     0x38       ex 0x7
0D9     0x0E       comp
0DA     0x6D       adi 0x2
0DB     0xE9       tm 0x29
0DC     0x79       ldi 0x6
0DE     0x95       t 0x15
0DF     0x12       lax
0E0     0x34       ld 0x3
0E1     0x30       ld 0x7
0E2     0x02 0x04  tml 0x204
0E4     0x80       t 0x0
0E5     0xBB       t 0x3B
0E6     0x0B       ad
0E7     0x3C       ex 0x3
0E8     0x8A       t 0xA
0E9     0x4E       skbi 14
0EA     0x52 0x51  tl 0x251
0EC     0x50 0x4F  tl 0x04F
0EE     0xA3       t 0x23
0EF     0x00 0xD3  lbl 0xD3  
0F1     0x49       skbi 9
0F2     0x15       skc
0F3     0xCC       lb 0x3
0F4     0xCB       lb 0x4
0F5     0xCA       lb 0x5
0F6     0xC9       lb 0x6
0F7     0xD2       tm 0x12
0F8     0x93       t 0x13
0F9     0xD1       tm 0x11
0FA     0xD4       tm 0x14
0FB     0xD0       tm 0x10
0FC     0x6B       adi 0x4
0FD     0xF6       tm 0x36
0FE     0xF0       tm 0x30
0FF     0xF2       tm 0x32
100     0xCD       lb 0x2
101     0xCD       lb 0x2
102     0x00 0x92  lbl 0x92  
104     0x2F       exd 0x0
105     0x0F       or
106     0x05       rtn
107     0x00 0x90  lbl 0x90  
109     0x00 0x80  lbl 0x80  
10B     0x37       ld 0x0
10C     0x13       sag
10D     0x2F       exd 0x0
10E     0x8B       t 0xB
10F     0x05       rtn
110     0x00 0x00  lbl 0x00  
112     0x00 0x00  lbl 0x00  
114     0x74       ldi 0xB
115     0x51 0x76  tl 0x176
117     0x77       ldi 0x8
118     0x1C       iol 0x1E  
11A     0x9B       t 0x1B
11B     0x05       rtn
11C     0x00 0xB0  lbl 0xB0  
11E     0x0E       comp
adsk
120     0x05       rtn
121     0x07       rtnsk
122     0x00 0x92  lbl 0x92  
124     0x00 0x92  lbl 0x92  
126     0x00 0xF2  lbl 0xF2  
128     0x17       incb
129     0x1E       skz
12A     0x05       rtn
12B     0x13       sag
12C     0x88       t 0x8
12D     0x07       rtnsk
12E     0x52 0x14  tl 0x214
130     0x56 0x40  tl 0x640
132     0x53 0xC0  tl 0x3C0
134     0x52 0xC0  tl 0x2C0
136     0x5E 0xA8  tl 0xEA8
138     0x5A 0x74  tl 0xA74
13A     0x00 0xD3  lbl 0xD3  
13C     0x00 0xD0  lbl 0xD0  
13E     0x52 0x67  tl 0x267
140     0x0D       and
142     0x7D       ldi 0x2
143     0x12       lax
144     0x9F       t 0x1F
145     0x00 0xFF  lbl 0xFF  
147     0x00 0xBF  lbl 0xBF  
149     0x1F       decb
14A     0x17       incb
14B     0x4E       skbi 14
14C     0x88       t 0x8
14D     0x05       rtn
14E     0x7F       ldi 0x0
14F     0x78       ldi 0x7
150     0x74       ldi 0xB
151     0x72       ldi 0xD
152     0x71       ldi 0xE
153     0x0D       and
154     0x3F       ex 0x0
155     0x05       rtn
156     0x7E       ldi 0x1
157     0x00 0xED  lbl 0xED  
159     0x00 0xDD  lbl 0xDD  
15B     0x24       rc
15C     0x69       adi 0x6
15D     0x00 0x45  lbl 0x45  
15F     0x0F       or
160     0x7F       ldi 0x0
161     0x69       adi 0x6
162     0x08       adcsk
163     0x65       dc
164     0x2F       exd 0x0
165     0x7F       ldi 0x0
166     0x69       adi 0x6
167     0x08       adcsk
168     0x65       dc
169     0x3F       ex 0x0
16A     0x05       rtn
16B     0x00 0xCE  lbl 0xCE  
16D     0x00 0xFE  lbl 0xFE  
16F     0x17       incb
170     0x1B       lxa
171     0x1F       decb
172     0x37       ld 0x0
173     0x17       incb
174     0x17       incb
175     0x04       lbua
176     0x19       xabl
177     0x10       lbmx
178     0x05       rtn
179     0x00 0x90  lbl 0x90  
17B     0x33       ld 0x4
17C     0x3B       ex 0x4
17D     0x2F       exd 0x0
17E     0xBB       t 0x3B
17F     0x05       rtn
180     0x37       ld 0x0
181     0x13       sag
182     0x3F       ex 0x0
183     0x2F       exd 0x0
184     0x80       t 0x0
185     0x05       rtn
186     0x00 0xB9  lbl 0xB9  
188     0x00 0xAB  lbl 0xAB  
18A     0x70       ldi 0xF
18B     0x19       xabl
18C     0x17       incb
18D     0x18       xbmx
18E     0x37       ld 0x0
18F     0x18       xbmx
190     0x17       incb
191     0x8D       t 0xD
192     0x05       rtn
193     0x00 0x9B  lbl 0x9B  
195     0x00 0xBA  lbl 0xBA  
197     0x00 0x9F  lbl 0x9F  
199     0x70       ldi 0xF
19A     0x19       xabl
19B     0x1B       lxa
19C     0x17       incb
19D     0x18       xbmx
19E     0x1F       decb
19F     0x18       xbmx
1A0     0x0F       or
1A1     0x9C       t 0x1C
1A2     0x05       rtn
1A3     0x24       rc
1A4     0x13       sag
1A5     0x17       incb
1A6     0x69       adi 0x6
1A7     0x08       adcsk
1A8     0x65       dc
1A9     0x2F       exd 0x0
1AA     0xA4       t 0x24
1AB     0x05       rtn
1AC     0x00 0xFD  lbl 0xFD  
1AE     0x00 0xCD  lbl 0xCD  
1B0     0x24       rc
1B1     0xAA       t 0x2A
1B2     0x3F       ex 0x0
1B3     0x7F       ldi 0x0
1B4     0x1F       decb
1B5     0xB1       t 0x31
1B6     0x05       rtn
1B7     0x00 0x90  lbl 0x90  
1B9     0x00 0xA0  lbl 0xA0  
1BB     0x13       sag
1BC     0x37       ld 0x0
1BD     0x2F       exd 0x0
1BE     0xBB       t 0x3B
1BF     0x05       rtn
1C0     0x05       rtn
1C1     0x0D       and
1C2     0x00 0xB0  lbl 0xB0  
1C4     0x13       sag
1C5     0x2B       exd 0x4
1C6     0x84       t 0x4
1C7     0x00 0x70  lbl 0x70  
1C9     0x77       ldi 0x8
1CA     0x7B       ldi 0x4
1CB     0x7D       ldi 0x2
1CC     0x7E       ldi 0x1
1CD     0x0F       or
1CE     0x3F       ex 0x0
1CF     0x05       rtn
1D0     0x77       ldi 0x8
1D1     0x0D       and
1D2     0x7E       ldi 0x1
1D3     0x7D       ldi 0x2
1D4     0x40       skbi 0
1D5     0x0D       and
1D6     0x00 0x00  lbl 0x00  
1D8     0x07       rtnsk
1D9     0x00 0xD9  lbl 0xD9  
1DB     0x00 0xDA  lbl 0xDA  
1DD     0x00 0xDB  lbl 0xDB  
1DF     0x00 0xDC  lbl 0xDC  
1E1     0x3F       ex 0x0
1E2     0x05       rtn
1E3     0x00 0xB0  lbl 0xB0  
1E5     0x00 0x1E  lbl 0x1E  
1E7     0x05       rtn
1E8     0x07       rtnsk
1E9     0x1A       xax
1EA     0x6E       adi 0x1
1EB     0xAC       t 0x2C
1EC     0x1A       xax
1ED     0x05       rtn
1EE     0x00 0xED  lbl 0xED  
1F0     0x00 0xB0  lbl 0xB0  
1F2     0x00 0x90  lbl 0x90  
1F4     0x00 0xF0  lbl 0xF0  
1F6     0x7F       ldi 0x0
1F7     0x2F       exd 0x0
1F8     0xB6       t 0x36
1F9     0x00 0x00  lbl 0x00  
1FB     0x56 0x3F  tl 0x63F
1FD     0x17       incb
1FE     0x9C       t 0x1C
1FF     0x05       rtn
200     0x00 0xC2  lbl 0xC2  
202     0x00 0x98  lbl 0x98  
204     0x00 0x00  lbl 0x00  
206     0xDD       tm 0x1D
207     0x00 0x00  lbl 0x00  
209     0x50 0x00  tl 0x000
20B     0xFF       tm 0x3F
20C     0x1F       decb
20D     0x05       rtn
20E     0x02 0x95  tml 0x295
210     0x00 0x00  lbl 0x00  
212     0xC3       lb 0xC
213     0xF3       tm 0x33
214     0x26       rf1
216     0xF7       tm 0x37
217     0x85       t 0x5
218     0xC4       lb 0xB
219     0xF7       tm 0x37
21A     0x82       t 0x2
21B     0x9C       t 0x1C
21C     0x1C       iol 0xA5  
21E     0x00 0x02  lbl 0x02  
220     0x33       ld 0x4
221     0x40       skbi 0
222     0x07       rtnsk
223     0x67       adi 0x8
224     0x80       t 0x0
225     0xE7       tm 0x27
226     0x57 0xC3  tl 0x7C3
228     0x02 0xB7  tml 0x2B7
22A     0xE2       tm 0x22
22B     0xC9       lb 0x6
22C     0xFB       tm 0x3B
22D     0xB2       t 0x32
22E     0x1C       iol 0x01  
230     0x1C       iol 0xA8  
232     0xDD       tm 0x1D
233     0xFF       tm 0x3F
234     0xC6       lb 0x9
235     0x58 0x40  tl 0x840
237     0x20       sc
238     0x00 0x90  lbl 0x90  
23A     0x12       lax
23B     0x6E       adi 0x1
23C     0x19       xabl
23D     0x7A       ldi 0x5
23E     0x58 0x80  tl 0x880
240     0x50 0x80  tl 0x080
242     0x58 0x60  tl 0x860
244     0x00 0x00  lbl 0x00  
246     0xCC       lb 0x3
247     0x00 0x55  lbl 0x55  
249     0x00 0x00  lbl 0x00  
24B     0x55 0xC0  tl 0x5C0
24D     0x55 0xCC  tl 0x5CC
24F     0x5D 0xE9  tl 0xDE9
251     0x55 0x53  tl 0x553
253     0x59 0x02  tl 0x902
255     0x00 0x00  lbl 0x00  
257     0x00 0x00  lbl 0x00  
259     0x59 0x00  tl 0x900
25B     0x56 0x80  tl 0x680
25D     0x57 0x80  tl 0x780
25F     0x54 0x3A  tl 0x43A
261     0x00 0x00  lbl 0x00  
263     0x00 0xF0  lbl 0xF0  
265     0x77       ldi 0x8
266     0x04       lbua
267     0x06       xs
268     0x6F       cys
269     0x0F       or
26A     0x6F       cys
26B     0x2F       exd 0x0
26C     0x6F       cys
26D     0x3F       ex 0x0
26E     0x6F       cys
26F     0x06       xs
270     0x05       rtn
271     0x55 0x40  tl 0x540
273     0x5D 0xEF  tl 0xDEF
275     0x50 0x88  tl 0x088
277     0x5D 0xFB  tl 0xDFB
279     0x00 0x00  lbl 0x00  
27B     0x00 0x00  lbl 0x00  
27D     0x00 0x00  lbl 0x00  
27F     0x00 0x00  lbl 0x00  
281     0x00 0x00  lbl 0x00  
283     0xF2       tm 0x32
284     0x5D 0x2A  tl 0xD2A
286     0xF2       tm 0x32
287     0x5F 0x00  tl 0xF00
289     0xF2       tm 0x32
28A     0x00 0x00  lbl 0x00  
28C     0xF2       tm 0x32
28D     0x5C 0x80  tl 0xC80
28F     0x00 0x00  lbl 0x00  
291     0x00 0x00  lbl 0x00  
293     0x00 0x00  lbl 0x00  
295     0x00 0x01  lbl 0x01  
297     0x14       skf2
298     0x05       rtn
299     0x00 0x00  lbl 0x00  
29B     0x00 0xF2  lbl 0xF2  
29D     0x5E 0xC0  tl 0xEC0
29F     0xF2       tm 0x32
2A0     0x5F 0xC0  tl 0xFC0
2A2     0x55 0x75  tl 0x575
2A4     0x00 0x00  lbl 0x00  
2A6     0x00 0x00  lbl 0x00  
2A8     0x00 0x00  lbl 0x00  
2AA     0x90       t 0x10
2AB     0x00 0xB2  lbl 0xB2  
2AD     0x00 0xB0  lbl 0xB0  
2AF     0xBA       t 0x3A
2B0     0x00 0x00  lbl 0x00  
2B2     0x00 0x00  lbl 0x00  
2B4     0x90       t 0x10
2B5     0x00 0x92  lbl 0x92  
2B7     0x00 0x90  lbl 0x90  
2B9     0x7E       ldi 0x1
2BA     0x70       ldi 0xF
2BB     0x71       ldi 0xE
2BC     0x0B       ad
2BD     0x3F       ex 0x0
2BE     0x7F       ldi 0x0
2BF     0x05       rtn
2C0     0xE7       tm 0x27
2C1     0x02 0x4B  tml 0x24B
2C3     0x02 0xF1  tml 0x2F1
2C5     0x0B       ad
2C6     0x3F       ex 0x0
2C7     0x15       skc
2C8     0x8A       t 0xA
2C9     0x8C       t 0xC
2CA     0xCD       lb 0x2
2CB     0xF3       tm 0x33
2CC     0xFF       tm 0x3F
2CD     0x02 0xAB  tml 0x2AB
2CF     0x15       skc
2D0     0x99       t 0x19
2D1     0x00 0x92  lbl 0x92  
2D3     0xEE       tm 0x2E
2D4     0x15       skc
2D5     0x8D       t 0xD
2D6     0x02 0xB3  tml 0x2B3
2D8     0x8D       t 0xD
2D9     0x00 0x90  lbl 0x90  
2DB     0x3F       ex 0x0
2DC     0x01 0x43  tml 0x143
2DE     0xF0       tm 0x30
2DF     0xCC       lb 0x3
2E0     0x02 0xB9  tml 0x2B9
2E2     0x57 0x40  tl 0x740
2E4     0x7E       ldi 0x1
2E5     0x16       skf1
2E6     0x1B       lxa
2E7     0x12       lax
2E8     0x61       adi 0xE
2E9     0xAE       t 0x2E
2EA     0x02 0x4B  tml 0x24B
2EC     0x02 0x8D  tml 0x28D
2EE     0xDB       tm 0x1B
2EF     0x02 0x8D  tml 0x28D
2F1     0xCC       lb 0x3
2F2     0x7D       ldi 0x2
2F3     0x3F       ex 0x0
2F4     0x17       incb
2F5     0xEA       tm 0x2A
2F6     0x01 0x09  tml 0x109
2F8     0x1F       decb
2F9     0x36       ld 0x1
2FA     0x0C       eor
2FB     0x3B       ex 0x4
2FC     0x17       incb
2FD     0x13       sag
2FE     0x06       xs
2FF     0x05       rtn
300     0x00 0x83  lbl 0x83  
302     0x20       sc
303     0x13       sag
304     0x37       ld 0x0
305     0x0E       comp
306     0x08       adcsk
307     0x65       dc
308     0x2F       exd 0x0
309     0x83       t 0x3
30A     0x00 0xC3  lbl 0xC3  
30C     0xEB       tm 0x2B
30D     0x90       t 0x10
30E     0xC3       lb 0xC
30F     0xF4       tm 0x34
310     0xDD       tm 0x1D
311     0x54 0x69  tl 0x469
313     0x15       skc
314     0x07       rtnsk
315     0x05       rtn
316     0x5E 0x8C  tl 0xE8C
318     0x00 0x00  lbl 0x00  
31A     0x55 0x1A  tl 0x51A
31C     0x1C       iol 0xF1  
31E     0x57 0x1B  tl 0x71B
320     0x5B 0x95  tl 0xB95
322     0x5F 0x40  tl 0xF40
324     0x00 0x00  lbl 0x00  
326     0x56 0xB3  tl 0x6B3
328     0xDC       tm 0x1C
329     0x80       t 0x0
32A     0x54 0x2E  tl 0x42E
32C     0x00 0x00  lbl 0x00  
32E     0x1C       iol 0x08  
330     0x00 0x00  lbl 0x00  
332     0x00 0x00  lbl 0x00  
334     0x00 0x00  lbl 0x00  
336     0x00 0x00  lbl 0x00  
338     0x22       sf1
339     0x00 0x00  lbl 0x00  
33B     0x00 0x00  lbl 0x00  
33D     0x00 0x58  lbl 0x58  
33F     0x9D       t 0x1D
340     0x17       incb
341     0x00 0x5C  lbl 0x5C  
343     0x82       t 0x2
344     0x5E 0x80  tl 0xE80
346     0x5C 0xB3  tl 0xCB3
348     0x5D 0xE0  tl 0xDE0
34A     0xF7       tm 0x37
34B     0x3B       ex 0x4
34C     0x5E 0xDC  tl 0xEDC
34E     0x0A       adc
34F     0x39       ex 0x6
350     0x5E 0xF3  tl 0xEF3
352     0x57 0x0B  tl 0x70B
354     0x00 0x00  lbl 0x00  
356     0x57 0x2E  tl 0x72E
358     0x56 0xC2  tl 0x6C2
35A     0x00 0x00  lbl 0x00  
35C     0x57 0x74  tl 0x774
35E     0x50 0x77  tl 0x077
360     0x1C       iol 0x09  
362     0x54 0x40  tl 0x440
364     0x1C       iol 0x29  
366     0x54 0x4C  tl 0x44C
368     0x1C       iol 0x09  
36A     0x54 0x53  tl 0x453
36C     0x00 0x17  lbl 0x17  
36E     0x0A       adc
36F     0x0F       or
370     0x05       rtn
371     0x07       rtnsk
372     0x04       lbua
373     0x70       ldi 0xF
374     0x08       adcsk
375     0x65       dc
376     0x2F       exd 0x0
377     0x70       ldi 0xF
378     0x08       adcsk
379     0x65       dc
37A     0x2F       exd 0x0
37B     0x50 0x58  tl 0x058
37D     0x65       dc
37E     0x3F       ex 0x0
37F     0x05       rtn
380     0x3F       ex 0x0
381     0x00 0x57  lbl 0x57  
383     0x01 0x57  tml 0x157
385     0x02 0x57  tml 0x257
387     0x03 0x57  tml 0x357
389     0x04       lbua
38A     0x57 0x05  tl 0x705
38C     0x57 0x06  tl 0x706
38E     0xE1       tm 0x21
38F     0x3A       ex 0x5
390     0x57 0x08  tl 0x708
392     0x00 0x00  lbl 0x00  
394     0x00 0x00  lbl 0x00  
396     0x5D 0x32  tl 0xD32
398     0x00 0x00  lbl 0x00  
39A     0x55 0x9C  tl 0x59C
39C     0x14       skf2
39D     0x40       skbi 0
39E     0x5D 0x40  tl 0xD40
3A0     0x00 0xB1  lbl 0xB1  
3A2     0x00 0xF9  lbl 0xF9  
3A4     0x00 0xF0  lbl 0xF0  
3A6     0x00 0xBD  lbl 0xBD  
3A8     0x00 0xC0  lbl 0xC0  
3AA     0x00 0xD0  lbl 0xD0  
3AC     0x00 0xE0  lbl 0xE0  
3AE     0x00 0xF6  lbl 0xF6  
3B0     0x00 0xF3  lbl 0xF3  
3B2     0x00 0xA0  lbl 0xA0  
3B4     0x00 0x90  lbl 0x90  
3B6     0x00 0x80  lbl 0x80  
3B8     0x77       ldi 0x8
3B9     0x04       lbua
3BA     0x05       rtn
3BB     0x00 0x00  lbl 0x00  
3BD     0x00 0x00  lbl 0x00  
3BF     0x00 0xB6  lbl 0xB6  
3C1     0x02 0x00  tml 0x200
3C3     0x02 0xF1  tml 0x2F1
3C5     0x00 0x0E  lbl 0x0E  
3C7     0x0A       adc
3C8     0x3F       ex 0x0
3C9     0x15       skc
3CA     0x8C       t 0xC
3CB     0x8E       t 0xE
3CC     0xCD       lb 0x2
3CD     0xF3       tm 0x33
3CE     0xFF       tm 0x3F
3CF     0x01 0x9F  tml 0x19F
3D1     0x90       t 0x10
3D2     0x00 0x00  lbl 0x00  
3D4     0x00 0x01  lbl 0x01  
3D6     0x22       sf1
3D7     0x9F       t 0x1F
3D8     0xC6       lb 0x9
3D9     0xFB       tm 0x3B
3DA     0x9F       t 0x1F
3DB     0xCD       lb 0x2
3DC     0xF7       tm 0x37
3DD     0xA7       t 0x27
3DE     0x9B       t 0x1B
3DF     0x12       lax
3E0     0xF7       tm 0x37
3E1     0xA7       t 0x27
3E2     0x73       ldi 0xC
3E3     0x01 0x1C  tml 0x11C
3E5     0x87       t 0x7
3E6     0xBB       t 0x3B
3E7     0xC9       lb 0x6
3E8     0xFB       tm 0x3B
3E9     0x93       t 0x13
3EA     0x02 0xB7  tml 0x2B7
3EC     0x15       skc
3ED     0x90       t 0x10
3EE     0xCD       lb 0x2
3EF     0xEA       tm 0x2A
3F0     0xC6       lb 0x9
3F1     0x54 0x00  tl 0x400
3F3     0x00 0x00  lbl 0x00  
3F5     0x00 0x00  lbl 0x00  
3F7     0x00 0x00  lbl 0x00  
3F9     0x00 0x00  lbl 0x00  
3FB     0xE7       tm 0x27
3FC     0x58 0x80  tl 0x880
3FE     0x00 0x00  lbl 0x00  
400     0xE9       tm 0x29
401     0xE2       tm 0x22
402     0x00 0x92  lbl 0x92  
404     0xE3       tm 0x23
405     0x3F       ex 0x0
406     0x00 0x92  lbl 0x92  
408     0x02 0x02  tml 0x202
40A     0x15       skc
40B     0x92       t 0x12
40C     0x15       skc
40D     0x95       t 0x15
40E     0xC6       lb 0x9
40F     0x02 0xB9  tml 0x2B9
411     0x86       t 0x6
412     0x02 0xA9  tml 0x2A9
414     0x8C       t 0xC
415     0x00 0x92  lbl 0x92  
417     0xEE       tm 0x2E
418     0xCC       lb 0x3
419     0xFB       tm 0x3B
41A     0x9D       t 0x1D
41B     0x53 0xD5  tl 0x3D5
41D     0x7E       ldi 0x1
41E     0x16       skf1
41F     0x1B       lxa
420     0x12       lax
421     0x61       adi 0xE
422     0xAB       t 0x2B
423     0x87       t 0x7
424     0x4B       skbi 11
425     0x26       rf1
426     0xCC       lb 0x3
427     0x02 0xB9  tml 0x2B9
429     0x53 0xF0  tl 0x3F0
42B     0xDB       tm 0x1B
42C     0x22       sf1
42D     0xA6       t 0x26
42E     0x79       ldi 0x6
42F     0xD2       tm 0x12
430     0x7C       ldi 0x3
431     0xD3       tm 0x13
432     0xE1       tm 0x21
433     0xD8       tm 0x18
434     0xC4       lb 0xB
435     0xE9       tm 0x29
437     0xEA       tm 0x2A
438     0x50 0x29  tl 0x029
43A     0x24       rc
43B     0x70       ldi 0xF
43C     0x0A       adc
43D     0x2F       exd 0x0
43E     0xBB       t 0x3B
43F     0x05       rtn
440     0xCD       lb 0x2
441     0x3F       ex 0x0
442     0xF7       tm 0x37
443     0x05       rtn
444     0xFA       tm 0x3A
445     0x88       t 0x8
446     0x53 0x60  tl 0x360
448     0x00 0x00  lbl 0x00  
44A     0x00 0x00  lbl 0x00  
44C     0xCD       lb 0x2
44D     0x3F       ex 0x0
44E     0xF7       tm 0x37
44F     0x91       t 0x11
450     0x05       rtn
451     0x53 0x64  tl 0x364
453     0xCD       lb 0x2
454     0x3F       ex 0x0
455     0xFA       tm 0x3A
456     0xCE       lb 0x1
457     0x53 0x68  tl 0x368
459     0x00 0x00  lbl 0x00  
45B     0x00 0x00  lbl 0x00  
45D     0x00 0x00  lbl 0x00  
45F     0x02 0xA9  tml 0x2A9
461     0x00 0x9F  lbl 0x9F  
463     0xF1       tm 0x31
464     0x16       skf1
465     0xA7       t 0x27
466     0xA9       t 0x29
467     0x01 0x93  tml 0x193
469     0x00 0x90  lbl 0x90  
46B     0x35       ld 0x2
46C     0x22       sf1
46D     0x0E       comp
adsk
46F     0xBA       t 0x3A
470     0x26       rf1
471     0x01 0x93  tml 0x193
473     0xC9       lb 0x6
474     0xFB       tm 0x3B
475     0x9F       t 0x1F
476     0x02 0xB7  tml 0x2B7
478     0xE2       tm 0x22
479     0xA4       t 0x24
47A     0x6E       adi 0x1
47B     0xB3       t 0x33
47C     0xDD       tm 0x1D
47D     0x1F       decb
47E     0x54 0x80  tl 0x480
480     0x35       ld 0x2
481     0x0C       eor
482     0xC3       lb 0xC
483     0x0C       eor
484     0x00 0xE1  lbl 0xE1  
486     0x3F       ex 0x0
487     0xF8       tm 0x38
488     0x8E       t 0xE
489     0x00 0x92  lbl 0x92  
48B     0xEE       tm 0x2E
48C     0x54 0xA9  tl 0x4A9
48E     0x00 0x92  lbl 0x92  
490     0x03 0x02  tml 0x302
493     0xFA       tm 0x3A
494     0xB8       t 0x38
495     0x03 0x13  tml 0x313
497     0xB9       t 0x39
498     0x00 0x92  lbl 0x92  
49A     0xEE       tm 0x2E
49B     0x37       ld 0x0
49C     0x37       ld 0x0
49D     0x92       t 0x12
49E     0x3F       ex 0x0
49F     0x00 0xF9  lbl 0xF9  
4A1     0x00 0x01  lbl 0x01  
4A3     0x9A       t 0x1A
4A4     0x00 0x92  lbl 0x92  
4A6     0x03 0x02  tml 0x302
4A8     0xB8       t 0x38
4A9     0x00 0xB8  lbl 0xB8  
4AB     0x00 0x00  lbl 0x00  
4AD     0x00 0x00  lbl 0x00  
4AF     0x00 0x00  lbl 0x00  
4B1     0x00 0x00  lbl 0x00  
4B3     0x00 0x00  lbl 0x00  
4B5     0x00 0x00  lbl 0x00  
4B7     0x00 0x05  lbl 0x05  
4B9     0x01 0x22  tml 0x122
4BB     0x05       rtn
4BC     0xFF       tm 0x3F
4BD     0x05       rtn
4BE     0x00 0x00  lbl 0x00  
4C0     0x73       ldi 0xC
4C1     0x1B       lxa
4C2     0xC4       lb 0xB
4C3     0xF7       tm 0x37
4C4     0x86       t 0x6
4C5     0x8A       t 0xA
4C6     0x12       lax
4C7     0x61       adi 0xE
4C8     0x1B       lxa
4C9     0x1B       lxa
4CA     0x00 0xE2  lbl 0xE2  
4CC     0x12       lax
4CD     0x19       xabl
4CE     0x37       ld 0x0
4CF     0x1E       skz
4D0     0xAC       t 0x2C
4D1     0x00 0xD6  lbl 0xD6  
4D3     0x1F       decb
4D4     0x37       ld 0x0
4D5     0x00 0xE2  lbl 0xE2  
4D7     0x1A       xax
4D8     0x19       xabl
4D9     0x1A       xax
4DA     0x3F       ex 0x0
4DB     0x19       xabl
4DC     0x1A       xax
4DD     0xDB       tm 0x1B
4DE     0x00 0xD6  lbl 0xD6  
4E0     0x37       ld 0x0
4E1     0x00 0xE2  lbl 0xE2  
4E3     0x1A       xax
4E4     0x19       xabl
4E5     0x1A       xax
4E6     0x3F       ex 0x0
4E7     0x00 0xC2  lbl 0xC2  
4E9     0xEC       tm 0x2C
4EA     0xF6       tm 0x36
4EB     0x05       rtn
4EC     0x12       lax
4ED     0x19       xabl
4EE     0x44       skbi 4
4EF     0x86       t 0x6
4F0     0xAB       t 0x2B
4F1     0x7B       ldi 0x4
4F2     0xD1       tm 0x11
4F3     0x7E       ldi 0x1
4F4     0xD2       tm 0x12
4F5     0x00 0x00  lbl 0x00  
4F7     0x00 0x00  lbl 0x00  
4F9     0x00 0x00  lbl 0x00  
4FB     0x00 0x03  lbl 0x03  
4FD     0xAC       t 0x2C
4FE     0x5F 0x69  tl 0xF69
500     0x1B       lxa
501     0x77       ldi 0x8
502     0x3F       ex 0x0
503     0x00 0xC7  lbl 0xC7  
505     0x77       ldi 0x8
506     0x0D       and
507     0x3F       ex 0x0
508     0xC1       lb 0xE
509     0xF3       tm 0x33
50A     0xC1       lb 0xE
50B     0xF4       tm 0x34
50D     0xF4       tm 0x34
50E     0xCF       lb 0x0
50F     0xFD       tm 0x3D
510     0xC3       lb 0xC
511     0xE9       tm 0x29
512     0xC0       lb 0xF
513     0xFB       tm 0x3B
514     0x98       t 0x18
515     0x00 0x00  lbl 0x00  
517     0x00 0x50  lbl 0x50  
519     0x29       exd 0x6
51A     0x7F       ldi 0x0
51B     0xD2       tm 0x12
51C     0x76       ldi 0x9
51D     0xD3       tm 0x13
51E     0xE1       tm 0x21
51F     0x00 0x00  lbl 0x00  
521     0x00 0x00  lbl 0x00  
523     0x00 0x02  lbl 0x02  
525     0xC3       lb 0xC
526     0x00 0x00  lbl 0x00  
528     0x77       ldi 0x8
529     0xD2       tm 0x12
52A     0xE1       tm 0x21
52B     0x03 0x00  tml 0x300
52D     0xE6       tm 0x26
52E     0x00 0x00  lbl 0x00  
530     0x58 0xBB  tl 0x8BB
532     0x00 0x00  lbl 0x00  
534     0x00 0xC5  lbl 0xC5  
536     0xFD       tm 0x3D
537     0x03 0xB6  tml 0x3B6
539     0x2B       exd 0x4
53A     0x00 0x78  lbl 0x78  
53C     0xD1       tm 0x11
53D     0xE1       tm 0x21
53E     0x5B 0x00  tl 0xB00
540     0xE7       tm 0x27
541     0x02 0x4B  tml 0x24B
543     0x00 0xE1  lbl 0xE1  
545     0x1C       iol 0x3A  
547     0x3F       ex 0x0
548     0xF8       tm 0x38
549     0x8E       t 0xE
54A     0x70       ldi 0xF
54B     0x1C       iol 0x2E  
54D     0x81       t 0x1
54E     0x71       ldi 0xE
54F     0x1C       iol 0x2E  
551     0xE7       tm 0x27
552     0x05       rtn

553     0x00 0xA0  lbl 0xA0    ; Writes C04992905852032  
555     0x73       ldi 0xC     ; to A0 down to 91 or so
556     0x2F       exd 0x0
557     0x7F       ldi 0x0
558     0x2F       exd 0x0
559     0x7B       ldi 0x4
55A     0x2F       exd 0x0
55B     0x76       ldi 0x9
55C     0x2F       exd 0x0
55D     0x76       ldi 0x9
55E     0x2F       exd 0x0
55F     0x7D       ldi 0x2
560     0x2F       exd 0x0
561     0x76       ldi 0x9
562     0x2F       exd 0x0
563     0x7F       ldi 0x0
564     0x2F       exd 0x0
565     0x7A       ldi 0x5
566     0x2F       exd 0x0
567     0x77       ldi 0x8
568     0x2F       exd 0x0
569     0x7A       ldi 0x5
56A     0x2F       exd 0x0
56B     0x7D       ldi 0x2
56C     0x2F       exd 0x0
56D     0x7F       ldi 0x0
56E     0x2F       exd 0x0
56F     0x7C       ldi 0x3
570     0x2F       exd 0x0
571     0x7D       ldi 0x2
572     0x2F       exd 0x0
573     0xE9       tm 0x29
574     0x05       rtn

575     0x75       ldi 0xA
576     0x3F       ex 0x0
577     0x3F       ex 0x0
578     0x69       adi 0x6
579     0xBA       t 0x3A
57A     0x1E       skz
57B     0x05       rtn
57C     0x07       rtnsk

57D     0x00 0x00  lbl 0x00  
57F     0x00 0x25  lbl 0x25  
581     0xF7       tm 0x37
582     0x88       t 0x8
583     0xF8       tm 0x38
584     0x89       t 0x9
585     0xF9       tm 0x39
586     0x8A       t 0xA
587     0x77       ldi 0x8
588     0x7E       ldi 0x1
589     0x7D       ldi 0x2
58A     0x7B       ldi 0x4
58B     0x3F       ex 0x0
58C     0x00 0xC2  lbl 0xC2  
58E     0xF9       tm 0x39
58F     0xA4       t 0x24
590     0xF5       tm 0x35
591     0x00 0xD8  lbl 0xD8  
593     0x37       ld 0x0
594     0x17       incb
595     0x3F       ex 0x0
596     0x12       lax
597     0x17       incb
598     0x3F       ex 0x0
599     0x00 0xD8  lbl 0xD8  
59B     0x1C       iol 0x3A  
59D     0x0E       comp
59E     0x3F       ex 0x0
59F     0x16       skf1
5A0     0xF8       tm 0x38
5A1     0x05       rtn


5A2     0x55 0xC0  tl 0x5C0
5A4     0x00 0xD6  lbl 0xD6  
5A6     0x12       lax
5A7     0xD7       tm 0x17
5A8     0xBE       t 0x3E
5A9     0x1F       decb
5AA     0x37       ld 0x0
5AB     0x1F       decb
5AC     0xD7       tm 0x17
5AD     0x91       t 0x11
5AE     0x16       skf1
5AF     0xB1       t 0x31
5B0     0xBC       t 0x3C
5B1     0x00 0xD7  lbl 0xD7  
5B3     0x7D       ldi 0x2
5B4     0xD7       tm 0x17
5B5     0xBC       t 0x3C
5B6     0x17       incb
5B7     0x74       ldi 0xB
5B8     0xD7       tm 0x17
5B9     0xBC       t 0x3C
5BA     0x00 0x00  lbl 0x00  
5BC     0x54 0xC0  tl 0x4C0
5BE     0x55 0xDB  tl 0x5DB

5C0     0x26       rf1
5C1     0x7F       ldi 0x0
5C2     0x1B       lxa
5C3     0x12       lax
5C4     0x0E       comp
5C5     0x1D       doa
5C6     0x70       ldi 0xF
5C7     0x6E       adi 0x1
5C8     0x87       t 0x7
5C9     0x00 0xD8  lbl 0xD8  
5CB     0x8E       t 0xE

5CC     0x22       sf1
5CD     0x89       t 0x9

5CE     0x1C       iol 0x1A  
5D0     0x0E       comp
5D1     0x3F       ex 0x0
5D2     0x00 0xC2  lbl 0xC2  
5D4     0xFA       tm 0x3A
5D5     0xB9       t 0x39
5D6     0x00 0xD8  lbl 0xD8  
5D8     0x37       ld 0x0
5D9     0x1E       skz
5DA     0xBD       t 0x3D
5DB     0x16       skf1
5DC     0xBB       t 0x3B
5DD     0x12       lax
5DE     0x6E       adi 0x1
5DF     0x05       rtn
5E0     0x14       skf2
5E1     0xB0       t 0x30
5E2       0x25       rf2
5E3     0x00 0xE1  lbl 0xE1  
5E5     0x1C       iol 0x29  
5E7     0x3F       ex 0x0
5E8     0xF8       tm 0x38
5E9     0xB2       t 0x32
5EA     0xC8       lb 0x7
5EB     0x77       ldi 0x8
5EC     0x04       lbua
5ED     0xED       tm 0x2D
5EE     0x56 0x00  tl 0x600
5F0     0x21       sf2
5F1     0x05       rtn
5F2     0xC8       lb 0x7
5F3     0x77       ldi 0x8
5F4     0x04       lbua
5F5     0xFA       tm 0x3A
5F6     0xAE       t 0x2E
5F7     0x00 0x00  lbl 0x00  
5F9     0x56 0x09  tl 0x609
5FB     0x56 0x05  tl 0x605
5FD     0x55 0x80  tl 0x580
5FF     0x00 0x00  lbl 0x00  
602     0xEC       tm 0x2C
603     0xED       tm 0x2D
604     0x05       rtn
605     0x12       lax
606     0x6E       adi 0x1
607     0x98       t 0x18
608     0x80       t 0x0
609     0x00 0xD6  lbl 0xD6  
60B     0x12       lax
60C     0xD7       tm 0x17
60D     0x95       t 0x15
60E     0x1F       decb
60F     0x37       ld 0x0
610     0x1F       decb
611     0x0D       and
612     0x1E       skz
613     0x05       rtn
614     0x80       t 0x0
615     0x16       skf1
616     0x85       t 0x5
617     0x05       rtn
618     0x55 0xC2  tl 0x5C2
61A     0x37       ld 0x0
61B     0x0E       comp
61C     0x1C       iol 0x17  
61E     0xF7       tm 0x37
61F     0xA4       t 0x24
620     0xF8       tm 0x38
621     0xA4       t 0x24
622     0x5B 0x40  tl 0xB40
624     0x56 0x5A  tl 0x65A
626     0x3F       ex 0x0
627     0x00 0xE2  lbl 0xE2  
629     0x1B       lxa
62A     0x1B       lxa
62B     0xCB       lb 0x4
62C     0x37       ld 0x0
62D     0x6E       adi 0x1
62E     0xAF       t 0x2F
62F     0xC5       lb 0xA
630     0x19       xabl
631     0x12       lax
632     0x3F       ex 0x0
633     0xFC       tm 0x3C
634     0x70       ldi 0xF
635     0x19       xabl
636     0xE4       tm 0x24
637     0xC3       lb 0xC
638     0xEC       tm 0x2C
639     0x5F 0xC2  tl 0xFC2
63B     0x7C       ldi 0x3
63C     0xD1       tm 0x11
63D     0xE1       tm 0x21
63E     0x5E 0xC0  tl 0xEC0
640     0x06       xs
641     0x00 0xD3  lbl 0xD3  
643     0x6F       cys
644     0x2F       exd 0x0
645     0x49       skbi 9
646     0x83       t 0x3
647     0x6F       cys
648     0x06       xs
649     0x01 0x14  tml 0x114
64B     0xC4       lb 0xB
64C     0xFB       tm 0x3B
64D     0xF7       tm 0x37
64E     0x05       rtn
64F     0xF8       tm 0x38
650     0x94       t 0x14
651     0x27       dia
652     0x67       adi 0x8
653     0x96       t 0x16
654     0x00 0x00  lbl 0x00  
656     0x01 0x56  tml 0x156
658     0x50 0x29  tl 0x029
65A     0xCA       lb 0x5
65B     0x02 0x59  tml 0x259
65D     0xDA       tm 0x1A
65E     0x37       ld 0x0
65F     0x1B       lxa
660     0x1E       skz
661     0xA8       t 0x28
662     0x00 0x00  lbl 0x00  
664     0x00 0x00  lbl 0x00  
666     0x00 0x00  lbl 0x00  
668     0x02 0xA2  tml 0x2A2
66A     0xB9       t 0x39
66B     0x17       incb
66C     0x37       ld 0x0
66D     0x00 0xE2  lbl 0xE2  
66F     0x2F       exd 0x0
670     0x12       lax
671     0x3F       ex 0x0
672     0xC4       lb 0xB
673     0xF8       tm 0x38
674     0xB7       t 0x37
675     0x01 0x56  tml 0x156
677     0x53 0x4E  tl 0x34E
679     0x00 0x00  lbl 0x00  
67B     0x00 0x00  lbl 0x00  
67D     0x00 0x00  lbl 0x00  
67F     0x00 0xEC  lbl 0xEC  
681     0xEC       tm 0x2C
682     0x37       ld 0x0
683     0xD0       tm 0x10
684     0x37       ld 0x0
685     0x69       adi 0x6
686     0x1B       lxa
687     0x10       lbmx
688     0x7F       ldi 0x0
689     0x04       lbua
68A     0x70       ldi 0xF
68B     0x19       xabl
68C     0xBB       t 0x3B
68D     0x14       skf2
68E     0xE5       tm 0x25
68F     0x05       rtn
690     0x00 0x00  lbl 0x00  
692     0x00 0x00  lbl 0x00  
694     0x00 0x00  lbl 0x00  
696     0x00 0x00  lbl 0x00  
698     0x00 0x00  lbl 0x00  
69A     0x00 0x00  lbl 0x00  
69C     0x00 0x00  lbl 0x00  
69E     0x00 0x00  lbl 0x00  
6A0     0x00 0x00  lbl 0x00  
6A2     0x00 0x00  lbl 0x00  
6A4     0x00 0x00  lbl 0x00  
6A6     0x00 0x00  lbl 0x00  
6A8     0x00 0x00  lbl 0x00  
6AA     0x00 0x00  lbl 0x00  
6AC     0x00 0x00  lbl 0x00  
6AE     0x00 0x00  lbl 0x00  
6B0     0x00 0x00  lbl 0x00  
6B2     0x00 0x7D  lbl 0x7D  
6B4     0xD3       tm 0x13
6B5     0xE1       tm 0x21
6B6     0xD8       tm 0x18
6B7     0xC1       lb 0xE
6B8     0xF8       tm 0x38
6B9     0xBC       t 0x3C
6BA     0x00 0x00  lbl 0x00  
6BC     0x02 0x1F  tml 0x21F
6BE     0x55 0x08  tl 0x508
6C0     0x00 0x00  lbl 0x00  
6C2     0x21       sf2
6C3     0xC1       lb 0xE
6C4     0xF6       tm 0x36
6C5     0x7D       ldi 0x2
6C6     0x7C       ldi 0x3
6C7     0xD2       tm 0x12
6C8     0xE1       tm 0x21
6C9     0x5C 0x40  tl 0xC40
6CB     0x00 0x00  lbl 0x00  
6CD     0x00 0x00  lbl 0x00  
6CF     0x00 0x00  lbl 0x00  
6D1     0x00 0x00  lbl 0x00  
6D3     0x00 0x00  lbl 0x00  
6D5     0x00 0x00  lbl 0x00  
6D7     0x00 0x00  lbl 0x00  
6D9     0x00 0x00  lbl 0x00  
6DB     0x00 0x00  lbl 0x00  
6DD     0x00 0x00  lbl 0x00  
6DF     0x00 0xED  lbl 0xED  
6E1     0x00 0x00  lbl 0x00  
6E3     0x00 0x00  lbl 0x00  
6E5     0x00 0xF2  lbl 0xF2  
6E7     0x02 0x42  tml 0x242
6E9     0xC5       lb 0xA
6EA     0xFD       tm 0x3D
6EB     0x03 0xB6  tml 0x3B6
6ED     0xE5       tm 0x25
6EE     0x03 0xA4  tml 0x3A4
6F0     0xE5       tm 0x25
6F1     0x03 0xB2  tml 0x3B2
6F3     0xE5       tm 0x25
6F4     0x03 0xB4  tml 0x3B4
6F6     0xE5       tm 0x25
6F7     0x00 0xC5  lbl 0xC5  
6F9     0xEA       tm 0x2A
6FA     0xF6       tm 0x36
6FB     0x1F       decb
6FC     0x75       ldi 0xA
6FD     0x3F       ex 0x0
6FE     0x58 0xA2  tl 0x8A2
700     0x7F       ldi 0x0
701     0x7E       ldi 0x1
702     0x7D       ldi 0x2
703     0x7C       ldi 0x3
704     0x7B       ldi 0x4
705     0x7A       ldi 0x5
706     0x79       ldi 0x6
707     0x78       ldi 0x7
708     0x77       ldi 0x8
709     0x76       ldi 0x9
70A     0xCB       lb 0x4
70B     0x3F       ex 0x0
70C     0x37       ld 0x0
70D     0xD0       tm 0x10
70E     0xE1       tm 0x21
70F     0xCD       lb 0x2
710     0xF9       tm 0x39
711     0x97       t 0x17
712     0xFA       tm 0x3A
713     0x99       t 0x19
714     0x17       incb
715     0x5A 0x80  tl 0xA80
717     0x00 0x00  lbl 0x00  
719     0x00 0x00  lbl 0x00  
71B     0xC4       lb 0xB
71C     0xF7       tm 0x37
71D     0xA9       t 0x29
71E     0xD8       tm 0x18
71F     0x7A       ldi 0x5
720     0xD2       tm 0x12
721     0x7A       ldi 0x5
722     0xD3       tm 0x13
723     0xE1       tm 0x21
724     0xC8       lb 0x7
725     0xFD       tm 0x3D
727     0x56 0xE0  tl 0x6E0
729     0x00 0x00  lbl 0x00  
72B     0x21       sf2
72C     0x77       ldi 0x8
72D     0xB0       t 0x30
72E       0x25       rf2
72F     0x78       ldi 0x7
730     0xD3       tm 0x13
731     0x7B       ldi 0x4
732     0xD2       tm 0x12
733     0xE1       tm 0x21
734     0xD8       tm 0x18
735     0xCF       lb 0x0
736     0xFD       tm 0x3D
737     0xCE       lb 0x1
738     0x14       skf2
739     0xBD       t 0x3D
73A     0xF6       tm 0x36
73B     0x50 0x29  tl 0x029
73D     0xF5       tm 0x35
73E     0xBB       t 0x3B
73F     0x00 0xFB  lbl 0xFB  
741     0xAD       t 0x2D
742     0xE7       tm 0x27
744     0xFA       tm 0x3A
745     0x87       t 0x7
746     0xA1       t 0x21
747     0x00 0x00  lbl 0x00  
749     0x00 0x00  lbl 0x00  
74B     0xC8       lb 0x7
74C     0x02 0xBA  tml 0x2BA
74E     0x01 0x43  tml 0x143
750     0xF0       tm 0x30
751     0xC6       lb 0x9
752     0x3F       ex 0x0
753     0x03 0x13  tml 0x313
755     0x83       t 0x3
756     0xCD       lb 0x2
757     0xF7       tm 0x37
758     0x9A       t 0x1A
759     0x9E       t 0x1E
75A     0x00 0x00  lbl 0x00  
75C     0x00 0x00  lbl 0x00  
75E     0xCD       lb 0x2
75F     0xF3       tm 0x33
760     0x83       t 0x3
761     0x01 0x22  tml 0x122
763     0x8B       t 0xB
764     0xCD       lb 0x2
765     0xF7       tm 0x37
766     0xAF       t 0x2F
767     0x72       ldi 0xD
768     0x01 0xE3  tml 0x1E3
76A     0x8B       t 0xB
76B     0x57 0x80  tl 0x780
76D     0x52 0xE4  tl 0x2E4
76F     0x72       ldi 0xD
770     0x01 0x1C  tml 0x11C
772     0xAB       t 0x2B
773     0x8B       t 0xB
774     0x7D       ldi 0x2
775     0xD1       tm 0x11
776     0xE1       tm 0x21
777     0x5E 0x40  tl 0xE40
779     0x00 0x00  lbl 0x00  
77B     0x00 0x00  lbl 0x00  
77D     0x00 0x00  lbl 0x00  
77F     0x00 0x3F  lbl 0x3F  
781     0x80       t 0x0
782     0x9A       t 0x1A
783     0xE1       tm 0x21
784     0x00 0xB2  lbl 0xB2  
786     0xFB       tm 0x3B
787     0x8C       t 0xC
788     0xF0       tm 0x30
789     0x02 0xAD  tml 0x2AD
78B     0xE1       tm 0x21
78C     0xC6       lb 0x9
78D     0xE9       tm 0x29
78E     0x05       rtn
78F     0xC3       lb 0xC
790     0xF7       tm 0x37
791     0x7A       ldi 0x5
792     0x72       ldi 0xD
793     0x1C       iol 0x2E  
795     0x00 0xDC  lbl 0xDC  
797     0xE9       tm 0x29
798     0xC5       lb 0xA
799     0x3F       ex 0x0
79A     0x9B       t 0x1B
79B     0x94       t 0x14
79C     0x00 0x3A  lbl 0x3A  
79E     0x00 0xE1  lbl 0xE1  
7A0     0x00 0xF8  lbl 0xF8  
7A2     0x90       t 0x10
7A3     0x70       ldi 0xF
7A4     0x1C       iol 0x2E  
7A6     0x00 0xDC  lbl 0xDC  
7A8     0x37       ld 0x0
7A9     0x1B       lxa
7AA     0xCD       lb 0x2
7AB     0x70       ldi 0xF
7AC     0x2F       exd 0x0
7AD     0xAB       t 0x2B
7AE     0x1C       iol 0x3A  
7B0     0x00 0xE1  lbl 0xE1  
7B2     0x3F       ex 0x0
7B3     0xFA       tm 0x3A
7B4     0xB8       t 0x38
7B5     0xF8       tm 0x38
7B6     0xBB       t 0x3B
7B7     0xAE       t 0x2E
7B8     0x22       sf1
7B9     0x58 0x0B  tl 0x80B
7BB     0x00 0x00  lbl 0x00  
7BD     0x00 0x00  lbl 0x00  
7BF     0x00 0x12  lbl 0x12  
7C1     0x6A       adi 0x5
7C2     0x88       t 0x8
7C3     0xC3       lb 0xC
7C4     0xEA       tm 0x2A
7C5     0xD8       tm 0x18
7C6     0xE7       tm 0x27
7C7     0x05       rtn
7C8     0x12       lax
7C9     0x00 0xD9  lbl 0xD9  
7CB     0xD7       tm 0x17
7CC     0x8F       t 0xF
7CD     0xCD       lb 0x2
7CE     0xEB       tm 0x2B
7CF     0x00 0xDA  lbl 0xDA  
7D1     0x12       lax
7D2     0xD7       tm 0x17
7D3     0x96       t 0x16
7D4     0xCD       lb 0x2
7D5     0xEC       tm 0x2C
7D6     0x00 0xDB  lbl 0xDB  
7D8     0x12       lax
7D9     0xD7       tm 0x17
7DA     0x9D       t 0x1D
7DB     0xCD       lb 0x2
7DC     0xED       tm 0x2D
7DD     0x7F       ldi 0x0
7DE     0x1B       lxa
7DF     0x12       lax
7E0     0x19       xabl
7E1     0x13       sag
7E2     0x37       ld 0x0
7E3     0x00 0xDC  lbl 0xDC  
7E5     0xD7       tm 0x17
7E6     0xA9       t 0x29
7E7     0xCC       lb 0x3
7E8     0xEA       tm 0x2A
7E9     0x12       lax
7EA     0x19       xabl
7EB     0x43       skbi 3
7EC     0xB6       t 0x36
7ED     0xCC       lb 0x3
7EE     0xE3       tm 0x23
7EF     0xCC       lb 0x3
7F0     0x01 0xC8  tml 0x1C8
7F2     0x03 0x6C  tml 0x36C
7F4     0xDB       tm 0x1B
7F5     0x9F       t 0x1F
7F6     0x47       skbi 7
7F7     0xB9       t 0x39
7F8     0xAD       t 0x2D
7F9     0x4B       skbi 11
7FA     0xBC       t 0x3C
7FB     0xAD       t 0x2D
7FC     0x58 0x00  tl 0x800
7FE     0x00 0x00  lbl 0x00  
800     0x4F       skbi 15
801     0xBC       t 0x3C
802     0x26       rf1
803     0x1C       iol 0x3A  
805     0x00 0xE1  lbl 0xE1  
807     0x3F       ex 0x0
808     0xF9       tm 0x39
809     0x8B       t 0xB
80A     0x83       t 0x3
80B     0x00 0xDC  lbl 0xDC  
80D     0x7D       ldi 0x2
80E     0xD7       tm 0x17
80F     0xB8       t 0x38
810     0x00 0xB1  lbl 0xB1  
812     0x37       ld 0x0
813     0x1E       skz
814     0x74       ldi 0xB
815     0x70       ldi 0xF
816     0x1C       iol 0x2E  
818     0xCD       lb 0x2
819     0x37       ld 0x0
81A     0x1C       iol 0x2D  
81C     0x1E       skz
81D     0x37       ld 0x0
81E     0x1C       iol 0x27  
820     0xCB       lb 0x4
821     0x37       ld 0x0
822     0x1C       iol 0x3E  
824     0x1F       decb
825     0x37       ld 0x0
826     0x1C       iol 0x3D  
828     0x1F       decb
829     0x37       ld 0x0
82A     0x1C       iol 0x37  
82C     0x16       skf1
82D     0xB0       t 0x30
82E     0x57 0xC0  tl 0x7C0
830     0x00 0xDC  lbl 0xDC  
832     0x02 0xB9  tml 0x2B9
834     0x02 0x4B  tml 0x24B
836     0x57 0xA6  tl 0x7A6
838     0x7C       ldi 0x3
839     0xD7       tm 0x17
83A     0x95       t 0x15
83B     0x90       t 0x10
83C     0xCC       lb 0x3
83D     0x57 0xF2  tl 0x7F2
83F     0x00 0xE9  lbl 0xE9  
841     0x00 0x92  lbl 0x92  
843     0xEE       tm 0x2E
844     0xC6       lb 0x9
845     0x03 0x13  tml 0x313
847     0xB3       t 0x33
848     0x02 0xB3  tml 0x2B3
84A     0x31       ld 0x6
84B     0x64       adi 0xB
84C     0x81       t 0x1
84D     0x1B       lxa
84E     0x01 0xF4  tml 0x1F4
850     0xC0       lb 0xF
851     0xF7       tm 0x37
852     0xB6       t 0x36
853     0x02 0x37  tml 0x237
855     0xC6       lb 0x9
856     0x15       skc
857     0xBD       t 0x3D
858     0x15       skc
859     0xA0       t 0x20
85A     0xC5       lb 0xA
85B     0x12       lax
85C     0x19       xabl
85D     0x02 0xB9  tml 0x2B9
85F     0x93       t 0x13
860     0x02 0x38  tml 0x238
862     0xDB       tm 0x1B
863     0x12       lax
864     0x6E       adi 0x1
865     0xAC       t 0x2C
866     0xC6       lb 0x9
867     0x34       ld 0x3
868     0x3C       ex 0x3
869     0x3F       ex 0x0
86A     0x58 0x86  tl 0x886
86C     0x7F       ldi 0x0
86D     0x00 0x91  lbl 0x91  
86F     0xE3       tm 0x23
870     0xC6       lb 0x9
871     0x3F       ex 0x0
872     0x93       t 0x13
873     0x02 0x70  tml 0x270
875     0x88       t 0x8
876     0x02 0xBA  tml 0x2BA
878     0xC6       lb 0x9
879     0x3F       ex 0x0
87A     0x01 0x43  tml 0x143
87C     0xB1       t 0x31
87D     0x02 0xBA  tml 0x2BA
87F     0x98       t 0x18
880     0x15       skc
881     0x84       t 0x4
882     0x53 0x05  tl 0x305
884     0x51 0xA6  tl 0x1A6
886     0xC8       lb 0x7
887     0x73       ldi 0xC
888     0x1B       lxa
889     0x37       ld 0x0
88A     0x3F       ex 0x0
88B     0x3F       ex 0x0
88C     0xDB       tm 0x1B
88D     0x12       lax
88E     0x1E       skz
88F     0x89       t 0x9
890     0x02 0xBA  tml 0x2BA
892     0x00 0xF2  lbl 0xF2  
894     0x33       ld 0x4
895     0x23       dib
896     0x94       t 0x14
897     0xE7       tm 0x27
898     0x02 0x4B  tml 0x24B
89A     0xE7       tm 0x27
89B     0x50 0xA8  tl 0x0A8
89D     0xC4       lb 0xB
89E     0x7E       ldi 0x1
89F     0x3F       ex 0x0
8A0     0x50 0x29  tl 0x029
8A2     0xC0       lb 0xF
8A3     0x77       ldi 0x8
8A4     0x3F       ex 0x0
8A5     0x17       incb
8A6     0xED       tm 0x2D
8A7     0xC1       lb 0xE
8A8     0xEC       tm 0x2C
8A9     0x55 0x03  tl 0x503
8AB     0x00 0xC7  lbl 0xC7  
8AD     0xFA       tm 0x3A
8AE     0xA9       t 0x29
8AF     0xA7       t 0x27
8B0     0x00 0x00  lbl 0x00  
8B2     0x00 0x00  lbl 0x00  
8B4     0x90       t 0x10
8B5     0xFD       tm 0x3D
8B6     0x00 0x00  lbl 0x00  
8B8     0x00 0x00  lbl 0x00  
8BA     0x00 0xD9  lbl 0xD9  
8BC     0x00 0x00  lbl 0x00  
8BE     0x00 0x00  lbl 0x00  
8C0     0x70       ldi 0xF
8C1     0xD7       tm 0x17
8C2     0x85       t 0x5
8C3     0x02 0xAD  tml 0x2AD
8C5     0x00 0xD9  lbl 0xD9  
8C7     0x37       ld 0x0
8C8     0x1B       lxa
8C9     0xC8       lb 0x7
8CA     0x19       xabl
8CB     0x72       ldi 0xD
8CC     0x3B       ex 0x4
8CD     0x12       lax
8CE     0x62       adi 0xD
8CF     0x9D       t 0x1D
8D0     0x13       sag
8D1     0xC5       lb 0xA
8D2     0x19       xabl
8D3     0x70       ldi 0xF
8D4     0xD7       tm 0x17
8D5     0x97       t 0x17
8D6     0x9D       t 0x1D
8D7     0xC9       lb 0x6
8D8     0x12       lax
8D9     0x19       xabl
8DA     0x70       ldi 0xF
8DB     0x3F       ex 0x0
8DC     0x8D       t 0xD
8DD     0xEC       tm 0x2C
8DE     0xC5       lb 0xA
8DF     0x3F       ex 0x0
8E0     0x00 0xEC  lbl 0xEC  
8E2     0x37       ld 0x0
8E3     0x00 0xF1  lbl 0xF1  
8E5     0x3F       ex 0x0
8E6     0x70       ldi 0xF
8E7     0x1B       lxa
8E8     0x17       incb
8E9     0x33       ld 0x4
8EA     0x0E       comp
8EB     0x1D       doa
8EC     0x74       ldi 0xB
8ED     0x1C       iol 0x1E  
8EF     0x70       ldi 0xF
8F0     0x1C       iol 0x1E  
8F2     0x12       lax
8F3     0x0E       comp
8F4     0x1D       doa
8F5     0x37       ld 0x0
8F6     0x1C       iol 0x1D  
8F8     0x02 0x4D  tml 0x24D
8FA     0x5E 0x65  tl 0xE65
8FC     0x03 0xA6  tml 0x3A6
8FE     0x5A 0x7D  tl 0xA7D
900     0x21       sf2
901     0x83       t 0x3
902     0x05       rtn
903     0xE6       tm 0x26
904     0xDC       tm 0x1C
905     0x03 0xAA  tml 0x3AA
907     0xE5       tm 0x25
908     0xC7       lb 0x8
909     0xFD       tm 0x3D
90A     0xC9       lb 0x6
90B     0xFB       tm 0x3B
90C     0xB2       t 0x32
90D     0x17       incb
90E     0xFB       tm 0x3B
90F     0x9C       t 0x1C
910     0x17       incb
911     0x37       ld 0x0
912     0x01 0xAC  tml 0x1AC
914     0x14       skf2
915     0xAB       t 0x2B
916     0xC7       lb 0x8
917     0x03 0x65  tml 0x365
919     0x97       t 0x17
91A     0x00 0xFE  lbl 0xFE  
91C     0x77       ldi 0x8
91D     0xD5       tm 0x15
91E     0x00 0xFF  lbl 0xFF  
920     0x77       ldi 0x8
921     0x0A       adc
922     0x3F       ex 0x0
923     0x00 0xFF  lbl 0xFF  
925     0xFB       tm 0x3B
926     0xA9       t 0x29
927     0x00 0x00  lbl 0x00  
929     0x53 0x39  tl 0x339
92B     0x71       ldi 0xE
92C     0x01 0xAC  tml 0x1AC
92E     0xC7       lb 0x8
92F     0x70       ldi 0xF
930     0x5B 0x38  tl 0xB38
932     0x02 0xBA  tml 0x2BA
934     0x79       ldi 0x6
935     0x00 0xFE  lbl 0xFE  
937     0xD5       tm 0x15
938     0x7B       ldi 0x4
939     0x01 0xAC  tml 0x1AC
93B     0x8A       t 0xA
93C     0x02 0xBA  tml 0x2BA
93E     0x75       ldi 0xA
93F     0xB9       t 0x39
940     0x00 0x00  lbl 0x00  
942     0x00 0x00  lbl 0x00  
944     0x00 0x00  lbl 0x00  
946     0x00 0x00  lbl 0x00  
948     0x00 0x00  lbl 0x00  
94A     0x00 0x00  lbl 0x00  
94C     0x00 0x00  lbl 0x00  
94E     0x00 0x00  lbl 0x00  
950     0x00 0x00  lbl 0x00  
952     0x00 0x00  lbl 0x00  
954     0x00 0x00  lbl 0x00  
956     0x00 0x00  lbl 0x00  
958     0x00 0x00  lbl 0x00  
95A     0x00 0x00  lbl 0x00  
95C     0x00 0x00  lbl 0x00  
95E     0x00 0x00  lbl 0x00  
960     0x00 0x00  lbl 0x00  
962     0x00 0x00  lbl 0x00  
964     0x00 0x00  lbl 0x00  
966     0x00 0x00  lbl 0x00  
968     0x00 0x00  lbl 0x00  
96A     0x00 0x00  lbl 0x00  
96C     0x00 0x00  lbl 0x00  
96E     0x00 0x00  lbl 0x00  
970     0x00 0x00  lbl 0x00  
972     0x00 0x00  lbl 0x00  
974     0x00 0x00  lbl 0x00  
976     0x00 0x00  lbl 0x00  
978     0x00 0x00  lbl 0x00  
97A     0x00 0x00  lbl 0x00  
97C     0x00 0x00  lbl 0x00  
97E     0x00 0x00  lbl 0x00  
980     0x00 0x00  lbl 0x00  
982     0x00 0x00  lbl 0x00  
984     0x00 0x00  lbl 0x00  
986     0x00 0x00  lbl 0x00  
988     0x00 0x00  lbl 0x00  
98A     0x00 0x00  lbl 0x00  
98C     0x00 0x00  lbl 0x00  
98E     0x00 0x00  lbl 0x00  
990     0x00 0x00  lbl 0x00  
992     0x00 0x00  lbl 0x00  
994     0x00 0x00  lbl 0x00  
996     0x00 0x00  lbl 0x00  
998     0x00 0x00  lbl 0x00  
99A     0x00 0x00  lbl 0x00  
99C     0x00 0x00  lbl 0x00  
99E     0x00 0x00  lbl 0x00  
9A0     0x00 0x00  lbl 0x00  
9A2     0x00 0x00  lbl 0x00  
9A4     0x00 0x00  lbl 0x00  
9A6     0x00 0x00  lbl 0x00  
9A8     0x00 0x00  lbl 0x00  
9AA     0x00 0x00  lbl 0x00  
9AC     0x00 0x00  lbl 0x00  
9AE     0x00 0x00  lbl 0x00  
9B0     0x00 0x00  lbl 0x00  
9B2     0x00 0x00  lbl 0x00  
9B4     0x00 0x00  lbl 0x00  
9B6     0x00 0x00  lbl 0x00  
9B8     0x00 0x00  lbl 0x00  
9BA     0x00 0x00  lbl 0x00  
9BC     0x00 0x00  lbl 0x00  
9BE     0x00 0x00  lbl 0x00  
9C0     0x00 0x00  lbl 0x00  
9C2     0x00 0x00  lbl 0x00  
9C4     0x00 0x00  lbl 0x00  
9C6     0x00 0x00  lbl 0x00  
9C8     0x00 0x00  lbl 0x00  
9CA     0x00 0x00  lbl 0x00  
9CC     0x00 0x00  lbl 0x00  
9CE     0x00 0x00  lbl 0x00  
9D0     0x00 0x00  lbl 0x00  
9D2     0x00 0x00  lbl 0x00  
9D4     0x00 0x00  lbl 0x00  
9D6     0x00 0x00  lbl 0x00  
9D8     0x00 0x00  lbl 0x00  
9DA     0x00 0x00  lbl 0x00  
9DC     0x00 0x00  lbl 0x00  
9DE     0x00 0x00  lbl 0x00  
9E0     0x00 0x00  lbl 0x00  
9E2     0x00 0x00  lbl 0x00  
9E4     0x00 0x00  lbl 0x00  
9E6     0x00 0x00  lbl 0x00  
9E8     0x00 0x00  lbl 0x00  
9EA     0x00 0x00  lbl 0x00  
9EC     0x00 0x00  lbl 0x00  
9EE     0x00 0x00  lbl 0x00  
9F0     0x00 0x00  lbl 0x00  
9F2     0x00 0x00  lbl 0x00  
9F4     0x00 0xC7  lbl 0xC7  
9F6     0xEB       tm 0x2B
9F7     0xEC       tm 0x2C
9F8     0x17       incb
9F9     0xEC       tm 0x2C
9FA     0xF4       tm 0x34
9FB     0xF3       tm 0x33
9FC     0x55 0x0E  tl 0x50E
9FE     0x00 0x00  lbl 0x00  
A00     0x00 0x00  lbl 0x00  
A02     0x00 0x00  lbl 0x00  
A04     0x00 0x00  lbl 0x00  
A06     0x00 0x00  lbl 0x00  
A08     0x00 0x00  lbl 0x00  
A0A     0x00 0x00  lbl 0x00  
A0C     0x00 0x00  lbl 0x00  
A0E     0xD9       tm 0x19
A0F     0x00 0x00  lbl 0x00  
A11     0x00 0xF0  lbl 0xF0  
A13     0x77       ldi 0x8
A14     0x04       lbua
A15     0xE6       tm 0x26
A16     0x00 0x00  lbl 0x00  
A18     0x00 0x00  lbl 0x00  
A1A     0x00 0x00  lbl 0x00  
A1C     0x2B       exd 0x4
A1D     0x33       ld 0x4
A1E     0x3F       ex 0x0
A1F     0x7E       ldi 0x1
A20     0xD0       tm 0x10
A21     0x8E       t 0xE
A22     0x00 0x00  lbl 0x00  
A24     0x00 0x00  lbl 0x00  
A26     0x00 0x00  lbl 0x00  
A28     0x00 0x00  lbl 0x00  
A2A     0x00 0x00  lbl 0x00  
A2C     0x00 0x00  lbl 0x00  
A2E     0x00 0x00  lbl 0x00  
A30     0x00 0x00  lbl 0x00  
A32     0x00 0x00  lbl 0x00  
A34     0x00 0x00  lbl 0x00  
A36     0x00 0x00  lbl 0x00  
A38     0x00 0x00  lbl 0x00  
A3A     0x00 0xFA  lbl 0xFA  
A3C     0xE9       tm 0x29
A3D     0xF6       tm 0x36
A3E     0x55 0x10  tl 0x510
A40     0xE3       tm 0x23
A41     0x00 0x7E  lbl 0x7E  
A43     0x60       adi 0xF
A44     0x00 0x00  lbl 0x00  
A46     0x00 0x00  lbl 0x00  
A48     0x00 0x00  lbl 0x00  
A4A     0x00 0x00  lbl 0x00  
A4C     0x00 0x00  lbl 0x00  
A4E     0x00 0x00  lbl 0x00  
A50     0x00 0x00  lbl 0x00  
A52     0x00 0x00  lbl 0x00  
A54     0x00 0x00  lbl 0x00  
A56     0x00 0xD0  lbl 0xD0  
A58     0x5A 0xC0  tl 0xAC0
A5A     0xCF       lb 0x0
A5B     0xF8       tm 0x38
A5C     0x9E       t 0x1E
A5D     0xBE       t 0x3E
A5E     0xC4       lb 0xB
A5F     0xF7       tm 0x37
A60     0xA6       t 0x26
A61     0x00 0x00  lbl 0x00  
A63     0x00 0x00  lbl 0x00  
A65     0x00 0x03  lbl 0x03  
A67     0xA6       t 0x26
A68     0x7F       ldi 0x0
A69     0x11       labl
A6A     0xF1       tm 0x31
A6B     0xF1       tm 0x31
A6C     0xF1       tm 0x31
A6D     0x3F       ex 0x0
A6E     0x17       incb
A6F     0xF6       tm 0x36
A70     0xCA       lb 0x5
A71     0xE6       tm 0x26
A72     0x58 0xFC  tl 0x8FC
A74     0x70       ldi 0xF
A75     0xD0       tm 0x10
A76     0x70       ldi 0xF
A77     0xD1       tm 0x11
A78     0x70       ldi 0xF
A79     0xD2       tm 0x12
A7A     0x70       ldi 0xF
A7B     0xD3       tm 0x13
A7C     0x05       rtn
A7D     0xE5       tm 0x25
A7E     0x5F 0x70  tl 0xF70
A80     0xFA       tm 0x3A
A81     0xB6       t 0x36
A82     0xFB       tm 0x3B
A83     0xB7       t 0x37
A84     0xCC       lb 0x3
A85     0xFB       tm 0x3B
A86     0xBA       t 0x3A
A87     0xCF       lb 0x0
A88     0xF9       tm 0x39
A89     0xBC       t 0x3C
A8A     0xC1       lb 0xE
A8B     0xF8       tm 0x38
A8C     0xA0       t 0x20
A8D     0xBF       t 0x3F
A8E     0xFB       tm 0x3B
A8F     0xB0       t 0x30
A90     0xC8       lb 0x7
A91     0x72       ldi 0xD
A92     0xD7       tm 0x17
A93     0xA3       t 0x23
A94     0xC1       lb 0xE
A95     0xEB       tm 0x2B
A96     0x1F       decb
A97     0xEA       tm 0x2A
A98     0xEB       tm 0x2B
A99     0xEC       tm 0x2C
A9A     0xFA       tm 0x3A
A9B     0x9E       t 0x1E
A9C     0xC1       lb 0xE
A9D     0xEC       tm 0x2C
A9E     0x55 0x0C  tl 0x50C
AA0     0xEA       tm 0x2A
AA1     0xFE       tm 0x3E
AA2     0x8D       t 0xD
AA3     0xC1       lb 0xE
AA4     0xF7       tm 0x37
AA5     0xAD       t 0x2D
AA6     0xE2       tm 0x22
AA7     0xCB       lb 0x4
AA8     0x37       ld 0x0
AA9     0x00 0xB2  lbl 0xB2  
AAB     0x3F       ex 0x0
AAC     0x94       t 0x14
AAD     0x00 0x00  lbl 0x00  
AAF     0x00 0x00  lbl 0x00  
AB1     0x00 0x00  lbl 0x00  
AB3     0x00 0x00  lbl 0x00  
AB5     0x00 0x77  lbl 0x77  
AB7     0x78       ldi 0x7
AB8     0x5C 0xC1  tl 0xCC1
ABA     0x52 0x9F  tl 0x29F
ABC     0x5A 0x3B  tl 0xA3B
ABE     0x00 0x00  lbl 0x00  
AC0     0xCB       lb 0x4
AC1     0x02 0x53  tml 0x253
AC3     0x01 0x14  tml 0x114
AC5     0xCB       lb 0x4
AC6     0xE5       tm 0x25
AC7     0xFC       tm 0x3C
AC8     0x02 0xA2  tml 0x2A2
ACA     0xBB       t 0x3B
ACB     0xCE       lb 0x1
ACC     0xFA       tm 0x3A
ACD     0xAF       t 0x2F
ACE     0x78       ldi 0x7
ACF     0xD7       tm 0x17
AD0     0x97       t 0x17
AD1     0x00 0x00  lbl 0x00  
AD3     0x00 0x00  lbl 0x00  
AD5     0x00 0x00  lbl 0x00  
AD7     0x7B       ldi 0x4
AD8     0xD7       tm 0x17
AD9     0x9B       t 0x1B
ADA     0xB6       t 0x36
ADB     0x00 0x00  lbl 0x00  
ADD     0x00 0x00  lbl 0x00  
ADF     0x00 0x00  lbl 0x00  
AE1     0x00 0x00  lbl 0x00  
AE3     0x00 0x00  lbl 0x00  
AE5     0x00 0x00  lbl 0x00  
AE7     0x00 0x00  lbl 0x00  
AE9     0x00 0x00  lbl 0x00  
AEB     0x00 0x00  lbl 0x00  
AED     0x00 0x00  lbl 0x00  
AEF     0xFC       tm 0x3C
AF0     0xE6       tm 0x26
AF1     0x01 0xC0  tml 0x1C0
AF3     0xC1       lb 0xE
AF4     0xEC       tm 0x2C
AF5     0xB9       t 0x39
AF6     0xDD       tm 0x1D
AF7     0xFC       tm 0x3C
AF8     0xE5       tm 0x25
AF9     0x5C 0xEB  tl 0xCEB
AFB     0x00 0x00  lbl 0x00  
AFD     0x00 0x00  lbl 0x00  
AFF     0x00 0xC3  lbl 0xC3  
B01     0xF9       tm 0x39
B02     0x84       t 0x4
B03     0x8A       t 0xA
B04     0x00 0x00  lbl 0x00  
B06     0x00 0x00  lbl 0x00  
B08     0x00 0x00  lbl 0x00  
B0A     0xCC       lb 0x3
B0B     0xFB       tm 0x3B
B0C     0xB3       t 0x33
B0D     0xD4       tm 0x14
B0E     0xD9       tm 0x19
B0F     0xC0       lb 0xF
B10     0xF9       tm 0x39
B11     0xAA       t 0x2A
B12     0xF7       tm 0x37
B13     0x99       t 0x19
B14     0x00 0xC5  lbl 0xC5  
B16     0xEA       tm 0x2A
B17     0xF9       tm 0x39
B18     0xA4       t 0x24
B19     0x00 0xFF  lbl 0xFF  
B1C     0xFA       tm 0x3A
B1D     0xA0       t 0x20
B1E     0x02 0x40  tml 0x240
B20     0x02 0x12  tml 0x212
B22     0x58 0xA2  tl 0x8A2
B24     0xC0       lb 0xF
B25     0xD4       tm 0x14
B26     0xA8       t 0x28
B27     0xDE       tm 0x1E
B28     0x00 0x00  lbl 0x00  
B2A     0x00 0x00  lbl 0x00  
B2C     0x00 0xC0  lbl 0xC0  
B2E     0xF7       tm 0x37
B2F     0x99       t 0x19
B30     0xF8       tm 0x38
B31     0xA7       t 0x27
B32     0x9A       t 0x1A
B33     0xCC       lb 0x3
B34     0x74       ldi 0xB
B35     0x3F       ex 0x0
B36     0x50 0x29  tl 0x029
B38     0xE3       tm 0x23
B39     0xDC       tm 0x1C
B3A     0x03 0xAA  tml 0x3AA
B3C     0xE4       tm 0x24
B3D     0xDC       tm 0x1C
B3E     0x05       rtn
B3F     0x00 0x00  lbl 0x00  
B41     0xEC       tm 0x2C
B42     0x79       ldi 0x6
B43     0x0B       ad
B44     0x1B       lxa
B45     0x10       lbmx
B46     0x71       ldi 0xE
B47     0xE3       tm 0x23
B48     0x01 0x28  tml 0x128
B4A     0x71       ldi 0xE
B4B     0x70       ldi 0xF
B4C     0x1C       iol 0x2D  
B4E     0x26       rf1
B50     0xFA       tm 0x3A
B51     0xAC       t 0x2C
B52     0x00 0xE3  lbl 0xE3  
B54     0x1B       lxa
B55     0xF7       tm 0x37
B56     0xDB       tm 0x1B
B57     0xF8       tm 0x38
B58     0xDB       tm 0x1B
B59     0xF9       tm 0x39
B5A     0xDB       tm 0x1B
B5B     0xFA       tm 0x3A
B5C     0xDB       tm 0x1B
B5D     0x12       lax
B5E     0x61       adi 0xE
B5F     0xA8       t 0x28
B60     0x00 0x00  lbl 0x00  
B62     0x01 0x40  tml 0x140
B64     0x01 0x40  tml 0x140
B66     0x55 0x00  tl 0x500
B68     0xFB       tm 0x3B
B69     0xBE       t 0x3E
B6A     0x5E 0x00  tl 0xE00
B6C     0xEA       tm 0x2A
B6D     0xC4       lb 0xB
B6E     0xE9       tm 0x29
B6F     0x03 0xA2  tml 0x3A2
B71     0xEC       tm 0x2C
B72     0x00 0xDF  lbl 0xDF  
B74     0xFA       tm 0x3A
B75     0xBB       t 0x3B
B76     0xF6       tm 0x36
B77     0x02 0x77  tml 0x277
B79     0x00 0x00  lbl 0x00  
B7B     0x22       sf1
B7C     0x7F       ldi 0x0
B7D     0x92       t 0x12
B7E     0x5F 0x80  tl 0xF80
B80     0x00 0x00  lbl 0x00  
B82     0x00 0x00  lbl 0x00  
B84     0x00 0x00  lbl 0x00  
B86     0x00 0x00  lbl 0x00  
B88     0x00 0x00  lbl 0x00  
B8A     0x00 0x00  lbl 0x00  
B8C     0x00 0x00  lbl 0x00  
B8E     0x00 0x00  lbl 0x00  
B90     0x00 0x00  lbl 0x00  
B92     0x00 0x00  lbl 0x00  
B94     0x00 0x00  lbl 0x00  
B96     0x00 0x00  lbl 0x00  
B98     0x00 0x00  lbl 0x00  
B9A     0x00 0x00  lbl 0x00  
B9C     0x00 0x00  lbl 0x00  
B9E     0x00 0x00  lbl 0x00  
BA0     0x00 0x00  lbl 0x00  
BA2     0x00 0x00  lbl 0x00  
BA4     0x00 0x00  lbl 0x00  
BA6     0x00 0x00  lbl 0x00  
BA8     0x00 0x00  lbl 0x00  
BAA     0x00 0x00  lbl 0x00  
BAC     0x00 0x00  lbl 0x00  
BAE     0x00 0x00  lbl 0x00  
BB0     0x00 0x00  lbl 0x00  
BB2     0x00 0x00  lbl 0x00  
BB4     0x00 0x7F  lbl 0x7F  
BB6     0xD3       tm 0x13
BB7     0xE1       tm 0x21
BB8     0xD8       tm 0x18
BB9     0xCF       lb 0x0
BBA     0xFD       tm 0x3D
BBB     0xCC       lb 0x3
BBC     0x01 0xC8  tml 0x1C8
BBE     0x50 0x29  tl 0x029
BC0     0x00 0x00  lbl 0x00  
BC2     0x00 0x00  lbl 0x00  
BC4     0x00 0x00  lbl 0x00  
BC6     0x00 0x00  lbl 0x00  
BC8     0x00 0x00  lbl 0x00  
BCA     0x00 0x00  lbl 0x00  
BCC     0x00 0x00  lbl 0x00  
BCE     0x00 0x00  lbl 0x00  
BD0     0x00 0x00  lbl 0x00  
BD2     0x00 0x00  lbl 0x00  
BD4     0x00 0x00  lbl 0x00  
BD6     0x00 0x00  lbl 0x00  
BD8     0x00 0x00  lbl 0x00  
BDA     0x00 0x00  lbl 0x00  
BDC     0x00 0x00  lbl 0x00  
BDE     0x00 0x00  lbl 0x00  
BE0     0x00 0x00  lbl 0x00  
BE2     0x00 0x00  lbl 0x00  
BE4     0x00 0x00  lbl 0x00  
BE6     0x00 0x00  lbl 0x00  
BE8     0x00 0x00  lbl 0x00  
BEA     0x00 0x00  lbl 0x00  
BEC     0x00 0x00  lbl 0x00  
BEE     0x00 0x00  lbl 0x00  
BF0     0x00 0x00  lbl 0x00  
BF2     0x00 0x00  lbl 0x00  
BF4     0x00 0x00  lbl 0x00  
BF6     0x00 0x00  lbl 0x00  
BF8     0x00 0x00  lbl 0x00  
BFA     0x00 0x00  lbl 0x00  
BFC     0x00 0x00  lbl 0x00  
BFE     0x00 0x00  lbl 0x00  
C00     0x00 0x00  lbl 0x00  
C02     0x00 0x00  lbl 0x00  
C04     0x00 0x00  lbl 0x00  
C06     0x00 0x00  lbl 0x00  
C08     0x00 0x00  lbl 0x00  
C0A     0x00 0x00  lbl 0x00  
C0C     0x00 0x00  lbl 0x00  
C0E     0x00 0x00  lbl 0x00  
C10     0x00 0x00  lbl 0x00  
C12     0x00 0x00  lbl 0x00  
C14     0x00 0x00  lbl 0x00  
C16     0x00 0x00  lbl 0x00  
C18     0x00 0x00  lbl 0x00  
C1A     0x00 0x00  lbl 0x00  
C1C     0x00 0x00  lbl 0x00  
C1E     0x00 0x00  lbl 0x00  
C20     0x00 0x00  lbl 0x00  
C22     0x00 0x00  lbl 0x00  
C24     0x00 0x00  lbl 0x00  
C26     0x00 0x00  lbl 0x00  
C28     0x00 0x00  lbl 0x00  
C2A     0x00 0x00  lbl 0x00  
C2C     0x00 0x00  lbl 0x00  
C2E     0x00 0x00  lbl 0x00  
C30     0x00 0x00  lbl 0x00  
C32     0x00 0x00  lbl 0x00  
C34     0x00 0x00  lbl 0x00  
C36     0x00 0x00  lbl 0x00  
C38     0x00 0x00  lbl 0x00  
C3A     0x00 0x00  lbl 0x00  
C3C     0x00 0x00  lbl 0x00  
C3E     0x00 0x00  lbl 0x00  
C40     0x01 0xF4  tml 0x1F4
C42     0x02 0x5B  tml 0x25B
C44     0x01 0xC0  tml 0x1C0
C46     0x14       skf2
C47     0x91       t 0x11
C48     0xC1       lb 0xE
C49     0xEC       tm 0x2C
C4A     0x77       ldi 0x8
C4B     0x40       skbi 0
C4C     0xD9       tm 0x19
C4E     0xEC       tm 0x2C
C4F     0x55 0x03  tl 0x503
C51     0x00 0x00  lbl 0x00  
C53     0x00 0x00  lbl 0x00  
C55     0x00 0x00  lbl 0x00  
C57     0x00 0x00  lbl 0x00  
C59     0xCB       lb 0x4
C5A     0xFD       tm 0x3D
C5B     0x7B       ldi 0x4
C5C     0x1B       lxa
C5D     0x00 0xDD  lbl 0xDD  
C5F     0xFD       tm 0x3D
C60     0xDB       tm 0x1B
C61     0x10       lbmx
C62     0x12       lax
C63     0x1E       skz
C64     0x9F       t 0x1F
C65     0xCB       lb 0x4
C66     0x7E       ldi 0x1
C67     0x0B       ad
C68     0x3F       ex 0x0
C69     0x78       ldi 0x7
C6A     0xD6       tm 0x16
C6B     0xAD       t 0x2D
C6C     0x05       rtn
C6D     0x37       ld 0x0
C6E     0x04       lbua
C6F     0x10       lbmx
C70     0x70       ldi 0xF
C71     0x19       xabl
C72     0x9F       t 0x1F
C73     0x00 0x00  lbl 0x00  
C75     0x00 0x00  lbl 0x00  
C77     0x00 0x00  lbl 0x00  
C79     0x00 0x00  lbl 0x00  
C7B     0x00 0x00  lbl 0x00  
C7D     0x00 0x00  lbl 0x00  
C7F     0x00 0x77  lbl 0x77  
C81     0xD2       tm 0x12
C82     0x7E       ldi 0x1
C83     0xD3       tm 0x13
C84     0xE1       tm 0x21
C85     0xD8       tm 0x18
C86     0x02 0x77  tml 0x277
C88     0x55 0x08  tl 0x508
C8B     0xF6       tm 0x36
C8C     0x52 0x96  tl 0x296
C8E     0x00 0x00  lbl 0x00  
C90     0x00 0x00  lbl 0x00  
C92     0x00 0x00  lbl 0x00  
C94     0x00 0x00  lbl 0x00  
C96     0x00 0x00  lbl 0x00  
C98     0x00 0x00  lbl 0x00  
C9A     0x00 0x00  lbl 0x00  
C9C     0x00 0x00  lbl 0x00  
C9E     0x00 0x00  lbl 0x00  
CA0     0x00 0x2F  lbl 0x2F  
CA2     0x7A       ldi 0x5
CA3     0xD1       tm 0x11
CA4     0x76       ldi 0x9
CA5     0xD2       tm 0x12
CA6     0xE1       tm 0x21
CA7     0xCE       lb 0x1
CA8     0xFB       tm 0x3B
CA9     0xAF       t 0x2F
CAA     0xD4       tm 0x14
CAB     0xD9       tm 0x19
CAC     0xDE       tm 0x1E
CAD     0x55 0x03  tl 0x503
CAF     0x2F       exd 0x0
CB0     0x01 0x88  tml 0x188
CB2     0xC9       lb 0x6
CB3     0x77       ldi 0x8
CB4     0xD2       tm 0x12
CB5     0x7A       ldi 0x5
CB6     0xD3       tm 0x13
CB7     0xE1       tm 0x21
CB8     0x00 0xB1  lbl 0xB1  
CBA     0x37       ld 0x0
CBB     0x0E       comp
CBC     0x3F       ex 0x0
CBD     0xD8       tm 0x18
CBE     0x55 0x0C  tl 0x50C
CC0     0xE0       tm 0x20
CC1     0xD3       tm 0x13
CC2     0x7B       ldi 0x4
CC3     0xD2       tm 0x12
CC4     0xCD       lb 0x2
CC5     0xF7       tm 0x37
CC6     0x8D       t 0xD
CC7     0xF3       tm 0x33
CC8     0x01 0x00  tml 0x100
CCA     0xD8       tm 0x18
CCB     0x50 0x29  tl 0x029
CCD     0x00 0xCE  lbl 0xCE  
CCF     0x37       ld 0x0
CD0     0x1E       skz
CD1     0xB2       t 0x32
CD2     0x17       incb
CD3     0x37       ld 0x0
CD4     0x1E       skz
CD5     0xB4       t 0x34
CD6     0xDE       tm 0x1E
CD7     0xE0       tm 0x20
CD8     0xC8       lb 0x7
CD9     0x7D       ldi 0x2
CDA     0x0B       ad
CDB     0x0E       comp
CDC     0x19       xabl
CDD     0xF3       tm 0x33
CDE     0x00 0xA8  lbl 0xA8  
CE0     0xE8       tm 0x28
CE1     0xE0       tm 0x20
CE2     0x00 0xCF  lbl 0xCF  
CE4     0x37       ld 0x0
CE5     0x61       adi 0xE
CE6     0xA8       t 0x28
CE7     0x80       t 0x0
CE8     0x02 0x75  tml 0x275
CEA     0xDE       tm 0x1E
CEB     0xD9       tm 0x19
CEC     0x55 0x03  tl 0x503
CEE     0x7D       ldi 0x2
CEF     0x2F       exd 0x0
CF0     0x7C       ldi 0x3
CF1     0x3F       ex 0x0
CF2     0xE0       tm 0x20
CF3     0x00 0x5A  lbl 0x5A  
CF5     0x57 0x02  tl 0x702
CF7     0x51 0xFE  tl 0x1FE
CF9     0xCB       lb 0x4
CFA     0x2F       exd 0x0
CFB     0x1B       lxa
CFC     0x37       ld 0x0
CFD     0x5D 0x5B  tl 0xD5B
CFF     0x62       adi 0xD
D00     0x00 0xDF  lbl 0xDF  
D02     0xE9       tm 0x29
D04     0xFA       tm 0x3A
D05     0x96       t 0x16
D06     0xC8       lb 0x7
D07     0xFD       tm 0x3D
D08     0x7A       ldi 0x5
D09     0xD3       tm 0x13
D0A     0xC4       lb 0xB
D0B     0xFA       tm 0x3A
D0C     0xA6       t 0x26
D0D     0xF9       tm 0x39
D0E     0xA3       t 0x23
D10     0xED       tm 0x2D
D11     0xC1       lb 0xE
D12     0xF8       tm 0x38
D13     0xFB       tm 0x3B
D14     0x97       t 0x17
D15     0x17       incb
D16     0x93       t 0x13
D17     0x11       labl
D18     0x63       adi 0xC
D19     0xA0       t 0x20
D1A     0xC0       lb 0xF
D1B     0x77       ldi 0x8
D1C     0x3F       ex 0x0
D1D     0x17       incb
D1E     0xEA       tm 0x2A
D1F     0xC1       lb 0xE
D20     0xC8       lb 0x7
D21     0x55 0x08  tl 0x508
D23     0x02 0x86  tml 0x286
D25     0x77       ldi 0x8
D26     0xF0       tm 0x30
D27     0xC6       lb 0x9
D28     0x3F       ex 0x0
D29     0x92       t 0x12
D2A     0xE7       tm 0x27
D2B     0x01 0xEE  tml 0x1EE
D2D     0xCA       lb 0x5
D2E     0x02 0x59  tml 0x259
D30       0x25       rf2
D31     0x22       sf1
D32     0xDA       tm 0x1A
D33     0x7D       ldi 0x2
D34     0xE5       tm 0x25
D35     0xBC       t 0x3C
D36     0x17       incb
D37     0xFB       tm 0x3B
D38     0xBE       t 0x3E
D39     0x21       sf2
D3A     0x5F 0x86  tl 0xF86
D3C     0x5F 0xAD  tl 0xFAD
D3E     0x5F 0x80  tl 0xF80
D40     0x76       ldi 0x9
D41     0xD1       tm 0x11
D42     0xE1       tm 0x21
D43       0x25       rf2
D44     0x89       t 0x9
D45     0x75       ldi 0xA
D46     0xD1       tm 0x11
D47     0xE1       tm 0x21
D48     0x21       sf2
D49     0xCD       lb 0x2
D4A     0xF9       tm 0x39
D4B     0xBE       t 0x3E
D4C     0xCE       lb 0x1
D4D     0xF9       tm 0x39
D4E     0xB8       t 0x38
D4F     0xCC       lb 0x3
D50     0xFB       tm 0x3B
D51     0xB3       t 0x33
D52     0x27       dia
D53     0xDF       tm 0x1F
D54     0xFF       tm 0x3F
D55     0x01 0x88  tml 0x188
D57     0x00 0x00  lbl 0x00  
D59     0x00 0xB2  lbl 0xB2  
D5B     0x7B       ldi 0x4
D5C     0x2F       exd 0x0
D5D     0x7E       ldi 0x1
D5E     0x3F       ex 0x0
D5F     0x00 0x91  lbl 0x91  
D61     0xE9       tm 0x29
D62     0x03 0x0E  tml 0x30E
D64     0x00 0x91  lbl 0x91  
D66     0xFB       tm 0x3B
D67     0xB6       t 0x36
D68     0xCB       lb 0x4
D69     0xEA       tm 0x2A
D6A     0x03 0xB6  tml 0x3B6
D6C     0xE6       tm 0x26
D6D     0x01 0x97  tml 0x197
D6F     0x03 0x02  tml 0x302
D71     0x73       ldi 0xC
D72     0x02 0x14  tml 0x214
D74     0x71       ldi 0xE
D75     0x72       ldi 0xD
D76     0x3F       ex 0x0
D77     0xBC       t 0x3C
D78     0x7D       ldi 0x2
D79     0x0B       ad
D7A     0x0E       comp
D7B     0x19       xabl
D7C     0x50 0x29  tl 0x029
D7E     0x5D 0x80  tl 0xD80
D80     0x1F       decb
D81     0x83       t 0x3
D82     0x89       t 0x9
D83     0xCB       lb 0x4
D84     0xF7       tm 0x37
D85     0x89       t 0x9
D86     0xF3       tm 0x33
D87     0x5D 0x6A  tl 0xD6A
D89     0x00 0xB1  lbl 0xB1  
D8B     0xE9       tm 0x29
D8C     0xCB       lb 0x4
D8D     0x2F       exd 0x0
D8E     0x12       lax
D8F     0x2F       exd 0x0
D90     0x76       ldi 0x9
D91     0x3F       ex 0x0
D92     0x02 0x51  tml 0x251
D94     0xE0       tm 0x20
D95     0x02 0xB7  tml 0x2B7
D97     0x00 0xE8  lbl 0xE8  
D99     0xE8       tm 0x28
D9A     0x00 0xA0  lbl 0xA0  
D9C     0x72       ldi 0xD
D9D     0x2F       exd 0x0
D9E     0xFD       tm 0x3D
D9F     0x00 0xCF  lbl 0xCF  
DA1     0x31       ld 0x6
DA2     0x3F       ex 0x0
DA3     0xDF       tm 0x1F
DA4     0xC8       lb 0x7
DA5     0x7D       ldi 0x2
DA6     0x0B       ad
DA7     0x0E       comp
DA8     0x19       xabl
DA9     0xF3       tm 0x33
DAA     0x00 0xCF  lbl 0xCF  
DAC     0x37       ld 0x0
DAD     0x61       adi 0xE
DAE     0xB6       t 0x36
DAF     0x6E       adi 0x1
DB0     0x3F       ex 0x0
DB1     0x00 0xA8  lbl 0xA8  
DB3     0xE8       tm 0x28
DB4     0xE0       tm 0x20
DB5     0x9A       t 0x1A
DB6     0x01 0x88  tml 0x188
DB8     0xE0       tm 0x20
DB9     0x01 0x88  tml 0x188
DBB     0x7F       ldi 0x0
DBC     0xDE       tm 0x1E
DBD     0x5D 0xC0  tl 0xDC0
DBF     0xC5       lb 0xA
DC0     0xE0       tm 0x20
DC1     0xE0       tm 0x20
DC2     0xDE       tm 0x1E
DC3     0x5D 0x00  tl 0xD00
DC5     0xCE       lb 0x1
DC6     0x7D       ldi 0x2
DC7     0x0B       ad
DC8     0x0E       comp
DC9     0xC8       lb 0x7
DCA     0x19       xabl
DCB     0xF3       tm 0x33
DCC     0xE0       tm 0x20
DCD     0xCB       lb 0x4
DCE     0xFB       tm 0x3B
DCF     0x92       t 0x12
DD0     0x5D 0x0D  tl 0xD0D
DD2     0x00 0x00  lbl 0x00  
DD4     0x00 0x00  lbl 0x00  
DD6     0x00 0x00  lbl 0x00  
DD8     0x00 0x00  lbl 0x00  
DDA     0x00 0x00  lbl 0x00  
DDC     0x00 0x00  lbl 0x00  
DDE     0x00 0x00  lbl 0x00  
DE0     0x77       ldi 0x8
DE1     0xD2       tm 0x12
DE2     0x78       ldi 0x7
DE3     0xD3       tm 0x13
DE4     0xE1       tm 0x21
DE5     0xCF       lb 0x0
DE6     0x79       ldi 0x6
DE7     0x2F       exd 0x0
DE8     0xFD       tm 0x3D
DE9     0xCC       lb 0x3
DEA     0x70       ldi 0xF
DEB     0x3F       ex 0x0
DEC     0xC3       lb 0xC
DED     0xED       tm 0x2D
DEE     0x50 0x29  tl 0x029
DF0     0x00 0xF4  lbl 0xF4  
DF2     0x75       ldi 0xA
DF3     0x2F       exd 0x0
DF4     0xB2       t 0x32
DF5     0xB9       t 0x39
DF6     0x00 0x22  lbl 0x22  
DF8     0x21       sf2
DF9     0x50 0x40  tl 0x040
DFB     0xC5       lb 0xA
DFC     0x70       ldi 0xF
DFD     0x2F       exd 0x0
DFE     0xBC       t 0x3C
DFF     0xB7       t 0x37
E00     0xDD       tm 0x1D
E01     0x03 0xAA  tml 0x3AA
E03     0xE5       tm 0x25
E04     0x00 0xC7  lbl 0xC7  
E06     0xF8       tm 0x38
E07     0x93       t 0x13
E08     0xF9       tm 0x39
E09     0x93       t 0x13
E0A     0x1F       decb
E0B     0x7C       ldi 0x3
E0C     0xD6       tm 0x16
E0D     0x8F       t 0xF
E0E     0x98       t 0x18
E0F     0x97       t 0x17
E10     0xCA       lb 0x5
E11     0xFD       tm 0x3D
E12     0x9A       t 0x1A
E13     0xCE       lb 0x1
E14     0xF9       tm 0x39
E15     0xA2       t 0x22
E16     0x8D       t 0xD
E17     0xA0       t 0x20
E18     0x00 0xB0  lbl 0xB0  
E1A     0xE6       tm 0x26
E1B     0x37       ld 0x0
E1C     0x6D       adi 0x2
E1D     0x0E       comp
E1E     0xD0       tm 0x10
E1F     0x7F       ldi 0x0
E20     0x1B       lxa
E21     0x12       lax
E22     0x19       xabl
E23     0x13       sag
E24     0x37       ld 0x0
E25     0x1E       skz
E26     0xB7       t 0x37
E27     0x4D       skbi 13
E28     0xAA       t 0x2A
E29     0xB7       t 0x37
E2A     0x00 0xD9  lbl 0xD9  
E2C     0x12       lax
E2D     0xD7       tm 0x17
E2E     0xB0       t 0x30
E2F     0xB7       t 0x37
E30     0x12       lax
E31     0x19       xabl
E32     0x70       ldi 0xF
E33     0x13       sag
E34     0x3F       ex 0x0
E35     0xDB       tm 0x1B
E36     0xA1       t 0x21
E37     0xC8       lb 0x7
E38     0x12       lax
E39     0x2F       exd 0x0
E3A     0xB8       t 0x38
E3B     0x00 0xF1  lbl 0xF1  
E3D     0x58 0xC0  tl 0x8C0
E3F     0x00 0x00  lbl 0x00  
E41     0x83       t 0x3
E42     0x12       lax
E43     0x60       adi 0xF
E44     0x1C       iol 0x2A  
E46     0x3F       ex 0x0
E47     0x1C       iol 0x1D  
E49     0xC6       lb 0x9
E4A     0x0B       ad
E4B     0x1C       iol 0x7E  
E4D     0x01 0xAE  tml 0x1AE
E4F     0x60       adi 0xF
E50     0xE9       tm 0x29
E51     0x1B       lxa
E52     0x19       xabl
E53     0x00 0x00  lbl 0x00  
E55     0x00 0x00  lbl 0x00  
E57     0x00 0x00  lbl 0x00  
E59     0x00 0x16  lbl 0x16  
E5B     0xB2       t 0x32
E5C     0x01 0x56  tml 0x156
E5E     0x26       rf1
E5F     0x7E       ldi 0x1
E60     0x1E       skz
E61     0xAC       t 0x2C
E62     0x1C       iol 0x39  
E64     0x61       adi 0xE
E65     0x00 0xE3  lbl 0xE3  
E67     0x37       ld 0x0
E68     0x1E       skz
E69     0xB6       t 0x36
E6A     0x7E       ldi 0x1
E6B     0x1C       iol 0x1D  
E6D     0xC5       lb 0xA
E6E     0x12       lax
E6F     0x60       adi 0xF
E70     0x1B       lxa
E71     0x1B       lxa
E72     0x19       xabl
E73     0x58 0xE9  tl 0x8E9
E75     0x00 0x7E  lbl 0x7E  
E77     0x1C       iol 0x1D  
E79     0x03 0xAA  tml 0x3AA
E7B     0xE6       tm 0x26
E7C     0x01 0xC0  tml 0x1C0
E7E     0x5B 0x4E  tl 0xB4E
E80     0x77       ldi 0x8
E81     0xDC       tm 0x1C
E82     0x00 0x00  lbl 0x00  
E84     0x00 0x00  lbl 0x00  
E86     0xCF       lb 0x0
E87     0xFD       tm 0x3D
E88     0xCD       lb 0x2
E89     0xF6       tm 0x36
E8A     0x5F 0x78  tl 0xF78
E8C     0x77       ldi 0x8
E8D     0xD2       tm 0x12
E8E     0x77       ldi 0x8
E8F     0xD3       tm 0x13
E90     0xE1       tm 0x21
E91     0x03 0xA6  tml 0x3A6
E93     0xE6       tm 0x26
E94     0xCA       lb 0x5
E95     0xE5       tm 0x25
E96     0x03 0xA0  tml 0x3A0
E98     0x7F       ldi 0x0
E99     0xE3       tm 0x23
E9A     0x7F       ldi 0x0
E9B     0x1F       decb
E9C     0xE3       tm 0x23
E9D     0x7F       ldi 0x0
E9E     0x1F       decb
E9F     0xE3       tm 0x23
EA0     0xCA       lb 0x5
EA1     0x01 0x28  tml 0x128
EA3     0xA6       t 0x26
EA4     0xC3       lb 0xC
EA5     0xF6       tm 0x36
EA6     0x55 0x0E  tl 0x50E
EA8     0x00 0xC7  lbl 0xC7  
EAA     0xF8       tm 0x38
EAB     0xAF       t 0x2F
EAC     0xF9       tm 0x39
EAD     0xBE       t 0x3E
EAE     0x05       rtn
EAF     0x00 0x00  lbl 0x00  
EB1     0x00 0x03  lbl 0x03  
EB3     0xB6       t 0x36
EB4     0xE4       tm 0x24
EB5     0x00 0x00  lbl 0x00  
EB7     0x00 0x00  lbl 0x00  
EB9     0xC5       lb 0xA
EBA     0xF6       tm 0x36
EBB     0x75       ldi 0xA
EBC     0xD0       tm 0x10
EBD     0xAE       t 0x2E
EBE     0x00 0x00  lbl 0x00  
EC0     0xCC       lb 0x3
EC1     0xFB       tm 0x3B
EC2     0x94       t 0x14
EC3     0x00 0xC7  lbl 0xC7  
EC5     0xF8       tm 0x38
EC6     0xB2       t 0x32
EC7     0xF9       tm 0x39
EC8     0xB2       t 0x32
EC9     0xCF       lb 0x0
ECA     0xF7       tm 0x37
ECB     0xB2       t 0x32
ECC     0xD8       tm 0x18
ECD     0xC1       lb 0xE
ECE     0xF8       tm 0x38
ECF     0x9C       t 0x1C
ED0     0x02 0x06  tml 0x206
ED2     0x59 0xF4  tl 0x9F4
ED4     0x12       lax
ED5     0x58 0xAB  tl 0x8AB
ED7     0x00 0x00  lbl 0x00  
ED9     0x00 0x00  lbl 0x00  
EDB     0x00 0x7F  lbl 0x7F  
EDD     0xD1       tm 0x11
EDE     0xC3       lb 0xC
EDF     0x37       ld 0x0
EE0     0xE1       tm 0x21
EE1     0x21       sf2
EE2     0x01 0x07  tml 0x107
EE4     0x02 0x5B  tml 0x25B
EE6     0x01 0xB7  tml 0x1B7
EE8     0x03 0x10  tml 0x310
EEA     0x01 0x07  tml 0x107
EEC     0x02 0x5B  tml 0x25B
EEE     0x01 0xB7  tml 0x1B7
EF0     0xD9       tm 0x19
EF1     0x55 0x03  tl 0x503
EF3     0x7E       ldi 0x1
EF4     0xD1       tm 0x11
EF5     0xC3       lb 0xC
EF6     0xF4       tm 0x34
EF7     0xA0       t 0x20
EF8     0xD4       tm 0x14
EF9     0xD9       tm 0x19
EFA     0x02 0x8C  tml 0x28C
EFC     0x02 0x12  tml 0x212
EFE     0x58 0xAB  tl 0x8AB
F00     0x22       sf1
F01     0x16       skf1
F02     0x26       rf1
F03     0x01 0x3A  tml 0x13A
F05     0xCA       lb 0x5
F06     0x02 0x59  tml 0x259
F08       0x25       rf2
F09     0x16       skf1
F0A     0xAE       t 0x2E
F0B     0x00 0x00  lbl 0x00  
F0D     0x00 0x00  lbl 0x00  
F0F     0x00 0xC0  lbl 0xC0  
F11     0xE9       tm 0x29
F12     0x01 0xB9  tml 0x1B9
F14     0xC1       lb 0xE
F15     0xF9       tm 0x39
F16     0xA0       t 0x20
F17     0x00 0xCB  lbl 0xCB  
F19     0x70       ldi 0xF
F1A     0x2F       exd 0x0
F1B     0x70       ldi 0xF
F1C     0x2F       exd 0x0
F1D     0x70       ldi 0xF
F1E     0x3F       ex 0x0
F1F     0xFC       tm 0x3C
F20     0x13       sag
F21     0x37       ld 0x0
F22     0x16       skf1
F23     0xBC       t 0x3C
F24     0xE3       tm 0x23
F25     0x13       sag
F26     0x3F       ex 0x0
F27     0x70       ldi 0xF
F28     0xCB       lb 0x4
F29     0x2F       exd 0x0
F2A     0x02 0x5F  tml 0x25F
F2C     0x5F 0x47  tl 0xF47
F2E     0x00 0xBE  lbl 0xBE  
F30     0x7F       ldi 0x0
F31     0x2F       exd 0x0
F32     0x7F       ldi 0x0
F33     0x3F       ex 0x0
F34     0x01 0xB9  tml 0x1B9
F36     0x00 0xAD  lbl 0xAD  
F38     0x31       ld 0x6
F39     0x29       exd 0x6
F3A     0xB8       t 0x38
F3B     0x9F       t 0x1F
F3C     0x01 0xFC  tml 0x1FC
F3E     0x5F 0x40  tl 0xF40
F40     0x7A       ldi 0x5
F41     0xD2       tm 0x12
F42     0x7E       ldi 0x1
F43     0xD3       tm 0x13
F44     0xE1       tm 0x21
F45     0xD8       tm 0x18
F46     0xCF       lb 0x0
F47     0xF5       tm 0x35
F48     0xCC       lb 0x3
F49     0xFB       tm 0x3B
F4A     0x93       t 0x13
F4B     0xCF       lb 0x0
F4C     0xFD       tm 0x3D
F4D     0xCF       lb 0x0
F4E     0xF5       tm 0x35
F50     0xF4       tm 0x34
F51     0x55 0x10  tl 0x510
F53     0xCD       lb 0x2
F54     0xE9       tm 0x29
F55     0x50 0x29  tl 0x029
F57     0xBE       t 0x3E
F58     0x7E       ldi 0x1
F59     0xD5       tm 0x15
F5A     0x00 0xBE  lbl 0xBE  
F5C     0x01 0x6F  tml 0x16F
F5E     0xE5       tm 0x25
F5F     0xFE       tm 0x3E
F60     0x00 0xA0  lbl 0xA0  
F62     0xFD       tm 0x3D
F63     0x01 0x3A  tml 0x13A
F65     0x52 0x96  tl 0x296
F67     0x21       sf2
F68     0x30       ld 0x7
F69     0xAC       t 0x2C
F6A     0x5F 0x18  tl 0xF18
F6C     0x5F 0x36  tl 0xF36
F6E     0x5F 0x1F  tl 0xF1F
F70     0xCF       lb 0x0
F71     0xF9       tm 0x39
F72     0xBA       t 0x3A
F73     0x34       ld 0x3
F74     0x2C       exd 0x3
F75     0xB3       t 0x33
F76     0x58 0xAB  tl 0x8AB
F78     0x5F 0xD6  tl 0xFD6
F7A     0x02 0x83  tml 0x283
F7C     0xB8       t 0x38
F7D     0x00 0x00  lbl 0x00  
F7F     0x00 0x00  lbl 0x00  
F81     0xE2       tm 0x22
F82     0xFB       tm 0x3B
F83     0x8B       t 0xB
F84     0x1F       decb
F85     0xF9       tm 0x39
F86     0x94       t 0x14
F87     0x16       skf1
F88     0xA8       t 0x28
F89     0x01 0xAC  tml 0x1AC
F8B     0x70       ldi 0xF
F8C     0xD7       tm 0x17
F8D     0x87       t 0x7
F8E     0x93       t 0x13
F8F     0x7E       ldi 0x1
F90     0xD7       tm 0x17
F91     0xE7       tm 0x27
F92     0x05       rtn
F93     0x5D 0xC3  tl 0xDC3
F95     0xEA       tm 0x2A
F96     0xD8       tm 0x18
F97     0x00 0xE2  lbl 0xE2  
F99     0x34       ld 0x3
F9A     0x1F       decb
F9B     0x3C       ex 0x3
F9C     0x34       ld 0x3
F9D     0x1F       decb
F9E     0x3F       ex 0x0
F9F     0xC4       lb 0xB
FA0     0xF7       tm 0x37
FA1     0xA6       t 0x26
FA2     0xA8       t 0x28
FA3     0x1F       decb
FA4     0xD7       tm 0x17
FA5     0x85       t 0x5
FA6     0x50 0x17  tl 0x017
FA8     0x00 0xE3  lbl 0xE3  
FAA     0x7D       ldi 0x2
FAB     0xD7       tm 0x17
FAC     0xB2       t 0x32
FAD     0x77       ldi 0x8
FAE     0xD7       tm 0x17
FAF     0xB5       t 0x35
FB0     0x17       incb
FB1     0x73       ldi 0xC
FB2     0xC4       lb 0xB
FB3     0xF9       tm 0x39
FB4     0xBC       t 0x3C
FB5     0x77       ldi 0x8
FB6     0xD7       tm 0x17
FB7     0xB9       t 0x39
FB8     0x17       incb
FB9     0x7E       ldi 0x1
FBA     0x5F 0xC0  tl 0xFC0
FBC     0x02 0x89  tml 0x289
FBE     0x5F 0xE8  tl 0xFE8
FC0     0xD7       tm 0x17
FC1     0x9A       t 0x1A
FC2     0x03 0xA2  tml 0x3A2
FC4     0xF9       tm 0x39
FC5     0xBC       t 0x3C
FC6     0x00 0xE2  lbl 0xE2  
FC8     0x22       sf1
FC9     0x75       ldi 0xA
FCA     0xD6       tm 0x16
FCB     0x8D       t 0xD
FCC     0x98       t 0x18
FCD     0x1F       decb
FCE     0x7E       ldi 0x1
FCF     0xD7       tm 0x17
FD0     0x98       t 0x18
FD1     0xB1       t 0x31
FD2     0x01 0x24  tml 0x124
FD4     0xB8       t 0x38
FD5     0x00 0xC3  lbl 0xC3  
FD7     0xF6       tm 0x36
FD8     0x5F 0x94  tl 0xF94
FDA     0xFD       tm 0x3D
FDB     0x88       t 0x8
FDC     0x72       ldi 0xD
FDD     0xD7       tm 0x17
FDE     0xA4       t 0x24
FDF     0x00 0xB1  lbl 0xB1  
FE1     0xFB       tm 0x3B
FE2     0xB8       t 0x38
FE3     0xB1       t 0x31
FE4     0x74       ldi 0xB
FE5     0xD7       tm 0x17
FE6     0xAB       t 0x2B
FE7     0x01 0x24  tml 0x124
FE9     0xB1       t 0x31
FEA     0x59 0x78  tl 0x978
FEC     0xD7       tm 0x17
FED     0xB8       t 0x38
FEE     0x70       ldi 0xF
FEF     0x19       xabl
FF0     0xE4       tm 0x24
FF1     0xC4       lb 0xB
FF2     0xFA       tm 0x3A
FF3     0xB5       t 0x35
FF4     0x96       t 0x16
FF5     0xCB       lb 0x4
FF6     0x37       ld 0x0
FF7     0xC5       lb 0xA
FF8     0x5A 0x5A  tl 0xA5A
FFA     0xF4       tm 0x34
FFB     0xCF       lb 0x0
FFC     0xF9       tm 0x39
FFD     0x8A       t 0xA
FFE     0x00 0x00  lbl 0x00  
