
0000, labl
0001, ldi 3
0002, dc
0003, tl 9 97
0004, t 3a
0005, t 3a
0006, lbl 11
0007, ldi 3
0008, dc
0009, tl 9 97
000A, t 3a
000B, t 3a
000C, lbl 97
000D, t 3c
000E, tm 27 f0
000F, tm 29 3c
0010, adi 9
0011, t 3b
0012, t 17
0013, t 3c
0014, tm 27 f0
0015, tm 29 3c
0016, adi 9
0017, t 3b
0018, adi 9
0019, ex 3
001A, t 2c
001B, t 00
001C, ex 7
001D, skbi b
001E, ex 1
001F, t 01
0020, adi 9
0021, ex 3
0022, t 2c
0023, t 00
0024, ex 7
0025, skbi b
0026, ex 1
0027, t 01
0028, ldi 6
0029, tm 20 ec
002A, tl 6 ae
002B, tm 1b 01
002C, ldi 1
002D, ldi 6
002E, tm 20 ec
002F, tl 6 ae
0030, tm 1b 01
0031, ldi 1
0032, tl f 7c
0033, tm 22 00
0034, tl f 5a
0035, adi b
0036, tl f 5f
0037, tl f 5f
0038, tm 22 00
0039, tl f 5a
003A, adi b
003B, tl f ad
003C, t 00
003D, ex 7
003E, tl 8 81
003F, tm 14 bd
0040, ex 1
0041, t 2d
0042, t 00
0043, ex 7
0044, tl 8 81
0045, tm 14 bd
0046, ex 1
0047, tm 36 e2
0048, lbl f4
0049, t 17
004A, t 3f
004B, t 17
004C, t 3f
004D, tm 36 e2
004E, lbl f4
004F, t 17
0050, t 3f
0051, t 17
0052, t 3f
0053, t 2e
0054, tm 39 c4
0055, tm 3b e5
0056, adcsk
0057, t 01
0058, tm 32 ae
0059, tm 39 c4
005A, tm 3b e5
005B, adcsk
005C, t 01
005D, tm 32 5e
005E, t 1f
005F, ex 1
0060, t 38
0061, adc
0062, skbi 0
0063, t 2e
0064, tl b 5e
0065, t 1f
0066, ex 1
0067, t 38
0068, adc
0069, skbi 0
006A, t 2e
006B, tl b f5
006C, tl 4 7a
006D, tm 13 0a
006E, tm 21 9f
006F, xabl
0070, tm 35 54
0071, tm 35 54
0072, tm 13 0a
0073, tm 21 9f
0074, xabl
0075, tm 20 51
0076, lb fc
0077, t 1f
0078, t 13
0079, tm 19 fd
007A, tm 20 51
007B, lb fc
007C, t 1f
007D, t 13
007E, tm 19 fd
007F, tm 30 e8
0080, t 3a
0081, lb 92
0082, tm 30 e8
0083, ex 3
0084, tm 30 e8
0085, t 3a
0086, lb 92
0087, tm 30 e8
0088, ex 3
0089, lbl dd
008A, ex 5
008B, ldi 6
008C, tm 22 00
008D, t 14
008E, exd 0
008F, lbl dd
0090, ex 5
0091, ldi 6
0092, tm 22 00
0093, t 14
0094, exd 0
0095, tm 3c e1
0096, tl 7 43
0097, tml 04
0098, t 2a
0099, ldi 6
009A, tm 3c e1
009B, tl 7 43
009C, tml 04
009D, t 2a
009E, ldi 6
009F, t 2a
00A0, tm 36 cb
00A1, ldi 5
00A2, lb 7c
00A3, tm 20 f6
00A4, t 2a
00A5, tm 36 cb
00A6, ldi 5
00A7, lb 7c
00A8, tm 20 f6
00A9, tm 3e 64
00AA, skbi b
00AB, skbi b
00AC, adi 1
00AD, tm 34 ef
00AE, lbl fe
00AF, adi 4
00B0, skbi b
00B1, skbi b
00B2, adi 1
00B3, tm 34 ef
00B4, lbl 20
00B5, exd 5
00B6, t 2b
00B7, exd 5
00B8, exd 0
00B9, exd 5
00BA, lb 78
00BB, sc
00BC, exd 5
00BD, t 2b
00BE, exd 5
00BF, exd 0
00C0, exd 5
00C1, lb 78
00C2, t 1f
00C3, and
00C4, t 17
00C5, and
00C6, tm 2e 00
00C7, t 1b
00C8, t 0f
00C9, t 1f
00CA, and
00CB, t 17
00CC, and
00CD, tm 2e 00
00CE, t 1b
00CF, t 0f
00D0, t 0f
00D1, adi 7
00D2, tl a 0f
00D3, t 1b
00D4, t 0b
00D5, tl 9 0f
00D6, tl 9 0f
00D7, adi 7
00D8, tl a 0f
00D9, t 1b
00DA, t 0b
00DB, tl 9 0f
00DC, tm 39 c6
00DD, tm 3b e6
00DE, adi 9
00DF, t 3d
00E0, tm 29 3c
00E1, tm 39 c6
00E2, tm 3b e6
00E3, adi 9
00E4, t 3d
00E5, tm 29 3c
00E6, tm 30 e9
00E7, ex 5
00E8, adi 9
00E9, t 3b
00EA, t 14
00EB, exd 0
00EC, t 1f
00ED, tm 30 e9
00EE, ex 5
00EF, adi 9
00F0, t 3b
00F1, t 14
00F2, exd 0
00F3, t 1f
00F4, adi 7
00F5, tm 30 69
00F6, ex 3
00F7, tm 28 3d
00F8, t 14
00F9, exd 0
00FA, adi 7
00FB, tm 30 69
00FC, ex 3
00FD, tm 28 3d
00FE, t 14
00FF, exd 0
0100, adi 9
0101, ex 3
0102, t 14
0103, exd 0
0104, tm 3a e1
0105, t 27
0106, tml 69
0107, ex 3
0108, t 14
0109, exd 0
010A, tm 3a e1
010B, t 27
010C, tml bb
010D, tml 6c
010E, tm 30 e9
010F, ex 7
0110, adi 9
0111, t 3b
0112, t 3b
0113, tml 6c
0114, tm 30 e9
0115, ex 7
0116, adi 9
0117, t 3b
0118, t 3b
0119, lbl dd
011A, t 01
011B, adi d
011C, t 2c
011D, tml 65
011E, tml 65
011F, lbl dd
0120, t 01
0121, adi d
0122, t 2c
0123, tml 65
0124, adi 2
0125, t 3e
0126, exd 1
0127, t 1f
0128, t 3a
0129, tm 38 00
012A, lb 62
012B, t 3e
012C, exd 1
012D, t 1f
012E, t 3a
012F, tm 38 00
0130, lb e0
0131, tm 13 7d
0132, tm 26 46
0133, tm 3a e0
0134, t 01
0135, tm 20 d3
0136, tm 20 d3
0137, tm 26 46
0138, tm 3a e0
0139, t 01
013A, lb 0a
013B, adi 0
013C, t 00
013D, t 2d
013E, tml 7a
013F, t 00
0140, lb 0a
0141, adi 0
0142, t 00
0143, t 2d
0144, tml 7a
0145, t 00
0146, tm 3c e2
0147, lbl 60
0148, t 2d
0149, tm 18 ad
014A, cys
014B, tm 3c e2
014C, lbl 60
014D, t 2d
014E, tm 18 ad
014F, cys
0150, t 2d
0151, t 3f
0152, t 2d
0153, tml e8
0154, t 3f
0155, tm 19 7d
0156, t 2d
0157, t 3f
0158, t 2d
0159, tml e8
015A, t 3f
015B, tm 19 7d
015C, tml da
015D, tml da
015E, tm 1d 7c
015F, tm 1c fb
0160, adi 0
0161, tml da
0162, tml da
0163, tm 1d 7c
0164, tm 1c fb
0165, adi 0
0166, tm 26 d5
0167, tm 3c 60
0168, tm 14 7d
0169, tm 20 ec
016A, tm 26 d5
016B, tm 3c 60
016C, tm 14 7d
016D, tm 20 ec
016E, labl
016F, ldi 3
0170, dc
0171, tl 9 97
0172, t 3a
0173, t 3a
0174, lbl 11
0175, ldi 3
0176, dc
0177, tl 9 97
0178, t 3a
0179, t 3a
017A, lbl 97
017B, t 3c
017C, tm 27 f0
017D, tm 29 3c
017E, adi 9
017F, t 3b
0180, t 17
0181, t 3c
0182, tm 27 f0
0183, tm 29 3c
0184, adi 9
0185, t 3b
0186, adi 9
0187, ex 3
0188, t 2c
0189, t 00
018A, ex 7
018B, skbi b
018C, ex 1
018D, t 01
018E, adi 9
018F, ex 3
0190, t 2c
0191, t 00
0192, ex 7
0193, skbi b
0194, ex 1
0195, t 01
0196, ldi 6
0197, tm 20 ec
0198, tl 6 ae
0199, tm 1b 01
019A, ldi 1
019B, ldi 6
019C, tm 20 ec
019D, tl 6 ae
019E, tm 1b 01
019F, ldi 1
01A0, tl f 7c
01A1, tm 22 00
01A2, tl f 5a
01A3, adi b
01A4, tl f 5f
01A5, tl f 5f
01A6, tm 22 00
01A7, tl f 5a
01A8, adi b
01A9, tl f ad
01AA, t 00
01AB, ex 7
01AC, tl 8 81
01AD, tm 14 bd
01AE, ex 1
01AF, t 2d
01B0, t 00
01B1, ex 7
01B2, tl 8 81
01B3, tm 14 bd
01B4, ex 1
01B5, tm 36 e2
01B6, lbl f4
01B7, t 17
01B8, t 3f
01B9, t 17
01BA, t 3f
01BB, tm 36 e2
01BC, lbl f4
01BD, t 17
01BE, t 3f
01BF, t 17
01C0, t 3f
01C1, t 2e
01C2, tm 39 c4
01C3, tm 3b e5
01C4, adcsk
01C5, t 01
01C6, tm 32 ae
01C7, tm 39 c4
01C8, tm 3b e5
01C9, adcsk
01CA, t 01
01CB, tm 32 5e
01CC, t 1f
01CD, ex 1
01CE, t 38
01CF, adc
01D0, skbi 0
01D1, t 2e
01D2, tl b 5e
01D3, t 1f
01D4, ex 1
01D5, t 38
01D6, adc
01D7, skbi 0
01D8, t 2e
01D9, tl b f5
01DA, tl 4 7a
01DB, tm 13 0a
01DC, tm 21 9f
01DD, xabl
01DE, tm 35 54
01DF, tm 35 54
01E0, tm 13 0a
01E1, tm 21 9f
01E2, xabl
01E3, tm 20 51
01E4, lb fc
01E5, t 1f
01E6, t 13
01E7, tm 19 fd
01E8, tm 20 51
01E9, lb fc
01EA, t 1f
01EB, t 13
01EC, tm 19 fd
01ED, tm 30 e8
01EE, t 3a
01EF, lb 92
01F0, tm 30 e8
01F1, ex 3
01F2, tm 30 e8
01F3, t 3a
01F4, lb 92
01F5, tm 30 e8
01F6, ex 3
01F7, lbl dd
01F8, ex 5
01F9, ldi 6
01FA, tm 22 00
01FB, t 14
01FC, exd 0
01FD, lbl dd
01FE, ex 5
01FF, ldi 6
0200, tm 22 00
0201, t 14
0202, exd 0
0203, tm 3c e1
0204, tl 7 43
0205, tml 04
0206, t 2a
0207, ldi 6
0208, tm 3c e1
0209, tl 7 43
020A, tml 04
020B, t 2a
020C, ldi 6
020D, t 2a
020E, tm 36 cb
020F, ldi 5
0210, lb 7c
0211, tm 20 f6
0212, t 2a
0213, tm 36 cb
0214, ldi 5
0215, lb 7c
0216, tm 20 f6
0217, tm 3e 64
0218, skbi b
0219, skbi b
021A, adi 1
021B, tm 34 ef
021C, lbl fe
021D, adi 4
021E, skbi b
021F, skbi b
0220, adi 1
0221, tm 34 ef
0222, lbl 20
0223, exd 5
0224, t 2b
0225, exd 5
0226, exd 0
0227, exd 5
0228, lb 78
0229, sc
022A, exd 5
022B, t 2b
022C, exd 5
022D, exd 0
022E, exd 5
022F, lb 78
0230, t 1f
0231, and
0232, t 17
0233, and
0234, tm 2e 00
0235, t 1b
0236, t 0f
0237, t 1f
0238, and
0239, t 17
023A, and
023B, tm 2e 00
023C, t 1b
023D, t 0f
023E, t 0f
023F, adi 7
0240, tl a 0f
0241, t 1b
0242, t 0b
0243, tl 9 0f
0244, tl 9 0f
0245, adi 7
0246, tl a 0f
0247, t 1b
0248, t 0b
0249, tl 9 0f
024A, tm 39 c6
024B, tm 3b e6
024C, adi 9
024D, t 3d
024E, tm 29 3c
024F, tm 39 c6
0250, tm 3b e6
0251, adi 9
0252, t 3d
0253, tm 29 3c
0254, tm 30 e9
0255, ex 5
0256, adi 9
0257, t 3b
0258, t 14
0259, exd 0
025A, t 1f
025B, tm 30 e9
025C, ex 5
025D, adi 9
025E, t 3b
025F, t 14
0260, exd 0
0261, t 1f
0262, adi 7
0263, tm 30 69
0264, ex 3
0265, tm 28 3d
0266, t 14
0267, exd 0
0268, adi 7
0269, tm 30 69
026A, ex 3
026B, tm 28 3d
026C, t 14
026D, exd 0
026E, adi 9
026F, ex 3
0270, t 14
0271, exd 0
0272, tm 3a e1
0273, t 27
0274, tml 69
0275, ex 3
0276, t 14
0277, exd 0
0278, tm 3a e1
0279, t 27
027A, tml bb
027B, tml 6c
027C, tm 30 e9
027D, ex 7
027E, adi 9
027F, t 3b
0280, t 3b
0281, tml 6c
0282, tm 30 e9
0283, ex 7
0284, adi 9
0285, t 3b
0286, t 3b
0287, lbl dd
0288, t 01
0289, adi d
028A, t 2c
028B, tml 65
028C, tml 65
028D, lbl dd
028E, t 01
028F, adi d
0290, t 2c
0291, tml 65
0292, adi 2
0293, t 3e
0294, exd 1
0295, t 1f
0296, t 3a
0297, tm 38 00
0298, lb 62
0299, t 3e
029A, exd 1
029B, t 1f
029C, t 3a
029D, tm 38 00
029E, lb e0
029F, tm 13 7d
02A0, tm 26 46
02A1, tm 3a e0
02A2, t 01
02A3, tm 20 d3
02A4, tm 20 d3
02A5, tm 26 46
02A6, tm 3a e0
02A7, t 01
02A8, lb 0a
02A9, adi 0
02AA, t 00
02AB, t 2d
02AC, tml 7a
02AD, t 00
02AE, lb 0a
02AF, adi 0
02B0, t 00
02B1, t 2d
02B2, tml 7a
02B3, t 00
02B4, tm 3c e2
02B5, lbl 60
02B6, t 2d
02B7, tm 18 ad
02B8, cys
02B9, tm 3c e2
02BA, lbl 60
02BB, t 2d
02BC, tm 18 ad
02BD, cys
02BE, t 2d
02BF, t 3f
02C0, t 2d
02C1, tml e8
02C2, t 3f
02C3, tm 19 7d
02C4, t 2d
02C5, t 3f
02C6, t 2d
02C7, tml e8
02C8, t 3f
02C9, tm 19 7d
02CA, tml da
02CB, tml da
02CC, tm 1d 7c
02CD, tm 1c fb
02CE, adi 0
02CF, tml da
02D0, tml da
02D1, tm 1d 7c
02D2, tm 1c fb
02D3, adi 0
02D4, tm 26 d5
02D5, tm 3c 60
02D6, tm 14 7d
02D7, tm 20 ec
02D8, tm 26 d5
02D9, tm 3c 60
02DA, tm 14 7d
02DB, tm 20 ec
02DC, labl
02DD, ldi 3
02DE, dc
02DF, tl 9 97
02E0, t 3a
02E1, t 3a
02E2, lbl 11
02E3, ldi 3
02E4, dc
02E5, tl 9 97
02E6, t 3a
02E7, t 3a
02E8, lbl 97
02E9, t 3c
02EA, tm 27 f0
02EB, tm 29 3c
02EC, adi 9
02ED, t 3b
02EE, t 17
02EF, t 3c
02F0, tm 27 f0
02F1, tm 29 3c
02F2, adi 9
02F3, t 3b
02F4, adi 9
02F5, ex 3
02F6, t 2c
02F7, t 00
02F8, ex 7
02F9, skbi b
02FA, ex 1
02FB, t 01
02FC, adi 9
02FD, ex 3
02FE, t 2c
02FF, t 00
0300, ex 7
0301, skbi b
0302, ex 1
0303, t 01
0304, ldi 6
0305, tm 20 ec
0306, tl 6 ae
0307, tm 1b 01
0308, ldi 1
0309, ldi 6
030A, tm 20 ec
030B, tl 6 ae
030C, tm 1b 01
030D, ldi 1
030E, tl f 7c
030F, tm 22 00
0310, tl f 5a
0311, adi b
0312, tl f 5f
0313, tl f 5f
0314, tm 22 00
0315, tl f 5a
0316, adi b
0317, tl f ad
0318, t 00
0319, ex 7
031A, tl 8 81
031B, tm 14 bd
031C, ex 1
031D, t 2d
031E, t 00
031F, ex 7
0320, tl 8 81
0321, tm 14 bd
0322, ex 1
0323, tm 36 e2
0324, lbl f4
0325, t 17
0326, t 3f
0327, t 17
0328, t 3f
0329, tm 36 e2
032A, lbl f4
032B, t 17
032C, t 3f
032D, t 17
032E, t 3f
032F, t 2e
0330, tm 39 c4
0331, tm 3b e5
0332, adcsk
0333, t 01
0334, tm 32 ae
0335, tm 39 c4
0336, tm 3b e5
0337, adcsk
0338, t 01
0339, tm 32 5e
033A, t 1f
033B, ex 1
033C, t 38
033D, adc
033E, skbi 0
033F, t 2e
0340, tl b 5e
0341, t 1f
0342, ex 1
0343, t 38
0344, adc
0345, skbi 0
0346, t 2e
0347, tl b f5
0348, tl 4 7a
0349, tm 13 0a
034A, tm 21 9f
034B, xabl
034C, tm 35 54
034D, tm 35 54
034E, tm 13 0a
034F, tm 21 9f
0350, xabl
0351, tm 20 51
0352, lb fc
0353, t 1f
0354, t 13
0355, tm 19 fd
0356, tm 20 51
0357, lb fc
0358, t 1f
0359, t 13
035A, tm 19 fd
035B, tm 30 e8
035C, t 3a
035D, lb 92
035E, tm 30 e8
035F, ex 3
0360, tm 30 e8
0361, t 3a
0362, lb 92
0363, tm 30 e8
0364, ex 3
0365, lbl dd
0366, ex 5
0367, ldi 6
0368, tm 22 00
0369, t 14
036A, exd 0
036B, lbl dd
036C, ex 5
036D, ldi 6
036E, tm 22 00
036F, t 14
0370, exd 0
0371, tm 3c e1
0372, tl 7 43
0373, tml 04
0374, t 2a
0375, ldi 6
0376, tm 3c e1
0377, tl 7 43
0378, tml 04
0379, t 2a
037A, ldi 6
037B, t 2a
037C, tm 36 cb
037D, ldi 5
037E, lb 7c
037F, tm 20 f6
0380, t 2a
0381, tm 36 cb
0382, ldi 5
0383, lb 7c
0384, tm 20 f6
0385, tm 3e 64
0386, skbi b
0387, skbi b
0388, adi 1
0389, tm 34 ef
038A, lbl fe
038B, adi 4
038C, skbi b
038D, skbi b
038E, adi 1
038F, tm 34 ef
0390, lbl 20
0391, exd 5
0392, t 2b
0393, exd 5
0394, exd 0
0395, exd 5
0396, lb 78
0397, sc
0398, exd 5
0399, t 2b
039A, exd 5
039B, exd 0
039C, exd 5
039D, lb 78
039E, t 1f
039F, and
03A0, t 17
03A1, and
03A2, tm 2e 00
03A3, t 1b
03A4, t 0f
03A5, t 1f
03A6, and
03A7, t 17
03A8, and
03A9, tm 2e 00
03AA, t 1b
03AB, t 0f
03AC, t 0f
03AD, adi 7
03AE, tl a 0f
03AF, t 1b
03B0, t 0b
03B1, tl 9 0f
03B2, tl 9 0f
03B3, adi 7
03B4, tl a 0f
03B5, t 1b
03B6, t 0b
03B7, tl 9 0f
03B8, tm 39 c6
03B9, tm 3b e6
03BA, adi 9
03BB, t 3d
03BC, tm 29 3c
03BD, tm 39 c6
03BE, tm 3b e6
03BF, adi 9
03C0, t 3d
03C1, tm 29 3c
03C2, tm 30 e9
03C3, ex 5
03C4, adi 9
03C5, t 3b
03C6, t 14
03C7, exd 0
03C8, t 1f
03C9, tm 30 e9
03CA, ex 5
03CB, adi 9
03CC, t 3b
03CD, t 14
03CE, exd 0
03CF, t 1f
03D0, adi 7
03D1, tm 30 69
03D2, ex 3
03D3, tm 28 3d
03D4, t 14
03D5, exd 0
03D6, adi 7
03D7, tm 30 69
03D8, ex 3
03D9, tm 28 3d
03DA, t 14
03DB, exd 0
03DC, adi 9
03DD, ex 3
03DE, t 14
03DF, exd 0
03E0, tm 3a e1
03E1, t 27
03E2, tml 69
03E3, ex 3
03E4, t 14
03E5, exd 0
03E6, tm 3a e1
03E7, t 27
03E8, tml bb
03E9, tml 6c
03EA, tm 30 e9
03EB, ex 7
03EC, adi 9
03ED, t 3b
03EE, t 3b
03EF, tml 6c
03F0, tm 30 e9
03F1, ex 7
03F2, adi 9
03F3, t 3b
03F4, t 3b
03F5, lbl dd
03F6, t 01
03F7, adi d
03F8, t 2c
03F9, tml 65
03FA, tml 65
03FB, lbl dd
03FC, t 01
03FD, adi d
03FE, t 2c
03FF, tml 65
0400, adi 2
0401, t 3e
0402, exd 1
0403, t 1f
0404, t 3a
0405, tm 38 00
0406, lb 62
0407, t 3e
0408, exd 1
0409, t 1f
040A, t 3a
040B, tm 38 00
040C, lb e0
040D, tm 13 7d
040E, tm 26 46
040F, tm 3a e0
0410, t 01
0411, tm 20 d3
0412, tm 20 d3
0413, tm 26 46
0414, tm 3a e0
0415, t 01
0416, lb 0a
0417, adi 0
0418, t 00
0419, t 2d
041A, tml 7a
041B, t 00
041C, lb 0a
041D, adi 0
041E, t 00
041F, t 2d
0420, tml 7a
0421, t 00
0422, tm 3c e2
0423, lbl 60
0424, t 2d
0425, tm 18 ad
0426, cys
0427, tm 3c e2
0428, lbl 60
0429, t 2d
042A, tm 18 ad
042B, cys
042C, t 2d
042D, t 3f
042E, t 2d
042F, tml e8
0430, t 3f
0431, tm 19 7d
0432, t 2d
0433, t 3f
0434, t 2d
0435, tml e8
0436, t 3f
0437, tm 19 7d
0438, tml da
0439, tml da
043A, tm 1d 7c
043B, tm 1c fb
043C, adi 0
043D, tml da
043E, tml da
043F, tm 1d 7c
0440, tm 1c fb
0441, adi 0
0442, tm 26 d5
0443, tm 3c 60
0444, tm 14 7d
0445, tm 20 ec
0446, tm 26 d5
0447, tm 3c 60
0448, tm 14 7d
0449, tm 20 ec
044A, labl
044B, ldi 3
044C, dc
044D, tl 9 97
044E, t 3a
044F, t 3a
0450, lbl 11
0451, ldi 3
0452, dc
0453, tl 9 97
0454, t 3a
0455, t 3a
0456, lbl 97
0457, t 3c
0458, tm 27 f0
0459, tm 29 3c
045A, adi 9
045B, t 3b
045C, t 17
045D, t 3c
045E, tm 27 f0
045F, tm 29 3c
0460, adi 9
0461, t 3b
0462, adi 9
0463, ex 3
0464, t 2c
0465, t 00
0466, ex 7
0467, skbi b
0468, ex 1
0469, t 01
046A, adi 9
046B, ex 3
046C, t 2c
046D, t 00
046E, ex 7
046F, skbi b
0470, ex 1
0471, t 01
0472, ldi 6
0473, tm 20 ec
0474, tl 6 ae
0475, tm 1b 01
0476, ldi 1
0477, ldi 6
0478, tm 20 ec
0479, tl 6 ae
047A, tm 1b 01
047B, ldi 1
047C, tl f 7c
047D, tm 22 00
047E, tl f 5a
047F, adi b
0480, tl f 5f
0481, tl f 5f
0482, tm 22 00
0483, tl f 5a
0484, adi b
0485, tl f ad
0486, t 00
0487, ex 7
0488, tl 8 81
0489, tm 14 bd
048A, ex 1
048B, t 2d
048C, t 00
048D, ex 7
048E, tl 8 81
048F, tm 14 bd
0490, ex 1
0491, tm 36 e2
0492, lbl f4
0493, t 17
0494, t 3f
0495, t 17
0496, t 3f
0497, tm 36 e2
0498, lbl f4
0499, t 17
049A, t 3f
049B, t 17
049C, t 3f
049D, t 2e
049E, tm 39 c4
049F, tm 3b e5
04A0, adcsk
04A1, t 01
04A2, tm 32 ae
04A3, tm 39 c4
04A4, tm 3b e5
04A5, adcsk
04A6, t 01
04A7, tm 32 5e
04A8, t 1f
04A9, ex 1
04AA, t 38
04AB, adc
04AC, skbi 0
04AD, t 2e
04AE, tl b 5e
04AF, t 1f
04B0, ex 1
04B1, t 38
04B2, adc
04B3, skbi 0
04B4, t 2e
04B5, tl b f5
04B6, tl 4 7a
04B7, tm 13 0a
04B8, tm 21 9f
04B9, xabl
04BA, tm 35 54
04BB, tm 35 54
04BC, tm 13 0a
04BD, tm 21 9f
04BE, xabl
04BF, tm 20 51
04C0, lb fc
04C1, t 1f
04C2, t 13
04C3, tm 19 fd
04C4, tm 20 51
04C5, lb fc
04C6, t 1f
04C7, t 13
04C8, tm 19 fd
04C9, tm 30 e8
04CA, t 3a
04CB, lb 92
04CC, tm 30 e8
04CD, ex 3
04CE, tm 30 e8
04CF, t 3a
04D0, lb 92
04D1, tm 30 e8
04D2, ex 3
04D3, lbl dd
04D4, ex 5
04D5, ldi 6
04D6, tm 22 00
04D7, t 14
04D8, exd 0
04D9, lbl dd
04DA, ex 5
04DB, ldi 6
04DC, tm 22 00
04DD, t 14
04DE, exd 0
04DF, tm 3c e1
04E0, tl 7 43
04E1, tml 04
04E2, t 2a
04E3, ldi 6
04E4, tm 3c e1
04E5, tl 7 43
04E6, tml 04
04E7, t 2a
04E8, ldi 6
04E9, t 2a
04EA, tm 36 cb
04EB, ldi 5
04EC, lb 7c
04ED, tm 20 f6
04EE, t 2a
04EF, tm 36 cb
04F0, ldi 5
04F1, lb 7c
04F2, tm 20 f6
04F3, tm 3e 64
04F4, skbi b
04F5, skbi b
04F6, adi 1
04F7, tm 34 ef
04F8, lbl fe
04F9, adi 4
04FA, skbi b
04FB, skbi b
04FC, adi 1
04FD, tm 34 ef
04FE, lbl 20
04FF, exd 5
0500, t 2b
0501, exd 5
0502, exd 0
0503, exd 5
0504, lb 78
0505, sc
0506, exd 5
0507, t 2b
0508, exd 5
0509, exd 0
050A, exd 5
050B, lb 78
050C, t 1f
050D, and
050E, t 17
050F, and
0510, tm 2e 00
0511, t 1b
0512, t 0f
0513, t 1f
0514, and
0515, t 17
0516, and
0517, tm 2e 00
0518, t 1b
0519, t 0f
051A, t 0f
051B, adi 7
051C, tl a 0f
051D, t 1b
051E, t 0b
051F, tl 9 0f
0520, tl 9 0f
0521, adi 7
0522, tl a 0f
0523, t 1b
0524, t 0b
0525, tl 9 0f
0526, tm 39 c6
0527, tm 3b e6
0528, adi 9
0529, t 3d
052A, tm 29 3c
052B, tm 39 c6
052C, tm 3b e6
052D, adi 9
052E, t 3d
052F, tm 29 3c
0530, tm 30 e9
0531, ex 5
0532, adi 9
0533, t 3b
0534, t 14
0535, exd 0
0536, t 1f
0537, tm 30 e9
0538, ex 5
0539, adi 9
053A, t 3b
053B, t 14
053C, exd 0
053D, t 1f
053E, adi 7
053F, tm 30 69
0540, ex 3
0541, tm 28 3d
0542, t 14
0543, exd 0
0544, adi 7
0545, tm 30 69
0546, ex 3
0547, tm 28 3d
0548, t 14
0549, exd 0
054A, adi 9
054B, ex 3
054C, t 14
054D, exd 0
054E, tm 3a e1
054F, t 27
0550, tml 69
0551, ex 3
0552, t 14
0553, exd 0
0554, tm 3a e1
0555, t 27
0556, tml bb
0557, tml 6c
0558, tm 30 e9
0559, ex 7
055A, adi 9
055B, t 3b
055C, t 3b
055D, tml 6c
055E, tm 30 e9
055F, ex 7
0560, adi 9
0561, t 3b
0562, t 3b
0563, lbl dd
0564, t 01
0565, adi d
0566, t 2c
0567, tml 65
0568, tml 65
0569, lbl dd
056A, t 01
056B, adi d
056C, t 2c
056D, tml 65
056E, adi 2
056F, t 3e
0570, exd 1
0571, t 1f
0572, t 3a
0573, tm 38 00
0574, lb 62
0575, t 3e
0576, exd 1
0577, t 1f
0578, t 3a
0579, tm 38 00
057A, lb e0
057B, tm 13 7d
057C, tm 26 46
057D, tm 3a e0
057E, t 01
057F, tm 20 d3
0580, tm 20 d3
0581, tm 26 46
0582, tm 3a e0
0583, t 01
0584, lb 0a
0585, adi 0
0586, t 00
0587, t 2d
0588, tml 7a
0589, t 00
058A, lb 0a
058B, adi 0
058C, t 00
058D, t 2d
058E, tml 7a
058F, t 00
0590, tm 3c e2
0591, lbl 60
0592, t 2d
0593, tm 18 ad
0594, cys
0595, tm 3c e2
0596, lbl 60
0597, t 2d
0598, tm 18 ad
0599, cys
059A, t 2d
059B, t 3f
059C, t 2d
059D, tml e8
059E, t 3f
059F, tm 19 7d
05A0, t 2d
05A1, t 3f
05A2, t 2d
05A3, tml e8
05A4, t 3f
05A5, tm 19 7d
05A6, tml da
05A7, tml da
05A8, tm 1d 7c
05A9, tm 1c fb
05AA, adi 0
05AB, tml da
05AC, tml da
05AD, tm 1d 7c
05AE, tm 1c fb
05AF, adi 0
05B0, tm 26 d5
05B1, tm 3c 60
05B2, tm 14 7d
05B3, tm 20 ec
05B4, tm 26 d5
05B5, tm 3c 60
05B6, tm 14 7d
05B7, tm 20 ec
05B8, lbl 00
05B9, lbl 00
05BA, lbl 00
05BB, lbl 00
05BC, lbl 00
05BD, lbl 00
05BE, lbl 00
05BF, lbl 00
05C0, lbl 00
05C1, lbl 00
05C2, lbl 00
05C3, lbl 00
05C4, lbl 00
05C5, lbl 00
05C6, lbl 00
05C7, lbl 00
05C8, lbl 00
05C9, lbl 00
05CA, lbl 00
05CB, lbl 00
05CC, lbl 00
05CD, lbl 00
05CE, lbl 00
05CF, lbl 00
05D0, lbl 00
05D1, lbl 00
05D2, lbl 00
05D3, lbl 00
05D4, lbl 00
05D5, lbl 00
05D6, lbl 00
05D7, lbl 00
05D8, lbl 00
05D9, lbl 00
05DA, lbl 00
05DB, lbl 00
05DC, lbl 00
05DD, lbl 00
05DE, lbl 00
05DF, lbl 00
05E0, lbl 00
05E1, lbl 00
05E2, lbl 00
05E3, lbl 00
05E4, lbl 00
05E5, lbl 00
05E6, lbl 00
05E7, lbl 00
05E8, lbl 00
05E9, lbl 00
05EA, lbl 00
05EB, lbl 00
05EC, lbl 00
05ED, lbl 00
05EE, lbl 00
05EF, lbl 00
05F0, lbl 00
05F1, lbl 00
05F2, lbl 00
05F3, lbl 00
05F4, lbl 00
05F5, lbl 00
05F6, lbl 00
05F7, lbl 00
05F8, lbl 00
05F9, lbl 00
05FA, lbl 00
05FB, lbl 00
05FC, lbl 00
05FD, lbl 00
05FE, lbl 00
05FF, lbl 00
0600, lbl 00
0601, lbl 00
0602, lbl 00
0603, lbl 00
0604, lbl 00
0605, lbl 00
0606, lbl 00
0607, lbl 00
0608, lbl 00
0609, lbl 00
060A, lbl 00
060B, lbl 00
060C, lbl 00
060D, lbl 00
060E, lbl 00
060F, lbl 00
0610, lbl 00
0611, lbl 00
0612, lbl 00
0613, lbl 00
0614, lbl 00
0615, lbl 00
0616, lbl 00
0617, lbl 00
0618, lbl 00
0619, lbl 00
061A, lbl 00
061B, lbl 00
061C, lbl 00
061D, lbl 00
061E, lbl 00
061F, lbl 00
0620, lbl 00
0621, lbl 00
0622, lbl 00
0623, lbl 00
0624, lbl 00
0625, lbl 00
0626, lbl 00
0627, lbl 00
0628, lbl 00
0629, lbl 00
062A, lbl 00
062B, lbl 00
062C, lbl 00
062D, lbl 00
062E, lbl 00
062F, lbl 00
0630, lbl 00
0631, lbl 00
0632, lbl 00
0633, lbl 00
0634, lbl 00
0635, lbl 00
0636, lbl 00
0637, lbl 00
0638, lbl 00
0639, lbl 00
063A, lbl 00
063B, lbl 00
063C, lbl 00
063D, lbl 00
063E, lbl 00
063F, lbl 00
0640, lbl 00
0641, lbl 00
0642, lbl 00
0643, lbl 00
0644, lbl 00
0645, lbl 00
0646, lbl 00
0647, lbl 00
0648, lbl 00
0649, lbl 00
064A, lbl 00
064B, lbl 00
064C, lbl 00
064D, lbl 00
064E, lbl 00
064F, lbl 00
0650, lbl 00
0651, lbl 00
0652, lbl 00
0653, lbl 00
0654, lbl 00
0655, lbl 00
0656, lbl 00
0657, lbl 00
0658, lbl 00
0659, lbl 00
065A, lbl 00
065B, lbl 00
065C, lbl 00
065D, lbl 00
065E, lbl 00
065F, lbl 00
0660, lbl 00
0661, lbl 00
0662, lbl 00
0663, lbl 00
0664, lbl 00
0665, lbl 00
0666, lbl 00
0667, lbl 00
0668, lbl 00
0669, lbl 00
066A, lbl 00
066B, lbl 00
066C, lbl 00
066D, lbl 00
066E, lbl 00
066F, lbl 00
0670, lbl 00
0671, lbl 00
0672, lbl 00
0673, lbl 00
0674, lbl 00
0675, lbl 00
0676, lbl 00
0677, lbl 00
0678, lbl 00
0679, lbl 00
067A, lbl 00
067B, lbl 00
067C, lbl 00
067D, lbl 00
067E, lbl 00
067F, lbl 00
0680, lbl 00
0681, lbl 00
0682, lbl 00
0683, lbl 00
0684, lbl 00
0685, lbl 00
0686, lbl 00
0687, lbl 00
0688, lbl 00
0689, lbl 00
068A, lbl 00
068B, lbl 00
068C, lbl 00
068D, lbl 00
068E, lbl 00
068F, lbl 00
0690, lbl 00
0691, lbl 00
0692, lbl 00
0693, lbl 00
0694, lbl 00
0695, lbl 00
0696, lbl 00
0697, lbl 00
0698, lbl 00
0699, lbl 00
069A, lbl 00
069B, lbl 00
069C, lbl 00
069D, lbl 00
069E, lbl 00
069F, lbl 00
06A0, lbl 00
06A1, lbl 00
06A2, lbl 00
06A3, lbl 00
06A4, lbl 00
06A5, lbl 00
06A6, lbl 00
06A7, lbl 00
06A8, lbl 00
06A9, lbl 00
06AA, lbl 00
06AB, lbl 00
06AC, lbl 00
06AD, lbl 00
06AE, lbl 00
06AF, lbl 00
06B0, lbl 00
06B1, lbl 00
06B2, lbl 00
06B3, lbl 00
06B4, lbl 00
06B5, lbl 00
06B6, lbl 00
06B7, lbl 00
06B8, lbl 00
06B9, lbl 00
06BA, lbl 00
06BB, lbl 00
06BC, lbl 00
06BD, lbl 00
06BE, lbl 00
06BF, lbl 00
06C0, lbl 00
06C1, lbl 00
06C2, lbl 00
06C3, lbl 00
06C4, lbl 00
06C5, lbl 00
06C6, lbl 00
06C7, lbl 00
06C8, lbl 00
06C9, lbl 00
06CA, lbl 00
06CB, lbl 00
06CC, lbl 00
06CD, lbl 00
06CE, lbl 00
06CF, lbl 00
06D0, lbl 00
06D1, lbl 00
06D2, lbl 00
06D3, lbl 00
06D4, lbl 00
06D5, lbl 00
06D6, lbl 00
06D7, lbl 00
06D8, lbl 00
06D9, lbl 00
06DA, lbl 00
06DB, lbl 00
06DC, lbl 00
06DD, lbl 00
06DE, lbl 00
06DF, lbl 00
06E0, lbl 00
06E1, lbl 00
06E2, lbl 00
06E3, lbl 00
06E4, lbl 00
06E5, lbl 00
06E6, lbl 00
06E7, lbl 00
06E8, lbl 00
06E9, lbl 00
06EA, lbl 00
06EB, lbl 00
06EC, lbl 00
06ED, lbl 00
06EE, lbl 00
06EF, lbl 00
06F0, lbl 00
06F1, lbl 00
06F2, lbl 00
06F3, lbl 00
06F4, lbl 00
06F5, lbl 00
06F6, lbl 00
06F7, lbl 00
06F8, lbl 00
06F9, lbl 00
06FA, lbl 00
06FB, lbl 00
06FC, lbl 00
06FD, lbl 00
06FE, lbl 00
06FF, lbl 00
0700, lbl 00
0701, lbl 00
0702, lbl 00
0703, lbl 00
0704, lbl 00
0705, lbl 00
0706, lbl 00
0707, lbl 00
0708, lbl 00
0709, lbl 00
070A, lbl 00
070B, lbl 00
070C, lbl 00
070D, lbl 00
070E, lbl 00
070F, lbl 00
0710, lbl 00
0711, lbl 00
0712, lbl 00
0713, lbl 00
0714, lbl 00
0715, lbl 00
0716, lbl 00
0717, lbl 00
0718, lbl 00
0719, lbl 00
071A, lbl 00
071B, lbl 00
071C, lbl 00
071D, lbl 00
071E, lbl 00
071F, lbl 00
0720, lbl 00
0721, lbl 00
0722, lbl 00
0723, lbl 00
0724, lbl 00
0725, lbl 00
0726, lbl 00
0727, lbl 00
0728, lbl 00
0729, lbl 00
072A, lbl 00
072B, lbl 00
072C, lbl 00
072D, lbl 00
072E, lbl 00
072F, lbl 00
0730, lbl 00
0731, lbl 00
0732, lbl 00
0733, lbl 00
0734, lbl 00
0735, lbl 00
0736, lbl 00
0737, lbl 00
0738, lbl 00
0739, lbl 00
073A, lbl 00
073B, lbl 00
073C, lbl 00
073D, lbl 00
073E, lbl 00
073F, lbl 00
0740, lbl 00
0741, lbl 00
0742, lbl 00
0743, lbl 00
0744, lbl 00
0745, lbl 00
0746, lbl 00
0747, lbl 00
0748, lbl 00
0749, lbl 00
074A, lbl 00
074B, lbl 00
074C, lbl 00
074D, lbl 00
074E, lbl 00
074F, lbl 00
0750, lbl 00
0751, lbl 00
0752, lbl 00
0753, lbl 00
0754, lbl 00
0755, lbl 00
0756, lbl 00
0757, lbl 00
0758, lbl 00
0759, lbl 00
075A, lbl 00
075B, lbl 00
075C, lbl 00
075D, lbl 00
075E, lbl 00
075F, lbl 00
0760, lbl 00
0761, lbl 00
0762, lbl 00
0763, lbl 00
0764, lbl 00
0765, lbl 00
0766, lbl 00
0767, lbl 00
0768, lbl 00
0769, lbl 00
076A, lbl 00
076B, lbl 00
076C, lbl 00
076D, lbl 00
076E, lbl 00
076F, lbl 00
0770, lbl 00
0771, lbl 00
0772, lbl 00
0773, lbl 00
0774, lbl 00
0775, lbl 00
0776, lbl 00
0777, lbl 00
0778, lbl 00
0779, lbl 00
077A, lbl 00
077B, lbl 00
077C, lbl 00
077D, lbl 00
077E, lbl 00
077F, lbl 00
0780, lbl 00
0781, lbl 00
0782, lbl 00
0783, lbl 00
0784, lbl 00
0785, lbl 00
0786, lbl 00
0787, lbl 00
0788, lbl 00
0789, lbl 00
078A, lbl 00
078B, lbl 00
078C, lbl 00
078D, lbl 00
078E, lbl 00
078F, lbl 00
0790, lbl 00
0791, lbl 00
0792, lbl 00
0793, lbl 00
0794, lbl 00
0795, lbl 00
0796, lbl 00
0797, lbl 00
0798, lbl 00
0799, lbl 00
079A, lbl 00
079B, lbl 00
079C, lbl 00
079D, lbl 00
079E, lbl 00
079F, lbl 00
07A0, lbl 00
07A1, lbl 00
07A2, lbl 00
07A3, lbl 00
07A4, lbl 00
07A5, lbl 00
07A6, lbl 00
07A7, lbl 00
07A8, lbl 00
07A9, lbl 00
07AA, lbl 00
07AB, lbl 00
07AC, lbl 00
07AD, lbl 00
07AE, lbl 00
07AF, lbl 00
07B0, lbl 00
07B1, lbl 00
07B2, lbl 00
07B3, lbl 00
07B4, lbl 00
07B5, lbl 00
07B6, lbl 00
07B7, lbl 00
07B8, lbl 00
07B9, lbl 00
07BA, lbl 00
07BB, lbl 00
07BC, lbl 00
07BD, lbl 00
07BE, lbl 00
07BF, lbl 00
07C0, lbl 00
07C1, lbl 00
07C2, lbl 00
07C3, lbl 00
07C4, lbl 00
07C5, lbl 00
07C6, lbl 00
07C7, lbl 00
07C8, lbl 00
07C9, lbl 00
07CA, lbl 00
07CB, lbl 00
07CC, lbl 00
07CD, lbl 00
07CE, lbl 00
07CF, lbl 00
07D0, lbl 00
07D1, lbl 00
07D2, lbl 00
07D3, lbl 00
07D4, lbl 00
07D5, lbl 00
07D6, lbl 00
07D7, lbl 00
07D8, lbl 00
07D9, lbl 00
07DA, lbl 00
07DB, lbl 00
07DC, lbl 00
07DD, lbl 00
07DE, lbl 00
07DF, lbl 00
07E0, lbl 00
07E1, lbl 00
07E2, lbl 00
07E3, lbl 00
07E4, lbl 00
07E5, lbl 00
07E6, lbl 00
07E7, lbl 00
07E8, lbl 00
07E9, lbl 00
07EA, lbl 00
07EB, lbl 00
07EC, lbl 00
07ED, lbl 00
07EE, lbl 00
07EF, lbl 00
07F0, lbl 00
07F1, lbl 00
07F2, lbl 00
07F3, lbl 00
07F4, lbl 00
07F5, lbl 00
07F6, lbl 00
07F7, lbl 00
07F8, lbl 00
07F9, lbl 00
07FA, lbl 00
07FB, lbl 00
07FC, lbl 00
07FD, lbl 00
07FE, lbl 00
07FF, lbl 00

