
0000, tm 12 00
0001, tm 1d 02
0002, tl 3 cb
0003, tm 25 01
0004, rtnsk
0005, tm 3c 02
0006, t 22
0007, t 3d
0008, tm 24 ce
0009, tm 3a b2
000A, tm 3a b2
000B, tm 13 ce
000C, tm 13 ce
000D, tm 17 98
000E, t 3b
000F, t 3b
0010, tm 17 9f
0011, tm 1c 7a
0012, tm 11 ac
0013, tm 11 ac
0014, tm 17 b7
0015, lb eb
0016, ldi 6
0017, tm 11 01
0018, t 37
0019, tml 10
001A, tml 07
001B, tm 3c e4
001C, tml b7
001D, tl c 4e
001E, ldi 7
001F, tm 13 01
0020, lb ac
0021, lb f4
0022, ldi 5
0023, t 25
0024, tm 1d ac
0025, tl b 60
0026, t 3d
0027, tm 18 00
0028, tm 1e fb
0029, t 14
002A, incb
002B, ld 7
002C, tm 10 ce
002D, tm 3b 91
002E, t 0f
002F, lb f6
0030, tm 19 55
0031, tml 7b
0032, tl c 00
0033, dib
0034, adi 7
0035, t 18
0036, t 0c
0037, t 08
0038, lb fd
0039, lb fd
003A, lxa
003B, lbl dd
003C, tm 3d db
003D, lbmx
003E, lax
003F, skz
0040, t 1f
0041, lb 7e
0042, ad
0043, ex 7
0044, ex 7
0045, tm 16 ad
0046, rtn
0047, ld 7
0048, lbua
0049, lbmx
004A, ldi 0
004B, xabl
004C, t 1f
004D, t 3e
004E, t 3e
004F, t 3e
0050, t 3e
0051, t 3e
0052, t 3e
0053, t 3e
0054, t 3e
0055, t 3e
0056, t 3e
0057, t 3e
0058, tl b 60
0059, lbl b1
005A, tm 3b 8a
005B, lb fb
005C, t 0e
005D, incb
005E, skbi e
005F, t 05
0060, lb f6
0061, tl 2 96
0062, labl
0063, adi d
0064, comp
0065, lxa
0066, comp
0067, lb 09
0068, t 18
0069, adi e
006A, t 19
006B, comp
006C, xax
006D, ex 7
006E, lb 12
006F, exd 7
0070, skc
0071, skc
0072, ldi 0
0073, exd 7
0074, ldi 6
0075, ex 7
0076, tml 63
0077, tml 73
0078, tml 2b
0079, tml 2b
007A, tml 2b
007B, tml 2b
007C, tml 88
007D, lb 7f
007E, ex 6
007F, ex 6
0080, ex 7
0081, tm 1f 00
0082, t 0b
0083, tm 28 01
0084, t 08
0085, tl c c0
0086, t 0a
0087, tm 20 00
0088, t 20
0089, ldi 2
008A, exd 7
008B, tm 3d 00
008C, lb 31
008D, ex 7
008E, tm 1f 00
008F, t 20
0090, tm 3d 00
0091, lb 02
0092, t 3b
0093, ld 7
0094, lbl a2
0095, ex 7
0096, tm 1e e0
0097, lb 7d
0098, ad
0099, comp
009A, xabl
009B, tm 33 00
009C, t 28
009D, tm 28 e0
009E, lbl cf
009F, ld 7
00A0, adi 1
00A1, t 28
00A2, t 00
00A3, tml 75
00A4, tm 1e fe
00A5, lbl b2
00A6, lbl b2
00A7, exd 7
00A8, exd 7
00A9, ex 7
00AA, tm 20 00
00AB, t 0b
00AC, tm 28 02
00AD, tl 1 fe
00AE, lb 2f
00AF, lxa
00B0, ld 7
00B1, tl d 00
00B2, t 3d
00B3, lbl b1
00B4, exd 7
00B5, lax
00B6, ex 7
00B7, tm 20 00
00B8, t 18
00B9, tm 28 03
00BA, ad
00BB, tml 86
00BC, tml 88
00BD, lb e9
00BE, tm 3f c9
00BF, tm 3b 97
00C0, incb
00C1, t 13
00C2, labl
00C3, adi 3
00C4, t 20
00C5, tml 75
00C6, tml 5d
00C7, tl d 70
00C8, lb fb
00C9, t 24
00CA, t 1a
00CB, tml ba
00CC, tm 30 c6
00CD, ex 7
00CE, t 12
00CF, tm 27 01
00D0, tm 2e ca
00D1, tml 59
00D2, rf2
00D3, sf1
00D4, tm 1a 7d
00D5, tm 17 bc
00D6, incb
00D7, tm 3b be
00D8, sf2
00D9, tl f 86
00DA, tl f ad
00DB, tl f 80
00DC, tml 63
00DD, tml ac
00DE, ld 4
00DF, exd 4
00E0, t 04
00E1, tml 73
00E2, skf1
00E3, tm 20 c2
00E4, tm 3a 8f
00E5, t 11
00E6, tm 3e ae
00E7, tml 51
00E8, tm 1f ff
00E9, tml 88
00EA, tml 93
00EB, lbl b2
00EC, lbl b2
00ED, exd 7
00EE, exd 7
00EF, ex 7
00F0, lbl 91
00F1, tm 29 03
00F2, comp
00F3, lbl 91
00F4, tm 3b b6
00F5, tm 3e 00
00F6, t 21
00F7, tm 3b b0
00F8, tm 1e c2
00F9, tm 36 02
00FA, ldi 3
00FB, tml 63
00FC, tl 2 96
00FD, tm 1e c8
00FE, tm 1e c8
00FF, ad
0100, comp
0101, xabl
0102, tm 29 1b
0103, tl d 80
0104, decb
0105, t 03
0106, t 09
0107, ex 7
0108, skz
0109, ldi 5
010A, ad
010B, lxa
010C, tm 29 00
010D, t 31
010E, tm 29 cb
010F, exd 7
0110, lax
0111, exd 7
0112, ldi 6
0113, ex 7
0114, tml 51
0115, tm 20 02
0116, t 37
0117, lbl 8b
0118, tm 28 00
0119, t 20
011A, ldi 2
011B, exd 7
011C, tm 3d 00
011D, lb 31
011E, ex 7
011F, tm 1f c8
0120, tm 1f c8
0121, ad
0122, comp
0123, xabl
0124, tm 33 00
0125, lb 37
0126, adi 1
0127, t 36
0128, adi e
0129, ex 7
012A, lbl a8
012B, tm 28 e0
012C, t 1a
012D, tml 88
012E, tm 20 01
012F, t 08
0130, tm 20 de
0131, tl d c0
0132, t 36
0133, tm 20 e0
0134, tm 1e fe
0135, lbl ce
0136, lbl ce
0137, ad
0138, comp
0139, lb 19
013A, tm 33 e0
013B, lb fb
013C, t 12
013D, tl d 0d
013E, tm 1e fe
013F, lbl b2
0140, tm 33 df
0141, t 10
0142, tm 29 c3
0143, tm 2d cf
0144, tm 2d 75
0145, iol 1e
0146, lb 77
0147, lbua
0148, tm 36 c8
0149, tm 3d cc
014A, tm 29 cd
014B, tm 29 c6
014C, tm 29 50
014D, exd 1
014E, tml 09
014F, tml aa
0150, tm 24 01
0151, t 39
0152, lbl 80
0153, tm 26 03
0154, t 28
0155, tm 24 00
0156, t 00
0157, tm 25 05
0158, tm 25 05
0159, iol 1e
015A, rf1
015B, dia
015C, lb 3f
015D, tm 37 8a
015E, t 13
015F, lb fa
0160, t 22
0161, lb fa
0162, t 17
0163, lb fd
0164, t 1a
0165, lb f9
0166, t 22
0167, t 0d
0168, lb fa
0169, t 2c
016A, lb 02
016B, tl 9 c7
016C, ld 4
016D, exd 4
016E, t 1e
016F, t 2c
0170, lb fa
0171, t 2c
0172, lb 2f
0173, lb 2f
0174, exd 7
0175, tm 29 ca
0176, tm 3d c7
0177, tm 3d c6
0178, tm 29 1c
0179, exd 1
017A, lb 3f
017B, tm 3a b0
017C, lb f7
017D, t 3e
017E, tml 60
017F, lb 5e
0180, skbi 0
0181, tl e 53
0182, tm 38 83
0183, t 07
0184, tm 3c 1c
0185, exd 2
0186, ex 7
0187, iol 2a
0188, lb 0b
0189, ex 7
018A, ex 7
018B, tml ae
018C, skc
018D, t 1a
018E, tl e f6
018F, lb f9
0190, t 34
0191, tml 68
0192, tl d de
0193, skf1
0194, t 32
0195, tml 56
0196, rf1
0197, rf1
0198, tml ac
0199, iol 39
019A, adi 1
019B, adi 1
019C, adi 1
019D, lbl ff
019E, eor
019F, skz
01A0, t 2e
01A1, tl e 86
01A2, tml 64
01A3, tl e 36
01A4, sf1
01A5, t 1f
01A6, t 1f
01A7, iol 1e
01A8, tm 3c 37
01A9, lxa
01AA, comp
01AB, doa
01AC, lax
01AD, lb 5e
01AE, t 00
01AF, ad
01B0, ex 7
01B1, tml 60
01B2, tl e 4c
01B3, tml 64
01B4, lb f7
01B5, t 14
01B6, tml 60
01B7, iol 2a
01B8, lb 0c
01B9, skz
01BA, t 1b
01BB, t 1d
01BC, lb 37
01BD, comp
01BE, doa
01BF, tml 60
01C0, t 1d
01C1, lb f6
01C2, tml 68
01C3, lb f9
01C4, t 2a
01C5, tm 3a aa
01C6, lb f6
01C7, lb f6
01C8, tl d de
01C9, lbl cf
01CA, lbl cf
01CB, tm 17 a6
01CC, incb
01CD, incb
01CE, tm 16 a6
01CF, lb 5d
01D0, tm 19 c2
01D1, tm 3a bb
01D2, tl e 00
01D3, tl d e1
01D4, t 3e
01D5, tl b 60
01D6, lb fb
01D7, t 14
01D8, lbl c7
01D9, tm 38 b2
01DA, tm 39 b2
01DB, lb f7
01DC, t 32
01DD, tm 18 c1
01DE, tm 38 9c
01DF, tml 06
01E0, tl 9 f4
01E1, tm 18 ce
01E2, tm 3d cc
01E3, tm 3d cc
01E4, ex 7
01E5, tl 5 10
01E6, lb f8
01E7, t 2a
01E8, tm 34 03
01E9, t 34
01EA, tm 26 dc
01EB, tm 26 dc
01EC, tm 10 75
01ED, tm 12 d9
01EE, t 12
01EF, tm 2b 03
01F0, t 32
01F1, tm 26 dc
01F2, tm 26 dc
01F3, tm 10 a6
01F4, tml 86
01F5, tm 3f a8
01F6, lbl ce
01F7, ldi 7
01F8, exd 7
01F9, ldi 7
01FA, ex 7
01FB, lb fd
01FC, tl e 5e
01FD, sf1
01FE, skf1
01FF, rf1
0200, tml 3a
0201, lb 02
0202, tl 9 25
0203, skf1
0204, t 2e
0205, lb 02
0206, tl f 01
0207, lb da
0208, tm 26 01
0209, t 39
020A, lbl be
020B, tml 5f
020C, lb 70
020D, exd 7
020E, ldi 0
020F, exd 7
0210, ldi 0
0211, ex 7
0212, tm 3c 13
0213, ld 7
0214, skf1
0215, t 3c
0216, tm 23 13
0217, ex 7
0218, ldi 0
0219, lb 2f
021A, tml 5f
021B, tl f 47
021C, lbl be
021D, lbl be
021E, exd 7
021F, exd 7
0220, ex 7
0221, tml b9
0222, lbl ad
0223, ld 1
0224, exd 1
0225, t 38
0226, t 1f
0227, tml fc
0228, tl f 40
0229, sag
022A, ex 7
022B, ex 7
022C, lb 2f
022D, lb 2f
022E, tm 15 00
022F, lb 30
0230, tm 17 ae
0231, incb
0232, ld 0
0233, tm 17 ae
0234, skf2
0235, t 27
0236, skf1
0237, t 1f
0238, tml 09
0239, lbl be
023A, lbl be
023B, tm 15 00
023C, t 3e
023D, tml 6f
023E, tm 25 fe
023F, lbl a0
0240, tm 3d 01
0241, ex 2
0242, tl 2 96
0243, sf2
0244, skf1
0245, t 2c
0246, tl f 18
0247, tl f 36
0248, tl f 1f
0249, lb f9
024A, t 3a
024B, t 3a
024C, lbl ec
024D, tml 8b
024E, tl f d6
024F, tml 83
0250, t 38
0251, t 3e
0252, tl b 60
0253, tl b 60
0254, tm 17 85
0255, skf2
0256, t 15
0257, rf2
0258, tml 56
0259, tml 56
025A, tml ac
025B, lbl ff
025C, tm 3b 93
025D, lb f6
025E, tm 27 05
025F, tl d 31
0260, tml 56
0261, tml 56
0262, tml ac
0263, tm 1a 77
0264, tm 17 8f
0265, incb
0266, ld 7
0267, lb 16
0268, t 28
0269, decb
026A, tm 17 85
026B, rf1
026C, t 15
026D, tm 17 85
026E, tml 56
026F, t 11
0270, ldi 7
0271, tm 17 b5
0272, incb
0273, ldi 3
0274, tm 16 85
0275, t 06
0276, t 06
0277, tm 17 85
0278, incb
0279, incb
027A, tm 17 85
027B, t 06
027C, t 3e
027D, tl b 60
027E, lb f8
027F, t 0a
0280, tm 37 ba
0281, tm 33 01
0282, lbl 50
0283, exd 1
0284, lb 71
0285, tm 17 9c
0286, lbl b1
0287, tm 3b b1
0288, tml 24
0289, t 38
028A, t 31
028B, lb f6
028C, tm 2c cf
028D, tm 3d 88
028E, ldi 2
028F, tm 17 a4
0290, lbl b1
0291, tm 3b b8
0292, t 31
0293, ldi 4
0294, tm 17 ab
0295, tml 24
0296, t 31
0297, t 38
0298, t 38
0299, tm 17 b8
029A, lb f8
029B, t 38
029C, lb fa
029D, t 35
029E, t 16
029F, tm 29 55
02A0, comp
02A1, tl a 5a
02A2, tm 34 cf
02A3, tm 39 8a
02A4, t 06
02A5, t 31
02A6, tm 12 00
02A7, tm 1d 02
02A8, tl 3 cb
02A9, tm 25 01
02AA, rtnsk
02AB, tm 3c 02
02AC, t 22
02AD, t 3d
02AE, tm 24 ce
02AF, tm 3a b2
02B0, tm 3a b2
02B1, tm 13 ce
02B2, tm 13 ce
02B3, tm 17 98
02B4, t 3b
02B5, t 3b
02B6, tm 17 9f
02B7, tm 1c 7a
02B8, tm 11 ac
02B9, tm 11 ac
02BA, tm 17 b7
02BB, lb eb
02BC, ldi 6
02BD, tm 11 01
02BE, t 37
02BF, tml 10
02C0, tml 07
02C1, tm 3c e4
02C2, tml b7
02C3, tl c 4e
02C4, ldi 7
02C5, tm 13 01
02C6, lb ac
02C7, lb f4
02C8, ldi 5
02C9, t 25
02CA, tm 1d ac
02CB, tl b 60
02CC, t 3d
02CD, tm 18 00
02CE, tm 1e fb
02CF, t 14
02D0, incb
02D1, ld 7
02D2, tm 10 ce
02D3, tm 3b 91
02D4, t 0f
02D5, lb f6
02D6, tm 19 55
02D7, tml 7b
02D8, tl c 00
02D9, dib
02DA, adi 7
02DB, t 18
02DC, t 0c
02DD, t 08
02DE, lb fd
02DF, lb fd
02E0, lxa
02E1, lbl dd
02E2, tm 3d db
02E3, lbmx
02E4, lax
02E5, skz
02E6, t 1f
02E7, lb 7e
02E8, ad
02E9, ex 7
02EA, ex 7
02EB, tm 16 ad
02EC, rtn
02ED, ld 7
02EE, lbua
02EF, lbmx
02F0, ldi 0
02F1, xabl
02F2, t 1f
02F3, t 3e
02F4, t 3e
02F5, t 3e
02F6, t 3e
02F7, t 3e
02F8, t 3e
02F9, t 3e
02FA, t 3e
02FB, t 3e
02FC, t 3e
02FD, t 3e
02FE, tl b 60
02FF, lbl b1
0300, tm 3b 8a
0301, lb fb
0302, t 0e
0303, incb
0304, skbi e
0305, t 05
0306, lb f6
0307, tl 2 96
0308, labl
0309, adi d
030A, comp
030B, lxa
030C, comp
030D, lb 09
030E, t 18
030F, adi e
0310, t 19
0311, comp
0312, xax
0313, ex 7
0314, lb 12
0315, exd 7
0316, skc
0317, skc
0318, ldi 0
0319, exd 7
031A, ldi 6
031B, ex 7
031C, tml 63
031D, tml 73
031E, tml 2b
031F, tml 2b
0320, tml 2b
0321, tml 2b
0322, tml 88
0323, lb 7f
0324, ex 6
0325, ex 6
0326, ex 7
0327, tm 1f 00
0328, t 0b
0329, tm 28 01
032A, t 08
032B, tl c c0
032C, t 0a
032D, tm 20 00
032E, t 20
032F, ldi 2
0330, exd 7
0331, tm 3d 00
0332, lb 31
0333, ex 7
0334, tm 1f 00
0335, t 20
0336, tm 3d 00
0337, lb 02
0338, t 3b
0339, ld 7
033A, lbl a2
033B, ex 7
033C, tm 1e e0
033D, lb 7d
033E, ad
033F, comp
0340, xabl
0341, tm 33 00
0342, t 28
0343, tm 28 e0
0344, lbl cf
0345, ld 7
0346, adi 1
0347, t 28
0348, t 00
0349, tml 75
034A, tm 1e fe
034B, lbl b2
034C, lbl b2
034D, exd 7
034E, exd 7
034F, ex 7
0350, tm 20 00
0351, t 0b
0352, tm 28 02
0353, tl 1 fe
0354, lb 2f
0355, lxa
0356, ld 7
0357, tl d 00
0358, t 3d
0359, lbl b1
035A, exd 7
035B, lax
035C, ex 7
035D, tm 20 00
035E, t 18
035F, tm 28 03
0360, ad
0361, tml 86
0362, tml 88
0363, lb e9
0364, tm 3f c9
0365, tm 3b 97
0366, incb
0367, t 13
0368, labl
0369, adi 3
036A, t 20
036B, tml 75
036C, tml 5d
036D, tl d 70
036E, lb fb
036F, t 24
0370, t 1a
0371, tml ba
0372, tm 30 c6
0373, ex 7
0374, t 12
0375, tm 27 01
0376, tm 2e ca
0377, tml 59
0378, rf2
0379, sf1
037A, tm 1a 7d
037B, tm 17 bc
037C, incb
037D, tm 3b be
037E, sf2
037F, tl f 86
0380, tl f ad
0381, tl f 80
0382, tml 63
0383, tml ac
0384, ld 4
0385, exd 4
0386, t 04
0387, tml 73
0388, skf1
0389, tm 20 c2
038A, tm 3a 8f
038B, t 11
038C, tm 3e ae
038D, tml 51
038E, tm 1f ff
038F, tml 88
0390, tml 93
0391, lbl b2
0392, lbl b2
0393, exd 7
0394, exd 7
0395, ex 7
0396, lbl 91
0397, tm 29 03
0398, comp
0399, lbl 91
039A, tm 3b b6
039B, tm 3e 00
039C, t 21
039D, tm 3b b0
039E, tm 1e c2
039F, tm 36 02
03A0, ldi 3
03A1, tml 63
03A2, tl 2 96
03A3, tm 1e c8
03A4, tm 1e c8
03A5, ad
03A6, comp
03A7, xabl
03A8, tm 29 1b
03A9, tl d 80
03AA, decb
03AB, t 03
03AC, t 09
03AD, ex 7
03AE, skz
03AF, ldi 5
03B0, ad
03B1, lxa
03B2, tm 29 00
03B3, t 31
03B4, tm 29 cb
03B5, exd 7
03B6, lax
03B7, exd 7
03B8, ldi 6
03B9, ex 7
03BA, tml 51
03BB, tm 20 02
03BC, t 37
03BD, lbl 8b
03BE, tm 28 00
03BF, t 20
03C0, ldi 2
03C1, exd 7
03C2, tm 3d 00
03C3, lb 31
03C4, ex 7
03C5, tm 1f c8
03C6, tm 1f c8
03C7, ad
03C8, comp
03C9, xabl
03CA, tm 33 00
03CB, lb 37
03CC, adi 1
03CD, t 36
03CE, adi e
03CF, ex 7
03D0, lbl a8
03D1, tm 28 e0
03D2, t 1a
03D3, tml 88
03D4, tm 20 01
03D5, t 08
03D6, tm 20 de
03D7, tl d c0
03D8, t 36
03D9, tm 20 e0
03DA, tm 1e fe
03DB, lbl ce
03DC, lbl ce
03DD, ad
03DE, comp
03DF, lb 19
03E0, tm 33 e0
03E1, lb fb
03E2, t 12
03E3, tl d 0d
03E4, tm 1e fe
03E5, lbl b2
03E6, tm 33 df
03E7, t 10
03E8, tm 29 c3
03E9, tm 2d cf
03EA, tm 2d 75
03EB, iol 1e
03EC, lb 77
03ED, lbua
03EE, tm 36 c8
03EF, tm 3d cc
03F0, tm 29 cd
03F1, tm 29 c6
03F2, tm 29 50
03F3, exd 1
03F4, tml 09
03F5, tml aa
03F6, tm 24 01
03F7, t 39
03F8, lbl 80
03F9, tm 26 03
03FA, t 28
03FB, tm 24 00
03FC, t 00
03FD, tm 25 05
03FE, tm 25 05
03FF, iol 1e
0400, rf1
0401, dia
0402, lb 3f
0403, tm 37 8a
0404, t 13
0405, lb fa
0406, t 22
0407, lb fa
0408, t 17
0409, lb fd
040A, t 1a
040B, lb f9
040C, t 22
040D, t 0d
040E, lb fa
040F, t 2c
0410, lb 02
0411, tl 9 c7
0412, ld 4
0413, exd 4
0414, t 1e
0415, t 2c
0416, lb fa
0417, t 2c
0418, lb 2f
0419, lb 2f
041A, exd 7
041B, tm 29 ca
041C, tm 3d c7
041D, tm 3d c6
041E, tm 29 1c
041F, exd 1
0420, lb 3f
0421, tm 3a b0
0422, lb f7
0423, t 3e
0424, tml 60
0425, lb 5e
0426, skbi 0
0427, tl e 53
0428, tm 38 83
0429, t 07
042A, tm 3c 1c
042B, exd 2
042C, ex 7
042D, iol 2a
042E, lb 0b
042F, ex 7
0430, ex 7
0431, tml ae
0432, skc
0433, t 1a
0434, tl e f6
0435, lb f9
0436, t 34
0437, tml 68
0438, tl d de
0439, skf1
043A, t 32
043B, tml 56
043C, rf1
043D, rf1
043E, tml ac
043F, iol 39
0440, adi 1
0441, adi 1
0442, adi 1
0443, lbl ff
0444, eor
0445, skz
0446, t 2e
0447, tl e 86
0448, tml 64
0449, tl e 36
044A, sf1
044B, t 1f
044C, t 1f
044D, iol 1e
044E, tm 3c 37
044F, lxa
0450, comp
0451, doa
0452, lax
0453, lb 5e
0454, t 00
0455, ad
0456, ex 7
0457, tml 60
0458, tl e 4c
0459, tml 64
045A, lb f7
045B, t 14
045C, tml 60
045D, iol 2a
045E, lb 0c
045F, skz
0460, t 1b
0461, t 1d
0462, lb 37
0463, comp
0464, doa
0465, tml 60
0466, t 1d
0467, lb f6
0468, tml 68
0469, lb f9
046A, t 2a
046B, tm 3a aa
046C, lb f6
046D, lb f6
046E, tl d de
046F, lbl cf
0470, lbl cf
0471, tm 17 a6
0472, incb
0473, incb
0474, tm 16 a6
0475, lb 5d
0476, tm 19 c2
0477, tm 3a bb
0478, tl e 00
0479, tl d e1
047A, t 3e
047B, tl b 60
047C, lb fb
047D, t 14
047E, lbl c7
047F, tm 38 b2
0480, tm 39 b2
0481, lb f7
0482, t 32
0483, tm 18 c1
0484, tm 38 9c
0485, tml 06
0486, tl 9 f4
0487, tm 18 ce
0488, tm 3d cc
0489, tm 3d cc
048A, ex 7
048B, tl 5 10
048C, lb f8
048D, t 2a
048E, tm 34 03
048F, t 34
0490, tm 26 dc
0491, tm 26 dc
0492, tm 10 75
0493, tm 12 d9
0494, t 12
0495, tm 2b 03
0496, t 32
0497, tm 26 dc
0498, tm 26 dc
0499, tm 10 a6
049A, tml 86
049B, tm 3f a8
049C, lbl ce
049D, ldi 7
049E, exd 7
049F, ldi 7
04A0, ex 7
04A1, lb fd
04A2, tl e 5e
04A3, sf1
04A4, skf1
04A5, rf1
04A6, tml 3a
04A7, lb 02
04A8, tl 9 25
04A9, skf1
04AA, t 2e
04AB, lb 02
04AC, tl f 01
04AD, lb da
04AE, tm 26 01
04AF, t 39
04B0, lbl be
04B1, tml 5f
04B2, lb 70
04B3, exd 7
04B4, ldi 0
04B5, exd 7
04B6, ldi 0
04B7, ex 7
04B8, tm 3c 13
04B9, ld 7
04BA, skf1
04BB, t 3c
04BC, tm 23 13
04BD, ex 7
04BE, ldi 0
04BF, lb 2f
04C0, tml 5f
04C1, tl f 47
04C2, lbl be
04C3, lbl be
04C4, exd 7
04C5, exd 7
04C6, ex 7
04C7, tml b9
04C8, lbl ad
04C9, ld 1
04CA, exd 1
04CB, t 38
04CC, t 1f
04CD, tml fc
04CE, tl f 40
04CF, sag
04D0, ex 7
04D1, ex 7
04D2, lb 2f
04D3, lb 2f
04D4, tm 15 00
04D5, lb 30
04D6, tm 17 ae
04D7, incb
04D8, ld 0
04D9, tm 17 ae
04DA, skf2
04DB, t 27
04DC, skf1
04DD, t 1f
04DE, tml 09
04DF, lbl be
04E0, lbl be
04E1, tm 15 00
04E2, t 3e
04E3, tml 6f
04E4, tm 25 fe
04E5, lbl a0
04E6, tm 3d 01
04E7, ex 2
04E8, tl 2 96
04E9, sf2
04EA, skf1
04EB, t 2c
04EC, tl f 18
04ED, tl f 36
04EE, tl f 1f
04EF, lb f9
04F0, t 3a
04F1, t 3a
04F2, lbl ec
04F3, tml 8b
04F4, tl f d6
04F5, tml 83
04F6, t 38
04F7, t 3e
04F8, tl b 60
04F9, tl b 60
04FA, tm 17 85
04FB, skf2
04FC, t 15
04FD, rf2
04FE, tml 56
04FF, tml 56
0500, tml ac
0501, lbl ff
0502, tm 3b 93
0503, lb f6
0504, tm 27 05
0505, tl d 31
0506, tml 56
0507, tml 56
0508, tml ac
0509, tm 1a 77
050A, tm 17 8f
050B, incb
050C, ld 7
050D, lb 16
050E, t 28
050F, decb
0510, tm 17 85
0511, rf1
0512, t 15
0513, tm 17 85
0514, tml 56
0515, t 11
0516, ldi 7
0517, tm 17 b5
0518, incb
0519, ldi 3
051A, tm 16 85
051B, t 06
051C, t 06
051D, tm 17 85
051E, incb
051F, incb
0520, tm 17 85
0521, t 06
0522, t 3e
0523, tl b 60
0524, lb f8
0525, t 0a
0526, tm 37 ba
0527, tm 33 01
0528, lbl 50
0529, exd 1
052A, lb 71
052B, tm 17 9c
052C, lbl b1
052D, tm 3b b1
052E, tml 24
052F, t 38
0530, t 31
0531, lb f6
0532, tm 2c cf
0533, tm 3d 88
0534, ldi 2
0535, tm 17 a4
0536, lbl b1
0537, tm 3b b8
0538, t 31
0539, ldi 4
053A, tm 17 ab
053B, tml 24
053C, t 31
053D, t 38
053E, t 38
053F, tm 17 b8
0540, lb f8
0541, t 38
0542, lb fa
0543, t 35
0544, t 16
0545, tm 29 55
0546, comp
0547, tl a 5a
0548, tm 34 cf
0549, tm 39 8a
054A, t 06
054B, t 31
054C, lbl 00
054D, lbl 00
054E, lbl 00
054F, lbl 00
0550, lbl 00
0551, lbl 00
0552, lbl 00
0553, lbl 00
0554, lbl 00
0555, lbl 00
0556, lbl 00
0557, lbl 00
0558, lbl 00
0559, lbl 00
055A, lbl 00
055B, lbl 00
055C, lbl 00
055D, lbl 00
055E, lbl 00
055F, lbl 00
0560, lbl 00
0561, lbl 00
0562, lbl 00
0563, lbl 00
0564, lbl 00
0565, lbl 00
0566, lbl 00
0567, lbl 00
0568, lbl 00
0569, lbl 00
056A, lbl 00
056B, lbl 00
056C, lbl 00
056D, lbl 00
056E, lbl 00
056F, lbl 00
0570, lbl 00
0571, lbl 00
0572, lbl 00
0573, lbl 00
0574, lbl 00
0575, lbl 00
0576, lbl 00
0577, lbl 00
0578, lbl 00
0579, lbl 00
057A, lbl 00
057B, lbl 00
057C, lbl 00
057D, lbl 00
057E, lbl 00
057F, lbl 00
0580, lbl 00
0581, lbl 00
0582, lbl 00
0583, lbl 00
0584, lbl 00
0585, lbl 00
0586, lbl 00
0587, lbl 00
0588, lbl 00
0589, lbl 00
058A, lbl 00
058B, lbl 00
058C, lbl 00
058D, lbl 00
058E, lbl 00
058F, lbl 00
0590, lbl 00
0591, lbl 00
0592, lbl 00
0593, lbl 00
0594, lbl 00
0595, lbl 00
0596, lbl 00
0597, lbl 00
0598, lbl 00
0599, lbl 00
059A, lbl 00
059B, lbl 00
059C, lbl 00
059D, lbl 00
059E, lbl 00
059F, lbl 00
05A0, lbl 00
05A1, lbl 00
05A2, lbl 00
05A3, lbl 00
05A4, lbl 00
05A5, lbl 00
05A6, lbl 00
05A7, lbl 00
05A8, lbl 00
05A9, lbl 00
05AA, lbl 00
05AB, lbl 00
05AC, lbl 00
05AD, lbl 00
05AE, lbl 00
05AF, lbl 00
05B0, lbl 00
05B1, lbl 00
05B2, lbl 00
05B3, lbl 00
05B4, lbl 00
05B5, lbl 00
05B6, lbl 00
05B7, lbl 00
05B8, lbl 00
05B9, lbl 00
05BA, lbl 00
05BB, lbl 00
05BC, lbl 00
05BD, lbl 00
05BE, lbl 00
05BF, lbl 00
05C0, lbl 00
05C1, lbl 00
05C2, lbl 00
05C3, lbl 00
05C4, lbl 00
05C5, lbl 00
05C6, lbl 00
05C7, lbl 00
05C8, lbl 00
05C9, lbl 00
05CA, lbl 00
05CB, lbl 00
05CC, lbl 00
05CD, lbl 00
05CE, lbl 00
05CF, lbl 00
05D0, lbl 00
05D1, lbl 00
05D2, lbl 00
05D3, lbl 00
05D4, lbl 00
05D5, lbl 00
05D6, lbl 00
05D7, lbl 00
05D8, lbl 00
05D9, lbl 00
05DA, lbl 00
05DB, lbl 00
05DC, lbl 00
05DD, lbl 00
05DE, lbl 00
05DF, lbl 00
05E0, lbl 00
05E1, lbl 00
05E2, lbl 00
05E3, lbl 00
05E4, lbl 00
05E5, lbl 00
05E6, lbl 00
05E7, lbl 00
05E8, lbl 00
05E9, lbl 00
05EA, lbl 00
05EB, lbl 00
05EC, lbl 00
05ED, lbl 00
05EE, lbl 00
05EF, lbl 00
05F0, lbl 00
05F1, lbl 00
05F2, lbl 00
05F3, lbl 00
05F4, lbl 00
05F5, lbl 00
05F6, lbl 00
05F7, lbl 00
05F8, lbl 00
05F9, lbl 00
05FA, lbl 00
05FB, lbl 00
05FC, lbl 00
05FD, lbl 00
05FE, lbl 00
05FF, lbl 00
0600, lbl 00
0601, lbl 00
0602, lbl 00
0603, lbl 00
0604, lbl 00
0605, lbl 00
0606, lbl 00
0607, lbl 00
0608, lbl 00
0609, lbl 00
060A, lbl 00
060B, lbl 00
060C, lbl 00
060D, lbl 00
060E, lbl 00
060F, lbl 00
0610, lbl 00
0611, lbl 00
0612, lbl 00
0613, lbl 00
0614, lbl 00
0615, lbl 00
0616, lbl 00
0617, lbl 00
0618, lbl 00
0619, lbl 00
061A, lbl 00
061B, lbl 00
061C, lbl 00
061D, lbl 00
061E, lbl 00
061F, lbl 00
0620, lbl 00
0621, lbl 00
0622, lbl 00
0623, lbl 00
0624, lbl 00
0625, lbl 00
0626, lbl 00
0627, lbl 00
0628, lbl 00
0629, lbl 00
062A, lbl 00
062B, lbl 00
062C, lbl 00
062D, lbl 00
062E, lbl 00
062F, lbl 00
0630, lbl 00
0631, lbl 00
0632, lbl 00
0633, lbl 00
0634, lbl 00
0635, lbl 00
0636, lbl 00
0637, lbl 00
0638, lbl 00
0639, lbl 00
063A, lbl 00
063B, lbl 00
063C, lbl 00
063D, lbl 00
063E, lbl 00
063F, lbl 00
0640, lbl 00
0641, lbl 00
0642, lbl 00
0643, lbl 00
0644, lbl 00
0645, lbl 00
0646, lbl 00
0647, lbl 00
0648, lbl 00
0649, lbl 00
064A, lbl 00
064B, lbl 00
064C, lbl 00
064D, lbl 00
064E, lbl 00
064F, lbl 00
0650, lbl 00
0651, lbl 00
0652, lbl 00
0653, lbl 00
0654, lbl 00
0655, lbl 00
0656, lbl 00
0657, lbl 00
0658, lbl 00
0659, lbl 00
065A, lbl 00
065B, lbl 00
065C, lbl 00
065D, lbl 00
065E, lbl 00
065F, lbl 00
0660, lbl 00
0661, lbl 00
0662, lbl 00
0663, lbl 00
0664, lbl 00
0665, lbl 00
0666, lbl 00
0667, lbl 00
0668, lbl 00
0669, lbl 00
066A, lbl 00
066B, lbl 00
066C, lbl 00
066D, lbl 00
066E, lbl 00
066F, lbl 00
0670, lbl 00
0671, lbl 00
0672, lbl 00
0673, lbl 00
0674, lbl 00
0675, lbl 00
0676, lbl 00
0677, lbl 00
0678, lbl 00
0679, lbl 00
067A, lbl 00
067B, lbl 00
067C, lbl 00
067D, lbl 00
067E, lbl 00
067F, lbl 00
0680, lbl 00
0681, lbl 00
0682, lbl 00
0683, lbl 00
0684, lbl 00
0685, lbl 00
0686, lbl 00
0687, lbl 00
0688, lbl 00
0689, lbl 00
068A, lbl 00
068B, lbl 00
068C, lbl 00
068D, lbl 00
068E, lbl 00
068F, lbl 00
0690, lbl 00
0691, lbl 00
0692, lbl 00
0693, lbl 00
0694, lbl 00
0695, lbl 00
0696, lbl 00
0697, lbl 00
0698, lbl 00
0699, lbl 00
069A, lbl 00
069B, lbl 00
069C, lbl 00
069D, lbl 00
069E, lbl 00
069F, lbl 00
06A0, lbl 00
06A1, lbl 00
06A2, lbl 00
06A3, lbl 00
06A4, lbl 00
06A5, lbl 00
06A6, lbl 00
06A7, lbl 00
06A8, lbl 00
06A9, lbl 00
06AA, lbl 00
06AB, lbl 00
06AC, lbl 00
06AD, lbl 00
06AE, lbl 00
06AF, lbl 00
06B0, lbl 00
06B1, lbl 00
06B2, lbl 00
06B3, lbl 00
06B4, lbl 00
06B5, lbl 00
06B6, lbl 00
06B7, lbl 00
06B8, lbl 00
06B9, lbl 00
06BA, lbl 00
06BB, lbl 00
06BC, lbl 00
06BD, lbl 00
06BE, lbl 00
06BF, lbl 00
06C0, lbl 00
06C1, lbl 00
06C2, lbl 00
06C3, lbl 00
06C4, lbl 00
06C5, lbl 00
06C6, lbl 00
06C7, lbl 00
06C8, lbl 00
06C9, lbl 00
06CA, lbl 00
06CB, lbl 00
06CC, lbl 00
06CD, lbl 00
06CE, lbl 00
06CF, lbl 00
06D0, lbl 00
06D1, lbl 00
06D2, lbl 00
06D3, lbl 00
06D4, lbl 00
06D5, lbl 00
06D6, lbl 00
06D7, lbl 00
06D8, lbl 00
06D9, lbl 00
06DA, lbl 00
06DB, lbl 00
06DC, lbl 00
06DD, lbl 00
06DE, lbl 00
06DF, lbl 00
06E0, lbl 00
06E1, lbl 00
06E2, lbl 00
06E3, lbl 00
06E4, lbl 00
06E5, lbl 00
06E6, lbl 00
06E7, lbl 00
06E8, lbl 00
06E9, lbl 00
06EA, lbl 00
06EB, lbl 00
06EC, lbl 00
06ED, lbl 00
06EE, lbl 00
06EF, lbl 00
06F0, lbl 00
06F1, lbl 00
06F2, lbl 00
06F3, lbl 00
06F4, lbl 00
06F5, lbl 00
06F6, lbl 00
06F7, lbl 00
06F8, lbl 00
06F9, lbl 00
06FA, lbl 00
06FB, lbl 00
06FC, lbl 00
06FD, lbl 00
06FE, lbl 00
06FF, lbl 00
0700, lbl 00
0701, lbl 00
0702, lbl 00
0703, lbl 00
0704, lbl 00
0705, lbl 00
0706, lbl 00
0707, lbl 00
0708, lbl 00
0709, lbl 00
070A, lbl 00
070B, lbl 00
070C, lbl 00
070D, lbl 00
070E, lbl 00
070F, lbl 00
0710, lbl 00
0711, lbl 00
0712, lbl 00
0713, lbl 00
0714, lbl 00
0715, lbl 00
0716, lbl 00
0717, lbl 00
0718, lbl 00
0719, lbl 00
071A, lbl 00
071B, lbl 00
071C, lbl 00
071D, lbl 00
071E, lbl 00
071F, lbl 00
0720, lbl 00
0721, lbl 00
0722, lbl 00
0723, lbl 00
0724, lbl 00
0725, lbl 00
0726, lbl 00
0727, lbl 00
0728, lbl 00
0729, lbl 00
072A, lbl 00
072B, lbl 00
072C, lbl 00
072D, lbl 00
072E, lbl 00
072F, lbl 00
0730, lbl 00
0731, lbl 00
0732, lbl 00
0733, lbl 00
0734, lbl 00
0735, lbl 00
0736, lbl 00
0737, lbl 00
0738, lbl 00
0739, lbl 00
073A, lbl 00
073B, lbl 00
073C, lbl 00
073D, lbl 00
073E, lbl 00
073F, lbl 00
0740, lbl 00
0741, lbl 00
0742, lbl 00
0743, lbl 00
0744, lbl 00
0745, lbl 00
0746, lbl 00
0747, lbl 00
0748, lbl 00
0749, lbl 00
074A, lbl 00
074B, lbl 00
074C, lbl 00
074D, lbl 00
074E, lbl 00
074F, lbl 00
0750, lbl 00
0751, lbl 00
0752, lbl 00
0753, lbl 00
0754, lbl 00
0755, lbl 00
0756, lbl 00
0757, lbl 00
0758, lbl 00
0759, lbl 00
075A, lbl 00
075B, lbl 00
075C, lbl 00
075D, lbl 00
075E, lbl 00
075F, lbl 00
0760, lbl 00
0761, lbl 00
0762, lbl 00
0763, lbl 00
0764, lbl 00
0765, lbl 00
0766, lbl 00
0767, lbl 00
0768, lbl 00
0769, lbl 00
076A, lbl 00
076B, lbl 00
076C, lbl 00
076D, lbl 00
076E, lbl 00
076F, lbl 00
0770, lbl 00
0771, lbl 00
0772, lbl 00
0773, lbl 00
0774, lbl 00
0775, lbl 00
0776, lbl 00
0777, lbl 00
0778, lbl 00
0779, lbl 00
077A, lbl 00
077B, lbl 00
077C, lbl 00
077D, lbl 00
077E, lbl 00
077F, lbl 00
0780, lbl 00
0781, lbl 00
0782, lbl 00
0783, lbl 00
0784, lbl 00
0785, lbl 00
0786, lbl 00
0787, lbl 00
0788, lbl 00
0789, lbl 00
078A, lbl 00
078B, lbl 00
078C, lbl 00
078D, lbl 00
078E, lbl 00
078F, lbl 00
0790, lbl 00
0791, lbl 00
0792, lbl 00
0793, lbl 00
0794, lbl 00
0795, lbl 00
0796, lbl 00
0797, lbl 00
0798, lbl 00
0799, lbl 00
079A, lbl 00
079B, lbl 00
079C, lbl 00
079D, lbl 00
079E, lbl 00
079F, lbl 00
07A0, lbl 00
07A1, lbl 00
07A2, lbl 00
07A3, lbl 00
07A4, lbl 00
07A5, lbl 00
07A6, lbl 00
07A7, lbl 00
07A8, lbl 00
07A9, lbl 00
07AA, lbl 00
07AB, lbl 00
07AC, lbl 00
07AD, lbl 00
07AE, lbl 00
07AF, lbl 00
07B0, lbl 00
07B1, lbl 00
07B2, lbl 00
07B3, lbl 00
07B4, lbl 00
07B5, lbl 00
07B6, lbl 00
07B7, lbl 00
07B8, lbl 00
07B9, lbl 00
07BA, lbl 00
07BB, lbl 00
07BC, lbl 00
07BD, lbl 00
07BE, lbl 00
07BF, lbl 00
07C0, lbl 00
07C1, lbl 00
07C2, lbl 00
07C3, lbl 00
07C4, lbl 00
07C5, lbl 00
07C6, lbl 00
07C7, lbl 00
07C8, lbl 00
07C9, lbl 00
07CA, lbl 00
07CB, lbl 00
07CC, lbl 00
07CD, lbl 00
07CE, lbl 00
07CF, lbl 00
07D0, lbl 00
07D1, lbl 00
07D2, lbl 00
07D3, lbl 00
07D4, lbl 00
07D5, lbl 00
07D6, lbl 00
07D7, lbl 00
07D8, lbl 00
07D9, lbl 00
07DA, lbl 00
07DB, lbl 00
07DC, lbl 00
07DD, lbl 00
07DE, lbl 00
07DF, lbl 00
07E0, lbl 00
07E1, lbl 00
07E2, lbl 00
07E3, lbl 00
07E4, lbl 00
07E5, lbl 00
07E6, lbl 00
07E7, lbl 00
07E8, lbl 00
07E9, lbl 00
07EA, lbl 00
07EB, lbl 00
07EC, lbl 00
07ED, lbl 00
07EE, lbl 00
07EF, lbl 00
07F0, lbl 00
07F1, lbl 00
07F2, lbl 00
07F3, lbl 00
07F4, lbl 00
07F5, lbl 00
07F6, lbl 00
07F7, lbl 00
07F8, lbl 00
07F9, lbl 00
07FA, lbl 00
07FB, lbl 00
07FC, lbl 00
07FD, lbl 00
07FE, lbl 00
07FF, lbl 00

