
0000, tm 29 e2
0001, lbl 92
0002, tm 23 3f
0003, lbl 92
0004, tml 02
0005, skc
0006, t 12
0007, skc
0008, t 15
0009, lb 02
000A, t 39
000B, t 06
000C, tml a9
000D, t 0c
000E, lbl 92
000F, tm 2e cc
0010, tm 3b 9d
0011, tl 3 d5
0012, tl 3 d5
0013, skf1
0014, lxa
0015, lax
0016, adi 1
0017, t 2b
0018, tml 4b
0019, rf1
001A, lb 02
001B, t 39
001C, tl 3 f0
001D, tm 1b 22
001E, t 26
001F, t 26
0020, tm 12 7c
0021, tm 13 e1
0022, tm 18 c4
0023, tm 29 c2
0024, tm 2a 50
0025, exd 1
0026, rc
0027, ldi 0
0028, adc
0029, exd 7
002A, t 3b
002B, rtn
002C, lb 3f
002D, tm 37 05
002E, tm 3a 88
002F, tl 3 60
0030, lb f6
0031, tl d de
0032, lb 3f
0033, tm 37 91
0034, rtn
0035, tl 3 64
0036, lb 3f
0037, tm 3a 05
0038, tl 3 68
0039, ldi 7
003A, tm 11 e1
003B, lb 59
003C, skbi 0
003D, tml a9
003E, lbl 9f
003F, tm 31 16
0040, t 27
0041, t 29
0042, tml 93
0043, lbl 90
0044, ld 5
0045, sf1
0046, comp
0047, adsk
0048, t 3a
0049, rf1
004A, tml 93
004B, lb fb
004C, t 1f
004D, tml b7
004E, tm 22 a4
004F, adi e
0050, t 33
0051, tm 1d 1f
0052, tl 4 80
0053, ld 5
0054, eor
0055, lb 0c
0056, lbl e1
0057, ex 7
0058, tm 38 8e
0059, lbl 92
005A, tm 2e 54
005B, t 29
005C, lbl 92
005D, tml 02
005E, lb fa
005F, t 38
0060, tml 13
0061, t 39
0062, lbl 92
0063, tm 2e 1f
0064, ld 7
0065, comp
0066, ex 7
0067, lbl f9
0068, ldi 2
0069, tml 9a
006A, lbl 92
006B, tml 02
006C, t 38
006D, skc
006E, t 38
006F, lbl 90
0070, tm 3b b2
0071, lb f6
0072, t 0e
0073, t 0e
0074, lbl 9f
0075, tm 31 02
0076, t 29
0077, rtn
0078, tml 22
0079, rtn
007A, tm 3f 05
007B, tl b 60
007C, ldi 3
007D, lxa
007E, lb f7
007F, t 06
0080, t 0a
0081, lax
0082, adi 1
0083, lxa
0084, lxa
0085, lbl e2
0086, lax
0087, xabl
0088, ld 7
0089, skz
008A, t 2c
008B, lbl d6
008C, decb
008D, ld 7
008E, lbl e2
008F, xax
0090, xabl
0091, xax
0092, ex 7
0093, xabl
0094, xax
0095, tm 1b 00
0096, tm 16 37
0097, lbl e2
0098, xax
0099, xabl
009A, xax
009B, ex 7
009C, lbl c2
009D, tm 2c f6
009E, rtn
009F, lax
00A0, xabl
00A1, skbi 4
00A2, t 06
00A3, t 2b
00A4, t 2b
00A5, tm 11 7e
00A6, tm 12 e1
00A7, tm 14 d9
00A8, lb ed
00A9, tm 35 dd
00AA, tml ac
00AB, tl f 69
00AC, lb 77
00AD, ex 7
00AE, lbl c7
00AF, ldi 7
00B0, and
00B1, ex 7
00B2, lb f3
00B3, lb f4
00B4, lb f4
00B5, lb fd
00B6, lb e9
00B7, lb fb
00B8, t 18
00B9, tm 34 c3
00BA, tm 35 50
00BB, exd 1
00BC, exd 1
00BD, tm 12 76
00BE, tm 13 e1
00BF, tm 14 d9
00C0, sf1
00C1, tml 8f
00C2, tml 12
00C3, tl 8 ab
00C4, ldi 7
00C5, tm 12 e1
00C6, tml b6
00C7, tm 26 01
00C8, lb 58
00C9, t 3b
00CA, t 3b
00CB, tm 12 e1
00CC, lb fd
00CD, tml b6
00CE, tl 8 b0
00CF, tl 8 b0
00D0, tm 11 e1
00D1, tl b 00
00D2, tm 27 02
00D3, skbi b
00D4, lbl e1
00D5, iol 3a
00D6, ex 7
00D7, tm 38 8e
00D8, ldi 0
00D9, iol 2e
00DA, t 01
00DB, ldi 1
00DC, iol 2e
00DD, tm 27 05
00DE, lbl a0
00DF, ldi 3
00E0, exd 7
00E1, exd 7
00E2, exd 7
00E3, exd 7
00E4, exd 7
00E5, ldi 6
00E6, exd 7
00E7, ldi 6
00E8, exd 7
00E9, exd 7
00EA, exd 7
00EB, ldi 6
00EC, exd 7
00ED, exd 7
00EE, exd 7
00EF, exd 7
00F0, exd 7
00F1, ldi 7
00F2, exd 7
00F3, exd 7
00F4, exd 7
00F5, exd 7
00F6, exd 7
00F7, exd 7
00F8, exd 7
00F9, exd 7
00FA, exd 7
00FB, exd 7
00FC, exd 7
00FD, tm 29 05
00FE, ldi 5
00FF, ex 7
0100, ex 7
0101, adi 9
0102, t 3a
0103, skz
0104, rtn
0105, rtnsk
0106, t 3e
0107, tl b 60
0108, rf2
0109, tm 37 88
010A, tm 38 89
010B, tm 39 8a
010C, ldi 7
010D, ldi 7
010E, ldi 7
010F, ldi 7
0110, ex 7
0111, lbl c2
0112, tm 39 a4
0113, tm 35 00
0114, tm 18 37
0115, incb
0116, ex 7
0117, lax
0118, incb
0119, ex 7
011A, lbl d8
011B, iol 3a
011C, comp
011D, ex 7
011E, skf1
011F, tm 38 05
0120, tl 5 c0
0121, lbl d6
0122, lax
0123, tm 17 be
0124, decb
0125, ld 7
0126, decb
0127, tm 17 91
0128, skf1
0129, t 31
012A, t 3c
012B, lbl d7
012C, lbl d7
012D, tm 17 bc
012E, incb
012F, ldi 4
0130, tm 17 bc
0131, tl 6 cb
0132, tl 4 c0
0133, tl 5 db
0134, rf1
0135, rf1
0136, lxa
0137, lax
0138, comp
0139, doa
013A, ldi 0
013B, adi e
013C, t 07
013D, lbl d8
013E, t 0e
013F, sf1
0140, t 09
0141, iol 1a
0142, comp
0143, ex 7
0144, lbl c2
0145, tm 3a b9
0146, lbl d8
0147, ld 7
0148, skz
0149, t 3d
014A, skf1
014B, t 3b
014C, lax
014D, adi e
014E, rtn
014F, skf2
0150, t 30
0151, rf2
0152, lbl e1
0153, iol 29
0154, ex 7
0155, tm 38 b2
0156, lb 77
0157, lbua
0158, tm 2d 56
0159, lbl 21
015A, rtn
015B, lb 77
015C, lbua
015D, tm 3a ae
015E, tl 2 80
015F, tl 6 09
0160, tl 6 05
0161, tl 5 80
0162, t 2e
0163, lbl c2
0164, tm 2c ed
0165, rtn
0166, lax
0167, adi e
0168, t 18
0169, t 00
016A, lbl d6
016B, lax
016C, tm 17 95
016D, decb
016E, ld 7
016F, decb
0170, and
0171, skz
0172, rtn
0173, t 00
0174, skf1
0175, t 05
0176, rtn
0177, tl 5 c2
0178, ld 7
0179, comp
017A, iol 17
017B, tm 37 a4
017C, tm 38 a4
017D, tl b 40
017E, tl 6 5a
017F, ex 7
0180, lbl e2
0181, ld 7
0182, lxa
0183, lb 37
0184, adi e
0185, t 2f
0186, lb 19
0187, lax
0188, ex 7
0189, tm 3c 70
018A, xabl
018B, tm 24 c3
018C, tm 2c 5f
018D, lb 7c
018E, tm 11 e1
018F, tl e c0
0190, xs
0191, lbl d3
0192, cys
0193, exd 7
0194, skbi 9
0195, t 03
0196, cys
0197, xs
0198, tml 14
0199, lb fb
019A, tm 37 05
019B, tm 38 94
019C, dia
019D, adi 7
019E, t 16
019F, tml 4f
01A0, tml 56
01A1, tl 0 29
01A2, lb 02
01A3, tl 9 da
01A4, ld 7
01A5, lxa
01A6, skz
01A7, t 28
01A8, tml ee
01A9, lb e9
01AA, tl c fd
01AB, tml a2
01AC, t 39
01AD, incb
01AE, ld 7
01AF, lbl e2
01B0, exd 7
01B1, lax
01B2, ex 7
01B3, lb f8
01B4, t 37
01B5, tml 56
01B6, tl b 4e
01B7, lb e9
01B8, tl b 60
01B9, t 3e
01BA, tl b 60
01BB, lbl ec
01BC, ld 7
01BD, tm 10 37
01BE, adi 9
01BF, lxa
01C0, lbmx
01C1, lbmx
01C2, lbua
01C3, ldi 0
01C4, xabl
01C5, tm 24 14
01C6, tm 25 05
01C7, sf2
01C8, skf2
01C9, rf2
01CA, xbmx
01CB, labl
01CC, lbl cf
01CD, ex 7
01CE, incb
01CF, lax
01D0, ex 7
01D1, incb
01D2, ldi 0
01D3, ex 7
01D4, tm 27 c3
01D5, tm 34 14
01D6, tm 2b 21
01D7, lbl f9
01D8, tm 28 fc
01D9, tm 24 00
01DA, t 1f
01DB, tm 28 14
01DC, rtn
01DD, rf2
01DE, tml 10
01DF, tm 27 a4
01E0, tm 27 a4
01E1, tm 13 e1
01E2, tm 18 c1
01E3, tm 38 bc
01E4, ldi 6
01E5, tm 13 02
01E6, decb
01E7, tl 5 08
01E8, rf2
01E9, t 06
01EA, sf2
01EB, lb f6
01EC, lb f6
01ED, lb f6
01EE, tm 12 e1
01EF, tl c 40
01F0, tm 3e c4
01F1, tm 29 00
01F2, tm 22 7f
01F3, exd 7
01F4, skbi 3
01F5, t 10
01F6, lb ea
01F7, lbl c5
01F8, ldi 7
01F9, exd 7
01FA, exd 7
01FB, ex 7
01FC, lb fd
01FD, tl 6 e9
01FE, tm 2d 00
01FF, tm 2d fd
0200, tml 77
0201, tm 32 02
0202, skbi 2
0203, lb fd
0204, tml b6
0205, tm 25 03
0206, t 24
0207, tm 25 03
0208, t 32
0209, tm 25 03
020A, t 34
020B, tm 25 00
020C, lb ea
020D, tm 36 1f
020E, ldi 5
020F, ex 7
0210, tl 8 a2
0211, tl 8 a2
0212, tl 8 a2
0213, tl 8 a2
0214, tl 8 a2
0215, tl 8 a2
0216, tl 8 a2
0217, tl 8 a2
0218, tl 8 a2
0219, ldi 7
021A, ldi 6
021B, lb 3f
021C, ld 7
021D, tm 10 e1
021E, lb f9
021F, t 17
0220, tm 3a 99
0221, incb
0222, tl a 80
0223, tl a 2c
0224, tl a 22
0225, lb f7
0226, t 29
0227, tm 18 7a
0228, tm 12 7a
0229, tm 13 e1
022A, lb fd
022B, lb 56
022C, tm 20 56
022D, tm 26 21
022E, ldi 7
022F, t 30
0230, rf2
0231, rf2
0232, tm 13 7b
0233, tm 12 e1
0234, tm 18 cf
0235, tm 3d ce
0236, skf2
0237, t 3d
0238, tm 36 50
0239, exd 1
023A, tm 35 bb
023B, t 3b
023C, tm 3b ad
023D, tm 27 c2
023E, tm 3a 87
023F, t 21
0240, ldi 2
0241, tml 1c
0242, t 21
0243, lb 02
0244, t 3a
0245, tml 43
0246, tm 30 c6
0247, ex 7
0248, tml 13
0249, t 03
024A, lb f7
024B, t 1a
024C, t 1e
024D, lb f6
024E, tml b0
024F, lb f3
0250, t 03
0251, tml 22
0252, t 0b
0253, lb f7
0254, t 2f
0255, ldi 2
0256, tml e3
0257, t 0b
0258, tl 7 80
0259, tl 2 e4
025A, ldi 2
025B, tml 1c
025C, t 2b
025D, t 0b
025E, t 0b
025F, tm 11 e1
0260, tl e 40
0261, tl e 40
0262, tm 12 7b
0263, tm 13 e1
0264, tl 2 99
0265, lb fb
0266, t 04
0267, t 0c
0268, lbl b2
0269, tm 3b 8c
026A, tm 30 02
026B, t 2d
026C, t 00
026D, lb e9
026E, rtn
026F, lb f7
0270, lb f7
0271, ldi 2
0272, iol 2e
0273, lbl dc
0274, tm 29 c5
0275, ex 7
0276, t 1b
0277, t 1c
0278, iol 3a
0279, lbl e1
027A, ex 7
027B, tm 38 9a
027C, ldi 0
027D, iol 2e
027E, lbl dc
027F, ld 7
0280, lxa
0281, lb 70
0282, exd 7
0283, t 2b
0284, iol 3a
0285, lbl e1
0286, ex 7
0287, tm 3a b8
0288, tm 38 bb
0289, t 2e
028A, sf1
028B, tl 8 0b
028C, tl 0 29
028D, t 3e
028E, tl b 60
028F, lax
0290, adi a
0291, t 08
0292, lb ea
0293, tm 18 e7
0294, rtn
0295, lax
0296, lbl d9
0297, tm 17 8f
0298, lb eb
0299, lbl da
029A, lax
029B, tm 17 96
029C, lb ec
029D, lbl db
029E, lax
029F, tm 17 9d
02A0, lb ed
02A1, lb ed
02A2, lxa
02A3, lax
02A4, xabl
02A5, sag
02A6, ld 7
02A7, lbl dc
02A8, tm 17 a9
02A9, lb ea
02AA, lax
02AB, xabl
02AC, skbi 3
02AD, t 36
02AE, lb e3
02AF, lb 01
02B0, lb 03
02B1, adi c
02B2, tm 1b 9f
02B3, skbi 7
02B4, t 39
02B5, t 2d
02B6, skbi b
02B7, t 3c
02B8, t 2d
02B9, tl 8 00
02BA, tl b 60
02BB, tm 29 e2
02BC, lbl 92
02BD, tm 23 3f
02BE, lbl 92
02BF, tml 02
02C0, skc
02C1, t 12
02C2, skc
02C3, t 15
02C4, lb 02
02C5, t 39
02C6, t 06
02C7, tml a9
02C8, t 0c
02C9, lbl 92
02CA, tm 2e cc
02CB, tm 3b 9d
02CC, tl 3 d5
02CD, tl 3 d5
02CE, skf1
02CF, lxa
02D0, lax
02D1, adi 1
02D2, t 2b
02D3, tml 4b
02D4, rf1
02D5, lb 02
02D6, t 39
02D7, tl 3 f0
02D8, tm 1b 22
02D9, t 26
02DA, t 26
02DB, tm 12 7c
02DC, tm 13 e1
02DD, tm 18 c4
02DE, tm 29 c2
02DF, tm 2a 50
02E0, exd 1
02E1, rc
02E2, ldi 0
02E3, adc
02E4, exd 7
02E5, t 3b
02E6, rtn
02E7, lb 3f
02E8, tm 37 05
02E9, tm 3a 88
02EA, tl 3 60
02EB, lb f6
02EC, tl d de
02ED, lb 3f
02EE, tm 37 91
02EF, rtn
02F0, tl 3 64
02F1, lb 3f
02F2, tm 3a 05
02F3, tl 3 68
02F4, ldi 7
02F5, tm 11 e1
02F6, lb 59
02F7, skbi 0
02F8, tml a9
02F9, lbl 9f
02FA, tm 31 16
02FB, t 27
02FC, t 29
02FD, tml 93
02FE, lbl 90
02FF, ld 5
0300, sf1
0301, comp
0302, adsk
0303, t 3a
0304, rf1
0305, tml 93
0306, lb fb
0307, t 1f
0308, tml b7
0309, tm 22 a4
030A, adi e
030B, t 33
030C, tm 1d 1f
030D, tl 4 80
030E, ld 5
030F, eor
0310, lb 0c
0311, lbl e1
0312, ex 7
0313, tm 38 8e
0314, lbl 92
0315, tm 2e 54
0316, t 29
0317, lbl 92
0318, tml 02
0319, lb fa
031A, t 38
031B, tml 13
031C, t 39
031D, lbl 92
031E, tm 2e 1f
031F, ld 7
0320, comp
0321, ex 7
0322, lbl f9
0323, ldi 2
0324, tml 9a
0325, lbl 92
0326, tml 02
0327, t 38
0328, skc
0329, t 38
032A, lbl 90
032B, tm 3b b2
032C, lb f6
032D, t 0e
032E, t 0e
032F, lbl 9f
0330, tm 31 02
0331, t 29
0332, rtn
0333, tml 22
0334, rtn
0335, tm 3f 05
0336, tl b 60
0337, ldi 3
0338, lxa
0339, lb f7
033A, t 06
033B, t 0a
033C, lax
033D, adi 1
033E, lxa
033F, lxa
0340, lbl e2
0341, lax
0342, xabl
0343, ld 7
0344, skz
0345, t 2c
0346, lbl d6
0347, decb
0348, ld 7
0349, lbl e2
034A, xax
034B, xabl
034C, xax
034D, ex 7
034E, xabl
034F, xax
0350, tm 1b 00
0351, tm 16 37
0352, lbl e2
0353, xax
0354, xabl
0355, xax
0356, ex 7
0357, lbl c2
0358, tm 2c f6
0359, rtn
035A, lax
035B, xabl
035C, skbi 4
035D, t 06
035E, t 2b
035F, t 2b
0360, tm 11 7e
0361, tm 12 e1
0362, tm 14 d9
0363, lb ed
0364, tm 35 dd
0365, tml ac
0366, tl f 69
0367, lb 77
0368, ex 7
0369, lbl c7
036A, ldi 7
036B, and
036C, ex 7
036D, lb f3
036E, lb f4
036F, lb f4
0370, lb fd
0371, lb e9
0372, lb fb
0373, t 18
0374, tm 34 c3
0375, tm 35 50
0376, exd 1
0377, exd 1
0378, tm 12 76
0379, tm 13 e1
037A, tm 14 d9
037B, sf1
037C, tml 8f
037D, tml 12
037E, tl 8 ab
037F, ldi 7
0380, tm 12 e1
0381, tml b6
0382, tm 26 01
0383, lb 58
0384, t 3b
0385, t 3b
0386, tm 12 e1
0387, lb fd
0388, tml b6
0389, tl 8 b0
038A, tl 8 b0
038B, tm 11 e1
038C, tl b 00
038D, tm 27 02
038E, skbi b
038F, lbl e1
0390, iol 3a
0391, ex 7
0392, tm 38 8e
0393, ldi 0
0394, iol 2e
0395, t 01
0396, ldi 1
0397, iol 2e
0398, tm 27 05
0399, lbl a0
039A, ldi 3
039B, exd 7
039C, exd 7
039D, exd 7
039E, exd 7
039F, exd 7
03A0, ldi 6
03A1, exd 7
03A2, ldi 6
03A3, exd 7
03A4, exd 7
03A5, exd 7
03A6, ldi 6
03A7, exd 7
03A8, exd 7
03A9, exd 7
03AA, exd 7
03AB, exd 7
03AC, ldi 7
03AD, exd 7
03AE, exd 7
03AF, exd 7
03B0, exd 7
03B1, exd 7
03B2, exd 7
03B3, exd 7
03B4, exd 7
03B5, exd 7
03B6, exd 7
03B7, exd 7
03B8, tm 29 05
03B9, ldi 5
03BA, ex 7
03BB, ex 7
03BC, adi 9
03BD, t 3a
03BE, skz
03BF, rtn
03C0, rtnsk
03C1, t 3e
03C2, tl b 60
03C3, rf2
03C4, tm 37 88
03C5, tm 38 89
03C6, tm 39 8a
03C7, ldi 7
03C8, ldi 7
03C9, ldi 7
03CA, ldi 7
03CB, ex 7
03CC, lbl c2
03CD, tm 39 a4
03CE, tm 35 00
03CF, tm 18 37
03D0, incb
03D1, ex 7
03D2, lax
03D3, incb
03D4, ex 7
03D5, lbl d8
03D6, iol 3a
03D7, comp
03D8, ex 7
03D9, skf1
03DA, tm 38 05
03DB, tl 5 c0
03DC, lbl d6
03DD, lax
03DE, tm 17 be
03DF, decb
03E0, ld 7
03E1, decb
03E2, tm 17 91
03E3, skf1
03E4, t 31
03E5, t 3c
03E6, lbl d7
03E7, lbl d7
03E8, tm 17 bc
03E9, incb
03EA, ldi 4
03EB, tm 17 bc
03EC, tl 6 cb
03ED, tl 4 c0
03EE, tl 5 db
03EF, rf1
03F0, rf1
03F1, lxa
03F2, lax
03F3, comp
03F4, doa
03F5, ldi 0
03F6, adi e
03F7, t 07
03F8, lbl d8
03F9, t 0e
03FA, sf1
03FB, t 09
03FC, iol 1a
03FD, comp
03FE, ex 7
03FF, lbl c2
0400, tm 3a b9
0401, lbl d8
0402, ld 7
0403, skz
0404, t 3d
0405, skf1
0406, t 3b
0407, lax
0408, adi e
0409, rtn
040A, skf2
040B, t 30
040C, rf2
040D, lbl e1
040E, iol 29
040F, ex 7
0410, tm 38 b2
0411, lb 77
0412, lbua
0413, tm 2d 56
0414, lbl 21
0415, rtn
0416, lb 77
0417, lbua
0418, tm 3a ae
0419, tl 2 80
041A, tl 6 09
041B, tl 6 05
041C, tl 5 80
041D, t 2e
041E, lbl c2
041F, tm 2c ed
0420, rtn
0421, lax
0422, adi e
0423, t 18
0424, t 00
0425, lbl d6
0426, lax
0427, tm 17 95
0428, decb
0429, ld 7
042A, decb
042B, and
042C, skz
042D, rtn
042E, t 00
042F, skf1
0430, t 05
0431, rtn
0432, tl 5 c2
0433, ld 7
0434, comp
0435, iol 17
0436, tm 37 a4
0437, tm 38 a4
0438, tl b 40
0439, tl 6 5a
043A, ex 7
043B, lbl e2
043C, ld 7
043D, lxa
043E, lb 37
043F, adi e
0440, t 2f
0441, lb 19
0442, lax
0443, ex 7
0444, tm 3c 70
0445, xabl
0446, tm 24 c3
0447, tm 2c 5f
0448, lb 7c
0449, tm 11 e1
044A, tl e c0
044B, xs
044C, lbl d3
044D, cys
044E, exd 7
044F, skbi 9
0450, t 03
0451, cys
0452, xs
0453, tml 14
0454, lb fb
0455, tm 37 05
0456, tm 38 94
0457, dia
0458, adi 7
0459, t 16
045A, tml 4f
045B, tml 56
045C, tl 0 29
045D, lb 02
045E, tl 9 da
045F, ld 7
0460, lxa
0461, skz
0462, t 28
0463, tml ee
0464, lb e9
0465, tl c fd
0466, tml a2
0467, t 39
0468, incb
0469, ld 7
046A, lbl e2
046B, exd 7
046C, lax
046D, ex 7
046E, lb f8
046F, t 37
0470, tml 56
0471, tl b 4e
0472, lb e9
0473, tl b 60
0474, t 3e
0475, tl b 60
0476, lbl ec
0477, ld 7
0478, tm 10 37
0479, adi 9
047A, lxa
047B, lbmx
047C, lbmx
047D, lbua
047E, ldi 0
047F, xabl
0480, tm 24 14
0481, tm 25 05
0482, sf2
0483, skf2
0484, rf2
0485, xbmx
0486, labl
0487, lbl cf
0488, ex 7
0489, incb
048A, lax
048B, ex 7
048C, incb
048D, ldi 0
048E, ex 7
048F, tm 27 c3
0490, tm 34 14
0491, tm 2b 21
0492, lbl f9
0493, tm 28 fc
0494, tm 24 00
0495, t 1f
0496, tm 28 14
0497, rtn
0498, rf2
0499, tml 10
049A, tm 27 a4
049B, tm 27 a4
049C, tm 13 e1
049D, tm 18 c1
049E, tm 38 bc
049F, ldi 6
04A0, tm 13 02
04A1, decb
04A2, tl 5 08
04A3, rf2
04A4, t 06
04A5, sf2
04A6, lb f6
04A7, lb f6
04A8, lb f6
04A9, tm 12 e1
04AA, tl c 40
04AB, tm 3e c4
04AC, tm 29 00
04AD, tm 22 7f
04AE, exd 7
04AF, skbi 3
04B0, t 10
04B1, lb ea
04B2, lbl c5
04B3, ldi 7
04B4, exd 7
04B5, exd 7
04B6, ex 7
04B7, lb fd
04B8, tl 6 e9
04B9, tm 2d 00
04BA, tm 2d fd
04BB, tml 77
04BC, tm 32 02
04BD, skbi 2
04BE, lb fd
04BF, tml b6
04C0, tm 25 03
04C1, t 24
04C2, tm 25 03
04C3, t 32
04C4, tm 25 03
04C5, t 34
04C6, tm 25 00
04C7, lb ea
04C8, tm 36 1f
04C9, ldi 5
04CA, ex 7
04CB, tl 8 a2
04CC, tl 8 a2
04CD, tl 8 a2
04CE, tl 8 a2
04CF, tl 8 a2
04D0, tl 8 a2
04D1, tl 8 a2
04D2, tl 8 a2
04D3, tl 8 a2
04D4, ldi 7
04D5, ldi 6
04D6, lb 3f
04D7, ld 7
04D8, tm 10 e1
04D9, lb f9
04DA, t 17
04DB, tm 3a 99
04DC, incb
04DD, tl a 80
04DE, tl a 2c
04DF, tl a 22
04E0, lb f7
04E1, t 29
04E2, tm 18 7a
04E3, tm 12 7a
04E4, tm 13 e1
04E5, lb fd
04E6, lb 56
04E7, tm 20 56
04E8, tm 26 21
04E9, ldi 7
04EA, t 30
04EB, rf2
04EC, rf2
04ED, tm 13 7b
04EE, tm 12 e1
04EF, tm 18 cf
04F0, tm 3d ce
04F1, skf2
04F2, t 3d
04F3, tm 36 50
04F4, exd 1
04F5, tm 35 bb
04F6, t 3b
04F7, tm 3b ad
04F8, tm 27 c2
04F9, tm 3a 87
04FA, t 21
04FB, ldi 2
04FC, tml 1c
04FD, t 21
04FE, lb 02
04FF, t 3a
0500, tml 43
0501, tm 30 c6
0502, ex 7
0503, tml 13
0504, t 03
0505, lb f7
0506, t 1a
0507, t 1e
0508, lb f6
0509, tml b0
050A, lb f3
050B, t 03
050C, tml 22
050D, t 0b
050E, lb f7
050F, t 2f
0510, ldi 2
0511, tml e3
0512, t 0b
0513, tl 7 80
0514, tl 2 e4
0515, ldi 2
0516, tml 1c
0517, t 2b
0518, t 0b
0519, t 0b
051A, tm 11 e1
051B, tl e 40
051C, tl e 40
051D, tm 12 7b
051E, tm 13 e1
051F, tl 2 99
0520, lb fb
0521, t 04
0522, t 0c
0523, lbl b2
0524, tm 3b 8c
0525, tm 30 02
0526, t 2d
0527, t 00
0528, lb e9
0529, rtn
052A, lb f7
052B, lb f7
052C, ldi 2
052D, iol 2e
052E, lbl dc
052F, tm 29 c5
0530, ex 7
0531, t 1b
0532, t 1c
0533, iol 3a
0534, lbl e1
0535, ex 7
0536, tm 38 9a
0537, ldi 0
0538, iol 2e
0539, lbl dc
053A, ld 7
053B, lxa
053C, lb 70
053D, exd 7
053E, t 2b
053F, iol 3a
0540, lbl e1
0541, ex 7
0542, tm 3a b8
0543, tm 38 bb
0544, t 2e
0545, sf1
0546, tl 8 0b
0547, tl 0 29
0548, t 3e
0549, tl b 60
054A, lax
054B, adi a
054C, t 08
054D, lb ea
054E, tm 18 e7
054F, rtn
0550, lax
0551, lbl d9
0552, tm 17 8f
0553, lb eb
0554, lbl da
0555, lax
0556, tm 17 96
0557, lb ec
0558, lbl db
0559, lax
055A, tm 17 9d
055B, lb ed
055C, lb ed
055D, lxa
055E, lax
055F, xabl
0560, sag
0561, ld 7
0562, lbl dc
0563, tm 17 a9
0564, lb ea
0565, lax
0566, xabl
0567, skbi 3
0568, t 36
0569, lb e3
056A, lb 01
056B, lb 03
056C, adi c
056D, tm 1b 9f
056E, skbi 7
056F, t 39
0570, t 2d
0571, skbi b
0572, t 3c
0573, t 2d
0574, tl 8 00
0575, tl b 60
0576, lbl 00
0577, lbl 00
0578, lbl 00
0579, lbl 00
057A, lbl 00
057B, lbl 00
057C, lbl 00
057D, lbl 00
057E, lbl 00
057F, lbl 00
0580, lbl 00
0581, lbl 00
0582, lbl 00
0583, lbl 00
0584, lbl 00
0585, lbl 00
0586, lbl 00
0587, lbl 00
0588, lbl 00
0589, lbl 00
058A, lbl 00
058B, lbl 00
058C, lbl 00
058D, lbl 00
058E, lbl 00
058F, lbl 00
0590, lbl 00
0591, lbl 00
0592, lbl 00
0593, lbl 00
0594, lbl 00
0595, lbl 00
0596, lbl 00
0597, lbl 00
0598, lbl 00
0599, lbl 00
059A, lbl 00
059B, lbl 00
059C, lbl 00
059D, lbl 00
059E, lbl 00
059F, lbl 00
05A0, lbl 00
05A1, lbl 00
05A2, lbl 00
05A3, lbl 00
05A4, lbl 00
05A5, lbl 00
05A6, lbl 00
05A7, lbl 00
05A8, lbl 00
05A9, lbl 00
05AA, lbl 00
05AB, lbl 00
05AC, lbl 00
05AD, lbl 00
05AE, lbl 00
05AF, lbl 00
05B0, lbl 00
05B1, lbl 00
05B2, lbl 00
05B3, lbl 00
05B4, lbl 00
05B5, lbl 00
05B6, lbl 00
05B7, lbl 00
05B8, lbl 00
05B9, lbl 00
05BA, lbl 00
05BB, lbl 00
05BC, lbl 00
05BD, lbl 00
05BE, lbl 00
05BF, lbl 00
05C0, lbl 00
05C1, lbl 00
05C2, lbl 00
05C3, lbl 00
05C4, lbl 00
05C5, lbl 00
05C6, lbl 00
05C7, lbl 00
05C8, lbl 00
05C9, lbl 00
05CA, lbl 00
05CB, lbl 00
05CC, lbl 00
05CD, lbl 00
05CE, lbl 00
05CF, lbl 00
05D0, lbl 00
05D1, lbl 00
05D2, lbl 00
05D3, lbl 00
05D4, lbl 00
05D5, lbl 00
05D6, lbl 00
05D7, lbl 00
05D8, lbl 00
05D9, lbl 00
05DA, lbl 00
05DB, lbl 00
05DC, lbl 00
05DD, lbl 00
05DE, lbl 00
05DF, lbl 00
05E0, lbl 00
05E1, lbl 00
05E2, lbl 00
05E3, lbl 00
05E4, lbl 00
05E5, lbl 00
05E6, lbl 00
05E7, lbl 00
05E8, lbl 00
05E9, lbl 00
05EA, lbl 00
05EB, lbl 00
05EC, lbl 00
05ED, lbl 00
05EE, lbl 00
05EF, lbl 00
05F0, lbl 00
05F1, lbl 00
05F2, lbl 00
05F3, lbl 00
05F4, lbl 00
05F5, lbl 00
05F6, lbl 00
05F7, lbl 00
05F8, lbl 00
05F9, lbl 00
05FA, lbl 00
05FB, lbl 00
05FC, lbl 00
05FD, lbl 00
05FE, lbl 00
05FF, lbl 00
0600, lbl 00
0601, lbl 00
0602, lbl 00
0603, lbl 00
0604, lbl 00
0605, lbl 00
0606, lbl 00
0607, lbl 00
0608, lbl 00
0609, lbl 00
060A, lbl 00
060B, lbl 00
060C, lbl 00
060D, lbl 00
060E, lbl 00
060F, lbl 00
0610, lbl 00
0611, lbl 00
0612, lbl 00
0613, lbl 00
0614, lbl 00
0615, lbl 00
0616, lbl 00
0617, lbl 00
0618, lbl 00
0619, lbl 00
061A, lbl 00
061B, lbl 00
061C, lbl 00
061D, lbl 00
061E, lbl 00
061F, lbl 00
0620, lbl 00
0621, lbl 00
0622, lbl 00
0623, lbl 00
0624, lbl 00
0625, lbl 00
0626, lbl 00
0627, lbl 00
0628, lbl 00
0629, lbl 00
062A, lbl 00
062B, lbl 00
062C, lbl 00
062D, lbl 00
062E, lbl 00
062F, lbl 00
0630, lbl 00
0631, lbl 00
0632, lbl 00
0633, lbl 00
0634, lbl 00
0635, lbl 00
0636, lbl 00
0637, lbl 00
0638, lbl 00
0639, lbl 00
063A, lbl 00
063B, lbl 00
063C, lbl 00
063D, lbl 00
063E, lbl 00
063F, lbl 00
0640, lbl 00
0641, lbl 00
0642, lbl 00
0643, lbl 00
0644, lbl 00
0645, lbl 00
0646, lbl 00
0647, lbl 00
0648, lbl 00
0649, lbl 00
064A, lbl 00
064B, lbl 00
064C, lbl 00
064D, lbl 00
064E, lbl 00
064F, lbl 00
0650, lbl 00
0651, lbl 00
0652, lbl 00
0653, lbl 00
0654, lbl 00
0655, lbl 00
0656, lbl 00
0657, lbl 00
0658, lbl 00
0659, lbl 00
065A, lbl 00
065B, lbl 00
065C, lbl 00
065D, lbl 00
065E, lbl 00
065F, lbl 00
0660, lbl 00
0661, lbl 00
0662, lbl 00
0663, lbl 00
0664, lbl 00
0665, lbl 00
0666, lbl 00
0667, lbl 00
0668, lbl 00
0669, lbl 00
066A, lbl 00
066B, lbl 00
066C, lbl 00
066D, lbl 00
066E, lbl 00
066F, lbl 00
0670, lbl 00
0671, lbl 00
0672, lbl 00
0673, lbl 00
0674, lbl 00
0675, lbl 00
0676, lbl 00
0677, lbl 00
0678, lbl 00
0679, lbl 00
067A, lbl 00
067B, lbl 00
067C, lbl 00
067D, lbl 00
067E, lbl 00
067F, lbl 00
0680, lbl 00
0681, lbl 00
0682, lbl 00
0683, lbl 00
0684, lbl 00
0685, lbl 00
0686, lbl 00
0687, lbl 00
0688, lbl 00
0689, lbl 00
068A, lbl 00
068B, lbl 00
068C, lbl 00
068D, lbl 00
068E, lbl 00
068F, lbl 00
0690, lbl 00
0691, lbl 00
0692, lbl 00
0693, lbl 00
0694, lbl 00
0695, lbl 00
0696, lbl 00
0697, lbl 00
0698, lbl 00
0699, lbl 00
069A, lbl 00
069B, lbl 00
069C, lbl 00
069D, lbl 00
069E, lbl 00
069F, lbl 00
06A0, lbl 00
06A1, lbl 00
06A2, lbl 00
06A3, lbl 00
06A4, lbl 00
06A5, lbl 00
06A6, lbl 00
06A7, lbl 00
06A8, lbl 00
06A9, lbl 00
06AA, lbl 00
06AB, lbl 00
06AC, lbl 00
06AD, lbl 00
06AE, lbl 00
06AF, lbl 00
06B0, lbl 00
06B1, lbl 00
06B2, lbl 00
06B3, lbl 00
06B4, lbl 00
06B5, lbl 00
06B6, lbl 00
06B7, lbl 00
06B8, lbl 00
06B9, lbl 00
06BA, lbl 00
06BB, lbl 00
06BC, lbl 00
06BD, lbl 00
06BE, lbl 00
06BF, lbl 00
06C0, lbl 00
06C1, lbl 00
06C2, lbl 00
06C3, lbl 00
06C4, lbl 00
06C5, lbl 00
06C6, lbl 00
06C7, lbl 00
06C8, lbl 00
06C9, lbl 00
06CA, lbl 00
06CB, lbl 00
06CC, lbl 00
06CD, lbl 00
06CE, lbl 00
06CF, lbl 00
06D0, lbl 00
06D1, lbl 00
06D2, lbl 00
06D3, lbl 00
06D4, lbl 00
06D5, lbl 00
06D6, lbl 00
06D7, lbl 00
06D8, lbl 00
06D9, lbl 00
06DA, lbl 00
06DB, lbl 00
06DC, lbl 00
06DD, lbl 00
06DE, lbl 00
06DF, lbl 00
06E0, lbl 00
06E1, lbl 00
06E2, lbl 00
06E3, lbl 00
06E4, lbl 00
06E5, lbl 00
06E6, lbl 00
06E7, lbl 00
06E8, lbl 00
06E9, lbl 00
06EA, lbl 00
06EB, lbl 00
06EC, lbl 00
06ED, lbl 00
06EE, lbl 00
06EF, lbl 00
06F0, lbl 00
06F1, lbl 00
06F2, lbl 00
06F3, lbl 00
06F4, lbl 00
06F5, lbl 00
06F6, lbl 00
06F7, lbl 00
06F8, lbl 00
06F9, lbl 00
06FA, lbl 00
06FB, lbl 00
06FC, lbl 00
06FD, lbl 00
06FE, lbl 00
06FF, lbl 00
0700, lbl 00
0701, lbl 00
0702, lbl 00
0703, lbl 00
0704, lbl 00
0705, lbl 00
0706, lbl 00
0707, lbl 00
0708, lbl 00
0709, lbl 00
070A, lbl 00
070B, lbl 00
070C, lbl 00
070D, lbl 00
070E, lbl 00
070F, lbl 00
0710, lbl 00
0711, lbl 00
0712, lbl 00
0713, lbl 00
0714, lbl 00
0715, lbl 00
0716, lbl 00
0717, lbl 00
0718, lbl 00
0719, lbl 00
071A, lbl 00
071B, lbl 00
071C, lbl 00
071D, lbl 00
071E, lbl 00
071F, lbl 00
0720, lbl 00
0721, lbl 00
0722, lbl 00
0723, lbl 00
0724, lbl 00
0725, lbl 00
0726, lbl 00
0727, lbl 00
0728, lbl 00
0729, lbl 00
072A, lbl 00
072B, lbl 00
072C, lbl 00
072D, lbl 00
072E, lbl 00
072F, lbl 00
0730, lbl 00
0731, lbl 00
0732, lbl 00
0733, lbl 00
0734, lbl 00
0735, lbl 00
0736, lbl 00
0737, lbl 00
0738, lbl 00
0739, lbl 00
073A, lbl 00
073B, lbl 00
073C, lbl 00
073D, lbl 00
073E, lbl 00
073F, lbl 00
0740, lbl 00
0741, lbl 00
0742, lbl 00
0743, lbl 00
0744, lbl 00
0745, lbl 00
0746, lbl 00
0747, lbl 00
0748, lbl 00
0749, lbl 00
074A, lbl 00
074B, lbl 00
074C, lbl 00
074D, lbl 00
074E, lbl 00
074F, lbl 00
0750, lbl 00
0751, lbl 00
0752, lbl 00
0753, lbl 00
0754, lbl 00
0755, lbl 00
0756, lbl 00
0757, lbl 00
0758, lbl 00
0759, lbl 00
075A, lbl 00
075B, lbl 00
075C, lbl 00
075D, lbl 00
075E, lbl 00
075F, lbl 00
0760, lbl 00
0761, lbl 00
0762, lbl 00
0763, lbl 00
0764, lbl 00
0765, lbl 00
0766, lbl 00
0767, lbl 00
0768, lbl 00
0769, lbl 00
076A, lbl 00
076B, lbl 00
076C, lbl 00
076D, lbl 00
076E, lbl 00
076F, lbl 00
0770, lbl 00
0771, lbl 00
0772, lbl 00
0773, lbl 00
0774, lbl 00
0775, lbl 00
0776, lbl 00
0777, lbl 00
0778, lbl 00
0779, lbl 00
077A, lbl 00
077B, lbl 00
077C, lbl 00
077D, lbl 00
077E, lbl 00
077F, lbl 00
0780, lbl 00
0781, lbl 00
0782, lbl 00
0783, lbl 00
0784, lbl 00
0785, lbl 00
0786, lbl 00
0787, lbl 00
0788, lbl 00
0789, lbl 00
078A, lbl 00
078B, lbl 00
078C, lbl 00
078D, lbl 00
078E, lbl 00
078F, lbl 00
0790, lbl 00
0791, lbl 00
0792, lbl 00
0793, lbl 00
0794, lbl 00
0795, lbl 00
0796, lbl 00
0797, lbl 00
0798, lbl 00
0799, lbl 00
079A, lbl 00
079B, lbl 00
079C, lbl 00
079D, lbl 00
079E, lbl 00
079F, lbl 00
07A0, lbl 00
07A1, lbl 00
07A2, lbl 00
07A3, lbl 00
07A4, lbl 00
07A5, lbl 00
07A6, lbl 00
07A7, lbl 00
07A8, lbl 00
07A9, lbl 00
07AA, lbl 00
07AB, lbl 00
07AC, lbl 00
07AD, lbl 00
07AE, lbl 00
07AF, lbl 00
07B0, lbl 00
07B1, lbl 00
07B2, lbl 00
07B3, lbl 00
07B4, lbl 00
07B5, lbl 00
07B6, lbl 00
07B7, lbl 00
07B8, lbl 00
07B9, lbl 00
07BA, lbl 00
07BB, lbl 00
07BC, lbl 00
07BD, lbl 00
07BE, lbl 00
07BF, lbl 00
07C0, lbl 00
07C1, lbl 00
07C2, lbl 00
07C3, lbl 00
07C4, lbl 00
07C5, lbl 00
07C6, lbl 00
07C7, lbl 00
07C8, lbl 00
07C9, lbl 00
07CA, lbl 00
07CB, lbl 00
07CC, lbl 00
07CD, lbl 00
07CE, lbl 00
07CF, lbl 00
07D0, lbl 00
07D1, lbl 00
07D2, lbl 00
07D3, lbl 00
07D4, lbl 00
07D5, lbl 00
07D6, lbl 00
07D7, lbl 00
07D8, lbl 00
07D9, lbl 00
07DA, lbl 00
07DB, lbl 00
07DC, lbl 00
07DD, lbl 00
07DE, lbl 00
07DF, lbl 00
07E0, lbl 00
07E1, lbl 00
07E2, lbl 00
07E3, lbl 00
07E4, lbl 00
07E5, lbl 00
07E6, lbl 00
07E7, lbl 00
07E8, lbl 00
07E9, lbl 00
07EA, lbl 00
07EB, lbl 00
07EC, lbl 00
07ED, lbl 00
07EE, lbl 00
07EF, lbl 00
07F0, lbl 00
07F1, lbl 00
07F2, lbl 00
07F3, lbl 00
07F4, lbl 00
07F5, lbl 00
07F6, lbl 00
07F7, lbl 00
07F8, lbl 00
07F9, lbl 00
07FA, lbl 00
07FB, lbl 00
07FC, lbl 00
07FD, lbl 00
07FE, lbl 00
07FF, lbl 00

