
0000, tm 19 c1
0001, tm 3a a9
0002, lb f9
0003, t 2b
0004, lb d9
0005, lb fa
0006, t 29
0007, lb f9
0008, t 2b
0009, lb c0
000A, tm 37 b9
000B, tm 38 bb
000C, tm 3a b5
000D, tml c0
000E, tm 37 b9
000F, tm 38 bb
0010, tm 3a b5
0011, tml fa
0012, t 33
0013, t 33
0014, tm 11 02
0015, tl b 7f
0016, tl b fa
0017, t 33
0018, t 33
0019, tm 11 02
001A, tl b 7f
001B, tl b de
001C, tl b b1
001D, tl b c0
001E, lbl c5
001F, tm 39 de
0020, tl b b1
0021, tl b c0
0022, lbl c5
0023, tm 39 01
0024, tm 34 02
0025, tl b 01
0026, lb 14
0027, t 11
0028, tml f4
0029, tml 5b
002A, tml c0
002B, skf2
002C, t 11
002D, tml c1
002E, tm 35 8c
002F, lb fa
0030, t 27
0031, lb 03
0032, lb f5
0033, t 0c
0034, lb fa
0035, t 27
0036, lb 9b
0037, lbl f1
0038, ldi 5
0039, ex 7
003A, tl 2 7d
003B, lb 9b
003C, lbl f1
003D, ldi 5
003E, ex 7
003F, tl 2 7d
0040, lb ca
0041, tml 59
0042, tm 1a 03
0043, t 3b
0044, lbl fe
0045, lb 02
0046, tl 9 da
0047, tml bb
0048, lbl fe
0049, ldi 7
004A, tm 12 7e
004B, tm 13 e1
004C, tm 18 02
004D, ldi 7
004E, ldi 7
004F, tm 12 7e
0050, tm 13 e1
0051, tm 18 02
0052, ldi 7
0053, tml 4f
0054, lb f5
0055, tl 0 29
0056, ldi 6
0057, tm 12 02
0058, skbi f
0059, lb f5
005A, tl 0 29
005B, ldi 6
005C, tm 12 50
005D, exd 1
005E, exd 1
005F, tm 11 76
0060, tm 12 e1
0061, lb 50
0062, exd 1
0063, exd 1
0064, tm 11 76
0065, tm 12 e1
0066, lb 3f
0067, tl 0 29
0068, ldi 7
0069, tm 12 7a
006A, tm 13 e1
006B, ex 7
006C, tl 0 29
006D, ldi 7
006E, tm 12 7a
006F, tm 13 e1
0070, tm 13 e1
0071, tm 13 7b
0072, tm 12 cd
0073, tm 37 8d
0074, tm 33 78
0075, tm 13 7b
0076, tm 12 cd
0077, tm 37 8d
0078, tm 33 1e
0079, t 32
007A, incb
007B, ld 7
007C, skz
007D, t 34
007E, lb fa
007F, skz
0080, t 32
0081, incb
0082, ld 7
0083, skz
0084, t 34
0085, lb fa
0086, decb
0087, ld 7
0088, lbl dd
0089, xax
008A, exd 7
008B, xax
008C, ex 7
008D, decb
008E, ld 7
008F, lbl dd
0090, xax
0091, exd 7
0092, xax
0093, ex 7
0094, tm 30 99
0095, tl a 50
0096, tl a 57
0097, tl a 40
0098, tm 30 99
0099, tl a 50
009A, tl a 57
009B, tl a 40
009C, lbl df
009D, tm 29 c2
009E, tm 3a 96
009F, lb fd
00A0, lbl df
00A1, tm 29 c2
00A2, tm 3a 96
00A3, lb fd
00A4, tm 2d c1
00A5, tm 38 99
00A6, tm 2a 97
00A7, tm 2d 55
00A8, tm 2d c1
00A9, tm 38 99
00AA, tm 2a 97
00AB, tm 2d 55
00AC, tm 2c 55
00AD, adcsk
00AE, tml 86
00AF, t 2e
00B0, lb f9
00B1, tm 2c 55
00B2, adcsk
00B3, tml 86
00B4, t 2e
00B5, lb f9
00B6, tl 0 29
00B7, lbl c5
00B8, tm 2c 7a
00B9, t 3b
00BA, lbl 50
00BB, exd 1
00BC, lbl c5
00BD, tm 2c 7a
00BE, t 3b
00BF, lbl 76
00C0, tm 11 e1
00C1, rf2
00C2, t 09
00C3, ldi 5
00C4, tm 11 e1
00C5, ldi 6
00C6, tm 11 e1
00C7, rf2
00C8, t 09
00C9, ldi 5
00CA, tm 11 e1
00CB, tm 3b b3
00CC, dia
00CD, ex 7
00CE, tm 39 97
00CF, t 22
00D0, lb fb
00D1, t 33
00D2, dia
00D3, ex 7
00D4, tm 39 97
00D5, t 22
00D6, lb 32
00D7, ex 7
00D8, lb 14
00D9, t 27
00DA, tm 34 a8
00DB, tm 2b 32
00DC, ex 7
00DD, lb 14
00DE, t 27
00DF, tm 34 a8
00E0, tm 2b b6
00E1, tl d 80
00E2, skf2
00E3, ldi 1
00E4, ldi 2
00E5, ex 7
00E6, t 3c
00E7, t 36
00E8, tl d 80
00E9, skf2
00EA, ldi 1
00EB, ldi 2
00EC, ex 7
00ED, t 3c
00EE, tm 25 03
00EF, lbmx
00F0, lb f7
00F1, t 09
00F2, tm 33 5d
00F3, tm 25 03
00F4, lbmx
00F5, lb f7
00F6, t 09
00F7, tm 33 5d
00F8, tm 33 5d
00F9, exd 7
00FA, exd 7
00FB, exd 7
00FC, tm 29 00
00FD, lb ed
00FE, lb ed
00FF, exd 7
0100, exd 7
0101, exd 7
0102, tm 29 00
0103, lb ed
0104, ldi 2
0105, ldi 2
0106, t 29
0107, tml b0
0108, tml b0
0109, tml 5b
010A, ldi 2
010B, ldi 2
010C, t 29
010D, tml b0
010E, tml b0
010F, tml 5b
0110, t 3e
0111, tm 16 b4
0112, t 3e
0113, lbl c5
0114, tm 38 be
0115, t 3e
0116, tm 16 b4
0117, t 3e
0118, lbl c5
0119, tm 38 be
011A, tm 22 02
011B, t 37
011C, tl d ac
011D, tm 19 c1
011E, tm 2c e2
011F, tml b7
0120, tl d ac
0121, tm 19 c1
0122, tm 2c 03
0123, ldi 2
0124, t 16
0125, t 16
0126, tml 59
0127, ldi 6
0128, tm 12 03
0129, ldi 2
012A, t 16
012B, t 16
012C, tml 59
012D, ldi 6
012E, tm 12 77
012F, tm 12 78
0130, tm 13 e1
0131, lb 79
0132, exd 7
0133, ldi 7
0134, tm 12 78
0135, tm 13 e1
0136, lb 79
0137, exd 7
0138, lbl f4
0139, ldi 5
013A, exd 7
013B, t 32
013C, lb e6
013D, sf1
013E, lbl f4
013F, ldi 5
0140, exd 7
0141, t 32
0142, lb e6
0143, sf1
0144, tm 1d c1
0145, tm 3a a9
0146, lb f9
0147, t 2b
0148, lb d9
0149, lb fa
014A, t 29
014B, lb f9
014C, t 2b
014D, lb c0
014E, tm 37 b9
014F, tm 38 bb
0150, tm 3a b5
0151, tml c0
0152, tm 37 b9
0153, tm 38 bb
0154, tm 3a b5
0155, tml fa
0156, t 33
0157, t 33
0158, tm 11 02
0159, tl b 7f
015A, tl b fa
015B, t 33
015C, t 33
015D, tm 11 02
015E, tl b 7f
015F, tl b de
0160, tl b b1
0161, tl b c0
0162, lbl c5
0163, tm 39 de
0164, tl b b1
0165, tl b c0
0166, lbl c5
0167, tm 39 01
0168, tm 34 02
0169, tl b 01
016A, lb 14
016B, t 11
016C, tml f4
016D, tml 5b
016E, tml c0
016F, skf2
0170, t 11
0171, tml c1
0172, tm 35 8c
0173, lb fa
0174, t 27
0175, lb 03
0176, lb f5
0177, t 0c
0178, lb fa
0179, t 27
017A, lb 9b
017B, lbl f1
017C, ldi 5
017D, ex 7
017E, tl 2 7d
017F, lb 9b
0180, lbl f1
0181, ldi 5
0182, ex 7
0183, tl 2 7d
0184, lb ca
0185, tml 59
0186, tm 1a 03
0187, t 3b
0188, lbl fe
0189, lb 02
018A, tl 9 da
018B, tml bb
018C, lbl fe
018D, ldi 7
018E, tm 12 7e
018F, tm 13 e1
0190, tm 18 02
0191, ldi 7
0192, ldi 7
0193, tm 12 7e
0194, tm 13 e1
0195, tm 18 02
0196, ldi 7
0197, tml 4f
0198, lb f5
0199, tl 0 29
019A, ldi 6
019B, tm 12 02
019C, skbi f
019D, lb f5
019E, tl 0 29
019F, ldi 6
01A0, tm 12 50
01A1, exd 1
01A2, exd 1
01A3, tm 11 76
01A4, tm 12 e1
01A5, lb 50
01A6, exd 1
01A7, exd 1
01A8, tm 11 76
01A9, tm 12 e1
01AA, lb 3f
01AB, tl 0 29
01AC, ldi 7
01AD, tm 12 7a
01AE, tm 13 e1
01AF, ex 7
01B0, tl 0 29
01B1, ldi 7
01B2, tm 12 7a
01B3, tm 13 e1
01B4, tm 13 e1
01B5, tm 13 7b
01B6, tm 12 cd
01B7, tm 37 8d
01B8, tm 33 78
01B9, tm 13 7b
01BA, tm 12 cd
01BB, tm 37 8d
01BC, tm 33 1e
01BD, t 32
01BE, incb
01BF, ld 7
01C0, skz
01C1, t 34
01C2, lb fa
01C3, skz
01C4, t 32
01C5, incb
01C6, ld 7
01C7, skz
01C8, t 34
01C9, lb fa
01CA, decb
01CB, ld 7
01CC, lbl dd
01CD, xax
01CE, exd 7
01CF, xax
01D0, ex 7
01D1, decb
01D2, ld 7
01D3, lbl dd
01D4, xax
01D5, exd 7
01D6, xax
01D7, ex 7
01D8, tm 30 99
01D9, tl a 50
01DA, tl a 57
01DB, tl a 40
01DC, tm 30 99
01DD, tl a 50
01DE, tl a 57
01DF, tl a 40
01E0, lbl df
01E1, tm 29 c2
01E2, tm 3a 96
01E3, lb fd
01E4, lbl df
01E5, tm 29 c2
01E6, tm 3a 96
01E7, lb fd
01E8, tm 2d c1
01E9, tm 38 99
01EA, tm 2a 97
01EB, tm 2d 55
01EC, tm 2d c1
01ED, tm 38 99
01EE, tm 2a 97
01EF, tm 2d 55
01F0, tm 2c 55
01F1, adcsk
01F2, tml 86
01F3, t 2e
01F4, lb f9
01F5, tm 2c 55
01F6, adcsk
01F7, tml 86
01F8, t 2e
01F9, lb f9
01FA, tl 0 29
01FB, lbl c5
01FC, tm 2c 7a
01FD, t 3b
01FE, lbl 50
01FF, exd 1
0200, lbl c5
0201, tm 2c 7a
0202, t 3b
0203, lbl 76
0204, tm 11 e1
0205, rf2
0206, t 09
0207, ldi 5
0208, tm 11 e1
0209, ldi 6
020A, tm 11 e1
020B, rf2
020C, t 09
020D, ldi 5
020E, tm 11 e1
020F, tm 3b b3
0210, dia
0211, ex 7
0212, tm 39 97
0213, t 22
0214, lb fb
0215, t 33
0216, dia
0217, ex 7
0218, tm 39 97
0219, t 22
021A, lb 32
021B, ex 7
021C, lb 14
021D, t 27
021E, tm 34 a8
021F, tm 2b 32
0220, ex 7
0221, lb 14
0222, t 27
0223, tm 34 a8
0224, tm 2b b6
0225, tl d 80
0226, skf2
0227, ldi 1
0228, ldi 2
0229, ex 7
022A, t 3c
022B, t 36
022C, tl d 80
022D, skf2
022E, ldi 1
022F, ldi 2
0230, ex 7
0231, t 3c
0232, tm 25 03
0233, lbmx
0234, lb f7
0235, t 09
0236, tm 33 5d
0237, tm 25 03
0238, lbmx
0239, lb f7
023A, t 09
023B, tm 33 5d
023C, tm 33 5d
023D, exd 7
023E, exd 7
023F, exd 7
0240, tm 29 00
0241, lb ed
0242, lb ed
0243, exd 7
0244, exd 7
0245, exd 7
0246, tm 29 00
0247, lb ed
0248, ldi 2
0249, ldi 2
024A, t 29
024B, tml b0
024C, tml b0
024D, tml 5b
024E, ldi 2
024F, ldi 2
0250, t 29
0251, tml b0
0252, tml b0
0253, tml 5b
0254, t 3e
0255, tm 16 b4
0256, t 3e
0257, lbl c5
0258, tm 38 be
0259, t 3e
025A, tm 16 b4
025B, t 3e
025C, lbl c5
025D, tm 38 be
025E, tm 22 02
025F, t 37
0260, tl d ac
0261, tm 19 c1
0262, tm 2c e2
0263, tml b7
0264, tl d ac
0265, tm 19 c1
0266, tm 2c 03
0267, ldi 2
0268, t 16
0269, t 16
026A, tml 59
026B, ldi 6
026C, tm 12 03
026D, ldi 2
026E, t 16
026F, t 16
0270, tml 59
0271, ldi 6
0272, tm 12 77
0273, tm 12 78
0274, tm 13 e1
0275, lb 79
0276, exd 7
0277, ldi 7
0278, tm 12 78
0279, tm 13 e1
027A, lb 79
027B, exd 7
027C, lbl f4
027D, ldi 5
027E, exd 7
027F, t 32
0280, lb e6
0281, sf1
0282, lbl f4
0283, ldi 5
0284, exd 7
0285, t 32
0286, lb e6
0287, sf1
0288, tm 19 c1
0289, tm 3a a9
028A, lb f9
028B, t 2b
028C, lb d9
028D, lb fa
028E, t 29
028F, lb f9
0290, t 2b
0291, lb c0
0292, tm 37 b9
0293, tm 38 bb
0294, tm 3a b5
0295, tml c0
0296, tm 37 b9
0297, tm 38 bb
0298, tm 3a b5
0299, tml fa
029A, t 33
029B, t 33
029C, tm 11 02
029D, tl b 7f
029E, tl b fa
029F, t 33
02A0, t 33
02A1, tm 11 02
02A2, tl b 7f
02A3, tl b de
02A4, tl b b1
02A5, tl b c0
02A6, lbl c5
02A7, tm 39 de
02A8, tl b b1
02A9, tl b c0
02AA, lbl c5
02AB, tm 39 01
02AC, tm 34 02
02AD, tl b 01
02AE, lb 14
02AF, t 11
02B0, tml f4
02B1, tml 5b
02B2, tml c0
02B3, skf2
02B4, t 11
02B5, tml c1
02B6, tm 35 8c
02B7, lb fa
02B8, t 27
02B9, lb 03
02BA, lb f5
02BB, t 0c
02BC, lb fa
02BD, t 27
02BE, lb 9b
02BF, lbl f1
02C0, ldi 5
02C1, ex 7
02C2, tl 2 7d
02C3, lb 9b
02C4, lbl f1
02C5, ldi 5
02C6, ex 7
02C7, tl 2 7d
02C8, lb ca
02C9, tml 59
02CA, tm 1a 03
02CB, t 3b
02CC, lbl fe
02CD, lb 02
02CE, tl 9 da
02CF, tml bb
02D0, lbl fe
02D1, ldi 7
02D2, tm 12 7e
02D3, tm 13 e1
02D4, tm 18 02
02D5, ldi 7
02D6, ldi 7
02D7, tm 12 7e
02D8, tm 13 e1
02D9, tm 18 02
02DA, ldi 7
02DB, tml 4f
02DC, lb f5
02DD, tl 0 29
02DE, ldi 6
02DF, tm 12 02
02E0, skbi f
02E1, lb f5
02E2, tl 0 29
02E3, ldi 6
02E4, tm 12 50
02E5, exd 1
02E6, exd 1
02E7, tm 11 76
02E8, tm 12 e1
02E9, lb 50
02EA, exd 1
02EB, exd 1
02EC, tm 11 76
02ED, tm 12 e1
02EE, lb 3f
02EF, tl 0 29
02F0, ldi 7
02F1, tm 12 7a
02F2, tm 13 e1
02F3, ex 7
02F4, tl 0 29
02F5, ldi 7
02F6, tm 12 7a
02F7, tm 13 e1
02F8, tm 13 e1
02F9, tm 13 7b
02FA, tm 12 cd
02FB, tm 37 8d
02FC, tm 33 78
02FD, tm 13 7b
02FE, tm 12 cd
02FF, tm 37 8d
0300, tm 33 1e
0301, t 32
0302, incb
0303, ld 7
0304, skz
0305, t 34
0306, lb fa
0307, skz
0308, t 32
0309, incb
030A, ld 7
030B, skz
030C, t 34
030D, lb fa
030E, decb
030F, ld 7
0310, lbl dd
0311, xax
0312, exd 7
0313, xax
0314, ex 7
0315, decb
0316, ld 7
0317, lbl dd
0318, xax
0319, exd 7
031A, xax
031B, ex 7
031C, tm 30 99
031D, tl a 50
031E, tl a 57
031F, tl a 40
0320, tm 30 99
0321, tl a 50
0322, tl a 57
0323, tl a 40
0324, lbl df
0325, tm 29 c2
0326, tm 3a 96
0327, lb fd
0328, lbl df
0329, tm 29 c2
032A, tm 3a 96
032B, lb fd
032C, tm 2d c1
032D, tm 38 99
032E, tm 2a 97
032F, tm 2d 55
0330, tm 2d c1
0331, tm 38 99
0332, tm 2a 97
0333, tm 2d 55
0334, tm 2c 55
0335, adcsk
0336, tml 86
0337, t 2e
0338, lb f9
0339, tm 2c 55
033A, adcsk
033B, tml 86
033C, t 2e
033D, lb f9
033E, tl 0 29
033F, lbl c5
0340, tm 2c 7a
0341, t 3b
0342, lbl 50
0343, exd 1
0344, lbl c5
0345, tm 2c 7a
0346, t 3b
0347, lbl 76
0348, tm 11 e1
0349, rf2
034A, t 09
034B, ldi 5
034C, tm 11 e1
034D, ldi 6
034E, tm 11 e1
034F, rf2
0350, t 09
0351, ldi 5
0352, tm 11 e1
0353, tm 3b b3
0354, dia
0355, ex 7
0356, tm 39 97
0357, t 22
0358, lb fb
0359, t 33
035A, dia
035B, ex 7
035C, tm 39 97
035D, t 22
035E, lb 32
035F, ex 7
0360, lb 14
0361, t 27
0362, tm 34 a8
0363, tm 2b 32
0364, ex 7
0365, lb 14
0366, t 27
0367, tm 34 a8
0368, tm 2b b6
0369, tl d 80
036A, skf2
036B, ldi 1
036C, ldi 2
036D, ex 7
036E, t 3c
036F, t 36
0370, tl d 80
0371, skf2
0372, ldi 1
0373, ldi 2
0374, ex 7
0375, t 3c
0376, tm 25 03
0377, lbmx
0378, lb f7
0379, t 09
037A, tm 33 5d
037B, tm 25 03
037C, lbmx
037D, lb f7
037E, t 09
037F, tm 33 5d
0380, tm 33 5d
0381, exd 7
0382, exd 7
0383, exd 7
0384, tm 29 00
0385, lb ed
0386, lb ed
0387, exd 7
0388, exd 7
0389, exd 7
038A, tm 29 00
038B, lb ed
038C, ldi 2
038D, ldi 2
038E, t 29
038F, tml b0
0390, tml b0
0391, tml 5b
0392, ldi 2
0393, ldi 2
0394, t 29
0395, tml b0
0396, tml b0
0397, tml 5b
0398, t 3e
0399, tm 16 b4
039A, t 3e
039B, lbl c5
039C, tm 38 be
039D, t 3e
039E, tm 16 b4
039F, t 3e
03A0, lbl c5
03A1, tm 38 be
03A2, tm 22 02
03A3, t 37
03A4, tl d ac
03A5, tm 19 c1
03A6, tm 2c e2
03A7, tml b7
03A8, tl d ac
03A9, tm 19 c1
03AA, tm 2c 03
03AB, ldi 2
03AC, t 16
03AD, t 16
03AE, tml 59
03AF, ldi 6
03B0, tm 12 03
03B1, ldi 2
03B2, t 16
03B3, t 16
03B4, tml 59
03B5, ldi 6
03B6, tm 12 77
03B7, tm 12 78
03B8, tm 13 e1
03B9, lb 79
03BA, exd 7
03BB, ldi 7
03BC, tm 12 78
03BD, tm 13 e1
03BE, lb 79
03BF, exd 7
03C0, lbl f4
03C1, ldi 5
03C2, exd 7
03C3, t 32
03C4, lb e6
03C5, sf1
03C6, lbl f4
03C7, ldi 5
03C8, exd 7
03C9, t 32
03CA, lb e6
03CB, sf1
03CC, tm 19 c1
03CD, tm 3a a9
03CE, lb f9
03CF, t 2b
03D0, lb d9
03D1, lb fa
03D2, t 29
03D3, lb f9
03D4, t 2b
03D5, lb c0
03D6, tm 37 b9
03D7, tm 38 bb
03D8, tm 3a b5
03D9, tml c0
03DA, tm 37 b9
03DB, tm 38 bb
03DC, tm 3a b5
03DD, tml fa
03DE, t 33
03DF, t 33
03E0, tm 11 02
03E1, tl b 7f
03E2, tl b fa
03E3, t 33
03E4, t 33
03E5, tm 11 02
03E6, tl b 7f
03E7, tl b de
03E8, tl b b1
03E9, tl b c0
03EA, lbl c5
03EB, tm 39 de
03EC, tl b b1
03ED, tl b c0
03EE, lbl c5
03EF, tm 39 01
03F0, tm 34 02
03F1, tl b 01
03F2, lb 14
03F3, t 11
03F4, tml f4
03F5, tml 5b
03F6, tml c0
03F7, skf2
03F8, t 11
03F9, tml c1
03FA, tm 35 8c
03FB, lb fa
03FC, t 27
03FD, lb 03
03FE, lb f5
03FF, t 0c
0400, lb fa
0401, t 27
0402, lb 9b
0403, lbl f1
0404, ldi 5
0405, ex 7
0406, tl 2 7d
0407, lb 9b
0408, lbl f1
0409, ldi 5
040A, ex 7
040B, tl 2 7d
040C, lb ca
040D, tml 59
040E, tm 1a 03
040F, t 3b
0410, lbl fe
0411, lb 02
0412, tl 9 da
0413, tml bb
0414, lbl fe
0415, ldi 7
0416, tm 12 7e
0417, tm 13 e1
0418, tm 18 02
0419, ldi 7
041A, ldi 7
041B, tm 12 7e
041C, tm 13 e1
041D, tm 18 02
041E, ldi 7
041F, tml 4f
0420, lb f5
0421, tl 0 29
0422, ldi 6
0423, tm 12 02
0424, skbi f
0425, lb f5
0426, tl 0 29
0427, ldi 6
0428, tm 12 50
0429, exd 1
042A, exd 1
042B, tm 11 76
042C, tm 12 e1
042D, lb 50
042E, exd 1
042F, exd 1
0430, tm 11 76
0431, tm 12 e1
0432, lb 3f
0433, tl 0 29
0434, ldi 7
0435, tm 12 7a
0436, tm 13 e1
0437, ex 7
0438, tl 0 29
0439, ldi 7
043A, tm 12 7a
043B, tm 13 e1
043C, tm 13 e1
043D, tm 13 7b
043E, tm 12 cd
043F, tm 37 8d
0440, tm 33 78
0441, tm 13 7b
0442, tm 12 cd
0443, tm 37 8d
0444, tm 33 1e
0445, t 32
0446, incb
0447, ld 7
0448, skz
0449, t 34
044A, lb fa
044B, skz
044C, t 32
044D, incb
044E, ld 7
044F, skz
0450, t 34
0451, lb fa
0452, decb
0453, ld 7
0454, lbl dd
0455, xax
0456, exd 7
0457, xax
0458, ex 7
0459, decb
045A, ld 7
045B, lbl dd
045C, xax
045D, exd 7
045E, xax
045F, ex 7
0460, tm 30 99
0461, tl a 50
0462, tl a 57
0463, tl a 40
0464, tm 30 99
0465, tl a 50
0466, tl a 57
0467, tl a 40
0468, lbl df
0469, tm 29 c2
046A, tm 3a 96
046B, lb fd
046C, lbl df
046D, tm 29 c2
046E, tm 3a 96
046F, lb fd
0470, tm 2d c1
0471, tm 38 99
0472, tm 2a 97
0473, tm 2d 55
0474, tm 2d c1
0475, tm 38 99
0476, tm 2a 97
0477, tm 2d 55
0478, tm 2c 55
0479, adcsk
047A, tml 86
047B, t 2e
047C, lb f9
047D, tm 2c 55
047E, adcsk
047F, tml 86
0480, t 2e
0481, lb f9
0482, tl 0 29
0483, lbl c5
0484, tm 2c 7a
0485, t 3b
0486, lbl 50
0487, exd 1
0488, lbl c5
0489, tm 2c 7a
048A, t 3b
048B, lbl 76
048C, tm 11 e1
048D, rf2
048E, t 09
048F, ldi 5
0490, tm 11 e1
0491, ldi 6
0492, tm 11 e1
0493, rf2
0494, t 09
0495, ldi 5
0496, tm 11 e1
0497, tm 3b b3
0498, dia
0499, ex 7
049A, tm 39 97
049B, t 22
049C, lb fb
049D, t 33
049E, dia
049F, ex 7
04A0, tm 39 97
04A1, t 22
04A2, lb 32
04A3, ex 7
04A4, lb 14
04A5, t 27
04A6, tm 34 a8
04A7, tm 2b 32
04A8, ex 7
04A9, lb 14
04AA, t 27
04AB, tm 34 a8
04AC, tm 2b b6
04AD, tl d 80
04AE, skf2
04AF, ldi 1
04B0, ldi 2
04B1, ex 7
04B2, t 3c
04B3, t 36
04B4, tl d 80
04B5, skf2
04B6, ldi 1
04B7, ldi 2
04B8, ex 7
04B9, t 3c
04BA, tm 25 03
04BB, lbmx
04BC, lb f7
04BD, t 09
04BE, tm 33 5d
04BF, tm 25 03
04C0, lbmx
04C1, lb f7
04C2, t 09
04C3, tm 33 5d
04C4, tm 33 5d
04C5, exd 7
04C6, exd 7
04C7, exd 7
04C8, tm 29 00
04C9, lb ed
04CA, lb ed
04CB, exd 7
04CC, exd 7
04CD, exd 7
04CE, tm 29 00
04CF, lb ed
04D0, ldi 2
04D1, ldi 2
04D2, t 29
04D3, tml b0
04D4, tml b0
04D5, tml 5b
04D6, ldi 2
04D7, ldi 2
04D8, t 29
04D9, tml b0
04DA, tml b0
04DB, tml 5b
04DC, t 3e
04DD, tm 16 b4
04DE, t 3e
04DF, lbl c5
04E0, tm 38 be
04E1, t 3e
04E2, tm 16 b4
04E3, t 3e
04E4, lbl c5
04E5, tm 38 be
04E6, tm 22 02
04E7, t 37
04E8, tl d ac
04E9, tm 19 c1
04EA, tm 2c e2
04EB, tml b7
04EC, tl d ac
04ED, tm 19 c1
04EE, tm 2c 03
04EF, ldi 2
04F0, t 16
04F1, t 16
04F2, tml 59
04F3, ldi 6
04F4, tm 12 03
04F5, ldi 2
04F6, t 16
04F7, t 16
04F8, tml 59
04F9, ldi 6
04FA, tm 12 77
04FB, tm 12 78
04FC, tm 13 e1
04FD, lb 79
04FE, exd 7
04FF, ldi 7
0500, tm 12 78
0501, tm 13 e1
0502, lb 79
0503, exd 7
0504, lbl f4
0505, ldi 5
0506, exd 7
0507, t 32
0508, lb e6
0509, sf1
050A, lbl f4
050B, ldi 5
050C, exd 7
050D, t 32
050E, lb e6
050F, sf1
0510, lbl 00
0511, lbl 00
0512, lbl 00
0513, lbl 00
0514, lbl 00
0515, lbl 00
0516, lbl 00
0517, lbl 00
0518, lbl 00
0519, lbl 00
051A, lbl 00
051B, lbl 00
051C, lbl 00
051D, lbl 00
051E, lbl 00
051F, lbl 00
0520, lbl 00
0521, lbl 00
0522, lbl 00
0523, lbl 00
0524, lbl 00
0525, lbl 00
0526, lbl 00
0527, lbl 00
0528, lbl 00
0529, lbl 00
052A, lbl 00
052B, lbl 00
052C, lbl 00
052D, lbl 00
052E, lbl 00
052F, lbl 00
0530, lbl 00
0531, lbl 00
0532, lbl 00
0533, lbl 00
0534, lbl 00
0535, lbl 00
0536, lbl 00
0537, lbl 00
0538, lbl 00
0539, lbl 00
053A, lbl 00
053B, lbl 00
053C, lbl 00
053D, lbl 00
053E, lbl 00
053F, lbl 00
0540, lbl 00
0541, lbl 00
0542, lbl 00
0543, lbl 00
0544, lbl 00
0545, lbl 00
0546, lbl 00
0547, lbl 00
0548, lbl 00
0549, lbl 00
054A, lbl 00
054B, lbl 00
054C, lbl 00
054D, lbl 00
054E, lbl 00
054F, lbl 00
0550, lbl 00
0551, lbl 00
0552, lbl 00
0553, lbl 00
0554, lbl 00
0555, lbl 00
0556, lbl 00
0557, lbl 00
0558, lbl 00
0559, lbl 00
055A, lbl 00
055B, lbl 00
055C, lbl 00
055D, lbl 00
055E, lbl 00
055F, lbl 00
0560, lbl 00
0561, lbl 00
0562, lbl 00
0563, lbl 00
0564, lbl 00
0565, lbl 00
0566, lbl 00
0567, lbl 00
0568, lbl 00
0569, lbl 00
056A, lbl 00
056B, lbl 00
056C, lbl 00
056D, lbl 00
056E, lbl 00
056F, lbl 00
0570, lbl 00
0571, lbl 00
0572, lbl 00
0573, lbl 00
0574, lbl 00
0575, lbl 00
0576, lbl 00
0577, lbl 00
0578, lbl 00
0579, lbl 00
057A, lbl 00
057B, lbl 00
057C, lbl 00
057D, lbl 00
057E, lbl 00
057F, lbl 00
0580, lbl 00
0581, lbl 00
0582, lbl 00
0583, lbl 00
0584, lbl 00
0585, lbl 00
0586, lbl 00
0587, lbl 00
0588, lbl 00
0589, lbl 00
058A, lbl 00
058B, lbl 00
058C, lbl 00
058D, lbl 00
058E, lbl 00
058F, lbl 00
0590, lbl 00
0591, lbl 00
0592, lbl 00
0593, lbl 00
0594, lbl 00
0595, lbl 00
0596, lbl 00
0597, lbl 00
0598, lbl 00
0599, lbl 00
059A, lbl 00
059B, lbl 00
059C, lbl 00
059D, lbl 00
059E, lbl 00
059F, lbl 00
05A0, lbl 00
05A1, lbl 00
05A2, lbl 00
05A3, lbl 00
05A4, lbl 00
05A5, lbl 00
05A6, lbl 00
05A7, lbl 00
05A8, lbl 00
05A9, lbl 00
05AA, lbl 00
05AB, lbl 00
05AC, lbl 00
05AD, lbl 00
05AE, lbl 00
05AF, lbl 00
05B0, lbl 00
05B1, lbl 00
05B2, lbl 00
05B3, lbl 00
05B4, lbl 00
05B5, lbl 00
05B6, lbl 00
05B7, lbl 00
05B8, lbl 00
05B9, lbl 00
05BA, lbl 00
05BB, lbl 00
05BC, lbl 00
05BD, lbl 00
05BE, lbl 00
05BF, lbl 00
05C0, lbl 00
05C1, lbl 00
05C2, lbl 00
05C3, lbl 00
05C4, lbl 00
05C5, lbl 00
05C6, lbl 00
05C7, lbl 00
05C8, lbl 00
05C9, lbl 00
05CA, lbl 00
05CB, lbl 00
05CC, lbl 00
05CD, lbl 00
05CE, lbl 00
05CF, lbl 00
05D0, lbl 00
05D1, lbl 00
05D2, lbl 00
05D3, lbl 00
05D4, lbl 00
05D5, lbl 00
05D6, lbl 00
05D7, lbl 00
05D8, lbl 00
05D9, lbl 00
05DA, lbl 00
05DB, lbl 00
05DC, lbl 00
05DD, lbl 00
05DE, lbl 00
05DF, lbl 00
05E0, lbl 00
05E1, lbl 00
05E2, lbl 00
05E3, lbl 00
05E4, lbl 00
05E5, lbl 00
05E6, lbl 00
05E7, lbl 00
05E8, lbl 00
05E9, lbl 00
05EA, lbl 00
05EB, lbl 00
05EC, lbl 00
05ED, lbl 00
05EE, lbl 00
05EF, lbl 00
05F0, lbl 00
05F1, lbl 00
05F2, lbl 00
05F3, lbl 00
05F4, lbl 00
05F5, lbl 00
05F6, lbl 00
05F7, lbl 00
05F8, lbl 00
05F9, lbl 00
05FA, lbl 00
05FB, lbl 00
05FC, lbl 00
05FD, lbl 00
05FE, lbl 00
05FF, lbl 00
0600, lbl 00
0601, lbl 00
0602, lbl 00
0603, lbl 00
0604, lbl 00
0605, lbl 00
0606, lbl 00
0607, lbl 00
0608, lbl 00
0609, lbl 00
060A, lbl 00
060B, lbl 00
060C, lbl 00
060D, lbl 00
060E, lbl 00
060F, lbl 00
0610, lbl 00
0611, lbl 00
0612, lbl 00
0613, lbl 00
0614, lbl 00
0615, lbl 00
0616, lbl 00
0617, lbl 00
0618, lbl 00
0619, lbl 00
061A, lbl 00
061B, lbl 00
061C, lbl 00
061D, lbl 00
061E, lbl 00
061F, lbl 00
0620, lbl 00
0621, lbl 00
0622, lbl 00
0623, lbl 00
0624, lbl 00
0625, lbl 00
0626, lbl 00
0627, lbl 00
0628, lbl 00
0629, lbl 00
062A, lbl 00
062B, lbl 00
062C, lbl 00
062D, lbl 00
062E, lbl 00
062F, lbl 00
0630, lbl 00
0631, lbl 00
0632, lbl 00
0633, lbl 00
0634, lbl 00
0635, lbl 00
0636, lbl 00
0637, lbl 00
0638, lbl 00
0639, lbl 00
063A, lbl 00
063B, lbl 00
063C, lbl 00
063D, lbl 00
063E, lbl 00
063F, lbl 00
0640, lbl 00
0641, lbl 00
0642, lbl 00
0643, lbl 00
0644, lbl 00
0645, lbl 00
0646, lbl 00
0647, lbl 00
0648, lbl 00
0649, lbl 00
064A, lbl 00
064B, lbl 00
064C, lbl 00
064D, lbl 00
064E, lbl 00
064F, lbl 00
0650, lbl 00
0651, lbl 00
0652, lbl 00
0653, lbl 00
0654, lbl 00
0655, lbl 00
0656, lbl 00
0657, lbl 00
0658, lbl 00
0659, lbl 00
065A, lbl 00
065B, lbl 00
065C, lbl 00
065D, lbl 00
065E, lbl 00
065F, lbl 00
0660, lbl 00
0661, lbl 00
0662, lbl 00
0663, lbl 00
0664, lbl 00
0665, lbl 00
0666, lbl 00
0667, lbl 00
0668, lbl 00
0669, lbl 00
066A, lbl 00
066B, lbl 00
066C, lbl 00
066D, lbl 00
066E, lbl 00
066F, lbl 00
0670, lbl 00
0671, lbl 00
0672, lbl 00
0673, lbl 00
0674, lbl 00
0675, lbl 00
0676, lbl 00
0677, lbl 00
0678, lbl 00
0679, lbl 00
067A, lbl 00
067B, lbl 00
067C, lbl 00
067D, lbl 00
067E, lbl 00
067F, lbl 00
0680, lbl 00
0681, lbl 00
0682, lbl 00
0683, lbl 00
0684, lbl 00
0685, lbl 00
0686, lbl 00
0687, lbl 00
0688, lbl 00
0689, lbl 00
068A, lbl 00
068B, lbl 00
068C, lbl 00
068D, lbl 00
068E, lbl 00
068F, lbl 00
0690, lbl 00
0691, lbl 00
0692, lbl 00
0693, lbl 00
0694, lbl 00
0695, lbl 00
0696, lbl 00
0697, lbl 00
0698, lbl 00
0699, lbl 00
069A, lbl 00
069B, lbl 00
069C, lbl 00
069D, lbl 00
069E, lbl 00
069F, lbl 00
06A0, lbl 00
06A1, lbl 00
06A2, lbl 00
06A3, lbl 00
06A4, lbl 00
06A5, lbl 00
06A6, lbl 00
06A7, lbl 00
06A8, lbl 00
06A9, lbl 00
06AA, lbl 00
06AB, lbl 00
06AC, lbl 00
06AD, lbl 00
06AE, lbl 00
06AF, lbl 00
06B0, lbl 00
06B1, lbl 00
06B2, lbl 00
06B3, lbl 00
06B4, lbl 00
06B5, lbl 00
06B6, lbl 00
06B7, lbl 00
06B8, lbl 00
06B9, lbl 00
06BA, lbl 00
06BB, lbl 00
06BC, lbl 00
06BD, lbl 00
06BE, lbl 00
06BF, lbl 00
06C0, lbl 00
06C1, lbl 00
06C2, lbl 00
06C3, lbl 00
06C4, lbl 00
06C5, lbl 00
06C6, lbl 00
06C7, lbl 00
06C8, lbl 00
06C9, lbl 00
06CA, lbl 00
06CB, lbl 00
06CC, lbl 00
06CD, lbl 00
06CE, lbl 00
06CF, lbl 00
06D0, lbl 00
06D1, lbl 00
06D2, lbl 00
06D3, lbl 00
06D4, lbl 00
06D5, lbl 00
06D6, lbl 00
06D7, lbl 00
06D8, lbl 00
06D9, lbl 00
06DA, lbl 00
06DB, lbl 00
06DC, lbl 00
06DD, lbl 00
06DE, lbl 00
06DF, lbl 00
06E0, lbl 00
06E1, lbl 00
06E2, lbl 00
06E3, lbl 00
06E4, lbl 00
06E5, lbl 00
06E6, lbl 00
06E7, lbl 00
06E8, lbl 00
06E9, lbl 00
06EA, lbl 00
06EB, lbl 00
06EC, lbl 00
06ED, lbl 00
06EE, lbl 00
06EF, lbl 00
06F0, lbl 00
06F1, lbl 00
06F2, lbl 00
06F3, lbl 00
06F4, lbl 00
06F5, lbl 00
06F6, lbl 00
06F7, lbl 00
06F8, lbl 00
06F9, lbl 00
06FA, lbl 00
06FB, lbl 00
06FC, lbl 00
06FD, lbl 00
06FE, lbl 00
06FF, lbl 00
0700, lbl 00
0701, lbl 00
0702, lbl 00
0703, lbl 00
0704, lbl 00
0705, lbl 00
0706, lbl 00
0707, lbl 00
0708, lbl 00
0709, lbl 00
070A, lbl 00
070B, lbl 00
070C, lbl 00
070D, lbl 00
070E, lbl 00
070F, lbl 00
0710, lbl 00
0711, lbl 00
0712, lbl 00
0713, lbl 00
0714, lbl 00
0715, lbl 00
0716, lbl 00
0717, lbl 00
0718, lbl 00
0719, lbl 00
071A, lbl 00
071B, lbl 00
071C, lbl 00
071D, lbl 00
071E, lbl 00
071F, lbl 00
0720, lbl 00
0721, lbl 00
0722, lbl 00
0723, lbl 00
0724, lbl 00
0725, lbl 00
0726, lbl 00
0727, lbl 00
0728, lbl 00
0729, lbl 00
072A, lbl 00
072B, lbl 00
072C, lbl 00
072D, lbl 00
072E, lbl 00
072F, lbl 00
0730, lbl 00
0731, lbl 00
0732, lbl 00
0733, lbl 00
0734, lbl 00
0735, lbl 00
0736, lbl 00
0737, lbl 00
0738, lbl 00
0739, lbl 00
073A, lbl 00
073B, lbl 00
073C, lbl 00
073D, lbl 00
073E, lbl 00
073F, lbl 00
0740, lbl 00
0741, lbl 00
0742, lbl 00
0743, lbl 00
0744, lbl 00
0745, lbl 00
0746, lbl 00
0747, lbl 00
0748, lbl 00
0749, lbl 00
074A, lbl 00
074B, lbl 00
074C, lbl 00
074D, lbl 00
074E, lbl 00
074F, lbl 00
0750, lbl 00
0751, lbl 00
0752, lbl 00
0753, lbl 00
0754, lbl 00
0755, lbl 00
0756, lbl 00
0757, lbl 00
0758, lbl 00
0759, lbl 00
075A, lbl 00
075B, lbl 00
075C, lbl 00
075D, lbl 00
075E, lbl 00
075F, lbl 00
0760, lbl 00
0761, lbl 00
0762, lbl 00
0763, lbl 00
0764, lbl 00
0765, lbl 00
0766, lbl 00
0767, lbl 00
0768, lbl 00
0769, lbl 00
076A, lbl 00
076B, lbl 00
076C, lbl 00
076D, lbl 00
076E, lbl 00
076F, lbl 00
0770, lbl 00
0771, lbl 00
0772, lbl 00
0773, lbl 00
0774, lbl 00
0775, lbl 00
0776, lbl 00
0777, lbl 00
0778, lbl 00
0779, lbl 00
077A, lbl 00
077B, lbl 00
077C, lbl 00
077D, lbl 00
077E, lbl 00
077F, lbl 00
0780, lbl 00
0781, lbl 00
0782, lbl 00
0783, lbl 00
0784, lbl 00
0785, lbl 00
0786, lbl 00
0787, lbl 00
0788, lbl 00
0789, lbl 00
078A, lbl 00
078B, lbl 00
078C, lbl 00
078D, lbl 00
078E, lbl 00
078F, lbl 00
0790, lbl 00
0791, lbl 00
0792, lbl 00
0793, lbl 00
0794, lbl 00
0795, lbl 00
0796, lbl 00
0797, lbl 00
0798, lbl 00
0799, lbl 00
079A, lbl 00
079B, lbl 00
079C, lbl 00
079D, lbl 00
079E, lbl 00
079F, lbl 00
07A0, lbl 00
07A1, lbl 00
07A2, lbl 00
07A3, lbl 00
07A4, lbl 00
07A5, lbl 00
07A6, lbl 00
07A7, lbl 00
07A8, lbl 00
07A9, lbl 00
07AA, lbl 00
07AB, lbl 00
07AC, lbl 00
07AD, lbl 00
07AE, lbl 00
07AF, lbl 00
07B0, lbl 00
07B1, lbl 00
07B2, lbl 00
07B3, lbl 00
07B4, lbl 00
07B5, lbl 00
07B6, lbl 00
07B7, lbl 00
07B8, lbl 00
07B9, lbl 00
07BA, lbl 00
07BB, lbl 00
07BC, lbl 00
07BD, lbl 00
07BE, lbl 00
07BF, lbl 00
07C0, lbl 00
07C1, lbl 00
07C2, lbl 00
07C3, lbl 00
07C4, lbl 00
07C5, lbl 00
07C6, lbl 00
07C7, lbl 00
07C8, lbl 00
07C9, lbl 00
07CA, lbl 00
07CB, lbl 00
07CC, lbl 00
07CD, lbl 00
07CE, lbl 00
07CF, lbl 00
07D0, lbl 00
07D1, lbl 00
07D2, lbl 00
07D3, lbl 00
07D4, lbl 00
07D5, lbl 00
07D6, lbl 00
07D7, lbl 00
07D8, lbl 00
07D9, lbl 00
07DA, lbl 00
07DB, lbl 00
07DC, lbl 00
07DD, lbl 00
07DE, lbl 00
07DF, lbl 00
07E0, lbl 00
07E1, lbl 00
07E2, lbl 00
07E3, lbl 00
07E4, lbl 00
07E5, lbl 00
07E6, lbl 00
07E7, lbl 00
07E8, lbl 00
07E9, lbl 00
07EA, lbl 00
07EB, lbl 00
07EC, lbl 00
07ED, lbl 00
07EE, lbl 00
07EF, lbl 00
07F0, lbl 00
07F1, lbl 00
07F2, lbl 00
07F3, lbl 00
07F4, lbl 00
07F5, lbl 00
07F6, lbl 00
07F7, lbl 00
07F8, lbl 00
07F9, lbl 00
07FA, lbl 00
07FB, lbl 00
07FC, lbl 00
07FD, lbl 00
07FE, lbl 00
07FF, lbl 00

