
0000, lbl d7
0001, cys
0002, t 2b
0003, tml d3
0004, lbl 6f
0005, t 2b
0006, tml cb
0007, lbl 08
0008, exd 6
0009, cys
000A, cys
000B, tm 26 6f
000C, t 2a
000D, tml d3
000E, lbl 6f
000F, t 2a
0010, tml cb
0011, lbl 5a
0012, tm 12 7d
0013, tm 27 d7
0014, tm 3c e0
0015, cys
0016, cys
0017, tm 26 4f
0018, lb fc
0019, tl 1 2c
001A, tm 36 e0
001B, adsk
001C, tml 39
001D, t 01
001E, tl 7 81
001F, skbi 9
0020, tm 3c e0
0021, skbi 9
0022, skbi 9
0023, adi 1
0024, t 2a
0025, tml 8c
0026, t 3f
0027, t 2d
0028, tml e8
0029, ex 7
002A, t 14
002B, exd 0
002C, adi 4
002D, t 00
002E, adi 6
002F, tm 3e e7
0030, adi c
0031, tm 30 e9
0032, t 3f
0033, adi c
0034, t 2d
0035, tm 22 00
0036, tml 2e
0037, tm 15 23
0038, t 0f
0039, tm 34 57
003A, t 01
003B, tm 32 5a
003C, t 01
003D, tm 32 59
003E, t 01
003F, t 01
0040, t 00
0041, adi 9
0042, t 2d
0043, t 2d
0044, t 00
0045, ex 7
0046, tl 7 81
0047, lb fc
0048, tm 20 cf
0049, tm 20 cf
004A, adi 1
004B, t 2b
004C, tml 8c
004D, skbi 2
004E, skbi 2
004F, tm 27 e8
0050, t 3a
0051, lbl 2e
0052, adi a
0053, tm 28 38
0054, tm 30 e9
0055, t 3a
0056, tm 36 e7
0057, tm 28 3b
0058, skbi 0
0059, t 2f
005A, skbi 9
005B, t 3f
005C, labl
005D, t 38
005E, tml bb
005F, tml 7b
0060, tm 1d 7d
0061, tm 2f 00
0062, ldi 6
0063, tl 1 81
0064, tm 34 62
0065, ldi 5
0066, lbl 2f
0067, tl f fd
0068, lbl aa
0069, sc
006A, t 00
006B, sc
006C, t 00
006D, t 00
006E, adi 1
006F, tl 4 b0
0070, adsk
0071, tm 2d 7d
0072, tm 2d fc
0073, tm 2d 7c
0074, tm 2d fb
0075, t 0d
0076, tm 31 00
0077, tl 6 7d
0078, adi 1
0079, sag
007A, t 16
007B, comp
007C, ex 0
007D, t 38
007E, skf2
007F, t 00
0080, t 0c
0081, t 38
0082, adcsk
0083, t 0d
0084, t 05
0085, t 3c
0086, ldi 6
0087, lbl 00
0088, t 02
0089, adi e
008A, ldi 2
008B, tl 5 81
008C, adi e
008D, tm 31 94
008E, exd 0
008F, t 1f
0090, ex 2
0091, adi 6
0092, skbi d
0093, tm 13 7c
0094, lb fb
0095, adi 0
0096, lb 01
0097, sag
0098, skbi d
0099, tm 2f 6f
009A, tl 4 7d
009B, adi 0
009C, tl 1 2c
009D, adsk
009E, tml 20
009F, tml 50
00A0, tml 50
00A1, adi 1
00A2, tm 3f 70
00A3, tl 2 fc
00A4, ldi 5
00A5, tm 22 00
00A6, lb fb
00A7, tl 5 fc
00A8, adi 0
00A9, tm 2c 6a
00AA, tm 19 fd
00AB, adi 6
00AC, ex 2
00AD, t 2b
00AE, cys
00AF, t 1f
00B0, adi 0
00B1, t 3b
00B2, skbi 5
00B3, skbi 2
00B4, tm 3c e1
00B5, lbl 00
00B6, lbl 30
00B7, t 2d
00B8, tm 35 2e
00B9, tm 32 7e
00BA, tm 2e dc
00BB, ldi 6
00BC, tm 20 60
00BD, t 00
00BE, ldi 3
00BF, ldi 3
00C0, tm 1c e8
00C1, ex 3
00C2, t 3a
00C3, t 2a
00C4, tml 7e
00C5, tl 6 ab
00C6, tml 7e
00C7, tl 4 eb
00C8, ex 5
00C9, adi 7
00CA, t 1f
00CB, tm 25 9b
00CC, tm 27 00
00CD, tl b cd
00CE, tm 2b bd
00CF, tm 16 3d
00D0, adi e
00D1, ldi 2
00D2, ldi 2
00D3, adi e
00D4, lb eb
00D5, ex 4
00D6, tm 17 7d
00D7, adi 7
00D8, tm 1d 51
00D9, tml 7e
00DA, tm 32 e5
00DB, adc
00DC, t 00
00DD, t 29
00DE, tml e5
00DF, lbl 00
00E0, t 1d
00E1, exd 5
00E2, lb 29
00E3, tm 20 2e
00E4, ex 4
00E5, t 3b
00E6, skbi a
00E7, skbi a
00E8, adi 1
00E9, skbi a
00EA, tm 3b e0
00EB, tl 3 db
00EC, tml 4a
00ED, t 1f
00EE, tl 9 00
00EF, t 1b
00F0, tm 25 71
00F1, tm 16 fb
00F2, tm 20 c6
00F3, tm 20 c6
00F4, ldi 5
00F5, xs
00F6, t 2a
00F7, ldi 6
00F8, tm 20 4f
00F9, tm 20 4f
00FA, ldi 6
00FB, tm 35 75
00FC, t 0f
00FD, tm 35 e0
00FE, tm 11 eb
00FF, ex 1
0100, adi 4
0101, tl 8 fd
0102, tm 24 50
0103, tm 24 50
0104, tm 20 5e
0105, tm 3c e7
0106, tl d fd
0107, adi 6
0108, tm 1b fd
0109, tl b 7d
010A, ex 0
010B, t 2f
010C, tm 32 82
010D, tm 29 38
010E, adi 9
010F, ex 0
0110, tm 28 38
0111, adi 8
0112, ex 0
0113, ex 0
0114, exd 4
0115, ldi 3
0116, dc
0117, dc
0118, t 0b
0119, t 1f
011A, tm 38 f8
011B, tm 38 8c
011C, t 3f
011D, tl 3 81
011E, tl f fe
011F, tl 0 81
0120, tm 39 53
0121, tm 3b 62
0122, tl f 4f
0123, tl f 4f
0124, tm 27 60
0125, exd 5
0126, adi 8
0127, ex 0
0128, skbi 7
0129, skbi 7
012A, adi 1
012B, skbi b
012C, t 33
012D, t 11
012E, tm 35 2e
012F, t 1f
0130, and
0131, t 17
0132, and
0133, tl 9 00
0134, t 1b
0135, t 0f
0136, t 0d
0137, t 1b
0138, tm 2e 00
0139, tm 3e 64
013A, adcsk
013B, t 2a
013C, t 2a
013D, tm 34 7d
013E, xs
013F, t 2a
0140, lbl 01
0141, tm 29 3e
0142, adi 9
0143, ex 3
0144, t 1f
0145, t 0b
0146, t 1a
0147, tm 1c 58
0148, tm 3d e5
0149, tm 1b 9f
014A, ldi 0
014B, lbl 9b
014C, tm 25 e9
014D, t 3c
014E, adi 9
014F, t 3b
0150, skbi 7
0151, adi 8
0152, ex 7
0153, t 1f
0154, t 19
0155, t 15
0156, t 19
0157, t 15
0158, t 19
0159, t 19
015A, lbl f7
015B, ldi 3
015C, tml bb
015D, tml bb
015E, lbl d5
015F, exd 4
0160, tm 2c 68
0161, t 3e
0162, t 1f
0163, t 19
0164, t 15
0165, t 19
0166, t 15
0167, t 19
0168, t 19
0169, lbl f7
016A, tm 37 f7
016B, tm 37 00
016C, lbl 07
016D, t 2a
016E, tm 39 7a
016F, ldi 6
0170, t 0b
0171, ldi 6
0172, tm 35 e3
0173, lbl 4c
0174, t 2c
0175, t 1f
0176, t 39
0177, adi 4
0178, adi 4
0179, adi 1
017A, tl 1 db
017B, tml 71
017C, tm 16 fd
017D, tm 24 59
017E, comp
017F, t 00
0180, ex 1
0181, tm 16 01
0182, tm 16 01
0183, tm 2f 4b
0184, ldi 5
0185, tm 13 ac
0186, tm 34 e3
0187, lbl f9
0188, lb fb
0189, tm 22 00
018A, adsk
018B, tml 20
018C, tml cc
018D, t 00
018E, skbi d
018F, lbl 43
0190, t 00
0191, adcsk
0192, t 01
0193, lb 80
0194, skbi d
0195, lbl 68
0196, lbl ee
0197, t 2c
0198, xs
0199, t 2a
019A, adi 0
019B, t 2c
019C, t 3a
019D, tm 1d fc
019E, tm 22 00
019F, adi c
01A0, lbua
01A1, t 2a
01A2, ldi 6
01A3, adi 1
01A4, tm 3f 76
01A5, tm 20 f6
01A6, t 0b
01A7, t 1f
01A8, t 3b
01A9, adi 0
01AA, tm 19 fb
01AB, tm 22 00
01AC, t 2b
01AD, tml d3
01AE, lbl d1
01AF, tm 3c e0
01B0, adsk
01B1, tml 20
01B2, tml c7
01B3, tm 16 01
01B4, tm 16 01
01B5, t 3f
01B6, skbi c
01B7, adi b
01B8, ex 1
01B9, adi 4
01BA, ldi 0
01BB, tm 1b 01
01BC, tm 1b 01
01BD, tm 1e fc
01BE, tm 22 00
01BF, skbi 3
01C0, t 00
01C1, t 2b
01C2, tml cb
01C3, lbl 00
01C4, lbl 45
01C5, lb 01
01C6, sag
01C7, tm 19 ac
01C8, skbi 3
01C9, t 2c
01CA, skbi 0
01CB, t 2c
01CC, tm 1b 80
01CD, tm 2e 5b
01CE, tm 3c e0
01CF, cys
01D0, cys
01D1, adi 0
01D2, t 1f
01D3, ex 7
01D4, tm 23 00
01D5, tm 3a e0
01D6, tm 13 ad
01D7, t 00
01D8, ex 7
01D9, tl 7 81
01DA, lb 23
01DB, t 17
01DC, t 3f
01DD, tl 7 81
01DE, tm 3e 5a
01DF, t 01
01E0, tm 3e 59
01E1, t 01
01E2, lb 7d
01E3, adi 0
01E4, tm 12 fb
01E5, t 0b
01E6, tm 13 fc
01E7, tm 20 5d
01E8, tm 3c 60
01E9, tm 2c 6a
01EA, tl c fb
01EB, tm 23 00
01EC, tm 35 dc
01ED, t 3a
01EE, tl d 01
01EF, skbi 5
01F0, tl 6 80
01F1, t 3d
01F2, tm 2a 7f
01F3, lbl bc
01F4, tl d 01
01F5, iol ad
01F6, ex 0
01F7, tm 23 56
01F8, t 00
01F9, t 3c
01FA, t 1c
01FB, t 2d
01FC, ld 1
01FD, exd 3
01FE, tm 14 fd
01FF, tm 3f 00
0200, t 1f
0201, rtn
0202, t 3b
0203, tm 3f 00
0204, tm 2a bb
0205, tm 2a bb
0206, lbl cb
0207, t 36
0208, t 01
0209, tm 23 d5
020A, adc
020B, tl 6 80
020C, t 1b
020D, t 0b
020E, tl e fd
020F, t 0b
0210, tl 9 fd
0211, tm 24 fe
0212, tm 23 f2
0213, tl 5 81
0214, adi e
0215, ldi 3
0216, t 12
0217, lb 90
0218, t 3e
0219, exd 5
021A, tl 3 81
021B, t 32
021C, exd 7
021D, t 26
021E, tml 8e
021F, comp
0220, t 1b
0221, t 0e
0222, rtnsk
0223, adsk
0224, or
0225, comp
0226, ex 0
0227, or
0228, comp
0229, ex 2
022A, t 0e
022B, rtnsk
022C, t 19
022D, t 0b
022E, t 0d
022F, ex 0
0230, t 1f
0231, tm 38 00
0232, t 1b
0233, ldi 6
0234, lbl 9f
0235, tm 22 38
0236, lb 9f
0237, ex 0
0238, t 0c
0239, adsk
023A, tm 24 ce
023B, lb eb
023C, ex 0
023D, t 0c
023E, tm 22 8d
023F, lb 31
0240, adsk
0241, t 1d
0242, ex 1
0243, t 0c
0244, adi 4
0245, t 0d
0246, t 1b
0247, tm 2c 00
0248, tm 16 01
0249, lb eb
024A, ex 0
024B, tm 15 2c
024C, tm 3a 61
024D, tm 2c 20
024E, tml 7b
024F, tm 22 00
0250, tm 3e 48
0251, lbl 60
0252, t 00
0253, ldi 2
0254, tm 13 d4
0255, tm 13 d4
0256, tm 23 00
0257, t 01
0258, t 2a
0259, ldi 6
025A, tm 20 f6
025B, t 0b
025C, t 1f
025D, t 3b
025E, adi 0
025F, t 14
0260, exd 0
0261, t 1f
0262, ex 7
0263, adi 2
0264, tl 4 28
0265, tm 33 a5
0266, tml f3
0267, skbi a
0268, t 15
0269, t 19
026A, t 19
026B, lbl 5d
026C, tml c4
026D, or
026E, adsk
026F, tm 2d 9f
0270, rtn
0271, t 1b
0272, t 0d
0273, t 39
0274, adi 4
0275, tl 3 a8
0276, t 02
0277, t 29
0278, skbi 2
0279, t 0a
027A, skbi c
027B, tl d 01
027C, tm 18 a1
027D, t 00
027E, t 1f
027F, adi 3
0280, tl d 01
0281, skbi 4
0282, tm 1c 01
0283, lb 9f
0284, adi 3
0285, tm 31 c8
0286, lbl bf
0287, skbi 3
0288, exd 4
0289, t 1f
028A, skz
028B, xax
028C, adi 3
028D, tl 6 37
028E, adsk
028F, tm 2d 1c
0290, tml c9
0291, tm 1c 01
0292, t 0c
0293, adsk
0294, tm 22 50
0295, t 0a
0296, tm 1e 8a
0297, adi 3
0298, t 1b
0299, tml 5b
029A, tm 3b 64
029B, tm 3b 64
029C, t 00
029D, t 0d
029E, lb 32
029F, t 18
02A0, tm 19 01
02A1, tm 19 89
02A2, t 01
02A3, adi 3
02A4, ldi 7
02A5, skbi 9
02A6, lbl f4
02A7, lbl 79
02A8, t 2b
02A9, adi 6
02AA, skbi 8
02AB, lb eb
02AC, ex 6
02AD, tl 3 ab
02AE, t 25
02AF, tml dc
02B0, tml 6e
02B1, lbl 60
02B2, t 2b
02B3, tl 8 0b
02B4, t 1b
02B5, comp
02B6, t 1b
02B7, t 0f
02B8, t 1e
02B9, comp
02BA, t 1b
02BB, t 0f
02BC, decb
02BD, comp
02BE, t 1b
02BF, tm 25 93
02C0, comp
02C1, t 1b
02C2, adi 6
02C3, t 16
02C4, comp
02C5, t 1b
02C6, tm 26 17
02C7, comp
02C8, ex 0
02C9, ex 2
02CA, or
02CB, t 1b
02CC, tm 18 00
02CD, tl c eb
02CE, t 3e
02CF, adi e
02D0, lbl c1
02D1, lb fc
02D2, t 1f
02D3, tm 30 00
02D4, doa
02D5, comp
02D6, sag
02D7, tl e a7
02D8, lbl d7
02D9, cys
02DA, t 2b
02DB, tml d3
02DC, lbl 6f
02DD, t 2b
02DE, tml cb
02DF, lbl 08
02E0, exd 6
02E1, cys
02E2, cys
02E3, tm 26 6f
02E4, t 2a
02E5, tml d3
02E6, lbl 6f
02E7, t 2a
02E8, tml cb
02E9, lbl 5a
02EA, tm 12 7d
02EB, tm 27 d7
02EC, tm 3c e0
02ED, cys
02EE, cys
02EF, tm 26 4f
02F0, lb fc
02F1, tl 1 2c
02F2, tm 36 e0
02F3, adsk
02F4, tml 39
02F5, t 01
02F6, tl 7 81
02F7, skbi 9
02F8, tm 3c e0
02F9, skbi 9
02FA, skbi 9
02FB, adi 1
02FC, t 2a
02FD, tml 8c
02FE, t 3f
02FF, t 2d
0300, tml e8
0301, ex 7
0302, t 14
0303, exd 0
0304, adi 4
0305, t 00
0306, adi 6
0307, tm 3e e7
0308, adi c
0309, tm 30 e9
030A, t 3f
030B, adi c
030C, t 2d
030D, tm 22 00
030E, tml 2e
030F, tm 15 23
0310, t 0f
0311, tm 34 57
0312, t 01
0313, tm 32 5a
0314, t 01
0315, tm 32 59
0316, t 01
0317, t 01
0318, t 00
0319, adi 9
031A, t 2d
031B, t 2d
031C, t 00
031D, ex 7
031E, tl 7 81
031F, lb fc
0320, tm 20 cf
0321, tm 20 cf
0322, adi 1
0323, t 2b
0324, tml 8c
0325, skbi 2
0326, skbi 2
0327, tm 27 e8
0328, t 3a
0329, lbl 2e
032A, adi a
032B, tm 28 38
032C, tm 30 e9
032D, t 3a
032E, tm 36 e7
032F, tm 28 3b
0330, skbi 0
0331, t 2f
0332, skbi 9
0333, t 3f
0334, labl
0335, t 38
0336, tml bb
0337, tml 7b
0338, tm 1d 7d
0339, tm 2f 00
033A, ldi 6
033B, tl 1 81
033C, tm 34 62
033D, ldi 5
033E, lbl 2f
033F, tl f fd
0340, lbl aa
0341, sc
0342, t 00
0343, sc
0344, t 00
0345, t 00
0346, adi 1
0347, tl 4 b0
0348, adsk
0349, tm 2d 7d
034A, tm 2d fc
034B, tm 2d 7c
034C, tm 2d fb
034D, t 0d
034E, tm 31 00
034F, tl 6 7d
0350, adi 1
0351, sag
0352, t 16
0353, comp
0354, ex 0
0355, t 38
0356, skf2
0357, t 00
0358, t 0c
0359, t 38
035A, adcsk
035B, t 0d
035C, t 05
035D, t 3c
035E, ldi 6
035F, lbl 00
0360, t 02
0361, adi e
0362, ldi 2
0363, tl 5 81
0364, adi e
0365, tm 31 94
0366, exd 0
0367, t 1f
0368, ex 2
0369, adi 6
036A, skbi d
036B, tm 13 7c
036C, lb fb
036D, adi 0
036E, lb 01
036F, sag
0370, skbi d
0371, tm 2f 6f
0372, tl 4 7d
0373, adi 0
0374, tl 1 2c
0375, adsk
0376, tml 20
0377, tml 50
0378, tml 50
0379, adi 1
037A, tm 3f 70
037B, tl 2 fc
037C, ldi 5
037D, tm 22 00
037E, lb fb
037F, tl 5 fc
0380, adi 0
0381, tm 2c 6a
0382, tm 19 fd
0383, adi 6
0384, ex 2
0385, t 2b
0386, cys
0387, t 1f
0388, adi 0
0389, t 3b
038A, skbi 5
038B, skbi 2
038C, tm 3c e1
038D, lbl 00
038E, lbl 30
038F, t 2d
0390, tm 35 2e
0391, tm 32 7e
0392, tm 2e dc
0393, ldi 6
0394, tm 20 60
0395, t 00
0396, ldi 3
0397, ldi 3
0398, tm 1c e8
0399, ex 3
039A, t 3a
039B, t 2a
039C, tml 7e
039D, tl 6 ab
039E, tml 7e
039F, tl 4 eb
03A0, ex 5
03A1, adi 7
03A2, t 1f
03A3, tm 25 9b
03A4, tm 27 00
03A5, tl b cd
03A6, tm 2b bd
03A7, tm 16 3d
03A8, adi e
03A9, ldi 2
03AA, ldi 2
03AB, adi e
03AC, lb eb
03AD, ex 4
03AE, tm 17 7d
03AF, adi 7
03B0, tm 1d 51
03B1, tml 7e
03B2, tm 32 e5
03B3, adc
03B4, t 00
03B5, t 29
03B6, tml e5
03B7, lbl 00
03B8, t 1d
03B9, exd 5
03BA, lb 29
03BB, tm 20 2e
03BC, ex 4
03BD, t 3b
03BE, skbi a
03BF, skbi a
03C0, adi 1
03C1, skbi a
03C2, tm 3b e0
03C3, tl 3 db
03C4, tml 4a
03C5, t 1f
03C6, tl 9 00
03C7, t 1b
03C8, tm 25 71
03C9, tm 16 fb
03CA, tm 20 c6
03CB, tm 20 c6
03CC, ldi 5
03CD, xs
03CE, t 2a
03CF, ldi 6
03D0, tm 20 4f
03D1, tm 20 4f
03D2, ldi 6
03D3, tm 35 75
03D4, t 0f
03D5, tm 35 e0
03D6, tm 11 eb
03D7, ex 1
03D8, adi 4
03D9, tl 8 fd
03DA, tm 24 50
03DB, tm 24 50
03DC, tm 20 5e
03DD, tm 3c e7
03DE, tl d fd
03DF, adi 6
03E0, tm 1b fd
03E1, tl b 7d
03E2, ex 0
03E3, t 2f
03E4, tm 32 82
03E5, tm 29 38
03E6, adi 9
03E7, ex 0
03E8, tm 28 38
03E9, adi 8
03EA, ex 0
03EB, ex 0
03EC, exd 4
03ED, ldi 3
03EE, dc
03EF, dc
03F0, t 0b
03F1, t 1f
03F2, tm 38 f8
03F3, tm 38 8c
03F4, t 3f
03F5, tl 3 81
03F6, tl f fe
03F7, tl 0 81
03F8, tm 39 53
03F9, tm 3b 62
03FA, tl f 4f
03FB, tl f 4f
03FC, tm 27 60
03FD, exd 5
03FE, adi 8
03FF, ex 0
0400, skbi 7
0401, skbi 7
0402, adi 1
0403, skbi b
0404, t 33
0405, t 11
0406, tm 35 2e
0407, t 1f
0408, and
0409, t 17
040A, and
040B, tl 9 00
040C, t 1b
040D, t 0f
040E, t 0d
040F, t 1b
0410, tm 2e 00
0411, tm 3e 64
0412, adcsk
0413, t 2a
0414, t 2a
0415, tm 34 7d
0416, xs
0417, t 2a
0418, lbl 01
0419, tm 29 3e
041A, adi 9
041B, ex 3
041C, t 1f
041D, t 0b
041E, t 1a
041F, tm 1c 58
0420, tm 3d e5
0421, tm 1b 9f
0422, ldi 0
0423, lbl 9b
0424, tm 25 e9
0425, t 3c
0426, adi 9
0427, t 3b
0428, skbi 7
0429, adi 8
042A, ex 7
042B, t 1f
042C, t 19
042D, t 15
042E, t 19
042F, t 15
0430, t 19
0431, t 19
0432, lbl f7
0433, ldi 3
0434, tml bb
0435, tml bb
0436, lbl d5
0437, exd 4
0438, tm 2c 68
0439, t 3e
043A, t 1f
043B, t 19
043C, t 15
043D, t 19
043E, t 15
043F, t 19
0440, t 19
0441, lbl f7
0442, tm 37 f7
0443, tm 37 00
0444, lbl 07
0445, t 2a
0446, tm 39 7a
0447, ldi 6
0448, t 0b
0449, ldi 6
044A, tm 35 e3
044B, lbl 4c
044C, t 2c
044D, t 1f
044E, t 39
044F, adi 4
0450, adi 4
0451, adi 1
0452, tl 1 db
0453, tml 71
0454, tm 16 fd
0455, tm 24 59
0456, comp
0457, t 00
0458, ex 1
0459, tm 16 01
045A, tm 16 01
045B, tm 2f 4b
045C, ldi 5
045D, tm 13 ac
045E, tm 34 e3
045F, lbl f9
0460, lb fb
0461, tm 22 00
0462, adsk
0463, tml 20
0464, tml cc
0465, t 00
0466, skbi d
0467, lbl 43
0468, t 00
0469, adcsk
046A, t 01
046B, lb 80
046C, skbi d
046D, lbl 68
046E, lbl ee
046F, t 2c
0470, xs
0471, t 2a
0472, adi 0
0473, t 2c
0474, t 3a
0475, tm 1d fc
0476, tm 22 00
0477, adi c
0478, lbua
0479, t 2a
047A, ldi 6
047B, adi 1
047C, tm 3f 76
047D, tm 20 f6
047E, t 0b
047F, t 1f
0480, t 3b
0481, adi 0
0482, tm 19 fb
0483, tm 22 00
0484, t 2b
0485, tml d3
0486, lbl d1
0487, tm 3c e0
0488, adsk
0489, tml 20
048A, tml c7
048B, tm 16 01
048C, tm 16 01
048D, t 3f
048E, skbi c
048F, adi b
0490, ex 1
0491, adi 4
0492, ldi 0
0493, tm 1b 01
0494, tm 1b 01
0495, tm 1e fc
0496, tm 22 00
0497, skbi 3
0498, t 00
0499, t 2b
049A, tml cb
049B, lbl 00
049C, lbl 45
049D, lb 01
049E, sag
049F, tm 19 ac
04A0, skbi 3
04A1, t 2c
04A2, skbi 0
04A3, t 2c
04A4, tm 1b 80
04A5, tm 2e 5b
04A6, tm 3c e0
04A7, cys
04A8, cys
04A9, adi 0
04AA, t 1f
04AB, ex 7
04AC, tm 23 00
04AD, tm 3a e0
04AE, tm 13 ad
04AF, t 00
04B0, ex 7
04B1, tl 7 81
04B2, lb 23
04B3, t 17
04B4, t 3f
04B5, tl 7 81
04B6, tm 3e 5a
04B7, t 01
04B8, tm 3e 59
04B9, t 01
04BA, lb 7d
04BB, adi 0
04BC, tm 12 fb
04BD, t 0b
04BE, tm 13 fc
04BF, tm 20 5d
04C0, tm 3c 60
04C1, tm 2c 6a
04C2, tl c fb
04C3, tm 23 00
04C4, tm 35 dc
04C5, t 3a
04C6, tl d 01
04C7, skbi 5
04C8, tl 6 80
04C9, t 3d
04CA, tm 2a 7f
04CB, lbl bc
04CC, tl d 01
04CD, iol ad
04CE, ex 0
04CF, tm 23 56
04D0, t 00
04D1, t 3c
04D2, t 1c
04D3, t 2d
04D4, ld 1
04D5, exd 3
04D6, tm 14 fd
04D7, tm 3f 00
04D8, t 1f
04D9, rtn
04DA, t 3b
04DB, tm 3f 00
04DC, tm 2a bb
04DD, tm 2a bb
04DE, lbl cb
04DF, t 36
04E0, t 01
04E1, tm 23 d5
04E2, adc
04E3, tl 6 80
04E4, t 1b
04E5, t 0b
04E6, tl e fd
04E7, t 0b
04E8, tl 9 fd
04E9, tm 24 fe
04EA, tm 23 f2
04EB, tl 5 81
04EC, adi e
04ED, ldi 3
04EE, t 12
04EF, lb 90
04F0, t 3e
04F1, exd 5
04F2, tl 3 81
04F3, t 32
04F4, exd 7
04F5, t 26
04F6, tml 8e
04F7, comp
04F8, t 1b
04F9, t 0e
04FA, rtnsk
04FB, adsk
04FC, or
04FD, comp
04FE, ex 0
04FF, or
0500, comp
0501, ex 2
0502, t 0e
0503, rtnsk
0504, t 19
0505, t 0b
0506, t 0d
0507, ex 0
0508, t 1f
0509, tm 38 00
050A, t 1b
050B, ldi 6
050C, lbl 9f
050D, tm 22 38
050E, lb 9f
050F, ex 0
0510, t 0c
0511, adsk
0512, tm 24 ce
0513, lb eb
0514, ex 0
0515, t 0c
0516, tm 22 8d
0517, lb 31
0518, adsk
0519, t 1d
051A, ex 1
051B, t 0c
051C, adi 4
051D, t 0d
051E, t 1b
051F, tm 2c 00
0520, tm 16 01
0521, lb eb
0522, ex 0
0523, tm 15 2c
0524, tm 3a 61
0525, tm 2c 20
0526, tml 7b
0527, tm 22 00
0528, tm 3e 48
0529, lbl 60
052A, t 00
052B, ldi 2
052C, tm 13 d4
052D, tm 13 d4
052E, tm 23 00
052F, t 01
0530, t 2a
0531, ldi 6
0532, tm 20 f6
0533, t 0b
0534, t 1f
0535, t 3b
0536, adi 0
0537, t 14
0538, exd 0
0539, t 1f
053A, ex 7
053B, adi 2
053C, tl 4 28
053D, tm 33 a5
053E, tml f3
053F, skbi a
0540, t 15
0541, t 19
0542, t 19
0543, lbl 5d
0544, tml c4
0545, or
0546, adsk
0547, tm 2d 9f
0548, rtn
0549, t 1b
054A, t 0d
054B, t 39
054C, adi 4
054D, tl 3 a8
054E, t 02
054F, t 29
0550, skbi 2
0551, t 0a
0552, skbi c
0553, tl d 01
0554, tm 18 a1
0555, t 00
0556, t 1f
0557, adi 3
0558, tl d 01
0559, skbi 4
055A, tm 1c 01
055B, lb 9f
055C, adi 3
055D, tm 31 c8
055E, lbl bf
055F, skbi 3
0560, exd 4
0561, t 1f
0562, skz
0563, xax
0564, adi 3
0565, tl 6 37
0566, adsk
0567, tm 2d 1c
0568, tml c9
0569, tm 1c 01
056A, t 0c
056B, adsk
056C, tm 22 50
056D, t 0a
056E, tm 1e 8a
056F, adi 3
0570, t 1b
0571, tml 5b
0572, tm 3b 64
0573, tm 3b 64
0574, t 00
0575, t 0d
0576, lb 32
0577, t 18
0578, tm 19 01
0579, tm 19 89
057A, t 01
057B, adi 3
057C, ldi 7
057D, skbi 9
057E, lbl f4
057F, lbl 79
0580, t 2b
0581, adi 6
0582, skbi 8
0583, lb eb
0584, ex 6
0585, tl 3 ab
0586, t 25
0587, tml dc
0588, tml 6e
0589, lbl 60
058A, t 2b
058B, tl 8 0b
058C, t 1b
058D, comp
058E, t 1b
058F, t 0f
0590, t 1e
0591, comp
0592, t 1b
0593, t 0f
0594, decb
0595, comp
0596, t 1b
0597, tm 25 93
0598, comp
0599, t 1b
059A, adi 6
059B, t 16
059C, comp
059D, t 1b
059E, tm 26 17
059F, comp
05A0, ex 0
05A1, ex 2
05A2, or
05A3, t 1b
05A4, tm 18 00
05A5, tl c eb
05A6, t 3e
05A7, adi e
05A8, lbl c1
05A9, lb fc
05AA, t 1f
05AB, tm 30 00
05AC, doa
05AD, comp
05AE, sag
05AF, tl e a7
05B0, lbl 00
05B1, lbl 00
05B2, lbl 00
05B3, lbl 00
05B4, lbl 00
05B5, lbl 00
05B6, lbl 00
05B7, lbl 00
05B8, lbl 00
05B9, lbl 00
05BA, lbl 00
05BB, lbl 00
05BC, lbl 00
05BD, lbl 00
05BE, lbl 00
05BF, lbl 00
05C0, lbl 00
05C1, lbl 00
05C2, lbl 00
05C3, lbl 00
05C4, lbl 00
05C5, lbl 00
05C6, lbl 00
05C7, lbl 00
05C8, lbl 00
05C9, lbl 00
05CA, lbl 00
05CB, lbl 00
05CC, lbl 00
05CD, lbl 00
05CE, lbl 00
05CF, lbl 00
05D0, lbl 00
05D1, lbl 00
05D2, lbl 00
05D3, lbl 00
05D4, lbl 00
05D5, lbl 00
05D6, lbl 00
05D7, lbl 00
05D8, lbl 00
05D9, lbl 00
05DA, lbl 00
05DB, lbl 00
05DC, lbl 00
05DD, lbl 00
05DE, lbl 00
05DF, lbl 00
05E0, lbl 00
05E1, lbl 00
05E2, lbl 00
05E3, lbl 00
05E4, lbl 00
05E5, lbl 00
05E6, lbl 00
05E7, lbl 00
05E8, lbl 00
05E9, lbl 00
05EA, lbl 00
05EB, lbl 00
05EC, lbl 00
05ED, lbl 00
05EE, lbl 00
05EF, lbl 00
05F0, lbl 00
05F1, lbl 00
05F2, lbl 00
05F3, lbl 00
05F4, lbl 00
05F5, lbl 00
05F6, lbl 00
05F7, lbl 00
05F8, lbl 00
05F9, lbl 00
05FA, lbl 00
05FB, lbl 00
05FC, lbl 00
05FD, lbl 00
05FE, lbl 00
05FF, lbl 00
0600, lbl 00
0601, lbl 00
0602, lbl 00
0603, lbl 00
0604, lbl 00
0605, lbl 00
0606, lbl 00
0607, lbl 00
0608, lbl 00
0609, lbl 00
060A, lbl 00
060B, lbl 00
060C, lbl 00
060D, lbl 00
060E, lbl 00
060F, lbl 00
0610, lbl 00
0611, lbl 00
0612, lbl 00
0613, lbl 00
0614, lbl 00
0615, lbl 00
0616, lbl 00
0617, lbl 00
0618, lbl 00
0619, lbl 00
061A, lbl 00
061B, lbl 00
061C, lbl 00
061D, lbl 00
061E, lbl 00
061F, lbl 00
0620, lbl 00
0621, lbl 00
0622, lbl 00
0623, lbl 00
0624, lbl 00
0625, lbl 00
0626, lbl 00
0627, lbl 00
0628, lbl 00
0629, lbl 00
062A, lbl 00
062B, lbl 00
062C, lbl 00
062D, lbl 00
062E, lbl 00
062F, lbl 00
0630, lbl 00
0631, lbl 00
0632, lbl 00
0633, lbl 00
0634, lbl 00
0635, lbl 00
0636, lbl 00
0637, lbl 00
0638, lbl 00
0639, lbl 00
063A, lbl 00
063B, lbl 00
063C, lbl 00
063D, lbl 00
063E, lbl 00
063F, lbl 00
0640, lbl 00
0641, lbl 00
0642, lbl 00
0643, lbl 00
0644, lbl 00
0645, lbl 00
0646, lbl 00
0647, lbl 00
0648, lbl 00
0649, lbl 00
064A, lbl 00
064B, lbl 00
064C, lbl 00
064D, lbl 00
064E, lbl 00
064F, lbl 00
0650, lbl 00
0651, lbl 00
0652, lbl 00
0653, lbl 00
0654, lbl 00
0655, lbl 00
0656, lbl 00
0657, lbl 00
0658, lbl 00
0659, lbl 00
065A, lbl 00
065B, lbl 00
065C, lbl 00
065D, lbl 00
065E, lbl 00
065F, lbl 00
0660, lbl 00
0661, lbl 00
0662, lbl 00
0663, lbl 00
0664, lbl 00
0665, lbl 00
0666, lbl 00
0667, lbl 00
0668, lbl 00
0669, lbl 00
066A, lbl 00
066B, lbl 00
066C, lbl 00
066D, lbl 00
066E, lbl 00
066F, lbl 00
0670, lbl 00
0671, lbl 00
0672, lbl 00
0673, lbl 00
0674, lbl 00
0675, lbl 00
0676, lbl 00
0677, lbl 00
0678, lbl 00
0679, lbl 00
067A, lbl 00
067B, lbl 00
067C, lbl 00
067D, lbl 00
067E, lbl 00
067F, lbl 00
0680, lbl 00
0681, lbl 00
0682, lbl 00
0683, lbl 00
0684, lbl 00
0685, lbl 00
0686, lbl 00
0687, lbl 00
0688, lbl 00
0689, lbl 00
068A, lbl 00
068B, lbl 00
068C, lbl 00
068D, lbl 00
068E, lbl 00
068F, lbl 00
0690, lbl 00
0691, lbl 00
0692, lbl 00
0693, lbl 00
0694, lbl 00
0695, lbl 00
0696, lbl 00
0697, lbl 00
0698, lbl 00
0699, lbl 00
069A, lbl 00
069B, lbl 00
069C, lbl 00
069D, lbl 00
069E, lbl 00
069F, lbl 00
06A0, lbl 00
06A1, lbl 00
06A2, lbl 00
06A3, lbl 00
06A4, lbl 00
06A5, lbl 00
06A6, lbl 00
06A7, lbl 00
06A8, lbl 00
06A9, lbl 00
06AA, lbl 00
06AB, lbl 00
06AC, lbl 00
06AD, lbl 00
06AE, lbl 00
06AF, lbl 00
06B0, lbl 00
06B1, lbl 00
06B2, lbl 00
06B3, lbl 00
06B4, lbl 00
06B5, lbl 00
06B6, lbl 00
06B7, lbl 00
06B8, lbl 00
06B9, lbl 00
06BA, lbl 00
06BB, lbl 00
06BC, lbl 00
06BD, lbl 00
06BE, lbl 00
06BF, lbl 00
06C0, lbl 00
06C1, lbl 00
06C2, lbl 00
06C3, lbl 00
06C4, lbl 00
06C5, lbl 00
06C6, lbl 00
06C7, lbl 00
06C8, lbl 00
06C9, lbl 00
06CA, lbl 00
06CB, lbl 00
06CC, lbl 00
06CD, lbl 00
06CE, lbl 00
06CF, lbl 00
06D0, lbl 00
06D1, lbl 00
06D2, lbl 00
06D3, lbl 00
06D4, lbl 00
06D5, lbl 00
06D6, lbl 00
06D7, lbl 00
06D8, lbl 00
06D9, lbl 00
06DA, lbl 00
06DB, lbl 00
06DC, lbl 00
06DD, lbl 00
06DE, lbl 00
06DF, lbl 00
06E0, lbl 00
06E1, lbl 00
06E2, lbl 00
06E3, lbl 00
06E4, lbl 00
06E5, lbl 00
06E6, lbl 00
06E7, lbl 00
06E8, lbl 00
06E9, lbl 00
06EA, lbl 00
06EB, lbl 00
06EC, lbl 00
06ED, lbl 00
06EE, lbl 00
06EF, lbl 00
06F0, lbl 00
06F1, lbl 00
06F2, lbl 00
06F3, lbl 00
06F4, lbl 00
06F5, lbl 00
06F6, lbl 00
06F7, lbl 00
06F8, lbl 00
06F9, lbl 00
06FA, lbl 00
06FB, lbl 00
06FC, lbl 00
06FD, lbl 00
06FE, lbl 00
06FF, lbl 00
0700, lbl 00
0701, lbl 00
0702, lbl 00
0703, lbl 00
0704, lbl 00
0705, lbl 00
0706, lbl 00
0707, lbl 00
0708, lbl 00
0709, lbl 00
070A, lbl 00
070B, lbl 00
070C, lbl 00
070D, lbl 00
070E, lbl 00
070F, lbl 00
0710, lbl 00
0711, lbl 00
0712, lbl 00
0713, lbl 00
0714, lbl 00
0715, lbl 00
0716, lbl 00
0717, lbl 00
0718, lbl 00
0719, lbl 00
071A, lbl 00
071B, lbl 00
071C, lbl 00
071D, lbl 00
071E, lbl 00
071F, lbl 00
0720, lbl 00
0721, lbl 00
0722, lbl 00
0723, lbl 00
0724, lbl 00
0725, lbl 00
0726, lbl 00
0727, lbl 00
0728, lbl 00
0729, lbl 00
072A, lbl 00
072B, lbl 00
072C, lbl 00
072D, lbl 00
072E, lbl 00
072F, lbl 00
0730, lbl 00
0731, lbl 00
0732, lbl 00
0733, lbl 00
0734, lbl 00
0735, lbl 00
0736, lbl 00
0737, lbl 00
0738, lbl 00
0739, lbl 00
073A, lbl 00
073B, lbl 00
073C, lbl 00
073D, lbl 00
073E, lbl 00
073F, lbl 00
0740, lbl 00
0741, lbl 00
0742, lbl 00
0743, lbl 00
0744, lbl 00
0745, lbl 00
0746, lbl 00
0747, lbl 00
0748, lbl 00
0749, lbl 00
074A, lbl 00
074B, lbl 00
074C, lbl 00
074D, lbl 00
074E, lbl 00
074F, lbl 00
0750, lbl 00
0751, lbl 00
0752, lbl 00
0753, lbl 00
0754, lbl 00
0755, lbl 00
0756, lbl 00
0757, lbl 00
0758, lbl 00
0759, lbl 00
075A, lbl 00
075B, lbl 00
075C, lbl 00
075D, lbl 00
075E, lbl 00
075F, lbl 00
0760, lbl 00
0761, lbl 00
0762, lbl 00
0763, lbl 00
0764, lbl 00
0765, lbl 00
0766, lbl 00
0767, lbl 00
0768, lbl 00
0769, lbl 00
076A, lbl 00
076B, lbl 00
076C, lbl 00
076D, lbl 00
076E, lbl 00
076F, lbl 00
0770, lbl 00
0771, lbl 00
0772, lbl 00
0773, lbl 00
0774, lbl 00
0775, lbl 00
0776, lbl 00
0777, lbl 00
0778, lbl 00
0779, lbl 00
077A, lbl 00
077B, lbl 00
077C, lbl 00
077D, lbl 00
077E, lbl 00
077F, lbl 00
0780, lbl 00
0781, lbl 00
0782, lbl 00
0783, lbl 00
0784, lbl 00
0785, lbl 00
0786, lbl 00
0787, lbl 00
0788, lbl 00
0789, lbl 00
078A, lbl 00
078B, lbl 00
078C, lbl 00
078D, lbl 00
078E, lbl 00
078F, lbl 00
0790, lbl 00
0791, lbl 00
0792, lbl 00
0793, lbl 00
0794, lbl 00
0795, lbl 00
0796, lbl 00
0797, lbl 00
0798, lbl 00
0799, lbl 00
079A, lbl 00
079B, lbl 00
079C, lbl 00
079D, lbl 00
079E, lbl 00
079F, lbl 00
07A0, lbl 00
07A1, lbl 00
07A2, lbl 00
07A3, lbl 00
07A4, lbl 00
07A5, lbl 00
07A6, lbl 00
07A7, lbl 00
07A8, lbl 00
07A9, lbl 00
07AA, lbl 00
07AB, lbl 00
07AC, lbl 00
07AD, lbl 00
07AE, lbl 00
07AF, lbl 00
07B0, lbl 00
07B1, lbl 00
07B2, lbl 00
07B3, lbl 00
07B4, lbl 00
07B5, lbl 00
07B6, lbl 00
07B7, lbl 00
07B8, lbl 00
07B9, lbl 00
07BA, lbl 00
07BB, lbl 00
07BC, lbl 00
07BD, lbl 00
07BE, lbl 00
07BF, lbl 00
07C0, lbl 00
07C1, lbl 00
07C2, lbl 00
07C3, lbl 00
07C4, lbl 00
07C5, lbl 00
07C6, lbl 00
07C7, lbl 00
07C8, lbl 00
07C9, lbl 00
07CA, lbl 00
07CB, lbl 00
07CC, lbl 00
07CD, lbl 00
07CE, lbl 00
07CF, lbl 00
07D0, lbl 00
07D1, lbl 00
07D2, lbl 00
07D3, lbl 00
07D4, lbl 00
07D5, lbl 00
07D6, lbl 00
07D7, lbl 00
07D8, lbl 00
07D9, lbl 00
07DA, lbl 00
07DB, lbl 00
07DC, lbl 00
07DD, lbl 00
07DE, lbl 00
07DF, lbl 00
07E0, lbl 00
07E1, lbl 00
07E2, lbl 00
07E3, lbl 00
07E4, lbl 00
07E5, lbl 00
07E6, lbl 00
07E7, lbl 00
07E8, lbl 00
07E9, lbl 00
07EA, lbl 00
07EB, lbl 00
07EC, lbl 00
07ED, lbl 00
07EE, lbl 00
07EF, lbl 00
07F0, lbl 00
07F1, lbl 00
07F2, lbl 00
07F3, lbl 00
07F4, lbl 00
07F5, lbl 00
07F6, lbl 00
07F7, lbl 00
07F8, lbl 00
07F9, lbl 00
07FA, lbl 00
07FB, lbl 00
07FC, lbl 00
07FD, lbl 00
07FE, lbl 00
07FF, lbl 00

