
0000, skbi f
0001, t 3c
0002, rf1
0003, iol 3a
0004, lbl e1
0005, ex 7
0006, tm 39 8b
0007, t 03
0008, lbl dc
0009, lbl dc
000A, tm 17 b8
000B, lbl b1
000C, ld 7
000D, skz
000E, ldi 4
000F, ldi 0
0010, iol 2e
0011, lb 37
0012, iol 2d
0013, lb 37
0014, iol 27
0015, lb 37
0016, iol 3e
0017, decb
0018, ld 7
0019, iol 3d
001A, decb
001B, ld 7
001C, iol 37
001D, skf1
001E, t 30
001F, tl 7 c0
0020, lbl dc
0021, tml b9
0022, tml 4b
0023, tl 7 a6
0024, tl 7 a6
0025, tm 17 95
0026, t 10
0027, lb 57
0028, tm 32 00
0029, tm 29 00
002A, t 12
002B, tm 2e c6
002C, tml 13
002D, t 33
002E, tml b3
002F, ld 1
0030, adi 4
0031, t 01
0032, lxa
0033, tml f4
0034, lb f7
0035, t 36
0036, tml 37
0037, lb 15
0038, t 3d
0039, skc
003A, t 20
003B, lb 12
003C, xabl
003D, tml b9
003E, t 13
003F, tml 38
0040, tm 1b 12
0041, adi e
0042, t 2c
0043, lb 34
0044, ex 4
0045, ex 7
0046, tl 8 86
0047, tl 8 86
0048, lbl 91
0049, tm 23 c6
004A, ex 7
004B, t 13
004C, tml b9
004D, t 08
004E, tml ba
004F, lb 3f
0050, tml 43
0051, t 31
0052, tml ba
0053, t 18
0054, skc
0055, t 04
0056, tl 3 05
0057, tl 1 a6
0058, lb 73
0059, lxa
005A, ld 7
005B, adc
005C, ex 7
005D, tm 1b 12
005E, skz
005F, t 09
0060, tml ba
0061, lbl f2
0062, ld 3
0063, exd 3
0064, t 14
0065, tm 27 02
0066, skbi b
0067, tm 27 50
0068, t 28
0069, lb 7e
006A, ex 7
006B, tl 0 29
006C, lb 77
006D, ex 7
006E, incb
006F, tm 2d c1
0070, tm 2c 55
0071, tml 00
0072, lb fa
0073, t 29
0074, t 27
0075, tm 24 01
0076, lb 00
0077, t 10
0078, tm 3d 00
0079, lb f6
007A, tml 40
007B, tm 19 c2
007C, tm 35 58
007D, t 2b
007E, ldi 0
007F, tm 17 85
0080, tml ad
0081, lbl d9
0082, ld 7
0083, lxa
0084, lb 19
0085, ldi 2
0086, ex 3
0087, lax
0088, adi 2
0089, t 1d
008A, lxa
008B, lb 19
008C, ldi 0
008D, tm 17 97
008E, t 1d
008F, lb 12
0090, xabl
0091, ldi 0
0092, ex 7
0093, t 0d
0094, ldi 0
0095, lb 3f
0096, lbl ec
0097, ld 7
0098, lbl f1
0099, ex 7
009A, ldi 0
009B, lxa
009C, incb
009D, ld 3
009E, comp
009F, doa
00A0, ldi 4
00A1, iol 1e
00A2, ldi 0
00A3, iol 1e
00A4, lax
00A5, comp
00A6, doa
00A7, ld 7
00A8, iol 1d
00A9, tml 4d
00AA, tl e 65
00AB, tml a6
00AC, tl a 7d
00AD, sf2
00AE, t 03
00AF, rf2
00B0, tm 26 dc
00B1, tml aa
00B2, tm 25 c7
00B3, tm 3d c9
00B4, tm 3b b2
00B5, incb
00B6, tm 3b bc
00B7, incb
00B8, ld 7
00B9, tml ac
00BA, skf2
00BB, t 2b
00BC, lb 03
00BD, adi d
00BE, t 17
00BF, lbl fe
00C0, ldi 7
00C1, tm 15 00
00C2, tm 3f 77
00C3, adc
00C4, ex 7
00C5, lbl ff
00C6, tm 3b a9
00C7, tl 6 62
00C8, tl b 39
00C9, tl b 39
00CA, tml ac
00CB, lb 70
00CC, tl b 38
00CD, tml ba
00CE, tml ba
00CF, lbl fe
00D0, tm 15 7b
00D1, tml ac
00D2, t 0a
00D3, tml ba
00D4, ldi 5
00D5, t 39
00D6, tm 2b 00
00D7, lb f7
00D8, t 38
00D9, tm 14 d9
00DA, lb f9
00DB, t 3a
00DC, lb f9
00DD, t 27
00DE, incb
00DF, tm 37 a5
00E0, lb fa
00E1, t 1f
00E2, tml b2
00E3, tm 3d 03
00E4, t 34
00E5, tm 3d 03
00E6, t 2e
00E7, t 2e
00E8, exd 7
00E9, skbi 6
00EA, t 1b
00EB, tml ae
00EC, tml ae
00ED, tml 5b
00EE, t 27
00EF, lb f5
00F0, lbl c7
00F1, lbl c7
00F2, ex 7
00F3, lb f8
00F4, tm 1e c1
00F5, tm 39 b6
00F6, tm 1d 01
00F7, t 37
00F8, tl 9 80
00F9, tl 9 86
00FA, tl 9 b3
00FB, rf1
00FC, tml 8f
00FD, t 0a
00FE, lbl 00
00FF, lbl 97
0100, tml 57
0101, tml 86
0102, lbl c5
0103, tm 39 bd
0104, tml b7
0105, tml b7
0106, tm 20 c8
0107, ldi 2
0108, tm 16 98
0109, tm 16 98
010A, tm 30 02
010B, t 2d
010C, t 0f
010D, tml 40
010E, tml 12
010F, lb f9
0110, t 23
0111, lbl a7
0112, tml 57
0113, lbl c5
0114, tm 37 b3
0115, lb 77
0116, ex 7
0117, incb
0118, tm 2d c1
0119, tm 2c ff
011A, lb ec
011B, tl 5 08
011C, tm 18 00
011D, lb f9
011E, t 3b
011F, ldi 5
0120, tl 9 c0
0121, tl 5 0c
0122, tl 9 dd
0123, lbl d0
0124, lbl 9a
0125, tml 99
0126, tml 10
0127, tml 86
0128, lbl 9a
0129, tml 99
012A, tml 40
012B, tml 12
012C, lbl c5
012D, tm 37 9b
012E, tm 33 00
012F, lb e9
0130, tl 9 a7
0131, tm 2a 96
0132, tm 1f 02
0133, t 2d
0134, tml ad
0135, ldi 2
0136, tml 1c
0137, t 32
0138, lb fb
0139, t 2d
013A, tm 22 02
013B, t 37
013C, t 22
013D, lb f6
013E, lb 73
013F, ex 7
0140, tl 9 98
0141, lbl c7
0142, tm 2b ec
0143, incb
0144, tm 2c f4
0145, tm 33 55
0146, comp
0147, lbl 00
0148, tm 2f ef
0149, tm 2f ef
014A, lbl f2
014B, ld 3
014C, exd 3
014D, ld 3
014E, exd 3
014F, ld 3
0150, ex 7
0151, ex 7
0152, tm 10 d9
0153, tl 8 ab
0154, lbl f0
0155, ldi 7
0156, lbua
0157, tm 26 ef
0158, lbl f2
0159, ld 3
015A, exd 3
015B, ld 3
015C, exd 3
015D, ld 3
015E, ex 7
015F, ex 7
0160, tm 10 8e
0161, ldi 7
0162, tm 12 79
0163, tm 13 cb
0164, ld 7
0165, lbl e0
0166, ex 7
0167, t 37
0168, lb fb
0169, t 30
016A, t 39
016B, ld 5
016C, incb
016D, ex 7
016E, ldi 6
016F, tm 12 7c
0170, tm 13 02
0171, lbl 55
0172, eor
0173, tm 3a e9
0174, tm 36 55
0175, lbmx
0176, lb fd
0177, lbl dd
0178, ld 7
0179, lxa
017A, decb
017B, ld 7
017C, lbl b2
017D, xax
017E, exd 7
017F, xax
0180, ex 7
0181, tl c eb
0182, dib
0183, adi 7
0184, t 16
0185, lb f6
0186, t 0e
0187, ldi 0
0188, tm 10 5a
0189, lb cf
018A, tm 38 9e
018B, t 3e
018C, lb f7
018D, t 26
018E, tm 33 03
018F, t 20
0190, tm 3d be
0191, tml a6
0192, tml a6
0193, xabl
0194, tm 31 f1
0195, tm 31 3f
0196, incb
0197, tm 36 ca
0198, tm 26 58
0199, tm 3c 70
019A, tm 10 70
019B, tm 11 70
019C, tm 12 70
019D, tm 13 05
019E, tm 25 5f
019F, ldi 0
01A0, tm 3a b6
01A1, tm 3b b7
01A2, lb fb
01A3, t 3a
01A4, lb f9
01A5, t 3c
01A6, lb f8
01A7, t 20
01A8, lb fb
01A9, t 30
01AA, lb 72
01AB, tm 17 a3
01AC, lb eb
01AD, decb
01AE, tm 2a eb
01AF, tm 2c fa
01B0, t 1e
01B1, lb ec
01B2, tl 5 0c
01B3, tm 2a fe
01B4, t 0d
01B5, lb f7
01B6, t 2d
01B7, tm 22 cb
01B8, ld 7
01B9, lbl b2
01BA, ex 7
01BB, t 14
01BC, tml b7
01BD, t 26
01BE, lb f7
01BF, t 14
01C0, lb f6
01C1, t 14
01C2, ldi 7
01C3, ldi 7
01C4, tl c c1
01C5, tl 2 9f
01C6, tl a 3b
01C7, lbl 00
01C8, lb 02
01C9, tl 3 01
01CA, skf2
01CB, lb e5
01CC, tm 3c 02
01CD, t 22
01CE, t 3b
01CF, lb fa
01D0, t 2f
01D1, t 2f
01D2, tm 17 97
01D3, tm 1c fc
01D4, tm 24 dc
01D5, tm 24 dc
01D6, t 2d
01D7, t 2d
01D8, tm 17 9b
01D9, t 36
01DA, lbl cf
01DB, ld 7
01DC, lb 3f
01DD, lb 7a
01DE, tm 17 a8
01DF, tm 3c 02
01E0, tl 7 ac
01E1, tm 3c 02
01E2, tl 5 75
01E3, ldi 6
01E4, tm 11 b9
01E5, tm 3c e6
01E6, tml c0
01E7, lb ec
01E8, t 39
01E9, tm 1d fc
01EA, tm 25 5c
01EB, tm 2b 5b
01EC, adi 0
01ED, lbl 00
01EE, lbl c3
01EF, tm 39 84
01F0, t 0a
01F1, ldi 7
01F2, lb 3f
01F3, tm 1e 57
01F4, ldi 4
01F5, lb fb
01F6, t 33
01F7, tm 14 d9
01F8, lb f9
01F9, t 2a
01FA, tm 37 99
01FB, lbl c5
01FC, tm 2a f9
01FD, t 24
01FE, tm 20 ff
01FF, lb fa
0200, t 20
0201, tml 40
0202, tml 12
0203, tl 8 a2
0204, lb fa
0205, t 28
0206, tm 1e df
0207, t 1a
0208, rf1
0209, tml 8f
020A, lb f7
020B, t 19
020C, tm 38 a7
020D, t 1a
020E, lb 74
020F, ex 7
0210, tl 0 29
0211, tm 23 dc
0212, tml aa
0213, tm 24 dc
0214, rtn
0215, lbl 00
0216, tm 2c 79
0217, ad
0218, lxa
0219, lbmx
021A, ldi 1
021B, xabl
021C, tml 28
021D, ldi 1
021E, ldi 0
021F, iol 2d
0220, rf1
0221, lb fa
0222, t 2c
0223, lbl e3
0224, lxa
0225, tm 37 db
0226, tm 38 db
0227, tm 39 db
0228, tm 3a db
0229, lax
022A, adi 1
022B, t 28
022C, lb f6
022D, tml 40
022E, tml 40
022F, tl 5 00
0230, tm 3b be
0231, tl e 00
0232, tm 2a c4
0233, tm 29 03
0234, t 22
0235, tm 2c 00
0236, tm 1f fa
0237, t 3b
0238, tm 36 02
0239, ldi 7
023A, tml 71
023B, sf1
023C, sf1
023D, t 12
023E, tl f 80
023F, ldi 6
0240, tm 11 cf
0241, tm 2d 75
0242, tm 13 e1
0243, ldi 0
0244, tm 11 d4
0245, tl c 00
0246, ldi 5
0247, tm 11 cf
0248, tm 36 84
0249, xabl
024A, tml 57
024B, lb fa
024C, t 1f
024D, lb f9
024E, t 1f
024F, tml ae
0250, tml ae
0251, tml 5b
0252, tl b d2
0253, tml f4
0254, tml b2
0255, tm 25 03
0256, t 34
0257, tm 25 03
0258, t 2e
0259, tm 29 1f
025A, skbi 6
025B, t 2b
025C, tl c 04
025D, lbl c5
025E, tl b d8
025F, tl b d8
0260, tm 13 e1
0261, tm 18 cf
0262, tm 3d cc
0263, tml c8
0264, tl 0 29
0265, tl 0 29
0266, tm 11 02
0267, tl b 7f
0268, xabl
0269, tml 55
026A, lb fa
026B, t 12
026C, lb f9
026D, t 12
026E, tml ae
026F, tml 72
0270, tml 12
0271, lb ed
0272, tl 8 a2
0273, tm 39 9b
0274, t 1e
0275, lb f6
0276, tm 1e c1
0277, tm 39 af
0278, lb fa
0279, t 25
027A, t 34
027B, lbl 97
027C, tml 55
027D, tm 1e 00
027E, t 27
027F, tml 55
0280, tm 1e cd
0281, tm 3a de
0282, tl c 10
0283, lbl 97
0284, tml 57
0285, tm 1e 00
0286, t 27
0287, tml 57
0288, tm 1e af
0289, lbl 4f
028A, t 3c
028B, rf1
028C, iol 3a
028D, lbl e1
028E, ex 7
028F, tm 39 8b
0290, t 03
0291, lbl dc
0292, lbl dc
0293, tm 17 b8
0294, lbl b1
0295, ld 7
0296, skz
0297, ldi 4
0298, ldi 0
0299, iol 2e
029A, lb 37
029B, iol 2d
029C, lb 37
029D, iol 27
029E, lb 37
029F, iol 3e
02A0, decb
02A1, ld 7
02A2, iol 3d
02A3, decb
02A4, ld 7
02A5, iol 37
02A6, skf1
02A7, t 30
02A8, tl 7 c0
02A9, lbl dc
02AA, tml b9
02AB, tml 4b
02AC, tl 7 a6
02AD, tl 7 a6
02AE, tm 17 95
02AF, t 10
02B0, lb 57
02B1, tm 32 00
02B2, tm 29 00
02B3, t 12
02B4, tm 2e c6
02B5, tml 13
02B6, t 33
02B7, tml b3
02B8, ld 1
02B9, adi 4
02BA, t 01
02BB, lxa
02BC, tml f4
02BD, lb f7
02BE, t 36
02BF, tml 37
02C0, lb 15
02C1, t 3d
02C2, skc
02C3, t 20
02C4, lb 12
02C5, xabl
02C6, tml b9
02C7, t 13
02C8, tml 38
02C9, tm 1b 12
02CA, adi e
02CB, t 2c
02CC, lb 34
02CD, ex 4
02CE, ex 7
02CF, tl 8 86
02D0, tl 8 86
02D1, lbl 91
02D2, tm 23 c6
02D3, ex 7
02D4, t 13
02D5, tml b9
02D6, t 08
02D7, tml ba
02D8, lb 3f
02D9, tml 43
02DA, t 31
02DB, tml ba
02DC, t 18
02DD, skc
02DE, t 04
02DF, tl 3 05
02E0, tl 1 a6
02E1, lb 73
02E2, lxa
02E3, ld 7
02E4, adc
02E5, ex 7
02E6, tm 1b 12
02E7, skz
02E8, t 09
02E9, tml ba
02EA, lbl f2
02EB, ld 3
02EC, exd 3
02ED, t 14
02EE, tm 27 02
02EF, skbi b
02F0, tm 27 50
02F1, t 28
02F2, lb 7e
02F3, ex 7
02F4, tl 0 29
02F5, lb 77
02F6, ex 7
02F7, incb
02F8, tm 2d c1
02F9, tm 2c 55
02FA, tml 00
02FB, lb fa
02FC, t 29
02FD, t 27
02FE, tm 24 01
02FF, lb 00
0300, t 10
0301, tm 3d 00
0302, lb f6
0303, tml 40
0304, tm 19 c2
0305, tm 35 58
0306, t 2b
0307, ldi 0
0308, tm 17 85
0309, tml ad
030A, lbl d9
030B, ld 7
030C, lxa
030D, lb 19
030E, ldi 2
030F, ex 3
0310, lax
0311, adi 2
0312, t 1d
0313, lxa
0314, lb 19
0315, ldi 0
0316, tm 17 97
0317, t 1d
0318, lb 12
0319, xabl
031A, ldi 0
031B, ex 7
031C, t 0d
031D, ldi 0
031E, lb 3f
031F, lbl ec
0320, ld 7
0321, lbl f1
0322, ex 7
0323, ldi 0
0324, lxa
0325, incb
0326, ld 3
0327, comp
0328, doa
0329, ldi 4
032A, iol 1e
032B, ldi 0
032C, iol 1e
032D, lax
032E, comp
032F, doa
0330, ld 7
0331, iol 1d
0332, tml 4d
0333, tl e 65
0334, tml a6
0335, tl a 7d
0336, sf2
0337, t 03
0338, rf2
0339, tm 26 dc
033A, tml aa
033B, tm 25 c7
033C, tm 3d c9
033D, tm 3b b2
033E, incb
033F, tm 3b bc
0340, incb
0341, ld 7
0342, tml ac
0343, skf2
0344, t 2b
0345, lb 03
0346, adi d
0347, t 17
0348, lbl fe
0349, ldi 7
034A, tm 15 00
034B, tm 3f 77
034C, adc
034D, ex 7
034E, lbl ff
034F, tm 3b a9
0350, tl 6 62
0351, tl b 39
0352, tl b 39
0353, tml ac
0354, lb 70
0355, tl b 38
0356, tml ba
0357, tml ba
0358, lbl fe
0359, tm 15 7b
035A, tml ac
035B, t 0a
035C, tml ba
035D, ldi 5
035E, t 39
035F, tm 2b 00
0360, lb f7
0361, t 38
0362, tm 14 d9
0363, lb f9
0364, t 3a
0365, lb f9
0366, t 27
0367, incb
0368, tm 37 a5
0369, lb fa
036A, t 1f
036B, tml b2
036C, tm 3d 03
036D, t 34
036E, tm 3d 03
036F, t 2e
0370, t 2e
0371, exd 7
0372, skbi 6
0373, t 1b
0374, tml ae
0375, tml ae
0376, tml 5b
0377, t 27
0378, lb f5
0379, lbl c7
037A, lbl c7
037B, ex 7
037C, lb f8
037D, tm 1e c1
037E, tm 39 b6
037F, tm 1d 01
0380, t 37
0381, tl 9 80
0382, tl 9 86
0383, tl 9 b3
0384, rf1
0385, tml 8f
0386, t 0a
0387, lbl 00
0388, lbl 97
0389, tml 57
038A, tml 86
038B, lbl c5
038C, tm 39 bd
038D, tml b7
038E, tml b7
038F, tm 20 c8
0390, ldi 2
0391, tm 16 98
0392, tm 16 98
0393, tm 30 02
0394, t 2d
0395, t 0f
0396, tml 40
0397, tml 12
0398, lb f9
0399, t 23
039A, lbl a7
039B, tml 57
039C, lbl c5
039D, tm 37 b3
039E, lb 77
039F, ex 7
03A0, incb
03A1, tm 2d c1
03A2, tm 2c ff
03A3, lb ec
03A4, tl 5 08
03A5, tm 18 00
03A6, lb f9
03A7, t 3b
03A8, ldi 5
03A9, tl 9 c0
03AA, tl 5 0c
03AB, tl 9 dd
03AC, lbl d0
03AD, lbl 9a
03AE, tml 99
03AF, tml 10
03B0, tml 86
03B1, lbl 9a
03B2, tml 99
03B3, tml 40
03B4, tml 12
03B5, lbl c5
03B6, tm 37 9b
03B7, tm 33 00
03B8, lb e9
03B9, tl 9 a7
03BA, tm 2a 96
03BB, tm 1f 02
03BC, t 2d
03BD, tml ad
03BE, ldi 2
03BF, tml 1c
03C0, t 32
03C1, lb fb
03C2, t 2d
03C3, tm 22 02
03C4, t 37
03C5, t 22
03C6, lb f6
03C7, lb 73
03C8, ex 7
03C9, tl 9 98
03CA, lbl c7
03CB, tm 2b ec
03CC, incb
03CD, tm 2c f4
03CE, tm 33 55
03CF, comp
03D0, lbl 00
03D1, tm 2f ef
03D2, tm 2f ef
03D3, lbl f2
03D4, ld 3
03D5, exd 3
03D6, ld 3
03D7, exd 3
03D8, ld 3
03D9, ex 7
03DA, ex 7
03DB, tm 10 d9
03DC, tl 8 ab
03DD, lbl f0
03DE, ldi 7
03DF, lbua
03E0, tm 26 ef
03E1, lbl f2
03E2, ld 3
03E3, exd 3
03E4, ld 3
03E5, exd 3
03E6, ld 3
03E7, ex 7
03E8, ex 7
03E9, tm 10 8e
03EA, ldi 7
03EB, tm 12 79
03EC, tm 13 cb
03ED, ld 7
03EE, lbl e0
03EF, ex 7
03F0, t 37
03F1, lb fb
03F2, t 30
03F3, t 39
03F4, ld 5
03F5, incb
03F6, ex 7
03F7, ldi 6
03F8, tm 12 7c
03F9, tm 13 02
03FA, lbl 55
03FB, eor
03FC, tm 3a e9
03FD, tm 36 55
03FE, lbmx
03FF, lb fd
0400, lbl dd
0401, ld 7
0402, lxa
0403, decb
0404, ld 7
0405, lbl b2
0406, xax
0407, exd 7
0408, xax
0409, ex 7
040A, tl c eb
040B, dib
040C, adi 7
040D, t 16
040E, lb f6
040F, t 0e
0410, ldi 0
0411, tm 10 5a
0412, lb cf
0413, tm 38 9e
0414, t 3e
0415, lb f7
0416, t 26
0417, tm 33 03
0418, t 20
0419, tm 3d be
041A, tml a6
041B, tml a6
041C, xabl
041D, tm 31 f1
041E, tm 31 3f
041F, incb
0420, tm 36 ca
0421, tm 26 58
0422, tm 3c 70
0423, tm 10 70
0424, tm 11 70
0425, tm 12 70
0426, tm 13 05
0427, tm 25 5f
0428, ldi 0
0429, tm 3a b6
042A, tm 3b b7
042B, lb fb
042C, t 3a
042D, lb f9
042E, t 3c
042F, lb f8
0430, t 20
0431, lb fb
0432, t 30
0433, lb 72
0434, tm 17 a3
0435, lb eb
0436, decb
0437, tm 2a eb
0438, tm 2c fa
0439, t 1e
043A, lb ec
043B, tl 5 0c
043C, tm 2a fe
043D, t 0d
043E, lb f7
043F, t 2d
0440, tm 22 cb
0441, ld 7
0442, lbl b2
0443, ex 7
0444, t 14
0445, tml b7
0446, t 26
0447, lb f7
0448, t 14
0449, lb f6
044A, t 14
044B, ldi 7
044C, ldi 7
044D, tl c c1
044E, tl 2 9f
044F, tl a 3b
0450, lbl 00
0451, lb 02
0452, tl 3 01
0453, skf2
0454, lb e5
0455, tm 3c 02
0456, t 22
0457, t 3b
0458, lb fa
0459, t 2f
045A, t 2f
045B, tm 17 97
045C, tm 1c fc
045D, tm 24 dc
045E, tm 24 dc
045F, t 2d
0460, t 2d
0461, tm 17 9b
0462, t 36
0463, lbl cf
0464, ld 7
0465, lb 3f
0466, lb 7a
0467, tm 17 a8
0468, tm 3c 02
0469, tl 7 ac
046A, tm 3c 02
046B, tl 5 75
046C, ldi 6
046D, tm 11 b9
046E, tm 3c e6
046F, tml c0
0470, lb ec
0471, t 39
0472, tm 1d fc
0473, tm 25 5c
0474, tm 2b 5b
0475, adi 0
0476, lbl 00
0477, lbl c3
0478, tm 39 84
0479, t 0a
047A, ldi 7
047B, lb 3f
047C, tm 1e 57
047D, ldi 4
047E, lb fb
047F, t 33
0480, tm 14 d9
0481, lb f9
0482, t 2a
0483, tm 37 99
0484, lbl c5
0485, tm 2a f9
0486, t 24
0487, tm 20 ff
0488, lb fa
0489, t 20
048A, tml 40
048B, tml 12
048C, tl 8 a2
048D, lb fa
048E, t 28
048F, tm 1e df
0490, t 1a
0491, rf1
0492, tml 8f
0493, lb f7
0494, t 19
0495, tm 38 a7
0496, t 1a
0497, lb 74
0498, ex 7
0499, tl 0 29
049A, tm 23 dc
049B, tml aa
049C, tm 24 dc
049D, rtn
049E, lbl 00
049F, tm 2c 79
04A0, ad
04A1, lxa
04A2, lbmx
04A3, ldi 1
04A4, xabl
04A5, tml 28
04A6, ldi 1
04A7, ldi 0
04A8, iol 2d
04A9, rf1
04AA, lb fa
04AB, t 2c
04AC, lbl e3
04AD, lxa
04AE, tm 37 db
04AF, tm 38 db
04B0, tm 39 db
04B1, tm 3a db
04B2, lax
04B3, adi 1
04B4, t 28
04B5, lb f6
04B6, tml 40
04B7, tml 40
04B8, tl 5 00
04B9, tm 3b be
04BA, tl e 00
04BB, tm 2a c4
04BC, tm 29 03
04BD, t 22
04BE, tm 2c 00
04BF, tm 1f fa
04C0, t 3b
04C1, tm 36 02
04C2, ldi 7
04C3, tml 71
04C4, sf1
04C5, sf1
04C6, t 12
04C7, tl f 80
04C8, ldi 6
04C9, tm 11 cf
04CA, tm 2d 75
04CB, tm 13 e1
04CC, ldi 0
04CD, tm 11 d4
04CE, tl c 00
04CF, ldi 5
04D0, tm 11 cf
04D1, tm 36 84
04D2, xabl
04D3, tml 57
04D4, lb fa
04D5, t 1f
04D6, lb f9
04D7, t 1f
04D8, tml ae
04D9, tml ae
04DA, tml 5b
04DB, tl b d2
04DC, tml f4
04DD, tml b2
04DE, tm 25 03
04DF, t 34
04E0, tm 25 03
04E1, t 2e
04E2, tm 29 1f
04E3, skbi 6
04E4, t 2b
04E5, tl c 04
04E6, lbl c5
04E7, tl b d8
04E8, tl b d8
04E9, tm 13 e1
04EA, tm 18 cf
04EB, tm 3d cc
04EC, tml c8
04ED, tl 0 29
04EE, tl 0 29
04EF, tm 11 02
04F0, tl b 7f
04F1, xabl
04F2, tml 55
04F3, lb fa
04F4, t 12
04F5, lb f9
04F6, t 12
04F7, tml ae
04F8, tml 72
04F9, tml 12
04FA, lb ed
04FB, tl 8 a2
04FC, tm 39 9b
04FD, t 1e
04FE, lb f6
04FF, tm 1e c1
0500, tm 39 af
0501, lb fa
0502, t 25
0503, t 34
0504, lbl 97
0505, tml 55
0506, tm 1e 00
0507, t 27
0508, tml 55
0509, tm 1e cd
050A, tm 3a de
050B, tl c 10
050C, lbl 97
050D, tml 57
050E, tm 1e 00
050F, t 27
0510, tml 57
0511, tm 1e af
0512, lbl 00
0513, lbl 00
0514, lbl 00
0515, lbl 00
0516, lbl 00
0517, lbl 00
0518, lbl 00
0519, lbl 00
051A, lbl 00
051B, lbl 00
051C, lbl 00
051D, lbl 00
051E, lbl 00
051F, lbl 00
0520, lbl 00
0521, lbl 00
0522, lbl 00
0523, lbl 00
0524, lbl 00
0525, lbl 00
0526, lbl 00
0527, lbl 00
0528, lbl 00
0529, lbl 00
052A, lbl 00
052B, lbl 00
052C, lbl 00
052D, lbl 00
052E, lbl 00
052F, lbl 00
0530, lbl 00
0531, lbl 00
0532, lbl 00
0533, lbl 00
0534, lbl 00
0535, lbl 00
0536, lbl 00
0537, lbl 00
0538, lbl 00
0539, lbl 00
053A, lbl 00
053B, lbl 00
053C, lbl 00
053D, lbl 00
053E, lbl 00
053F, lbl 00
0540, lbl 00
0541, lbl 00
0542, lbl 00
0543, lbl 00
0544, lbl 00
0545, lbl 00
0546, lbl 00
0547, lbl 00
0548, lbl 00
0549, lbl 00
054A, lbl 00
054B, lbl 00
054C, lbl 00
054D, lbl 00
054E, lbl 00
054F, lbl 00
0550, lbl 00
0551, lbl 00
0552, lbl 00
0553, lbl 00
0554, lbl 00
0555, lbl 00
0556, lbl 00
0557, lbl 00
0558, lbl 00
0559, lbl 00
055A, lbl 00
055B, lbl 00
055C, lbl 00
055D, lbl 00
055E, lbl 00
055F, lbl 00
0560, lbl 00
0561, lbl 00
0562, lbl 00
0563, lbl 00
0564, lbl 00
0565, lbl 00
0566, lbl 00
0567, lbl 00
0568, lbl 00
0569, lbl 00
056A, lbl 00
056B, lbl 00
056C, lbl 00
056D, lbl 00
056E, lbl 00
056F, lbl 00
0570, lbl 00
0571, lbl 00
0572, lbl 00
0573, lbl 00
0574, lbl 00
0575, lbl 00
0576, lbl 00
0577, lbl 00
0578, lbl 00
0579, lbl 00
057A, lbl 00
057B, lbl 00
057C, lbl 00
057D, lbl 00
057E, lbl 00
057F, lbl 00
0580, lbl 00
0581, lbl 00
0582, lbl 00
0583, lbl 00
0584, lbl 00
0585, lbl 00
0586, lbl 00
0587, lbl 00
0588, lbl 00
0589, lbl 00
058A, lbl 00
058B, lbl 00
058C, lbl 00
058D, lbl 00
058E, lbl 00
058F, lbl 00
0590, lbl 00
0591, lbl 00
0592, lbl 00
0593, lbl 00
0594, lbl 00
0595, lbl 00
0596, lbl 00
0597, lbl 00
0598, lbl 00
0599, lbl 00
059A, lbl 00
059B, lbl 00
059C, lbl 00
059D, lbl 00
059E, lbl 00
059F, lbl 00
05A0, lbl 00
05A1, lbl 00
05A2, lbl 00
05A3, lbl 00
05A4, lbl 00
05A5, lbl 00
05A6, lbl 00
05A7, lbl 00
05A8, lbl 00
05A9, lbl 00
05AA, lbl 00
05AB, lbl 00
05AC, lbl 00
05AD, lbl 00
05AE, lbl 00
05AF, lbl 00
05B0, lbl 00
05B1, lbl 00
05B2, lbl 00
05B3, lbl 00
05B4, lbl 00
05B5, lbl 00
05B6, lbl 00
05B7, lbl 00
05B8, lbl 00
05B9, lbl 00
05BA, lbl 00
05BB, lbl 00
05BC, lbl 00
05BD, lbl 00
05BE, lbl 00
05BF, lbl 00
05C0, lbl 00
05C1, lbl 00
05C2, lbl 00
05C3, lbl 00
05C4, lbl 00
05C5, lbl 00
05C6, lbl 00
05C7, lbl 00
05C8, lbl 00
05C9, lbl 00
05CA, lbl 00
05CB, lbl 00
05CC, lbl 00
05CD, lbl 00
05CE, lbl 00
05CF, lbl 00
05D0, lbl 00
05D1, lbl 00
05D2, lbl 00
05D3, lbl 00
05D4, lbl 00
05D5, lbl 00
05D6, lbl 00
05D7, lbl 00
05D8, lbl 00
05D9, lbl 00
05DA, lbl 00
05DB, lbl 00
05DC, lbl 00
05DD, lbl 00
05DE, lbl 00
05DF, lbl 00
05E0, lbl 00
05E1, lbl 00
05E2, lbl 00
05E3, lbl 00
05E4, lbl 00
05E5, lbl 00
05E6, lbl 00
05E7, lbl 00
05E8, lbl 00
05E9, lbl 00
05EA, lbl 00
05EB, lbl 00
05EC, lbl 00
05ED, lbl 00
05EE, lbl 00
05EF, lbl 00
05F0, lbl 00
05F1, lbl 00
05F2, lbl 00
05F3, lbl 00
05F4, lbl 00
05F5, lbl 00
05F6, lbl 00
05F7, lbl 00
05F8, lbl 00
05F9, lbl 00
05FA, lbl 00
05FB, lbl 00
05FC, lbl 00
05FD, lbl 00
05FE, lbl 00
05FF, lbl 00
0600, lbl 00
0601, lbl 00
0602, lbl 00
0603, lbl 00
0604, lbl 00
0605, lbl 00
0606, lbl 00
0607, lbl 00
0608, lbl 00
0609, lbl 00
060A, lbl 00
060B, lbl 00
060C, lbl 00
060D, lbl 00
060E, lbl 00
060F, lbl 00
0610, lbl 00
0611, lbl 00
0612, lbl 00
0613, lbl 00
0614, lbl 00
0615, lbl 00
0616, lbl 00
0617, lbl 00
0618, lbl 00
0619, lbl 00
061A, lbl 00
061B, lbl 00
061C, lbl 00
061D, lbl 00
061E, lbl 00
061F, lbl 00
0620, lbl 00
0621, lbl 00
0622, lbl 00
0623, lbl 00
0624, lbl 00
0625, lbl 00
0626, lbl 00
0627, lbl 00
0628, lbl 00
0629, lbl 00
062A, lbl 00
062B, lbl 00
062C, lbl 00
062D, lbl 00
062E, lbl 00
062F, lbl 00
0630, lbl 00
0631, lbl 00
0632, lbl 00
0633, lbl 00
0634, lbl 00
0635, lbl 00
0636, lbl 00
0637, lbl 00
0638, lbl 00
0639, lbl 00
063A, lbl 00
063B, lbl 00
063C, lbl 00
063D, lbl 00
063E, lbl 00
063F, lbl 00
0640, lbl 00
0641, lbl 00
0642, lbl 00
0643, lbl 00
0644, lbl 00
0645, lbl 00
0646, lbl 00
0647, lbl 00
0648, lbl 00
0649, lbl 00
064A, lbl 00
064B, lbl 00
064C, lbl 00
064D, lbl 00
064E, lbl 00
064F, lbl 00
0650, lbl 00
0651, lbl 00
0652, lbl 00
0653, lbl 00
0654, lbl 00
0655, lbl 00
0656, lbl 00
0657, lbl 00
0658, lbl 00
0659, lbl 00
065A, lbl 00
065B, lbl 00
065C, lbl 00
065D, lbl 00
065E, lbl 00
065F, lbl 00
0660, lbl 00
0661, lbl 00
0662, lbl 00
0663, lbl 00
0664, lbl 00
0665, lbl 00
0666, lbl 00
0667, lbl 00
0668, lbl 00
0669, lbl 00
066A, lbl 00
066B, lbl 00
066C, lbl 00
066D, lbl 00
066E, lbl 00
066F, lbl 00
0670, lbl 00
0671, lbl 00
0672, lbl 00
0673, lbl 00
0674, lbl 00
0675, lbl 00
0676, lbl 00
0677, lbl 00
0678, lbl 00
0679, lbl 00
067A, lbl 00
067B, lbl 00
067C, lbl 00
067D, lbl 00
067E, lbl 00
067F, lbl 00
0680, lbl 00
0681, lbl 00
0682, lbl 00
0683, lbl 00
0684, lbl 00
0685, lbl 00
0686, lbl 00
0687, lbl 00
0688, lbl 00
0689, lbl 00
068A, lbl 00
068B, lbl 00
068C, lbl 00
068D, lbl 00
068E, lbl 00
068F, lbl 00
0690, lbl 00
0691, lbl 00
0692, lbl 00
0693, lbl 00
0694, lbl 00
0695, lbl 00
0696, lbl 00
0697, lbl 00
0698, lbl 00
0699, lbl 00
069A, lbl 00
069B, lbl 00
069C, lbl 00
069D, lbl 00
069E, lbl 00
069F, lbl 00
06A0, lbl 00
06A1, lbl 00
06A2, lbl 00
06A3, lbl 00
06A4, lbl 00
06A5, lbl 00
06A6, lbl 00
06A7, lbl 00
06A8, lbl 00
06A9, lbl 00
06AA, lbl 00
06AB, lbl 00
06AC, lbl 00
06AD, lbl 00
06AE, lbl 00
06AF, lbl 00
06B0, lbl 00
06B1, lbl 00
06B2, lbl 00
06B3, lbl 00
06B4, lbl 00
06B5, lbl 00
06B6, lbl 00
06B7, lbl 00
06B8, lbl 00
06B9, lbl 00
06BA, lbl 00
06BB, lbl 00
06BC, lbl 00
06BD, lbl 00
06BE, lbl 00
06BF, lbl 00
06C0, lbl 00
06C1, lbl 00
06C2, lbl 00
06C3, lbl 00
06C4, lbl 00
06C5, lbl 00
06C6, lbl 00
06C7, lbl 00
06C8, lbl 00
06C9, lbl 00
06CA, lbl 00
06CB, lbl 00
06CC, lbl 00
06CD, lbl 00
06CE, lbl 00
06CF, lbl 00
06D0, lbl 00
06D1, lbl 00
06D2, lbl 00
06D3, lbl 00
06D4, lbl 00
06D5, lbl 00
06D6, lbl 00
06D7, lbl 00
06D8, lbl 00
06D9, lbl 00
06DA, lbl 00
06DB, lbl 00
06DC, lbl 00
06DD, lbl 00
06DE, lbl 00
06DF, lbl 00
06E0, lbl 00
06E1, lbl 00
06E2, lbl 00
06E3, lbl 00
06E4, lbl 00
06E5, lbl 00
06E6, lbl 00
06E7, lbl 00
06E8, lbl 00
06E9, lbl 00
06EA, lbl 00
06EB, lbl 00
06EC, lbl 00
06ED, lbl 00
06EE, lbl 00
06EF, lbl 00
06F0, lbl 00
06F1, lbl 00
06F2, lbl 00
06F3, lbl 00
06F4, lbl 00
06F5, lbl 00
06F6, lbl 00
06F7, lbl 00
06F8, lbl 00
06F9, lbl 00
06FA, lbl 00
06FB, lbl 00
06FC, lbl 00
06FD, lbl 00
06FE, lbl 00
06FF, lbl 00
0700, lbl 00
0701, lbl 00
0702, lbl 00
0703, lbl 00
0704, lbl 00
0705, lbl 00
0706, lbl 00
0707, lbl 00
0708, lbl 00
0709, lbl 00
070A, lbl 00
070B, lbl 00
070C, lbl 00
070D, lbl 00
070E, lbl 00
070F, lbl 00
0710, lbl 00
0711, lbl 00
0712, lbl 00
0713, lbl 00
0714, lbl 00
0715, lbl 00
0716, lbl 00
0717, lbl 00
0718, lbl 00
0719, lbl 00
071A, lbl 00
071B, lbl 00
071C, lbl 00
071D, lbl 00
071E, lbl 00
071F, lbl 00
0720, lbl 00
0721, lbl 00
0722, lbl 00
0723, lbl 00
0724, lbl 00
0725, lbl 00
0726, lbl 00
0727, lbl 00
0728, lbl 00
0729, lbl 00
072A, lbl 00
072B, lbl 00
072C, lbl 00
072D, lbl 00
072E, lbl 00
072F, lbl 00
0730, lbl 00
0731, lbl 00
0732, lbl 00
0733, lbl 00
0734, lbl 00
0735, lbl 00
0736, lbl 00
0737, lbl 00
0738, lbl 00
0739, lbl 00
073A, lbl 00
073B, lbl 00
073C, lbl 00
073D, lbl 00
073E, lbl 00
073F, lbl 00
0740, lbl 00
0741, lbl 00
0742, lbl 00
0743, lbl 00
0744, lbl 00
0745, lbl 00
0746, lbl 00
0747, lbl 00
0748, lbl 00
0749, lbl 00
074A, lbl 00
074B, lbl 00
074C, lbl 00
074D, lbl 00
074E, lbl 00
074F, lbl 00
0750, lbl 00
0751, lbl 00
0752, lbl 00
0753, lbl 00
0754, lbl 00
0755, lbl 00
0756, lbl 00
0757, lbl 00
0758, lbl 00
0759, lbl 00
075A, lbl 00
075B, lbl 00
075C, lbl 00
075D, lbl 00
075E, lbl 00
075F, lbl 00
0760, lbl 00
0761, lbl 00
0762, lbl 00
0763, lbl 00
0764, lbl 00
0765, lbl 00
0766, lbl 00
0767, lbl 00
0768, lbl 00
0769, lbl 00
076A, lbl 00
076B, lbl 00
076C, lbl 00
076D, lbl 00
076E, lbl 00
076F, lbl 00
0770, lbl 00
0771, lbl 00
0772, lbl 00
0773, lbl 00
0774, lbl 00
0775, lbl 00
0776, lbl 00
0777, lbl 00
0778, lbl 00
0779, lbl 00
077A, lbl 00
077B, lbl 00
077C, lbl 00
077D, lbl 00
077E, lbl 00
077F, lbl 00
0780, lbl 00
0781, lbl 00
0782, lbl 00
0783, lbl 00
0784, lbl 00
0785, lbl 00
0786, lbl 00
0787, lbl 00
0788, lbl 00
0789, lbl 00
078A, lbl 00
078B, lbl 00
078C, lbl 00
078D, lbl 00
078E, lbl 00
078F, lbl 00
0790, lbl 00
0791, lbl 00
0792, lbl 00
0793, lbl 00
0794, lbl 00
0795, lbl 00
0796, lbl 00
0797, lbl 00
0798, lbl 00
0799, lbl 00
079A, lbl 00
079B, lbl 00
079C, lbl 00
079D, lbl 00
079E, lbl 00
079F, lbl 00
07A0, lbl 00
07A1, lbl 00
07A2, lbl 00
07A3, lbl 00
07A4, lbl 00
07A5, lbl 00
07A6, lbl 00
07A7, lbl 00
07A8, lbl 00
07A9, lbl 00
07AA, lbl 00
07AB, lbl 00
07AC, lbl 00
07AD, lbl 00
07AE, lbl 00
07AF, lbl 00
07B0, lbl 00
07B1, lbl 00
07B2, lbl 00
07B3, lbl 00
07B4, lbl 00
07B5, lbl 00
07B6, lbl 00
07B7, lbl 00
07B8, lbl 00
07B9, lbl 00
07BA, lbl 00
07BB, lbl 00
07BC, lbl 00
07BD, lbl 00
07BE, lbl 00
07BF, lbl 00
07C0, lbl 00
07C1, lbl 00
07C2, lbl 00
07C3, lbl 00
07C4, lbl 00
07C5, lbl 00
07C6, lbl 00
07C7, lbl 00
07C8, lbl 00
07C9, lbl 00
07CA, lbl 00
07CB, lbl 00
07CC, lbl 00
07CD, lbl 00
07CE, lbl 00
07CF, lbl 00
07D0, lbl 00
07D1, lbl 00
07D2, lbl 00
07D3, lbl 00
07D4, lbl 00
07D5, lbl 00
07D6, lbl 00
07D7, lbl 00
07D8, lbl 00
07D9, lbl 00
07DA, lbl 00
07DB, lbl 00
07DC, lbl 00
07DD, lbl 00
07DE, lbl 00
07DF, lbl 00
07E0, lbl 00
07E1, lbl 00
07E2, lbl 00
07E3, lbl 00
07E4, lbl 00
07E5, lbl 00
07E6, lbl 00
07E7, lbl 00
07E8, lbl 00
07E9, lbl 00
07EA, lbl 00
07EB, lbl 00
07EC, lbl 00
07ED, lbl 00
07EE, lbl 00
07EF, lbl 00
07F0, lbl 00
07F1, lbl 00
07F2, lbl 00
07F3, lbl 00
07F4, lbl 00
07F5, lbl 00
07F6, lbl 00
07F7, lbl 00
07F8, lbl 00
07F9, lbl 00
07FA, lbl 00
07FB, lbl 00
07FC, lbl 00
07FD, lbl 00
07FE, lbl 00
07FF, lbl 00

