
0000, ld 0
0001, t 2d
0002, lbl 2c
0003, tm 16 5e
0004, t 25
0005, tm 16 dc
0006, t 23
0007, lb ed
0008, ld 6
0009, t 01
000A, adi 4
000B, t 00
000C, adi 6
000D, tm 31 66
000E, tl b a1
000F, t 0c
0010, adsk
0011, ldi 5
0012, adi 6
0013, tm 14 eb
0014, adi e
0015, lbl 9b
0016, t 09
0017, t 0c
0018, adsk
0019, t 0d
001A, t 3f
001B, tm 36 e6
001C, lb eb
001D, adsk
001E, tm 2d 00
001F, ldi 6
0020, tm 26 4b
0021, tm 2b 09
0022, adi d
0023, lbl f5
0024, tm 26 c7
0025, tm 2b ec
0026, lbl 09
0027, t 02
0028, tm 33 6c
0029, ldi 5
002A, tm 21 44
002B, ld 5
002C, adsk
002D, ld 0
002E, t 2d
002F, tl f 94
0030, exd 0
0031, t 05
0032, exd 4
0033, labl
0034, tl 7 dd
0035, tl 7 dd
0036, tl c 7d
0037, t 1f
0038, tm 30 00
0039, doa
003A, comp
003B, tm 15 97
003C, ex 0
003D, tm 26 8d
003E, t 1b
003F, adi e
0040, lbl 17
0041, comp
0042, ex 0
0043, skbi d
0044, skbi d
0045, t 1f
0046, tm 30 00
0047, doa
0048, comp
0049, skbi e
004A, lb 9f
004B, tm 22 f4
004C, adi e
004D, lbl 17
004E, comp
004F, ex 1
0050, ex 5
0051, tm 3b e1
0052, t 02
0053, tm 34 63
0054, skbi 0
0055, tm 16 01
0056, tm 16 01
0057, skbi 6
0058, tm 3d 59
0059, lbl 46
005A, skbi 2
005B, tm 3d 64
005C, lb 29
005D, tm 30 e9
005E, t 3d
005F, adi 9
0060, ex 4
0061, sc
0062, exd 7
0063, tm 30 e8
0064, t 3e
0065, lb d5
0066, comp
0067, t 00
0068, ex 1
0069, ldi 2
006A, exd 1
006B, skbi 0
006C, t 2b
006D, lb f1
006E, t 00
006F, ex 1
0070, tm 17 fb
0071, tm 26 c5
0072, labl
0073, t 00
0074, lb f9
0075, tm 26 58
0076, tml 7b
0077, adi 1
0078, skbi f
0079, skbi d
007A, tm 3b e6
007B, lb 89
007C, t 01
007D, t 1f
007E, adi 3
007F, adi 3
0080, t 21
0081, t 00
0082, tl d 01
0083, adi 4
0084, tm 10 0e
0085, t 00
0086, ex 1
0087, tm 10 c3
0088, tm 10 c3
0089, adi 1
008A, tm 33 d6
008B, tm 3d dd
008C, tm 1d fa
008D, t 14
008E, exd 0
008F, exd 0
0090, tm 1e 0a
0091, adi 7
0092, tm 3e e7
0093, adi c
0094, tm 30 69
0095, t 3d
0096, tm 29 3c
0097, t 12
0098, tl 8 bb
0099, t 10
009A, ldi 3
009B, exd 3
009C, ldi 0
009D, exd 3
009E, adi 1
009F, tm 3e 64
00A0, tm 30 e9
00A1, ex 5
00A2, adi 9
00A3, ex 5
00A4, adi c
00A5, tm 14 fb
00A6, adi 2
00A7, labl
00A8, exd 5
00A9, skf1
00AA, exd 5
00AB, skbi 0
00AC, exd 5
00AD, t 0b
00AE, lb 7d
00AF, lb fc
00B0, tm 26 f0
00B1, adi 8
00B2, t 1b
00B3, t 1f
00B4, tm 25 3b
00B5, t 3b
00B6, ex 4
00B7, t 3c
00B8, ex 5
00B9, t 3d
00BA, ex 6
00BB, t 3e
00BC, ex 7
00BD, t 3f
00BE, tl 1 2c
00BF, t 1f
00C0, t 3a
00C1, t 0f
00C2, t 0f
00C3, ldi 5
00C4, tm 22 00
00C5, tm 32 5a
00C6, t 01
00C7, tm 32 59
00C8, t 01
00C9, tm 32 52
00CA, t 01
00CB, tm 32 5b
00CC, t 01
00CD, tm 3e e2
00CE, sf2
00CF, tml 79
00D0, t 3b
00D1, tml fe
00D2, tm 36 00
00D3, tm 36 f4
00D4, exd 3
00D5, tm 3e 65
00D6, t 1f
00D7, t 3e
00D8, t 17
00D9, t 3b
00DA, tm 22 00
00DB, ldi 5
00DC, adi 1
00DD, skbi 8
00DE, t 21
00DF, t 17
00E0, t 3f
00E1, ldi 1
00E2, lbl f4
00E3, adi 2
00E4, adi 2
00E5, sc
00E6, exd 6
00E7, tm 30 69
00E8, ex 6
00E9, t 3e
00EA, t 3e
00EB, tm 20 90
00EC, skbi 3
00ED, t 12
00EE, lbua
00EF, t 2a
00F0, t 0f
00F1, tml e9
00F2, ex 3
00F3, tl e 7c
00F4, tm 20 6c
00F5, tm 30 e9
00F6, t 3e
00F7, tl 2 f3
00F8, adcsk
00F9, t 01
00FA, t 12
00FB, t 02
00FC, adc
00FD, ldi 4
00FE, lb 00
00FF, ldi 2
0100, ldi 2
0101, ldi 4
0102, tm 3c 00
0103, t 10
0104, tm 35 0a
0105, tm 35 0a
0106, tm 21 f3
0107, t 1f
0108, ex 0
0109, t 0b
010A, t 1f
010B, adsk
010C, t 0b
010D, t 1f
010E, tm 27 00
010F, t 08
0110, eor
0111, t 12
0112, adc
0113, t 10
0114, t 02
0115, tm 32 0a
0116, ldi 2
0117, t 0c
0118, ex 0
0119, tml bf
011A, adcsk
011B, t 0d
011C, t 34
011D, t 1b
011E, adi 8
011F, t 1b
0120, ldi 6
0121, lbl 30
0122, t 2d
0123, tl f 30
0124, t 2d
0125, tm 34 62
0126, dia
0127, t 2d
0128, exd 3
0129, t 00
012A, tm 1b 7c
012B, adi 2
012C, t 1f
012D, adsk
012E, t 17
012F, ldi 1
0130, lbl 9b
0131, t 0b
0132, tm 1c 51
0133, tml fe
0134, exd 6
0135, tm 34 62
0136, ldi 7
0137, t 00
0138, tl 4 0f
0139, t 0d
013A, t 1b
013B, adi d
013C, t 2c
013D, tml 65
013E, t 14
013F, exd 0
0140, exd 3
0141, t 00
0142, t 27
0143, tml 4b
0144, t 33
0145, t 13
0146, skbi a
0147, skbi a
0148, t 02
0149, tm 3b fd
014A, adi 2
014B, adc
014C, t 00
014D, tml b7
014E, lb a4
014F, t 17
0150, t 37
0151, tm 29 00
0152, tml 60
0153, exd 7
0154, tm 30 e8
0155, ex 6
0156, adi 1
0157, t 2f
0158, ldi 6
0159, tm 21 72
015A, t 0c
015B, ex 0
015C, ex 0
015D, t 1f
015E, adsk
015F, t 0c
0160, tm 22 d7
0161, ld 7
0162, t 1b
0163, tm 25 8d
0164, t 1b
0165, ldi 1
0166, lbl 9f
0167, exd 5
0168, exd 3
0169, sc
016A, t 2d
016B, tl 2 7c
016C, tl 2 fb
016D, t 0b
016E, comp
016F, rtnsk
0170, t 1b
0171, adi 1
0172, t 2a
0173, t 02
0174, lb 0b
0175, skbi 0
0176, t 02
0177, or
0178, t 06
0179, t 0f
017A, t 1b
017B, t 0f
017C, lb eb
017D, adsk
017E, adi b
017F, lbl 40
0180, skbi c
0181, ld 7
0182, adsk
0183, t 02
0184, tm 36 76
0185, adi 1
0186, lbl 57
0187, skbi 0
0188, t 2a
0189, t 02
018A, exd 3
018B, t 04
018C, exd 3
018D, skbi 0
018E, exd 1
018F, tl 7 7d
0190, tml bb
0191, adi 4
0192, t 02
0193, t 10
0194, lbl 2b
0195, tm 36 02
0196, t 3b
0197, adi 4
0198, tl 9 7c
0199, t 1f
019A, t 14
019B, comp
019C, tm 30 00
019D, t 12
019E, tl 8 0a
019F, t 02
01A0, ld 7
01A1, adsk
01A2, tm 1d 0b
01A3, tm 1e 0f
01A4, t 1b
01A5, adi c
01A6, lbl dc
01A7, lbl dc
01A8, adi 1
01A9, lbl 9f
01AA, rtnsk
01AB, and
01AC, comp
01AD, lb 11
01AE, skbi 7
01AF, adi c
01B0, lbl c3
01B1, ld 7
01B2, ex 0
01B3, t 0e
01B4, rtnsk
01B5, adsk
01B6, t 0d
01B7, t 3f
01B8, sag
01B9, tm 2d aa
01BA, adi 0
01BB, exd 2
01BC, tm 25 2b
01BD, tl e eb
01BE, ex 2
01BF, t 0b
01C0, tl e eb
01C1, t 3e
01C2, tm 2b 00
01C3, tl e d8
01C4, ad
01C5, lb eb
01C6, t 0f
01C7, t 1b
01C8, t 0f
01C9, tl f eb
01CA, adsk
01CB, adi b
01CC, lbl 60
01CD, t 2a
01CE, t 02
01CF, t 02
01D0, ad
01D1, t 1f
01D2, rtnsk
01D3, doa
01D4, comp
01D5, adi c
01D6, lbl 9f
01D7, t 0b
01D8, adsk
01D9, t 1f
01DA, t 0b
01DB, t 1b
01DC, adi c
01DD, lbl fa
01DE, tl 2 fc
01DF, adi 1
01E0, lbl 9f
01E1, t 3d
01E2, t 3e
01E3, ex 7
01E4, t 3b
01E5, skbi 5
01E6, tm 3c c4
01E7, tm 3c c4
01E8, skbi 4
01E9, tm 3b 92
01EA, ld 0
01EB, t 2d
01EC, tl f 83
01ED, t 02
01EE, or
01EF, tl d b4
01F0, t 1f
01F1, t 1f
01F2, t 3a
01F3, t 02
01F4, tm 34 97
01F5, t 3e
01F6, t 17
01F7, ex 6
01F8, t 17
01F9, t 3f
01FA, t 17
01FB, t 3e
01FC, t 17
01FD, ex 5
01FE, t 17
01FF, t 3b
0200, t 17
0201, ex 5
0202, t 17
0203, t 3f
0204, t 17
0205, ex 3
0206, t 17
0207, t 3e
0208, t 17
0209, ex 3
020A, t 17
020B, ex 3
020C, t 17
020D, t 3d
020E, t 17
020F, t 3f
0210, t 17
0211, t 39
0212, tl 0 00
0213, t 02
0214, tm 33 17
0215, comp
0216, t 38
0217, lb 17
0218, comp
0219, ex 0
021A, skbi 7
021B, skbi 7
021C, t 1f
021D, doa
021E, comp
021F, tm 30 00
0220, t 25
0221, tml f3
0222, lbl ad
0223, tm 30 e8
0224, ex 4
0225, tl 8 2c
0226, tl b 81
0227, tm 3e e2
0228, tm 30 69
0229, t 3c
022A, tm 1d 2c
022B, adi 0
022C, t 00
022D, ldi 3
022E, tl b 81
022F, tm 30 69
0230, t 3b
0231, tm 15 2c
0232, adsk
0233, tml c7
0234, tml 11
0235, tm 2c 6a
0236, tm 30 e9
0237, ex 3
0238, adi 9
0239, t 3f
023A, t 14
023B, exd 0
023C, tm 3a e1
023D, tm 3a e1
023E, skbi c
023F, tm 3d 60
0240, tm 34 e1
0241, tm 3e e7
0242, tm 3e e7
0243, adi 1
0244, adi 1
0245, tm 20 f9
0246, tm 20 9f
0247, t 06
0248, t 3b
0249, tm 23 00
024A, t 1f
024B, t 3b
024C, adi 0
024D, t 34
024E, t 2f
024F, tl 6 81
0250, tm 2e fa
0251, tm 36 60
0252, tm 2c 6a
0253, tm 30 69
0254, ex 7
0255, tm 28 bd
0256, tm 15 43
0257, sf1
0258, t 0c
0259, adsk
025A, t 02
025B, t 02
025C, ldi 6
025D, adi 1
025E, lbl 9f
025F, and
0260, t 0c
0261, and
0262, ldi 1
0263, lbl 9b
0264, adi b
0265, lbl ed
0266, and
0267, t 0c
0268, t 1f
0269, and
026A, t 0c
026B, and
026C, ldi 1
026D, lbl 9b
026E, t 0f
026F, adi b
0270, lbl 56
0271, or
0272, t 1b
0273, t 0c
0274, adsk
0275, ldi 1
0276, lbl 8d
0277, t 0d
0278, t 30
0279, adsk
027A, skbi 5
027B, skbi 3
027C, tm 3b 62
027D, t 0d
027E, t 39
027F, ld 0
0280, t 2d
0281, t 02
0282, tm 3f 82
0283, labl
0284, t 00
0285, t 02
0286, tm 14 01
0287, tm 38 cf
0288, lbl 3f
0289, skbi 7
028A, skbi 7
028B, adi 1
028C, tl 9 fd
028D, skbi 8
028E, lbl 5c
028F, t 0a
0290, tl c 01
0291, t 01
0292, skbi 9
0293, lbl 4d
0294, t 00
0295, ex 1
0296, tm 3c 00
0297, t 1f
0298, rtnsk
0299, t 1b
029A, t 0f
029B, ldi 7
029C, skbi 9
029D, lbl dc
029E, t 09
029F, t 01
02A0, tl c 7d
02A1, adi 1
02A2, tml 81
02A3, skbi 9
02A4, lbl d4
02A5, exd 2
02A6, ldi 7
02A7, skbi 9
02A8, lbl 47
02A9, lbl 47
02AA, t 1f
02AB, tm 30 00
02AC, xs
02AD, tm 21 06
02AE, t 1a
02AF, skbi 0
02B0, exd 2
02B1, t 0f
02B2, tm 2e d9
02B3, ld 7
02B4, tl 2 71
02B5, tm 1b 01
02B6, lb fd
02B7, tm 24 c9
02B8, t 00
02B9, sag
02BA, tl d 84
02BB, rtnsk
02BC, labl
02BD, t 1a
02BE, skbi 8
02BF, lbl c9
02C0, t 00
02C1, tm 14 d3
02C2, ad
02C3, tm 38 cf
02C4, lbl d4
02C5, tml 20
02C6, t 2c
02C7, tm 21 f0
02C8, tm 28 bb
02C9, ld 4
02CA, t 29
02CB, t 02
02CC, t 02
02CD, t 1f
02CE, tm 26 32
02CF, t 29
02D0, t 02
02D1, lb fb
02D2, t 1f
02D3, tm 26 6f
02D4, t 2e
02D5, t 2e
02D6, adi 1
02D7, ld 0
02D8, t 29
02D9, skbi 4
02DA, skbi 4
02DB, t 02
02DC, tm 3b 9f
02DD, tm 26 82
02DE, tm 1d 97
02DF, rtn
02E0, ex 0
02E1, lax
02E2, t 14
02E3, exd 0
02E4, ldi 5
02E5, adi 1
02E6, tm 34 62
02E7, adi c
02E8, tm 30 e9
02E9, ex 6
02EA, adi 9
02EB, t 3c
02EC, tl 3 11
02ED, tm 2d 78
02EE, t 29
02EF, tm 1c 01
02F0, adi 6
02F1, sag
02F2, t 25
02F3, tml d5
02F4, t 30
02F5, adsk
02F6, t 0d
02F7, ad
02F8, ex 7
02F9, tm 2a a9
02FA, lb fd
02FB, adi 6
02FC, ldi 7
02FD, skbi 9
02FE, lbl 46
02FF, tm 14 01
0300, skbi 3
0301, tm 1c 01
0302, adi 3
0303, lb 8a
0304, skbi 9
0305, t 0a
0306, tml 81
0307, skbi 9
0308, lbl 9f
0309, tm 31 49
030A, lbl 71
030B, tm 34 30
030C, t 2d
030D, lbl 2c
030E, tm 16 5e
030F, t 25
0310, tm 16 dc
0311, t 23
0312, lb ed
0313, ld 6
0314, t 01
0315, adi 4
0316, t 00
0317, adi 6
0318, tm 31 66
0319, tl b a1
031A, t 0c
031B, adsk
031C, ldi 5
031D, adi 6
031E, tm 14 eb
031F, adi e
0320, lbl 9b
0321, t 09
0322, t 0c
0323, adsk
0324, t 0d
0325, t 3f
0326, tm 36 e6
0327, lb eb
0328, adsk
0329, tm 2d 00
032A, ldi 6
032B, tm 26 4b
032C, tm 2b 09
032D, adi d
032E, lbl f5
032F, tm 26 c7
0330, tm 2b ec
0331, lbl 09
0332, t 02
0333, tm 33 6c
0334, ldi 5
0335, tm 21 44
0336, ld 5
0337, adsk
0338, ld 0
0339, t 2d
033A, tl f 94
033B, exd 0
033C, t 05
033D, exd 4
033E, labl
033F, tl 7 dd
0340, tl 7 dd
0341, tl c 7d
0342, t 1f
0343, tm 30 00
0344, doa
0345, comp
0346, tm 15 97
0347, ex 0
0348, tm 26 8d
0349, t 1b
034A, adi e
034B, lbl 17
034C, comp
034D, ex 0
034E, skbi d
034F, skbi d
0350, t 1f
0351, tm 30 00
0352, doa
0353, comp
0354, skbi e
0355, lb 9f
0356, tm 22 f4
0357, adi e
0358, lbl 17
0359, comp
035A, ex 1
035B, ex 5
035C, tm 3b e1
035D, t 02
035E, tm 34 63
035F, skbi 0
0360, tm 16 01
0361, tm 16 01
0362, skbi 6
0363, tm 3d 59
0364, lbl 46
0365, skbi 2
0366, tm 3d 64
0367, lb 29
0368, tm 30 e9
0369, t 3d
036A, adi 9
036B, ex 4
036C, sc
036D, exd 7
036E, tm 30 e8
036F, t 3e
0370, lb d5
0371, comp
0372, t 00
0373, ex 1
0374, ldi 2
0375, exd 1
0376, skbi 0
0377, t 2b
0378, lb f1
0379, t 00
037A, ex 1
037B, tm 17 fb
037C, tm 26 c5
037D, labl
037E, t 00
037F, lb f9
0380, tm 26 58
0381, tml 7b
0382, adi 1
0383, skbi f
0384, skbi d
0385, tm 3b e6
0386, lb 89
0387, t 01
0388, t 1f
0389, adi 3
038A, adi 3
038B, t 21
038C, t 00
038D, tl d 01
038E, adi 4
038F, tm 10 0e
0390, t 00
0391, ex 1
0392, tm 10 c3
0393, tm 10 c3
0394, adi 1
0395, tm 33 d6
0396, tm 3d dd
0397, tm 1d fa
0398, t 14
0399, exd 0
039A, exd 0
039B, tm 1e 0a
039C, adi 7
039D, tm 3e e7
039E, adi c
039F, tm 30 69
03A0, t 3d
03A1, tm 29 3c
03A2, t 12
03A3, tl 8 bb
03A4, t 10
03A5, ldi 3
03A6, exd 3
03A7, ldi 0
03A8, exd 3
03A9, adi 1
03AA, tm 3e 64
03AB, tm 30 e9
03AC, ex 5
03AD, adi 9
03AE, ex 5
03AF, adi c
03B0, tm 14 fb
03B1, adi 2
03B2, labl
03B3, exd 5
03B4, skf1
03B5, exd 5
03B6, skbi 0
03B7, exd 5
03B8, t 0b
03B9, lb 7d
03BA, lb fc
03BB, tm 26 f0
03BC, adi 8
03BD, t 1b
03BE, t 1f
03BF, tm 25 3b
03C0, t 3b
03C1, ex 4
03C2, t 3c
03C3, ex 5
03C4, t 3d
03C5, ex 6
03C6, t 3e
03C7, ex 7
03C8, t 3f
03C9, tl 1 2c
03CA, t 1f
03CB, t 3a
03CC, t 0f
03CD, t 0f
03CE, ldi 5
03CF, tm 22 00
03D0, tm 32 5a
03D1, t 01
03D2, tm 32 59
03D3, t 01
03D4, tm 32 52
03D5, t 01
03D6, tm 32 5b
03D7, t 01
03D8, tm 3e e2
03D9, sf2
03DA, tml 79
03DB, t 3b
03DC, tml fe
03DD, tm 36 00
03DE, tm 36 f4
03DF, exd 3
03E0, tm 3e 65
03E1, t 1f
03E2, t 3e
03E3, t 17
03E4, t 3b
03E5, tm 22 00
03E6, ldi 5
03E7, adi 1
03E8, skbi 8
03E9, t 21
03EA, t 17
03EB, t 3f
03EC, ldi 1
03ED, lbl f4
03EE, adi 2
03EF, adi 2
03F0, sc
03F1, exd 6
03F2, tm 30 69
03F3, ex 6
03F4, t 3e
03F5, t 3e
03F6, tm 20 90
03F7, skbi 3
03F8, t 12
03F9, lbua
03FA, t 2a
03FB, t 0f
03FC, tml e9
03FD, ex 3
03FE, tl e 7c
03FF, tm 20 6c
0400, tm 30 e9
0401, t 3e
0402, tl 2 f3
0403, adcsk
0404, t 01
0405, t 12
0406, t 02
0407, adc
0408, ldi 4
0409, lb 00
040A, ldi 2
040B, ldi 2
040C, ldi 4
040D, tm 3c 00
040E, t 10
040F, tm 35 0a
0410, tm 35 0a
0411, tm 21 f3
0412, t 1f
0413, ex 0
0414, t 0b
0415, t 1f
0416, adsk
0417, t 0b
0418, t 1f
0419, tm 27 00
041A, t 08
041B, eor
041C, t 12
041D, adc
041E, t 10
041F, t 02
0420, tm 32 0a
0421, ldi 2
0422, t 0c
0423, ex 0
0424, tml bf
0425, adcsk
0426, t 0d
0427, t 34
0428, t 1b
0429, adi 8
042A, t 1b
042B, ldi 6
042C, lbl 30
042D, t 2d
042E, tl f 30
042F, t 2d
0430, tm 34 62
0431, dia
0432, t 2d
0433, exd 3
0434, t 00
0435, tm 1b 7c
0436, adi 2
0437, t 1f
0438, adsk
0439, t 17
043A, ldi 1
043B, lbl 9b
043C, t 0b
043D, tm 1c 51
043E, tml fe
043F, exd 6
0440, tm 34 62
0441, ldi 7
0442, t 00
0443, tl 4 0f
0444, t 0d
0445, t 1b
0446, adi d
0447, t 2c
0448, tml 65
0449, t 14
044A, exd 0
044B, exd 3
044C, t 00
044D, t 27
044E, tml 4b
044F, t 33
0450, t 13
0451, skbi a
0452, skbi a
0453, t 02
0454, tm 3b fd
0455, adi 2
0456, adc
0457, t 00
0458, tml b7
0459, lb a4
045A, t 17
045B, t 37
045C, tm 29 00
045D, tml 60
045E, exd 7
045F, tm 30 e8
0460, ex 6
0461, adi 1
0462, t 2f
0463, ldi 6
0464, tm 21 72
0465, t 0c
0466, ex 0
0467, ex 0
0468, t 1f
0469, adsk
046A, t 0c
046B, tm 22 d7
046C, ld 7
046D, t 1b
046E, tm 25 8d
046F, t 1b
0470, ldi 1
0471, lbl 9f
0472, exd 5
0473, exd 3
0474, sc
0475, t 2d
0476, tl 2 7c
0477, tl 2 fb
0478, t 0b
0479, comp
047A, rtnsk
047B, t 1b
047C, adi 1
047D, t 2a
047E, t 02
047F, lb 0b
0480, skbi 0
0481, t 02
0482, or
0483, t 06
0484, t 0f
0485, t 1b
0486, t 0f
0487, lb eb
0488, adsk
0489, adi b
048A, lbl 40
048B, skbi c
048C, ld 7
048D, adsk
048E, t 02
048F, tm 36 76
0490, adi 1
0491, lbl 57
0492, skbi 0
0493, t 2a
0494, t 02
0495, exd 3
0496, t 04
0497, exd 3
0498, skbi 0
0499, exd 1
049A, tl 7 7d
049B, tml bb
049C, adi 4
049D, t 02
049E, t 10
049F, lbl 2b
04A0, tm 36 02
04A1, t 3b
04A2, adi 4
04A3, tl 9 7c
04A4, t 1f
04A5, t 14
04A6, comp
04A7, tm 30 00
04A8, t 12
04A9, tl 8 0a
04AA, t 02
04AB, ld 7
04AC, adsk
04AD, tm 1d 0b
04AE, tm 1e 0f
04AF, t 1b
04B0, adi c
04B1, lbl dc
04B2, lbl dc
04B3, adi 1
04B4, lbl 9f
04B5, rtnsk
04B6, and
04B7, comp
04B8, lb 11
04B9, skbi 7
04BA, adi c
04BB, lbl c3
04BC, ld 7
04BD, ex 0
04BE, t 0e
04BF, rtnsk
04C0, adsk
04C1, t 0d
04C2, t 3f
04C3, sag
04C4, tm 2d aa
04C5, adi 0
04C6, exd 2
04C7, tm 25 2b
04C8, tl e eb
04C9, ex 2
04CA, t 0b
04CB, tl e eb
04CC, t 3e
04CD, tm 2b 00
04CE, tl e d8
04CF, ad
04D0, lb eb
04D1, t 0f
04D2, t 1b
04D3, t 0f
04D4, tl f eb
04D5, adsk
04D6, adi b
04D7, lbl 60
04D8, t 2a
04D9, t 02
04DA, t 02
04DB, ad
04DC, t 1f
04DD, rtnsk
04DE, doa
04DF, comp
04E0, adi c
04E1, lbl 9f
04E2, t 0b
04E3, adsk
04E4, t 1f
04E5, t 0b
04E6, t 1b
04E7, adi c
04E8, lbl fa
04E9, tl 2 fc
04EA, adi 1
04EB, lbl 9f
04EC, t 3d
04ED, t 3e
04EE, ex 7
04EF, t 3b
04F0, skbi 5
04F1, tm 3c c4
04F2, tm 3c c4
04F3, skbi 4
04F4, tm 3b 92
04F5, ld 0
04F6, t 2d
04F7, tl f 83
04F8, t 02
04F9, or
04FA, tl d b4
04FB, t 1f
04FC, t 1f
04FD, t 3a
04FE, t 02
04FF, tm 34 97
0500, t 3e
0501, t 17
0502, ex 6
0503, t 17
0504, t 3f
0505, t 17
0506, t 3e
0507, t 17
0508, ex 5
0509, t 17
050A, t 3b
050B, t 17
050C, ex 5
050D, t 17
050E, t 3f
050F, t 17
0510, ex 3
0511, t 17
0512, t 3e
0513, t 17
0514, ex 3
0515, t 17
0516, ex 3
0517, t 17
0518, t 3d
0519, t 17
051A, t 3f
051B, t 17
051C, t 39
051D, tl 0 00
051E, t 02
051F, tm 33 17
0520, comp
0521, t 38
0522, lb 17
0523, comp
0524, ex 0
0525, skbi 7
0526, skbi 7
0527, t 1f
0528, doa
0529, comp
052A, tm 30 00
052B, t 25
052C, tml f3
052D, lbl ad
052E, tm 30 e8
052F, ex 4
0530, tl 8 2c
0531, tl b 81
0532, tm 3e e2
0533, tm 30 69
0534, t 3c
0535, tm 1d 2c
0536, adi 0
0537, t 00
0538, ldi 3
0539, tl b 81
053A, tm 30 69
053B, t 3b
053C, tm 15 2c
053D, adsk
053E, tml c7
053F, tml 11
0540, tm 2c 6a
0541, tm 30 e9
0542, ex 3
0543, adi 9
0544, t 3f
0545, t 14
0546, exd 0
0547, tm 3a e1
0548, tm 3a e1
0549, skbi c
054A, tm 3d 60
054B, tm 34 e1
054C, tm 3e e7
054D, tm 3e e7
054E, adi 1
054F, adi 1
0550, tm 20 f9
0551, tm 20 9f
0552, t 06
0553, t 3b
0554, tm 23 00
0555, t 1f
0556, t 3b
0557, adi 0
0558, t 34
0559, t 2f
055A, tl 6 81
055B, tm 2e fa
055C, tm 36 60
055D, tm 2c 6a
055E, tm 30 69
055F, ex 7
0560, tm 28 bd
0561, tm 15 43
0562, sf1
0563, t 0c
0564, adsk
0565, t 02
0566, t 02
0567, ldi 6
0568, adi 1
0569, lbl 9f
056A, and
056B, t 0c
056C, and
056D, ldi 1
056E, lbl 9b
056F, adi b
0570, lbl ed
0571, and
0572, t 0c
0573, t 1f
0574, and
0575, t 0c
0576, and
0577, ldi 1
0578, lbl 9b
0579, t 0f
057A, adi b
057B, lbl 56
057C, or
057D, t 1b
057E, t 0c
057F, adsk
0580, ldi 1
0581, lbl 8d
0582, t 0d
0583, t 30
0584, adsk
0585, skbi 5
0586, skbi 3
0587, tm 3b 62
0588, t 0d
0589, t 39
058A, ld 0
058B, t 2d
058C, t 02
058D, tm 3f 82
058E, labl
058F, t 00
0590, t 02
0591, tm 14 01
0592, tm 38 cf
0593, lbl 3f
0594, skbi 7
0595, skbi 7
0596, adi 1
0597, tl 9 fd
0598, skbi 8
0599, lbl 5c
059A, t 0a
059B, tl c 01
059C, t 01
059D, skbi 9
059E, lbl 4d
059F, t 00
05A0, ex 1
05A1, tm 3c 00
05A2, t 1f
05A3, rtnsk
05A4, t 1b
05A5, t 0f
05A6, ldi 7
05A7, skbi 9
05A8, lbl dc
05A9, t 09
05AA, t 01
05AB, tl c 7d
05AC, adi 1
05AD, tml 81
05AE, skbi 9
05AF, lbl d4
05B0, exd 2
05B1, ldi 7
05B2, skbi 9
05B3, lbl 47
05B4, lbl 47
05B5, t 1f
05B6, tm 30 00
05B7, xs
05B8, tm 21 06
05B9, t 1a
05BA, skbi 0
05BB, exd 2
05BC, t 0f
05BD, tm 2e d9
05BE, ld 7
05BF, tl 2 71
05C0, tm 1b 01
05C1, lb fd
05C2, tm 24 c9
05C3, t 00
05C4, sag
05C5, tl d 84
05C6, rtnsk
05C7, labl
05C8, t 1a
05C9, skbi 8
05CA, lbl c9
05CB, t 00
05CC, tm 14 d3
05CD, ad
05CE, tm 38 cf
05CF, lbl d4
05D0, tml 20
05D1, t 2c
05D2, tm 21 f0
05D3, tm 28 bb
05D4, ld 4
05D5, t 29
05D6, t 02
05D7, t 02
05D8, t 1f
05D9, tm 26 32
05DA, t 29
05DB, t 02
05DC, lb fb
05DD, t 1f
05DE, tm 26 6f
05DF, t 2e
05E0, t 2e
05E1, adi 1
05E2, ld 0
05E3, t 29
05E4, skbi 4
05E5, skbi 4
05E6, t 02
05E7, tm 3b 9f
05E8, tm 26 82
05E9, tm 1d 97
05EA, rtn
05EB, ex 0
05EC, lax
05ED, t 14
05EE, exd 0
05EF, ldi 5
05F0, adi 1
05F1, tm 34 62
05F2, adi c
05F3, tm 30 e9
05F4, ex 6
05F5, adi 9
05F6, t 3c
05F7, tl 3 11
05F8, tm 2d 78
05F9, t 29
05FA, tm 1c 01
05FB, adi 6
05FC, sag
05FD, t 25
05FE, tml d5
05FF, t 30
0600, adsk
0601, t 0d
0602, ad
0603, ex 7
0604, tm 2a a9
0605, lb fd
0606, adi 6
0607, ldi 7
0608, skbi 9
0609, lbl 46
060A, tm 14 01
060B, skbi 3
060C, tm 1c 01
060D, adi 3
060E, lb 8a
060F, skbi 9
0610, t 0a
0611, tml 81
0612, skbi 9
0613, lbl 9f
0614, tm 31 49
0615, lbl 71
0616, tm 34 00
0617, lbl 00
0618, lbl 00
0619, lbl 00
061A, lbl 00
061B, lbl 00
061C, lbl 00
061D, lbl 00
061E, lbl 00
061F, lbl 00
0620, lbl 00
0621, lbl 00
0622, lbl 00
0623, lbl 00
0624, lbl 00
0625, lbl 00
0626, lbl 00
0627, lbl 00
0628, lbl 00
0629, lbl 00
062A, lbl 00
062B, lbl 00
062C, lbl 00
062D, lbl 00
062E, lbl 00
062F, lbl 00
0630, lbl 00
0631, lbl 00
0632, lbl 00
0633, lbl 00
0634, lbl 00
0635, lbl 00
0636, lbl 00
0637, lbl 00
0638, lbl 00
0639, lbl 00
063A, lbl 00
063B, lbl 00
063C, lbl 00
063D, lbl 00
063E, lbl 00
063F, lbl 00
0640, lbl 00
0641, lbl 00
0642, lbl 00
0643, lbl 00
0644, lbl 00
0645, lbl 00
0646, lbl 00
0647, lbl 00
0648, lbl 00
0649, lbl 00
064A, lbl 00
064B, lbl 00
064C, lbl 00
064D, lbl 00
064E, lbl 00
064F, lbl 00
0650, lbl 00
0651, lbl 00
0652, lbl 00
0653, lbl 00
0654, lbl 00
0655, lbl 00
0656, lbl 00
0657, lbl 00
0658, lbl 00
0659, lbl 00
065A, lbl 00
065B, lbl 00
065C, lbl 00
065D, lbl 00
065E, lbl 00
065F, lbl 00
0660, lbl 00
0661, lbl 00
0662, lbl 00
0663, lbl 00
0664, lbl 00
0665, lbl 00
0666, lbl 00
0667, lbl 00
0668, lbl 00
0669, lbl 00
066A, lbl 00
066B, lbl 00
066C, lbl 00
066D, lbl 00
066E, lbl 00
066F, lbl 00
0670, lbl 00
0671, lbl 00
0672, lbl 00
0673, lbl 00
0674, lbl 00
0675, lbl 00
0676, lbl 00
0677, lbl 00
0678, lbl 00
0679, lbl 00
067A, lbl 00
067B, lbl 00
067C, lbl 00
067D, lbl 00
067E, lbl 00
067F, lbl 00
0680, lbl 00
0681, lbl 00
0682, lbl 00
0683, lbl 00
0684, lbl 00
0685, lbl 00
0686, lbl 00
0687, lbl 00
0688, lbl 00
0689, lbl 00
068A, lbl 00
068B, lbl 00
068C, lbl 00
068D, lbl 00
068E, lbl 00
068F, lbl 00
0690, lbl 00
0691, lbl 00
0692, lbl 00
0693, lbl 00
0694, lbl 00
0695, lbl 00
0696, lbl 00
0697, lbl 00
0698, lbl 00
0699, lbl 00
069A, lbl 00
069B, lbl 00
069C, lbl 00
069D, lbl 00
069E, lbl 00
069F, lbl 00
06A0, lbl 00
06A1, lbl 00
06A2, lbl 00
06A3, lbl 00
06A4, lbl 00
06A5, lbl 00
06A6, lbl 00
06A7, lbl 00
06A8, lbl 00
06A9, lbl 00
06AA, lbl 00
06AB, lbl 00
06AC, lbl 00
06AD, lbl 00
06AE, lbl 00
06AF, lbl 00
06B0, lbl 00
06B1, lbl 00
06B2, lbl 00
06B3, lbl 00
06B4, lbl 00
06B5, lbl 00
06B6, lbl 00
06B7, lbl 00
06B8, lbl 00
06B9, lbl 00
06BA, lbl 00
06BB, lbl 00
06BC, lbl 00
06BD, lbl 00
06BE, lbl 00
06BF, lbl 00
06C0, lbl 00
06C1, lbl 00
06C2, lbl 00
06C3, lbl 00
06C4, lbl 00
06C5, lbl 00
06C6, lbl 00
06C7, lbl 00
06C8, lbl 00
06C9, lbl 00
06CA, lbl 00
06CB, lbl 00
06CC, lbl 00
06CD, lbl 00
06CE, lbl 00
06CF, lbl 00
06D0, lbl 00
06D1, lbl 00
06D2, lbl 00
06D3, lbl 00
06D4, lbl 00
06D5, lbl 00
06D6, lbl 00
06D7, lbl 00
06D8, lbl 00
06D9, lbl 00
06DA, lbl 00
06DB, lbl 00
06DC, lbl 00
06DD, lbl 00
06DE, lbl 00
06DF, lbl 00
06E0, lbl 00
06E1, lbl 00
06E2, lbl 00
06E3, lbl 00
06E4, lbl 00
06E5, lbl 00
06E6, lbl 00
06E7, lbl 00
06E8, lbl 00
06E9, lbl 00
06EA, lbl 00
06EB, lbl 00
06EC, lbl 00
06ED, lbl 00
06EE, lbl 00
06EF, lbl 00
06F0, lbl 00
06F1, lbl 00
06F2, lbl 00
06F3, lbl 00
06F4, lbl 00
06F5, lbl 00
06F6, lbl 00
06F7, lbl 00
06F8, lbl 00
06F9, lbl 00
06FA, lbl 00
06FB, lbl 00
06FC, lbl 00
06FD, lbl 00
06FE, lbl 00
06FF, lbl 00
0700, lbl 00
0701, lbl 00
0702, lbl 00
0703, lbl 00
0704, lbl 00
0705, lbl 00
0706, lbl 00
0707, lbl 00
0708, lbl 00
0709, lbl 00
070A, lbl 00
070B, lbl 00
070C, lbl 00
070D, lbl 00
070E, lbl 00
070F, lbl 00
0710, lbl 00
0711, lbl 00
0712, lbl 00
0713, lbl 00
0714, lbl 00
0715, lbl 00
0716, lbl 00
0717, lbl 00
0718, lbl 00
0719, lbl 00
071A, lbl 00
071B, lbl 00
071C, lbl 00
071D, lbl 00
071E, lbl 00
071F, lbl 00
0720, lbl 00
0721, lbl 00
0722, lbl 00
0723, lbl 00
0724, lbl 00
0725, lbl 00
0726, lbl 00
0727, lbl 00
0728, lbl 00
0729, lbl 00
072A, lbl 00
072B, lbl 00
072C, lbl 00
072D, lbl 00
072E, lbl 00
072F, lbl 00
0730, lbl 00
0731, lbl 00
0732, lbl 00
0733, lbl 00
0734, lbl 00
0735, lbl 00
0736, lbl 00
0737, lbl 00
0738, lbl 00
0739, lbl 00
073A, lbl 00
073B, lbl 00
073C, lbl 00
073D, lbl 00
073E, lbl 00
073F, lbl 00
0740, lbl 00
0741, lbl 00
0742, lbl 00
0743, lbl 00
0744, lbl 00
0745, lbl 00
0746, lbl 00
0747, lbl 00
0748, lbl 00
0749, lbl 00
074A, lbl 00
074B, lbl 00
074C, lbl 00
074D, lbl 00
074E, lbl 00
074F, lbl 00
0750, lbl 00
0751, lbl 00
0752, lbl 00
0753, lbl 00
0754, lbl 00
0755, lbl 00
0756, lbl 00
0757, lbl 00
0758, lbl 00
0759, lbl 00
075A, lbl 00
075B, lbl 00
075C, lbl 00
075D, lbl 00
075E, lbl 00
075F, lbl 00
0760, lbl 00
0761, lbl 00
0762, lbl 00
0763, lbl 00
0764, lbl 00
0765, lbl 00
0766, lbl 00
0767, lbl 00
0768, lbl 00
0769, lbl 00
076A, lbl 00
076B, lbl 00
076C, lbl 00
076D, lbl 00
076E, lbl 00
076F, lbl 00
0770, lbl 00
0771, lbl 00
0772, lbl 00
0773, lbl 00
0774, lbl 00
0775, lbl 00
0776, lbl 00
0777, lbl 00
0778, lbl 00
0779, lbl 00
077A, lbl 00
077B, lbl 00
077C, lbl 00
077D, lbl 00
077E, lbl 00
077F, lbl 00
0780, lbl 00
0781, lbl 00
0782, lbl 00
0783, lbl 00
0784, lbl 00
0785, lbl 00
0786, lbl 00
0787, lbl 00
0788, lbl 00
0789, lbl 00
078A, lbl 00
078B, lbl 00
078C, lbl 00
078D, lbl 00
078E, lbl 00
078F, lbl 00
0790, lbl 00
0791, lbl 00
0792, lbl 00
0793, lbl 00
0794, lbl 00
0795, lbl 00
0796, lbl 00
0797, lbl 00
0798, lbl 00
0799, lbl 00
079A, lbl 00
079B, lbl 00
079C, lbl 00
079D, lbl 00
079E, lbl 00
079F, lbl 00
07A0, lbl 00
07A1, lbl 00
07A2, lbl 00
07A3, lbl 00
07A4, lbl 00
07A5, lbl 00
07A6, lbl 00
07A7, lbl 00
07A8, lbl 00
07A9, lbl 00
07AA, lbl 00
07AB, lbl 00
07AC, lbl 00
07AD, lbl 00
07AE, lbl 00
07AF, lbl 00
07B0, lbl 00
07B1, lbl 00
07B2, lbl 00
07B3, lbl 00
07B4, lbl 00
07B5, lbl 00
07B6, lbl 00
07B7, lbl 00
07B8, lbl 00
07B9, lbl 00
07BA, lbl 00
07BB, lbl 00
07BC, lbl 00
07BD, lbl 00
07BE, lbl 00
07BF, lbl 00
07C0, lbl 00
07C1, lbl 00
07C2, lbl 00
07C3, lbl 00
07C4, lbl 00
07C5, lbl 00
07C6, lbl 00
07C7, lbl 00
07C8, lbl 00
07C9, lbl 00
07CA, lbl 00
07CB, lbl 00
07CC, lbl 00
07CD, lbl 00
07CE, lbl 00
07CF, lbl 00
07D0, lbl 00
07D1, lbl 00
07D2, lbl 00
07D3, lbl 00
07D4, lbl 00
07D5, lbl 00
07D6, lbl 00
07D7, lbl 00
07D8, lbl 00
07D9, lbl 00
07DA, lbl 00
07DB, lbl 00
07DC, lbl 00
07DD, lbl 00
07DE, lbl 00
07DF, lbl 00
07E0, lbl 00
07E1, lbl 00
07E2, lbl 00
07E3, lbl 00
07E4, lbl 00
07E5, lbl 00
07E6, lbl 00
07E7, lbl 00
07E8, lbl 00
07E9, lbl 00
07EA, lbl 00
07EB, lbl 00
07EC, lbl 00
07ED, lbl 00
07EE, lbl 00
07EF, lbl 00
07F0, lbl 00
07F1, lbl 00
07F2, lbl 00
07F3, lbl 00
07F4, lbl 00
07F5, lbl 00
07F6, lbl 00
07F7, lbl 00
07F8, lbl 00
07F9, lbl 00
07FA, lbl 00
07FB, lbl 00
07FC, lbl 00
07FD, lbl 00
07FE, lbl 00
07FF, lbl 00

