
0000, 
0001, exd 7
0002, skbi 0
0003, t 2b
0004, tm 33 7b
0005, adi 1
0006, tl 8 01
0007, tm 1d db
0008, tm 3b e6
0009, lbl 2a
000A, adi 3
000B, ldi 5
000C, tm 26 58
000D, t 0a
000E, tm 1b 01
000F, tm 19 fd
0010, tm 24 dd
0011, tm 13 0e
0012, t 00
0013, t 39
0014, tm 13 fb
0015, tm 26 dd
0016, tm 13 fb
0017, tm 26 cf
0018, tm 3d 63
0019, lb 11
001A, t 00
001B, tm 1c 7f
001C, adi 4
001D, tl 8 13
001E, t 00
001F, tm 3f f9
0020, tm 26 47
0021, skbi 6
0022, t 0a
0023, t 1f
0024, rtn
0025, rtnsk
0026, lbmx
0027, tm 38 01
0028, t 25
0029, tml f3
002A, t 02
002B, tm 1d 8b
002C, t 1f
002D, t 3f
002E, t 02
002F, tml bb
0030, skbi 0
0031, lbl 48
0032, lbl 50
0033, lbl f9
0034, lbl 7b
0035, lbl 70
0036, lbl 68
0037, lbl 60
0038, lbl de
0039, lbl 78
003A, lbl fc
003B, lbl d8
003C, lbl a2
003D, t 2e
003E, sc
003F, t 2e
0040, t 1d
0041, t 2a
0042, t 2c
0043, exd 2
0044, xabl
0045, t 2e
0046, t 3c
0047, exd 1
0048, t 04
0049, t 2b
004A, lbua
004B, t 2b
004C, t 03
004D, t 2b
004E, tml ab
004F, t 02
0050, t 2b
0051, tml ab
0052, t 01
0053, t 2b
0054, tml ab
0055, t 00
0056, t 2b
0057, lbl ab
0058, t 02
0059, t 1f
005A, t 32
005B, lbua
005C, ex 0
005D, t 17
005E, t 32
005F, lbua
0060, ex 0
0061, t 17
0062, t 32
0063, lbua
0064, ex 0
0065, lax
0066, t 03
0067, t 02
0068, t 17
0069, rtn
006A, t 1b
006B, lbmx
006C, t 29
006D, exd 2
006E, t 14
006F, comp
0070, rf1
0071, exd 2
0072, t 14
0073, comp
0074, sc
0075, exd 2
0076, t 14
0077, comp
0078, t 3b
0079, exd 0
007A, ex 2
007B, t 2b
007C, skbi 0
007D, t 2d
007E, adi 1
007F, exd 3
0080, incb
0081, t 2b
0082, adi 0
0083, exd 3
0084, t 15
0085, t 2b
0086, tm 39 2f
0087, t 1c
0088, t 2f
0089, adi e
008A, exd 7
008B, t 1d
008C, exd 3
008D, ldi 0
008E, t 2e
008F, tm 19 2e
0090, skbi 0
0091, exd 7
0092, tl 1 2e
0093, lbl ae
0094, lb 2c
0095, t 2b
0096, t 2f
0097, t 2f
0098, exd 6
0099, skbi 5
009A, exd 6
009B, tm 25 2b
009C, skbi b
009D, exd 6
009E, t 1b
009F, t 2e
00A0, exd 3
00A1, exd 7
00A2, skf2
00A3, t 2a
00A4, xabl
00A5, t 2a
00A6, incb
00A7, exd 2
00A8, skbi 0
00A9, exd 6
00AA, tm 19 2b
00AB, t 3c
00AC, t 2b
00AD, sc
00AE, t 2f
00AF, tm 1a ad
00B0, t 0d
00B1, t 2b
00B2, tm 38 2a
00B3, and
00B4, t 2a
00B5, skbi 6
00B6, t 2d
00B7, skbi 6
00B8, exd 7
00B9, t 02
00BA, t 03
00BB, t 0a
00BC, t 34
00BD, exd 2
00BE, tm 2e 7a
00BF, tm 21 48
00C0, tm 35 e1
00C1, t 02
00C2, lb 97
00C3, t 32
00C4, lbua
00C5, rtnsk
00C6, t 1b
00C7, t 09
00C8, lbmx
00C9, tm 2e 00
00CA, t 02
00CB, sag
00CC, t 19
00CD, t 0b
00CE, t 1d
00CF, xs
00D0, lxa
00D1, t 0f
00D2, t 04
00D3, t 00
00D4, ldi 5
00D5, t 0b
00D6, t 1f
00D7, t 3e
00D8, adi 6
00D9, lb 11
00DA, tm 2d c6
00DB, sag
00DC, t 25
00DD, tml 57
00DE, t 30
00DF, adsk
00E0, t 0d
00E1, ad
00E2, ex 7
00E3, sc
00E4, t 2b
00E5, tm 1c 01
00E6, adi 6
00E7, adi 6
00E8, t 21
00E9, t 00
00EA, t 1f
00EB, skbi 8
00EC, lbl c6
00ED, tm 19 01
00EE, lb 8a
00EF, ldi 7
00F0, skbi 9
00F1, lbl cc
00F2, t 0a
00F3, tm 15 01
00F4, tm 3f f9
00F5, tm 26 46
00F6, skbi 5
00F7, t 0a
00F8, t 1f
00F9, t 05
00FA, tm 38 01
00FB, t 25
00FC, tml f3
00FD, t 02
00FE, t 3f
00FF, t 1f
0100, t 05
0101, t 38
0102, ex 0
0103, ex 7
0104, tl 8 00
0105, tl 9 00
0106, skbi 8
0107, lbl dd
0108, tl 8 00
0109, tl d 58
010A, lbl 59
010B, lbl 48
010C, lbl 51
010D, decb
010E, t 2f
010F, ex 7
0110, t 2f
0111, t 3a
0112, t 2a
0113, adi 0
0114, t 2f
0115, t 2f
0116, adi 0
0117, exd 7
0118, exd 7
0119, sc
011A, exd 6
011B, exd 6
011C, t 02
011D, adc
011E, t 00
011F, lbl 2e
0120, ad
0121, t 00
0122, sc
0123, t 2e
0124, t 2e
0125, skbi 0
0126, exd 6
0127, exd 6
0128, tml af
0129, tml af
012A, lbl af
012B, lbl af
012C, skc
012D, t 2e
012E, t 2e
012F, tl b 2f
0130, tl b 2f
0131, exd 2
0132, exd 6
0133, tm 30 69
0134, ex 3
0135, tm 29 bc
0136, tm 3d ae
0137, tl 4 28
0138, tm 37 ae
0139, sc
013A, t 2a
013B, t 02
013C, tml b7
013D, t 1f
013E, t 37
013F, t 17
0140, t 37
0141, t 17
0142, t 37
0143, tml 02
0144, t 3b
0145, t 3b
0146, lbl fe
0147, lbl 1d
0148, exd 2
0149, skbi 0
014A, t 2b
014B, skbi 0
014C, exd 3
014D, lbl ac
014E, skbi 9
014F, exd 3
0150, skbi 8
0151, exd 3
0152, tml ac
0153, t 29
0154, t 2a
0155, t 2a
0156, t 2e
0157, adi 6
0158, t 2a
0159, adi 0
015A, t 2a
015B, skf1
015C, exd 0
015D, adcsk
015E, tml f0
015F, t 37
0160, exd 6
0161, t 2c
0162, exd 6
0163, skbi 0
0164, exd 0
0165, skbi 0
0166, exd 4
0167, ex 5
0168, t 0c
0169, ld 7
016A, adsk
016B, skbi 8
016C, lbl 10
016D, sc
016E, exd 4
016F, adi 3
0170, tm 3f ee
0171, tl 4 0e
0172, t 00
0173, t 39
0174, tl 9 fd
0175, tm 24 71
0176, tm 1b 01
0177, tm 21 ab
0178, tm 33 50
0179, t 33
017A, t 13
017B, sc
017C, exd 0
017D, sag
017E, tl 0 d2
017F, t 33
0180, t 13
0181, tl 1 fb
0182, adi 2
0183, tm 12 fb
0184, adi 1
0185, sag
0186, tm 39 e1
0187, skbi c
0188, sag
0189, lb 11
018A, t 12
018B, t 1f
018C, tm 3f 00
018D, t 3a
018E, t 3a
018F, t 00
0190, tm 2e ca
0191, skbi 1
0192, t 17
0193, ex 0
0194, tm 22 11
0195, t 02
0196, tl e 8b
0197, t 1f
0198, tm 3f 00
0199, t 02
019A, tl b 97
019B, t 3f
019C, t 3f
019D, lbl 48
019E, lbl 58
019F, lbl f6
01A0, lbl 82
01A1, and
01A2, tl 6 37
01A3, and
01A4, t 03
01A5, t 02
01A6, or
01A7, xs
01A8, tl 8 00
01A9, t 02
01AA, t 1f
01AB, adi e
01AC, lbl ed
01AD, lbl 6d
01AE, lbl ec
01AF, lbl 83
01B0, t 02
01B1, or
01B2, t 06
01B3, t 3b
01B4, t 3e
01B5, ex 7
01B6, t 3d
01B7, ex 0
01B8, t 02
01B9, t 1f
01BA, t 07
01BB, ex 7
01BC, t 3e
01BD, t 3d
01BE, t 3b
01BF, ex 0
01C0, t 02
01C1, skbi 2
01C2, t 15
01C3, t 19
01C4, tl 8 00
01C5, tl 8 00
01C6, lbl 82
01C7, tm 1d 97
01C8, t 1b
01C9, t 09
01CA, tl 0 00
01CB, skbi 8
01CC, lbl 82
01CD, tm 18 8f
01CE, t 3f
01CF, t 1f
01D0, rtn
01D1, lax
01D2, tm 26 00
01D3, tm 3e 00
01D4, t 02
01D5, tl 2 97
01D6, t 32
01D7, lbua
01D8, t 34
01D9, t 1b
01DA, t 09
01DB, lax
01DC, t 02
01DD, skbi e
01DE, t 17
01DF, eor
01E0, t 1f
01E1, eor
01E2, t 1b
01E3, t 0d
01E4, t 0c
01E5, ex 0
01E6, lb 00
01E7, tl d 00
01E8, lb 00
01E9, t 02
01EA, lb 97
01EB, eor
01EC, t 1b
01ED, eor
01EE, t 0d
01EF, t 0c
01F0, ex 0
01F1, tm 15 00
01F2, tm 1c 00
01F3, t 02
01F4, skbi 0
01F5, t 17
01F6, t 1f
01F7, t 09
01F8, t 1b
01F9, t 02
01FA, tm 1d 97
01FB, t 1d
01FC, t 19
01FD, tl 8 00
01FE, t 02
01FF, adcsk
0200, t 0c
0201, tml 8b
0202, t 0b
0203, t 1b
0204, t 0f
0205, t 0d
0206, t 1b
0207, t 1b
0208, lbl 67
0209, lbl 82
020A, t 1f
020B, t 32
020C, lbua
020D, t 34
020E, t 3f
020F, t 17
0210, t 32
0211, lbua
0212, t 34
0213, t 3f
0214, t 17
0215, t 32
0216, lbua
0217, t 34
0218, lax
0219, tm 2e 00
021A, tm 36 00
021B, ex 7
021C, t 02
021D, t 1f
021E, t 06
021F, t 38
0220, ex 1
0221, ex 2
0222, ex 4
0223, t 3f
0224, t 02
0225, lb 27
0226, t 0b
0227, t 1f
0228, tm 1f 00
0229, tm 3f 00
022A, lb 00
022B, tm 35 00
022C, t 3f
022D, t 33
022E, exd 1
022F, adi 8
0230, lbl e9
0231, lbl 3a
0232, exd 5
0233, tl 4 2f
0234, adi 0
0235, exd 1
0236, adi 0
0237, t 29
0238, sc
0239, exd 3
023A, adc
023B, exd 1
023C, t 03
023D, tl 4 8f
023E, t 02
023F, or
0240, t 1b
0241, t 1b
0242, lbl 59
0243, lbl 49
0244, lbl 83
0245, t 02
0246, t 04
0247, rtnsk
0248, tl 8 00
0249, t 02
024A, lb 0f
024B, comp
024C, t 3b
024D, ex 3
024E, t 3a
024F, ex 2
0250, tl f af
0251, tl f af
0252, t 2f
0253, t 02
0254, lb 97
0255, t 09
0256, t 1b
0257, tl 0 00
0258, skbi 8
0259, lbl 82
025A, skbi 2
025B, t 17
025C, tl 9 00
025D, tm 26 00
025E, tm 26 00
025F, tm 26 00
0260, tm 26 00
0261, t 35
0262, adi 8
0263, adi a
0264, tm 28 e9
0265, adi 9
0266, tm 24 65
0267, tm 25 66
0268, t 0a
0269, t 24
026A, t 23
026B, t 22
026C, tm 11 a7
026D, exd 0
026E, t 28
026F, exd 1
0270, dia
0271, skbi 5
0272, skz
0273, t 05
0274, tm 1d 40
0275, tml 01
0276, xbmx
0277, xax
0278, xabl
0279, lb 61
027A, t 3c
027B, tm 34 b6
027C, incb
027D, iol f2
027E, or
027F, tl 8 1b
0280, tm 2f ee
0281, tm 2d ec
0282, tm 24 65
0283, tm 25 66
0284, tm 26 f6
0285, tm 1f 58
0286, tm 3e e0
0287, tm 3e e0
0288, adi 0
0289, tm 21 62
028A, adi 3
028B, adi 4
028C, ld 0
028D, t 2d
028E, tl f 82
028F, tm 34 63
0290, tm 16 01
0291, tm 16 01
0292, ex 7
0293, tl d 8a
0294, ldi 7
0295, tl 9 00
0296, tm 39 79
0297, lbl fe
0298, tm 22 5d
0299, adi b
029A, adi 3
029B, t 3d
029C, tl d 54
029D, tl d 54
029E, t 1f
029F, t 11
02A0, tm 22 c9
02A1, tm 1b 01
02A2, ldi 1
02A3, tm 34 63
02A4, tl 1 0f
02A5, t 1b
02A6, tm 24 51
02A7, skbi c
02A8, tm 31 80
02A9, adsk
02AA, skbi 4
02AB, adsk
02AC, tm 16 01
02AD, t 1f
02AE, adi 3
02AF, adi 3
02B0, t 3f
02B1, lb 0e
02B2, t 00
02B3, t 0d
02B4, t 1b
02B5, ldi 0
02B6, lbl 5d
02B7, lbl 5d
02B8, tm 22 00
02B9, ld 0
02BA, t 2d
02BB, t 2d
02BC, exd 7
02BD, tm 30 e9
02BE, ex 7
02BF, adi 9
02C0, ex 4
02C1, tl 7 7b
02C2, tm 2f 00
02C3, adi 9
02C4, ex 3
02C5, adi c
02C6, lb ab
02C7, tl 8 7d
02C8, adi 1
02C9, t 1f
02CA, t 0f
02CB, tl 0 eb
02CC, t 3a
02CD, t 0b
02CE, t 1f
02CF, ex 0
02D0, tm 15 0f
02D1, t 1b
02D2, tm 3f 00
02D3, tm 3f 00
02D4, t 00
02D5, t 3a
02D6, t 0c
02D7, rtnsk
02D8, t 05
02D9, ex 7
02DA, tm 22 ee
02DB, incb
02DC, comp
02DD, t 38
02DE, tl 0 f9
02DF, lbl 50
02E0, adc
02E1, adc
02E2, lbl 49
02E3, ad
02E4, tm 34 c0
02E5, skbi 4
02E6, skbi 4
02E7, t 1f
02E8, tm 26 1d
02E9, comp
02EA, tm 33 82
02EB, doa
02EC, t 00
02ED, or
02EE, comp
02EF, t 33
02F0, t 06
02F1, ex 6
02F2, adi 1
02F3, lbl 0d
02F4, exd 3
02F5, adi 2
02F6, tl b fb
02F7, adi 1
02F8, t 38
02F9, tml 0a
02FA, t 00
02FB, tm 36 51
02FC, t 01
02FD, t 02
02FE, doa
02FF, t 00
0300, t 1f
0301, t 39
0302, t 17
0303, rtnsk
0304, rtn
0305, t 3f
0306, t 1f
0307, t 06
0308, t 38
0309, t 17
030A, rtnsk
030B, t 05
030C, t 1b
030D, tm 29 00
030E, t 0d
030F, t 2b
0310, tm 39 76
0311, lbl 7a
0312, tm 3e 70
0313, lbl fe
0314, adi 2
0315, sf1
0316, tml fe
0317, dc
0318, t 0e
0319, comp
031A, ex 7
031B, or
031C, comp
031D, ex 2
031E, skbi 1
031F, lb 7f
0320, exd 7
0321, skbi 0
0322, t 2b
0323, tm 33 7b
0324, adi 1
0325, tl 8 01
0326, tm 1d db
0327, tm 3b e6
0328, lbl 2a
0329, adi 3
032A, ldi 5
032B, tm 26 58
032C, t 0a
032D, tm 1b 01
032E, tm 19 fd
032F, tm 24 dd
0330, tm 13 0e
0331, t 00
0332, t 39
0333, tm 13 fb
0334, tm 26 dd
0335, tm 13 fb
0336, tm 26 cf
0337, tm 3d 63
0338, lb 11
0339, t 00
033A, tm 1c 7f
033B, adi 4
033C, tl 8 13
033D, t 00
033E, tm 3f f9
033F, tm 26 47
0340, skbi 6
0341, t 0a
0342, t 1f
0343, rtn
0344, rtnsk
0345, lbmx
0346, tm 38 01
0347, t 25
0348, tml f3
0349, t 02
034A, tm 1d 8b
034B, t 1f
034C, t 3f
034D, t 02
034E, tml bb
034F, skbi 0
0350, lbl 48
0351, lbl 50
0352, lbl f9
0353, lbl 7b
0354, lbl 70
0355, lbl 68
0356, lbl 60
0357, lbl de
0358, lbl 78
0359, lbl fc
035A, lbl d8
035B, lbl a2
035C, t 2e
035D, sc
035E, t 2e
035F, t 1d
0360, t 2a
0361, t 2c
0362, exd 2
0363, xabl
0364, t 2e
0365, t 3c
0366, exd 1
0367, t 04
0368, t 2b
0369, lbua
036A, t 2b
036B, t 03
036C, t 2b
036D, tml ab
036E, t 02
036F, t 2b
0370, tml ab
0371, t 01
0372, t 2b
0373, tml ab
0374, t 00
0375, t 2b
0376, lbl ab
0377, t 02
0378, t 1f
0379, t 32
037A, lbua
037B, ex 0
037C, t 17
037D, t 32
037E, lbua
037F, ex 0
0380, t 17
0381, t 32
0382, lbua
0383, ex 0
0384, lax
0385, t 03
0386, t 02
0387, t 17
0388, rtn
0389, t 1b
038A, lbmx
038B, t 29
038C, exd 2
038D, t 14
038E, comp
038F, rf1
0390, exd 2
0391, t 14
0392, comp
0393, sc
0394, exd 2
0395, t 14
0396, comp
0397, t 3b
0398, exd 0
0399, ex 2
039A, t 2b
039B, skbi 0
039C, t 2d
039D, adi 1
039E, exd 3
039F, incb
03A0, t 2b
03A1, adi 0
03A2, exd 3
03A3, t 15
03A4, t 2b
03A5, tm 39 2f
03A6, t 1c
03A7, t 2f
03A8, adi e
03A9, exd 7
03AA, t 1d
03AB, exd 3
03AC, ldi 0
03AD, t 2e
03AE, tm 19 2e
03AF, skbi 0
03B0, exd 7
03B1, tl 1 2e
03B2, lbl ae
03B3, lb 2c
03B4, t 2b
03B5, t 2f
03B6, t 2f
03B7, exd 6
03B8, skbi 5
03B9, exd 6
03BA, tm 25 2b
03BB, skbi b
03BC, exd 6
03BD, t 1b
03BE, t 2e
03BF, exd 3
03C0, exd 7
03C1, skf2
03C2, t 2a
03C3, xabl
03C4, t 2a
03C5, incb
03C6, exd 2
03C7, skbi 0
03C8, exd 6
03C9, tm 19 2b
03CA, t 3c
03CB, t 2b
03CC, sc
03CD, t 2f
03CE, tm 1a ad
03CF, t 0d
03D0, t 2b
03D1, tm 38 2a
03D2, and
03D3, t 2a
03D4, skbi 6
03D5, t 2d
03D6, skbi 6
03D7, exd 7
03D8, t 02
03D9, t 03
03DA, t 0a
03DB, t 34
03DC, exd 2
03DD, tm 2e 7a
03DE, tm 21 48
03DF, tm 35 e1
03E0, t 02
03E1, lb 97
03E2, t 32
03E3, lbua
03E4, rtnsk
03E5, t 1b
03E6, t 09
03E7, lbmx
03E8, tm 2e 00
03E9, t 02
03EA, sag
03EB, t 19
03EC, t 0b
03ED, t 1d
03EE, xs
03EF, lxa
03F0, t 0f
03F1, t 04
03F2, t 00
03F3, ldi 5
03F4, t 0b
03F5, t 1f
03F6, t 3e
03F7, adi 6
03F8, lb 11
03F9, tm 2d c6
03FA, sag
03FB, t 25
03FC, tml 57
03FD, t 30
03FE, adsk
03FF, t 0d
0400, ad
0401, ex 7
0402, sc
0403, t 2b
0404, tm 1c 01
0405, adi 6
0406, adi 6
0407, t 21
0408, t 00
0409, t 1f
040A, skbi 8
040B, lbl c6
040C, tm 19 01
040D, lb 8a
040E, ldi 7
040F, skbi 9
0410, lbl cc
0411, t 0a
0412, tm 15 01
0413, tm 3f f9
0414, tm 26 46
0415, skbi 5
0416, t 0a
0417, t 1f
0418, t 05
0419, tm 38 01
041A, t 25
041B, tml f3
041C, t 02
041D, t 3f
041E, t 1f
041F, t 05
0420, t 38
0421, ex 0
0422, ex 7
0423, tl 8 00
0424, tl 9 00
0425, skbi 8
0426, lbl dd
0427, tl 8 00
0428, tl d 58
0429, lbl 59
042A, lbl 48
042B, lbl 51
042C, decb
042D, t 2f
042E, ex 7
042F, t 2f
0430, t 3a
0431, t 2a
0432, adi 0
0433, t 2f
0434, t 2f
0435, adi 0
0436, exd 7
0437, exd 7
0438, sc
0439, exd 6
043A, exd 6
043B, t 02
043C, adc
043D, t 00
043E, lbl 2e
043F, ad
0440, t 00
0441, sc
0442, t 2e
0443, t 2e
0444, skbi 0
0445, exd 6
0446, exd 6
0447, tml af
0448, tml af
0449, lbl af
044A, lbl af
044B, skc
044C, t 2e
044D, t 2e
044E, tl b 2f
044F, tl b 2f
0450, exd 2
0451, exd 6
0452, tm 30 69
0453, ex 3
0454, tm 29 bc
0455, tm 3d ae
0456, tl 4 28
0457, tm 37 ae
0458, sc
0459, t 2a
045A, t 02
045B, tml b7
045C, t 1f
045D, t 37
045E, t 17
045F, t 37
0460, t 17
0461, t 37
0462, tml 02
0463, t 3b
0464, t 3b
0465, lbl fe
0466, lbl 1d
0467, exd 2
0468, skbi 0
0469, t 2b
046A, skbi 0
046B, exd 3
046C, lbl ac
046D, skbi 9
046E, exd 3
046F, skbi 8
0470, exd 3
0471, tml ac
0472, t 29
0473, t 2a
0474, t 2a
0475, t 2e
0476, adi 6
0477, t 2a
0478, adi 0
0479, t 2a
047A, skf1
047B, exd 0
047C, adcsk
047D, tml f0
047E, t 37
047F, exd 6
0480, t 2c
0481, exd 6
0482, skbi 0
0483, exd 0
0484, skbi 0
0485, exd 4
0486, ex 5
0487, t 0c
0488, ld 7
0489, adsk
048A, skbi 8
048B, lbl 10
048C, sc
048D, exd 4
048E, adi 3
048F, tm 3f ee
0490, tl 4 0e
0491, t 00
0492, t 39
0493, tl 9 fd
0494, tm 24 71
0495, tm 1b 01
0496, tm 21 ab
0497, tm 33 50
0498, t 33
0499, t 13
049A, sc
049B, exd 0
049C, sag
049D, tl 0 d2
049E, t 33
049F, t 13
04A0, tl 1 fb
04A1, adi 2
04A2, tm 12 fb
04A3, adi 1
04A4, sag
04A5, tm 39 e1
04A6, skbi c
04A7, sag
04A8, lb 11
04A9, t 12
04AA, t 1f
04AB, tm 3f 00
04AC, t 3a
04AD, t 3a
04AE, t 00
04AF, tm 2e ca
04B0, skbi 1
04B1, t 17
04B2, ex 0
04B3, tm 22 11
04B4, t 02
04B5, tl e 8b
04B6, t 1f
04B7, tm 3f 00
04B8, t 02
04B9, tl b 97
04BA, t 3f
04BB, t 3f
04BC, lbl 48
04BD, lbl 58
04BE, lbl f6
04BF, lbl 82
04C0, and
04C1, tl 6 37
04C2, and
04C3, t 03
04C4, t 02
04C5, or
04C6, xs
04C7, tl 8 00
04C8, t 02
04C9, t 1f
04CA, adi e
04CB, lbl ed
04CC, lbl 6d
04CD, lbl ec
04CE, lbl 83
04CF, t 02
04D0, or
04D1, t 06
04D2, t 3b
04D3, t 3e
04D4, ex 7
04D5, t 3d
04D6, ex 0
04D7, t 02
04D8, t 1f
04D9, t 07
04DA, ex 7
04DB, t 3e
04DC, t 3d
04DD, t 3b
04DE, ex 0
04DF, t 02
04E0, skbi 2
04E1, t 15
04E2, t 19
04E3, tl 8 00
04E4, tl 8 00
04E5, lbl 82
04E6, tm 1d 97
04E7, t 1b
04E8, t 09
04E9, tl 0 00
04EA, skbi 8
04EB, lbl 82
04EC, tm 18 8f
04ED, t 3f
04EE, t 1f
04EF, rtn
04F0, lax
04F1, tm 26 00
04F2, tm 3e 00
04F3, t 02
04F4, tl 2 97
04F5, t 32
04F6, lbua
04F7, t 34
04F8, t 1b
04F9, t 09
04FA, lax
04FB, t 02
04FC, skbi e
04FD, t 17
04FE, eor
04FF, t 1f
0500, eor
0501, t 1b
0502, t 0d
0503, t 0c
0504, ex 0
0505, lb 00
0506, tl d 00
0507, lb 00
0508, t 02
0509, lb 97
050A, eor
050B, t 1b
050C, eor
050D, t 0d
050E, t 0c
050F, ex 0
0510, tm 15 00
0511, tm 1c 00
0512, t 02
0513, skbi 0
0514, t 17
0515, t 1f
0516, t 09
0517, t 1b
0518, t 02
0519, tm 1d 97
051A, t 1d
051B, t 19
051C, tl 8 00
051D, t 02
051E, adcsk
051F, t 0c
0520, tml 8b
0521, t 0b
0522, t 1b
0523, t 0f
0524, t 0d
0525, t 1b
0526, t 1b
0527, lbl 67
0528, lbl 82
0529, t 1f
052A, t 32
052B, lbua
052C, t 34
052D, t 3f
052E, t 17
052F, t 32
0530, lbua
0531, t 34
0532, t 3f
0533, t 17
0534, t 32
0535, lbua
0536, t 34
0537, lax
0538, tm 2e 00
0539, tm 36 00
053A, ex 7
053B, t 02
053C, t 1f
053D, t 06
053E, t 38
053F, ex 1
0540, ex 2
0541, ex 4
0542, t 3f
0543, t 02
0544, lb 27
0545, t 0b
0546, t 1f
0547, tm 1f 00
0548, tm 3f 00
0549, lb 00
054A, tm 35 00
054B, t 3f
054C, t 33
054D, exd 1
054E, adi 8
054F, lbl e9
0550, lbl 3a
0551, exd 5
0552, tl 4 2f
0553, adi 0
0554, exd 1
0555, adi 0
0556, t 29
0557, sc
0558, exd 3
0559, adc
055A, exd 1
055B, t 03
055C, tl 4 8f
055D, t 02
055E, or
055F, t 1b
0560, t 1b
0561, lbl 59
0562, lbl 49
0563, lbl 83
0564, t 02
0565, t 04
0566, rtnsk
0567, tl 8 00
0568, t 02
0569, lb 0f
056A, comp
056B, t 3b
056C, ex 3
056D, t 3a
056E, ex 2
056F, tl f af
0570, tl f af
0571, t 2f
0572, t 02
0573, lb 97
0574, t 09
0575, t 1b
0576, tl 0 00
0577, skbi 8
0578, lbl 82
0579, skbi 2
057A, t 17
057B, tl 9 00
057C, tm 26 00
057D, tm 26 00
057E, tm 26 00
057F, tm 26 00
0580, t 35
0581, adi 8
0582, adi a
0583, tm 28 e9
0584, adi 9
0585, tm 24 65
0586, tm 25 66
0587, t 0a
0588, t 24
0589, t 23
058A, t 22
058B, tm 11 a7
058C, exd 0
058D, t 28
058E, exd 1
058F, dia
0590, skbi 5
0591, skz
0592, t 05
0593, tm 1d 40
0594, tml 01
0595, xbmx
0596, xax
0597, xabl
0598, lb 61
0599, t 3c
059A, tm 34 b6
059B, incb
059C, iol f2
059D, or
059E, tl 8 1b
059F, tm 2f ee
05A0, tm 2d ec
05A1, tm 24 65
05A2, tm 25 66
05A3, tm 26 f6
05A4, tm 1f 58
05A5, tm 3e e0
05A6, tm 3e e0
05A7, adi 0
05A8, tm 21 62
05A9, adi 3
05AA, adi 4
05AB, ld 0
05AC, t 2d
05AD, tl f 82
05AE, tm 34 63
05AF, tm 16 01
05B0, tm 16 01
05B1, ex 7
05B2, tl d 8a
05B3, ldi 7
05B4, tl 9 00
05B5, tm 39 79
05B6, lbl fe
05B7, tm 22 5d
05B8, adi b
05B9, adi 3
05BA, t 3d
05BB, tl d 54
05BC, tl d 54
05BD, t 1f
05BE, t 11
05BF, tm 22 c9
05C0, tm 1b 01
05C1, ldi 1
05C2, tm 34 63
05C3, tl 1 0f
05C4, t 1b
05C5, tm 24 51
05C6, skbi c
05C7, tm 31 80
05C8, adsk
05C9, skbi 4
05CA, adsk
05CB, tm 16 01
05CC, t 1f
05CD, adi 3
05CE, adi 3
05CF, t 3f
05D0, lb 0e
05D1, t 00
05D2, t 0d
05D3, t 1b
05D4, ldi 0
05D5, lbl 5d
05D6, lbl 5d
05D7, tm 22 00
05D8, ld 0
05D9, t 2d
05DA, t 2d
05DB, exd 7
05DC, tm 30 e9
05DD, ex 7
05DE, adi 9
05DF, ex 4
05E0, tl 7 7b
05E1, tm 2f 00
05E2, adi 9
05E3, ex 3
05E4, adi c
05E5, lb ab
05E6, tl 8 7d
05E7, adi 1
05E8, t 1f
05E9, t 0f
05EA, tl 0 eb
05EB, t 3a
05EC, t 0b
05ED, t 1f
05EE, ex 0
05EF, tm 15 0f
05F0, t 1b
05F1, tm 3f 00
05F2, tm 3f 00
05F3, t 00
05F4, t 3a
05F5, t 0c
05F6, rtnsk
05F7, t 05
05F8, ex 7
05F9, tm 22 ee
05FA, incb
05FB, comp
05FC, t 38
05FD, tl 0 f9
05FE, lbl 50
05FF, adc
0600, adc
0601, lbl 49
0602, ad
0603, tm 34 c0
0604, skbi 4
0605, skbi 4
0606, t 1f
0607, tm 26 1d
0608, comp
0609, tm 33 82
060A, doa
060B, t 00
060C, or
060D, comp
060E, t 33
060F, t 06
0610, ex 6
0611, adi 1
0612, lbl 0d
0613, exd 3
0614, adi 2
0615, tl b fb
0616, adi 1
0617, t 38
0618, tml 0a
0619, t 00
061A, tm 36 51
061B, t 01
061C, t 02
061D, doa
061E, t 00
061F, t 1f
0620, t 39
0621, t 17
0622, rtnsk
0623, rtn
0624, t 3f
0625, t 1f
0626, t 06
0627, t 38
0628, t 17
0629, rtnsk
062A, t 05
062B, t 1b
062C, tm 29 00
062D, t 0d
062E, t 2b
062F, tm 39 76
0630, lbl 7a
0631, tm 3e 70
0632, lbl fe
0633, adi 2
0634, sf1
0635, tml fe
0636, dc
0637, t 0e
0638, comp
0639, ex 7
063A, or
063B, comp
063C, ex 2
063D, skbi 1
063E, lb 00
063F, lbl 00
0640, lbl 00
0641, lbl 00
0642, lbl 00
0643, lbl 00
0644, lbl 00
0645, lbl 00
0646, lbl 00
0647, lbl 00
0648, lbl 00
0649, lbl 00
064A, lbl 00
064B, lbl 00
064C, lbl 00
064D, lbl 00
064E, lbl 00
064F, lbl 00
0650, lbl 00
0651, lbl 00
0652, lbl 00
0653, lbl 00
0654, lbl 00
0655, lbl 00
0656, lbl 00
0657, lbl 00
0658, lbl 00
0659, lbl 00
065A, lbl 00
065B, lbl 00
065C, lbl 00
065D, lbl 00
065E, lbl 00
065F, lbl 00
0660, lbl 00
0661, lbl 00
0662, lbl 00
0663, lbl 00
0664, lbl 00
0665, lbl 00
0666, lbl 00
0667, lbl 00
0668, lbl 00
0669, lbl 00
066A, lbl 00
066B, lbl 00
066C, lbl 00
066D, lbl 00
066E, lbl 00
066F, lbl 00
0670, lbl 00
0671, lbl 00
0672, lbl 00
0673, lbl 00
0674, lbl 00
0675, lbl 00
0676, lbl 00
0677, lbl 00
0678, lbl 00
0679, lbl 00
067A, lbl 00
067B, lbl 00
067C, lbl 00
067D, lbl 00
067E, lbl 00
067F, lbl 00
0680, lbl 00
0681, lbl 00
0682, lbl 00
0683, lbl 00
0684, lbl 00
0685, lbl 00
0686, lbl 00
0687, lbl 00
0688, lbl 00
0689, lbl 00
068A, lbl 00
068B, lbl 00
068C, lbl 00
068D, lbl 00
068E, lbl 00
068F, lbl 00
0690, lbl 00
0691, lbl 00
0692, lbl 00
0693, lbl 00
0694, lbl 00
0695, lbl 00
0696, lbl 00
0697, lbl 00
0698, lbl 00
0699, lbl 00
069A, lbl 00
069B, lbl 00
069C, lbl 00
069D, lbl 00
069E, lbl 00
069F, lbl 00
06A0, lbl 00
06A1, lbl 00
06A2, lbl 00
06A3, lbl 00
06A4, lbl 00
06A5, lbl 00
06A6, lbl 00
06A7, lbl 00
06A8, lbl 00
06A9, lbl 00
06AA, lbl 00
06AB, lbl 00
06AC, lbl 00
06AD, lbl 00
06AE, lbl 00
06AF, lbl 00
06B0, lbl 00
06B1, lbl 00
06B2, lbl 00
06B3, lbl 00
06B4, lbl 00
06B5, lbl 00
06B6, lbl 00
06B7, lbl 00
06B8, lbl 00
06B9, lbl 00
06BA, lbl 00
06BB, lbl 00
06BC, lbl 00
06BD, lbl 00
06BE, lbl 00
06BF, lbl 00
06C0, lbl 00
06C1, lbl 00
06C2, lbl 00
06C3, lbl 00
06C4, lbl 00
06C5, lbl 00
06C6, lbl 00
06C7, lbl 00
06C8, lbl 00
06C9, lbl 00
06CA, lbl 00
06CB, lbl 00
06CC, lbl 00
06CD, lbl 00
06CE, lbl 00
06CF, lbl 00
06D0, lbl 00
06D1, lbl 00
06D2, lbl 00
06D3, lbl 00
06D4, lbl 00
06D5, lbl 00
06D6, lbl 00
06D7, lbl 00
06D8, lbl 00
06D9, lbl 00
06DA, lbl 00
06DB, lbl 00
06DC, lbl 00
06DD, lbl 00
06DE, lbl 00
06DF, lbl 00
06E0, lbl 00
06E1, lbl 00
06E2, lbl 00
06E3, lbl 00
06E4, lbl 00
06E5, lbl 00
06E6, lbl 00
06E7, lbl 00
06E8, lbl 00
06E9, lbl 00
06EA, lbl 00
06EB, lbl 00
06EC, lbl 00
06ED, lbl 00
06EE, lbl 00
06EF, lbl 00
06F0, lbl 00
06F1, lbl 00
06F2, lbl 00
06F3, lbl 00
06F4, lbl 00
06F5, lbl 00
06F6, lbl 00
06F7, lbl 00
06F8, lbl 00
06F9, lbl 00
06FA, lbl 00
06FB, lbl 00
06FC, lbl 00
06FD, lbl 00
06FE, lbl 00
06FF, lbl 00
0700, lbl 00
0701, lbl 00
0702, lbl 00
0703, lbl 00
0704, lbl 00
0705, lbl 00
0706, lbl 00
0707, lbl 00
0708, lbl 00
0709, lbl 00
070A, lbl 00
070B, lbl 00
070C, lbl 00
070D, lbl 00
070E, lbl 00
070F, lbl 00
0710, lbl 00
0711, lbl 00
0712, lbl 00
0713, lbl 00
0714, lbl 00
0715, lbl 00
0716, lbl 00
0717, lbl 00
0718, lbl 00
0719, lbl 00
071A, lbl 00
071B, lbl 00
071C, lbl 00
071D, lbl 00
071E, lbl 00
071F, lbl 00
0720, lbl 00
0721, lbl 00
0722, lbl 00
0723, lbl 00
0724, lbl 00
0725, lbl 00
0726, lbl 00
0727, lbl 00
0728, lbl 00
0729, lbl 00
072A, lbl 00
072B, lbl 00
072C, lbl 00
072D, lbl 00
072E, lbl 00
072F, lbl 00
0730, lbl 00
0731, lbl 00
0732, lbl 00
0733, lbl 00
0734, lbl 00
0735, lbl 00
0736, lbl 00
0737, lbl 00
0738, lbl 00
0739, lbl 00
073A, lbl 00
073B, lbl 00
073C, lbl 00
073D, lbl 00
073E, lbl 00
073F, lbl 00
0740, lbl 00
0741, lbl 00
0742, lbl 00
0743, lbl 00
0744, lbl 00
0745, lbl 00
0746, lbl 00
0747, lbl 00
0748, lbl 00
0749, lbl 00
074A, lbl 00
074B, lbl 00
074C, lbl 00
074D, lbl 00
074E, lbl 00
074F, lbl 00
0750, lbl 00
0751, lbl 00
0752, lbl 00
0753, lbl 00
0754, lbl 00
0755, lbl 00
0756, lbl 00
0757, lbl 00
0758, lbl 00
0759, lbl 00
075A, lbl 00
075B, lbl 00
075C, lbl 00
075D, lbl 00
075E, lbl 00
075F, lbl 00
0760, lbl 00
0761, lbl 00
0762, lbl 00
0763, lbl 00
0764, lbl 00
0765, lbl 00
0766, lbl 00
0767, lbl 00
0768, lbl 00
0769, lbl 00
076A, lbl 00
076B, lbl 00
076C, lbl 00
076D, lbl 00
076E, lbl 00
076F, lbl 00
0770, lbl 00
0771, lbl 00
0772, lbl 00
0773, lbl 00
0774, lbl 00
0775, lbl 00
0776, lbl 00
0777, lbl 00
0778, lbl 00
0779, lbl 00
077A, lbl 00
077B, lbl 00
077C, lbl 00
077D, lbl 00
077E, lbl 00
077F, lbl 00
0780, lbl 00
0781, lbl 00
0782, lbl 00
0783, lbl 00
0784, lbl 00
0785, lbl 00
0786, lbl 00
0787, lbl 00
0788, lbl 00
0789, lbl 00
078A, lbl 00
078B, lbl 00
078C, lbl 00
078D, lbl 00
078E, lbl 00
078F, lbl 00
0790, lbl 00
0791, lbl 00
0792, lbl 00
0793, lbl 00
0794, lbl 00
0795, lbl 00
0796, lbl 00
0797, lbl 00
0798, lbl 00
0799, lbl 00
079A, lbl 00
079B, lbl 00
079C, lbl 00
079D, lbl 00
079E, lbl 00
079F, lbl 00
07A0, lbl 00
07A1, lbl 00
07A2, lbl 00
07A3, lbl 00
07A4, lbl 00
07A5, lbl 00
07A6, lbl 00
07A7, lbl 00
07A8, lbl 00
07A9, lbl 00
07AA, lbl 00
07AB, lbl 00
07AC, lbl 00
07AD, lbl 00
07AE, lbl 00
07AF, lbl 00
07B0, lbl 00
07B1, lbl 00
07B2, lbl 00
07B3, lbl 00
07B4, lbl 00
07B5, lbl 00
07B6, lbl 00
07B7, lbl 00
07B8, lbl 00
07B9, lbl 00
07BA, lbl 00
07BB, lbl 00
07BC, lbl 00
07BD, lbl 00
07BE, lbl 00
07BF, lbl 00
07C0, lbl 00
07C1, lbl 00
07C2, lbl 00
07C3, lbl 00
07C4, lbl 00
07C5, lbl 00
07C6, lbl 00
07C7, lbl 00
07C8, lbl 00
07C9, lbl 00
07CA, lbl 00
07CB, lbl 00
07CC, lbl 00
07CD, lbl 00
07CE, lbl 00
07CF, lbl 00
07D0, lbl 00
07D1, lbl 00
07D2, lbl 00
07D3, lbl 00
07D4, lbl 00
07D5, lbl 00
07D6, lbl 00
07D7, lbl 00
07D8, lbl 00
07D9, lbl 00
07DA, lbl 00
07DB, lbl 00
07DC, lbl 00
07DD, lbl 00
07DE, lbl 00
07DF, lbl 00
07E0, lbl 00
07E1, lbl 00
07E2, lbl 00
07E3, lbl 00
07E4, lbl 00
07E5, lbl 00
07E6, lbl 00
07E7, lbl 00
07E8, lbl 00
07E9, lbl 00
07EA, lbl 00
07EB, lbl 00
07EC, lbl 00
07ED, lbl 00
07EE, lbl 00
07EF, lbl 00
07F0, lbl 00
07F1, lbl 00
07F2, lbl 00
07F3, lbl 00
07F4, lbl 00
07F5, lbl 00
07F6, lbl 00
07F7, lbl 00
07F8, lbl 00
07F9, lbl 00
07FA, lbl 00
07FB, lbl 00
07FC, lbl 00
07FD, lbl 00
07FE, lbl 00
07FF, lbl 00

