
0000, tm 18 43
0001, skbi 5
0002, tm 3c e7
0003, tm 3c e7
0004, exd 5
0005, exd 5
0006, rtnsk
0007, t 2a
0008, tm 34 4b
0009, tm 1a 7d
000A, adi 2
000B, tl c 7c
000C, tm 20 5c
000D, tm 2b 3c
000E, tl c d8
000F, lax
0010, t 00
0011, tm 15 eb
0012, ex 2
0013, tm 18 5c
0014, tm 3d d8
0015, lbl 52
0016, tm 2b 39
0017, skbi 4
0018, tm 3e e7
0019, ldi 6
001A, ldi 6
001B, tm 21 d8
001C, tl c 12
001D, t 00
001E, tm 18 fd
001F, tm 18 00
0020, skbi e
0021, tm 2b b8
0022, adi 6
0023, t 14
0024, exd 0
0025, lbl 80
0026, tm 39 5d
0027, tm 3b 45
0028, tm 3b 45
0029, tm 26 30
002A, t 2d
002B, tl f 43
002C, lb eb
002D, ex 4
002E, t 0b
002F, lb eb
0030, t 3d
0031, skbi 3
0032, lb 6b
0033, t 39
0034, t 0b
0035, tm 1a eb
0036, t 3b
0037, lb 2b
0038, t 00
0039, lb eb
003A, lb 13
003B, lb eb
003C, t 0f
003D, tl 4 0b
003E, tm 25 9b
003F, t 0b
0040, lb eb
0041, t 3b
0042, adi d
0043, tl 6 80
0044, t 3e
0045, exd 3
0046, t 00
0047, t 18
0048, t 2e
0049, t 02
004A, tm 33 7b
004B, adi 1
004C, lb fd
004D, tm 3f 00
004E, tl 6 80
004F, t 3e
0050, exd 3
0051, t 00
0052, t 12
0053, lb 0a
0054, lb eb
0055, ex 7
0056, ld 0
0057, t 2d
0058, tl f 5c
0059, lb 01
005A, adi b
005B, t 2f
005C, lb 80
005D, ldi 6
005E, lbl be
005F, tl d fc
0060, tm 27 8f
0061, t 2f
0062, lxa
0063, t 2f
0064, eor
0065, t 2f
0066, tl 6 0b
0067, t 10
0068, skbi b
0069, exd 1
006A, doa
006B, t 00
006C, tm 3e 50
006D, lbl 7f
006E, tm 32 b7
006F, t 00
0070, tl f 00
0071, tm 2a 3f
0072, tl f 00
0073, t 04
0074, t 00
0075, lb 0b
0076, tm 13 0a
0077, tl 7 eb
0078, xbmx
0079, t 0b
007A, tl 7 eb
007B, xbmx
007C, tm 27 00
007D, tm 2a 3f
007E, t 17
007F, tm 25 bf
0080, t 1f
0081, t 09
0082, sc
0083, t 2f
0084, t 2f
0085, t 00
0086, lb 5c
0087, t 14
0088, t 18
0089, tm 16 00
008A, tm 1c 80
008B, t 1f
008C, t 3f
008D, t 17
008E, t 3f
008F, tl f 00
0090, t 23
0091, t 2f
0092, t 2f
0093, tml 97
0094, tm 25 38
0095, t 1f
0096, t 09
0097, tm 31 5e
0098, ad
0099, t 1b
009A, t 09
009B, t 09
009C, t 1f
009D, ex 0
009E, t 17
009F, ex 0
00A0, t 17
00A1, ex 0
00A2, tm 25 af
00A3, tml 5f
00A4, lbl dc
00A5, t 00
00A6, ldi 3
00A7, adi d
00A8, adi 0
00A9, t 00
00AA, t 2f
00AB, tml e3
00AC, tl 7 0b
00AD, t 12
00AE, t 2c
00AF, tml 65
00B0, doa
00B1, t 00
00B2, sag
00B3, ad
00B4, labl
00B5, exd 7
00B6, exd 7
00B7, tm 3e 65
00B8, t 1f
00B9, t 3b
00BA, t 17
00BB, t 3b
00BC, adi 7
00BD, lbl 54
00BE, tm 3f 43
00BF, t 00
00C0, tl 3 68
00C1, ex 7
00C2, adi e
00C3, ldi 3
00C4, tl 9 81
00C5, tm 35 49
00C6, tm 2c 69
00C7, t 3a
00C8, adi 8
00C9, t 3e
00CA, adi e
00CB, ldi 3
00CC, tl a 81
00CD, tl a 81
00CE, tl 5 7c
00CF, adi 1
00D0, adcsk
00D1, t 2a
00D2, t 1f
00D3, ex 4
00D4, adi 6
00D5, tm 3e 67
00D6, adi c
00D7, adi c
00D8, t 2c
00D9, tml 01
00DA, skbi e
00DB, skbi e
00DC, tm 20 6c
00DD, tl 9 fb
00DE, tm 27 59
00DF, tm 3c 59
00E0, tm 3c 59
00E1, tm 23 00
00E2, skbi a
00E3, tm 3d 66
00E4, ld 0
00E5, t 2d
00E6, tl f f0
00E7, t 2e
00E8, lbl 2f
00E9, tm 1d 7d
00EA, adi 1
00EB, tm 2c ae
00EC, adi 7
00ED, tl 3 6b
00EE, t 3c
00EF, t 0b
00F0, tl 3 eb
00F1, t 3c
00F2, tm 27 00
00F3, cys
00F4, t 2e
00F5, t 2e
00F6, tm 27 7b
00F7, tm 21 55
00F8, tm 21 55
00F9, tl 5 fc
00FA, adi 7
00FB, ld 4
00FC, t 01
00FD, t 01
00FE, adi 1
00FF, lb 30
0100, t 01
0101, t 0e
0102, rtnsk
0103, t 1b
0104, adi 3
0105, lb cd
0106, or
0107, xs
0108, adi 3
0109, skc
010A, comp
010B, ld 0
010C, t 01
010D, skbi a
010E, tm 3b 66
010F, ld 2
0110, t 01
0111, rf1
0112, exd 7
0113, ld 0
0114, t 01
0115, t 1f
0116, t 05
0117, skbi 0
0118, exd 7
0119, adi 3
011A, adsk
011B, t 0e
011C, rtnsk
011D, t 0d
011E, t 1b
011F, t 1b
0120, or
0121, comp
0122, t 3c
0123, lb 11
0124, lxa
0125, exd 7
0126, ld 2
0127, t 01
0128, skbi 3
0129, exd 7
012A, tl 7 0f
012B, xs
012C, tm 3f 00
012D, t 3e
012E, ex 7
012F, t 30
0130, t 1c
0131, comp
0132, tl 6 80
0133, ex 7
0134, sag
0135, exd 3
0136, t 00
0137, tl 9 0b
0138, cys
0139, t 2e
013A, ld 4
013B, t 01
013C, tl a fc
013D, tm 26 7b
013E, exd 7
013F, skbi d
0140, t 0a
0141, tl 7 80
0142, ex 7
0143, t 1f
0144, t 05
0145, adi 3
0146, skc
0147, comp
0148, t 1f
0149, skc
014A, comp
014B, comp
014C, lb c1
014D, lb c1
014E, t 29
014F, exd 7
0150, sc
0151, exd 7
0152, adi 6
0153, ld 0
0154, t 01
0155, tl f fb
0156, adi 6
0157, tl 8 7d
0158, t 1f
0159, tm 26 94
015A, comp
015B, tm 34 63
015C, tm 3e e3
015D, tm 3e 65
015E, tm 34 97
015F, ex 4
0160, t 17
0161, tm 25 56
0162, tm 25 56
0163, tm 27 56
0164, skbi f
0165, skf1
0166, xax
0167, tm 23 ac
0168, tml 65
0169, tl 6 7d
016A, tm 27 c6
016B, tl 1 fc
016C, adi 7
016D, skbi d
016E, tm 3e 65
016F, lb 7d
0170, tm 21 51
0171, tm 21 51
0172, adi 7
0173, lb 45
0174, tm 3b 9f
0175, adi 6
0176, t 13
0177, sag
0178, or
0179, comp
017A, t 3e
017B, t 02
017C, tm 32 40
017D, lbl 72
017E, tl 4 81
017F, ldi 3
0180, skbi 0
0181, lbl dc
0182, t 00
0183, ldi 2
0184, tl 5 81
0185, t 04
0186, t 00
0187, t 14
0188, exd 0
0189, tm 34 63
018A, tm 34 e6
018B, tm 34 66
018C, tm 3e 64
018D, tm 3e 64
018E, tml bb
018F, adi 4
0190, or
0191, comp
0192, t 3a
0193, tm 36 e7
0194, tm 36 e1
0195, tm 34 48
0196, tm 2f f9
0197, tl 9 00
0198, tl 9 00
0199, cys
019A, t 06
019B, t 2e
019C, skbi 9
019D, tm 3d e5
019E, ldi 0
019F, tm 39 8c
01A0, adi 4
01A1, rtnsk
01A2, t 05
01A3, t 3e
01A4, adi 7
01A5, lbl 7f
01A6, cys
01A7, ldi 0
01A8, ldi 0
01A9, tl b 60
01AA, t 2e
01AB, cys
01AC, ldi 0
01AD, skbi 4
01AE, t 00
01AF, ldi 0
01B0, skbi 4
01B1, t 00
01B2, skbi d
01B3, ldi 0
01B4, ldi 4
01B5, tl 4 00
01B6, t 1f
01B7, ld 7
01B8, tl b b0
01B9, t 1b
01BA, tm 27 00
01BB, tm 39 8c
01BC, rtnsk
01BD, t 05
01BE, t 3e
01BF, adi 4
01C0, tm 2f 9f
01C1, t 18
01C2, tm 27 00
01C3, tm 3e 97
01C4, ex 1
01C5, tl 0 00
01C6, ldi 4
01C7, lb 00
01C8, tm 1b 01
01C9, ldi 0
01CA, t 28
01CB, tml 9f
01CC, ex 3
01CD, t 17
01CE, adsk
01CF, t 17
01D0, tm 25 f4
01D1, tm 18 00
01D2, tm 34 8d
01D3, t 05
01D4, t 3a
01D5, or
01D6, t 1f
01D7, lb c1
01D8, t 0f
01D9, skbi 0
01DA, t 2e
01DB, t 0d
01DC, tm 34 8c
01DD, rtnsk
01DE, t 05
01DF, t 3e
01E0, adi 4
01E1, cys
01E2, skbi b
01E3, exd 1
01E4, t 31
01E5, tml b9
01E6, tml 7b
01E7, adi 1
01E8, cys
01E9, tl 8 fd
01EA, tm 10 00
01EB, tm 10 00
01EC, tl b fd
01ED, lb 00
01EE, rtnsk
01EF, t 01
01F0, tm 34 c8
01F1, lbl 9f
01F2, ex 7
01F3, t 17
01F4, t 3d
01F5, tl 9 00
01F6, lb 80
01F7, skbi 4
01F8, t 00
01F9, tm 3f ef
01FA, t 28
01FB, tml 57
01FC, tml 57
01FD, lb c7
01FE, lb c7
01FF, adi 1
0200, ldi 0
0201, ad
0202, t 39
0203, tml 42
0204, skf1
0205, xax
0206, tl 6 81
0207, t 31
0208, tml 40
0209, t 2f
020A, tm 16 af
020B, skbi 3
020C, t 2f
020D, t 10
020E, tl f fd
020F, t 0b
0210, tl e eb
0211, t 3e
0212, adi d
0213, labl
0214, t 12
0215, t 2c
0216, tml 65
0217, ldi 7
0218, t 00
0219, tm 33 49
021A, t 1f
021B, adi 3
021C, adi 3
021D, tl d 01
021E, skbi d
021F, tl 2 fd
0220, adi 4
0221, ex 0
0222, t 2e
0223, t 2e
0224, tml ba
0225, tml 50
0226, t 31
0227, t 08
0228, lb 8b
0229, lb fd
022A, tm 24 ff
022B, tm 34 63
022C, skbi 4
022D, t 00
022E, skbi 3
022F, t 00
0230, t 05
0231, t 01
0232, ldi 4
0233, skbi c
0234, lbl 70
0235, t 1f
0236, adsk
0237, t 17
0238, tm 18 00
0239, tm 1e 00
023A, t 2e
023B, t 1b
023C, t 0d
023D, t 17
023E, tm 25 7f
023F, t 28
0240, tml 74
0241, lb 00
0242, ldi 0
0243, t 1f
0244, ex 6
0245, t 17
0246, t 3e
0247, tl 9 00
0248, tl 9 00
0249, cys
024A, t 3a
024B, tml 40
024C, tl 4 b0
024D, t 1b
024E, tm 27 00
024F, ldi 0
0250, ldi 4
0251, tl 4 00
0252, tm 39 8c
0253, rtnsk
0254, t 05
0255, t 3e
0256, adi 4
0257, ldi 0
0258, cys
0259, t 1f
025A, tl 1 00
025B, t 1b
025C, tm 1d 01
025D, tm 27 00
025E, tm 3e 50
025F, lbl ef
0260, t 1f
0261, t 18
0262, tm 27 00
0263, tm 3e 97
0264, ex 1
0265, tl 0 00
0266, ldi 0
0267, skbi 5
0268, adi 0
0269, exd 6
026A, skbi 4
026B, t 00
026C, ldi 4
026D, lb 00
026E, tm 2f 9f
026F, t 3e
0270, decb
0271, t 3f
0272, tm 24 44
0273, t 00
0274, t 15
0275, tml 95
0276, tml 95
0277, tml 95
0278, tml b9
0279, tml b1
027A, tml 9f
027B, ex 3
027C, t 17
027D, ex 0
027E, t 3f
027F, t 0a
0280, t 17
0281, adsk
0282, tm 25 9f
0283, and
0284, rtnsk
0285, lb 37
0286, skbi c
0287, t 04
0288, adi 4
0289, rtnsk
028A, t 0d
028B, rtnsk
028C, t 36
028D, t 08
028E, skbi b
028F, exd 1
0290, exd 1
0291, adi 1
0292, lb 27
0293, t 0b
0294, skbi 7
0295, tm 3d e4
0296, skbi 5
0297, tm 3d d8
0298, lbl 30
0299, t 2d
029A, tl f 5f
029B, tl f 5f
029C, tl f 5f
029D, tl f 5f
029E, tl f 5f
029F, tl f cf
02A0, t 0c
02A1, ex 0
02A2, adcsk
02A3, tml 9b
02A4, t 02
02A5, tm 16 6b
02A6, ex 4
02A7, t 1f
02A8, t 05
02A9, ex 7
02AA, tm 25 cf
02AB, or
02AC, adsk
02AD, adcsk
02AE, tm 2d fe
02AF, tm 2e 00
02B0, t 0d
02B1, t 3d
02B2, tm 3e e5
02B3, skbi 4
02B4, skbi 6
02B5, skbi c
02B6, t 33
02B7, t 11
02B8, lbl 2e
02B9, t 3d
02BA, t 01
02BB, t 2a
02BC, tm 2c 7b
02BD, adi 1
02BE, lb c8
02BF, tm 3d 67
02C0, adi 8
02C1, t 1b
02C2, t 0b
02C3, skbi a
02C4, tm 3d 6f
02C5, lbl 6c
02C6, tm 1e 30
02C7, t 2d
02C8, tl 6 ee
02C9, tm 12 ba
02CA, tm 12 ba
02CB, tm 21 56
02CC, adi 0
02CD, t 00
02CE, tm 29 bb
02CF, dia
02D0, exd 6
02D1, tm 1b 80
02D2, ldi 2
02D3, ldi 2
02D4, t 03
02D5, t 00
02D6, adcsk
02D7, t 01
02D8, tm 1b 80
02D9, tm 28 3b
02DA, tm 35 e1
02DB, tm 1b eb
02DC, ex 5
02DD, tl 6 e8
02DE, ex 5
02DF, adi e
02E0, lb eb
02E1, ex 4
02E2, tm 1d 4c
02E3, tm 2b bd
02E4, adi 7
02E5, tm 29 3c
02E6, tl 9 7d
02E7, adi 7
02E8, ldi 2
02E9, tm 1e 51
02EA, tml 7e
02EB, t 03
02EC, t 00
02ED, tm 32 e5
02EE, t 29
02EF, tml ee
02F0, lbl 69
02F1, tm 18 43
02F2, skbi 5
02F3, tm 3c e7
02F4, tm 3c e7
02F5, exd 5
02F6, exd 5
02F7, rtnsk
02F8, t 2a
02F9, tm 34 4b
02FA, tm 1a 7d
02FB, adi 2
02FC, tl c 7c
02FD, tm 20 5c
02FE, tm 2b 3c
02FF, tl c d8
0300, lax
0301, t 00
0302, tm 15 eb
0303, ex 2
0304, tm 18 5c
0305, tm 3d d8
0306, lbl 52
0307, tm 2b 39
0308, skbi 4
0309, tm 3e e7
030A, ldi 6
030B, ldi 6
030C, tm 21 d8
030D, tl c 12
030E, t 00
030F, tm 18 fd
0310, tm 18 00
0311, skbi e
0312, tm 2b b8
0313, adi 6
0314, t 14
0315, exd 0
0316, lbl 80
0317, tm 39 5d
0318, tm 3b 45
0319, tm 3b 45
031A, tm 26 30
031B, t 2d
031C, tl f 43
031D, lb eb
031E, ex 4
031F, t 0b
0320, lb eb
0321, t 3d
0322, skbi 3
0323, lb 6b
0324, t 39
0325, t 0b
0326, tm 1a eb
0327, t 3b
0328, lb 2b
0329, t 00
032A, lb eb
032B, lb 13
032C, lb eb
032D, t 0f
032E, tl 4 0b
032F, tm 25 9b
0330, t 0b
0331, lb eb
0332, t 3b
0333, adi d
0334, tl 6 80
0335, t 3e
0336, exd 3
0337, t 00
0338, t 18
0339, t 2e
033A, t 02
033B, tm 33 7b
033C, adi 1
033D, lb fd
033E, tm 3f 00
033F, tl 6 80
0340, t 3e
0341, exd 3
0342, t 00
0343, t 12
0344, lb 0a
0345, lb eb
0346, ex 7
0347, ld 0
0348, t 2d
0349, tl f 5c
034A, lb 01
034B, adi b
034C, t 2f
034D, lb 80
034E, ldi 6
034F, lbl be
0350, tl d fc
0351, tm 27 8f
0352, t 2f
0353, lxa
0354, t 2f
0355, eor
0356, t 2f
0357, tl 6 0b
0358, t 10
0359, skbi b
035A, exd 1
035B, doa
035C, t 00
035D, tm 3e 50
035E, lbl 7f
035F, tm 32 b7
0360, t 00
0361, tl f 00
0362, tm 2a 3f
0363, tl f 00
0364, t 04
0365, t 00
0366, lb 0b
0367, tm 13 0a
0368, tl 7 eb
0369, xbmx
036A, t 0b
036B, tl 7 eb
036C, xbmx
036D, tm 27 00
036E, tm 2a 3f
036F, t 17
0370, tm 25 bf
0371, t 1f
0372, t 09
0373, sc
0374, t 2f
0375, t 2f
0376, t 00
0377, lb 5c
0378, t 14
0379, t 18
037A, tm 16 00
037B, tm 1c 80
037C, t 1f
037D, t 3f
037E, t 17
037F, t 3f
0380, tl f 00
0381, t 23
0382, t 2f
0383, t 2f
0384, tml 97
0385, tm 25 38
0386, t 1f
0387, t 09
0388, tm 31 5e
0389, ad
038A, t 1b
038B, t 09
038C, t 09
038D, t 1f
038E, ex 0
038F, t 17
0390, ex 0
0391, t 17
0392, ex 0
0393, tm 25 af
0394, tml 5f
0395, lbl dc
0396, t 00
0397, ldi 3
0398, adi d
0399, adi 0
039A, t 00
039B, t 2f
039C, tml e3
039D, tl 7 0b
039E, t 12
039F, t 2c
03A0, tml 65
03A1, doa
03A2, t 00
03A3, sag
03A4, ad
03A5, labl
03A6, exd 7
03A7, exd 7
03A8, tm 3e 65
03A9, t 1f
03AA, t 3b
03AB, t 17
03AC, t 3b
03AD, adi 7
03AE, lbl 54
03AF, tm 3f 43
03B0, t 00
03B1, tl 3 68
03B2, ex 7
03B3, adi e
03B4, ldi 3
03B5, tl 9 81
03B6, tm 35 49
03B7, tm 2c 69
03B8, t 3a
03B9, adi 8
03BA, t 3e
03BB, adi e
03BC, ldi 3
03BD, tl a 81
03BE, tl a 81
03BF, tl 5 7c
03C0, adi 1
03C1, adcsk
03C2, t 2a
03C3, t 1f
03C4, ex 4
03C5, adi 6
03C6, tm 3e 67
03C7, adi c
03C8, adi c
03C9, t 2c
03CA, tml 01
03CB, skbi e
03CC, skbi e
03CD, tm 20 6c
03CE, tl 9 fb
03CF, tm 27 59
03D0, tm 3c 59
03D1, tm 3c 59
03D2, tm 23 00
03D3, skbi a
03D4, tm 3d 66
03D5, ld 0
03D6, t 2d
03D7, tl f f0
03D8, t 2e
03D9, lbl 2f
03DA, tm 1d 7d
03DB, adi 1
03DC, tm 2c ae
03DD, adi 7
03DE, tl 3 6b
03DF, t 3c
03E0, t 0b
03E1, tl 3 eb
03E2, t 3c
03E3, tm 27 00
03E4, cys
03E5, t 2e
03E6, t 2e
03E7, tm 27 7b
03E8, tm 21 55
03E9, tm 21 55
03EA, tl 5 fc
03EB, adi 7
03EC, ld 4
03ED, t 01
03EE, t 01
03EF, adi 1
03F0, lb 30
03F1, t 01
03F2, t 0e
03F3, rtnsk
03F4, t 1b
03F5, adi 3
03F6, lb cd
03F7, or
03F8, xs
03F9, adi 3
03FA, skc
03FB, comp
03FC, ld 0
03FD, t 01
03FE, skbi a
03FF, tm 3b 66
0400, ld 2
0401, t 01
0402, rf1
0403, exd 7
0404, ld 0
0405, t 01
0406, t 1f
0407, t 05
0408, skbi 0
0409, exd 7
040A, adi 3
040B, adsk
040C, t 0e
040D, rtnsk
040E, t 0d
040F, t 1b
0410, t 1b
0411, or
0412, comp
0413, t 3c
0414, lb 11
0415, lxa
0416, exd 7
0417, ld 2
0418, t 01
0419, skbi 3
041A, exd 7
041B, tl 7 0f
041C, xs
041D, tm 3f 00
041E, t 3e
041F, ex 7
0420, t 30
0421, t 1c
0422, comp
0423, tl 6 80
0424, ex 7
0425, sag
0426, exd 3
0427, t 00
0428, tl 9 0b
0429, cys
042A, t 2e
042B, ld 4
042C, t 01
042D, tl a fc
042E, tm 26 7b
042F, exd 7
0430, skbi d
0431, t 0a
0432, tl 7 80
0433, ex 7
0434, t 1f
0435, t 05
0436, adi 3
0437, skc
0438, comp
0439, t 1f
043A, skc
043B, comp
043C, comp
043D, lb c1
043E, lb c1
043F, t 29
0440, exd 7
0441, sc
0442, exd 7
0443, adi 6
0444, ld 0
0445, t 01
0446, tl f fb
0447, adi 6
0448, tl 8 7d
0449, t 1f
044A, tm 26 94
044B, comp
044C, tm 34 63
044D, tm 3e e3
044E, tm 3e 65
044F, tm 34 97
0450, ex 4
0451, t 17
0452, tm 25 56
0453, tm 25 56
0454, tm 27 56
0455, skbi f
0456, skf1
0457, xax
0458, tm 23 ac
0459, tml 65
045A, tl 6 7d
045B, tm 27 c6
045C, tl 1 fc
045D, adi 7
045E, skbi d
045F, tm 3e 65
0460, lb 7d
0461, tm 21 51
0462, tm 21 51
0463, adi 7
0464, lb 45
0465, tm 3b 9f
0466, adi 6
0467, t 13
0468, sag
0469, or
046A, comp
046B, t 3e
046C, t 02
046D, tm 32 40
046E, lbl 72
046F, tl 4 81
0470, ldi 3
0471, skbi 0
0472, lbl dc
0473, t 00
0474, ldi 2
0475, tl 5 81
0476, t 04
0477, t 00
0478, t 14
0479, exd 0
047A, tm 34 63
047B, tm 34 e6
047C, tm 34 66
047D, tm 3e 64
047E, tm 3e 64
047F, tml bb
0480, adi 4
0481, or
0482, comp
0483, t 3a
0484, tm 36 e7
0485, tm 36 e1
0486, tm 34 48
0487, tm 2f f9
0488, tl 9 00
0489, tl 9 00
048A, cys
048B, t 06
048C, t 2e
048D, skbi 9
048E, tm 3d e5
048F, ldi 0
0490, tm 39 8c
0491, adi 4
0492, rtnsk
0493, t 05
0494, t 3e
0495, adi 7
0496, lbl 7f
0497, cys
0498, ldi 0
0499, ldi 0
049A, tl b 60
049B, t 2e
049C, cys
049D, ldi 0
049E, skbi 4
049F, t 00
04A0, ldi 0
04A1, skbi 4
04A2, t 00
04A3, skbi d
04A4, ldi 0
04A5, ldi 4
04A6, tl 4 00
04A7, t 1f
04A8, ld 7
04A9, tl b b0
04AA, t 1b
04AB, tm 27 00
04AC, tm 39 8c
04AD, rtnsk
04AE, t 05
04AF, t 3e
04B0, adi 4
04B1, tm 2f 9f
04B2, t 18
04B3, tm 27 00
04B4, tm 3e 97
04B5, ex 1
04B6, tl 0 00
04B7, ldi 4
04B8, lb 00
04B9, tm 1b 01
04BA, ldi 0
04BB, t 28
04BC, tml 9f
04BD, ex 3
04BE, t 17
04BF, adsk
04C0, t 17
04C1, tm 25 f4
04C2, tm 18 00
04C3, tm 34 8d
04C4, t 05
04C5, t 3a
04C6, or
04C7, t 1f
04C8, lb c1
04C9, t 0f
04CA, skbi 0
04CB, t 2e
04CC, t 0d
04CD, tm 34 8c
04CE, rtnsk
04CF, t 05
04D0, t 3e
04D1, adi 4
04D2, cys
04D3, skbi b
04D4, exd 1
04D5, t 31
04D6, tml b9
04D7, tml 7b
04D8, adi 1
04D9, cys
04DA, tl 8 fd
04DB, tm 10 00
04DC, tm 10 00
04DD, tl b fd
04DE, lb 00
04DF, rtnsk
04E0, t 01
04E1, tm 34 c8
04E2, lbl 9f
04E3, ex 7
04E4, t 17
04E5, t 3d
04E6, tl 9 00
04E7, lb 80
04E8, skbi 4
04E9, t 00
04EA, tm 3f ef
04EB, t 28
04EC, tml 57
04ED, tml 57
04EE, lb c7
04EF, lb c7
04F0, adi 1
04F1, ldi 0
04F2, ad
04F3, t 39
04F4, tml 42
04F5, skf1
04F6, xax
04F7, tl 6 81
04F8, t 31
04F9, tml 40
04FA, t 2f
04FB, tm 16 af
04FC, skbi 3
04FD, t 2f
04FE, t 10
04FF, tl f fd
0500, t 0b
0501, tl e eb
0502, t 3e
0503, adi d
0504, labl
0505, t 12
0506, t 2c
0507, tml 65
0508, ldi 7
0509, t 00
050A, tm 33 49
050B, t 1f
050C, adi 3
050D, adi 3
050E, tl d 01
050F, skbi d
0510, tl 2 fd
0511, adi 4
0512, ex 0
0513, t 2e
0514, t 2e
0515, tml ba
0516, tml 50
0517, t 31
0518, t 08
0519, lb 8b
051A, lb fd
051B, tm 24 ff
051C, tm 34 63
051D, skbi 4
051E, t 00
051F, skbi 3
0520, t 00
0521, t 05
0522, t 01
0523, ldi 4
0524, skbi c
0525, lbl 70
0526, t 1f
0527, adsk
0528, t 17
0529, tm 18 00
052A, tm 1e 00
052B, t 2e
052C, t 1b
052D, t 0d
052E, t 17
052F, tm 25 7f
0530, t 28
0531, tml 74
0532, lb 00
0533, ldi 0
0534, t 1f
0535, ex 6
0536, t 17
0537, t 3e
0538, tl 9 00
0539, tl 9 00
053A, cys
053B, t 3a
053C, tml 40
053D, tl 4 b0
053E, t 1b
053F, tm 27 00
0540, ldi 0
0541, ldi 4
0542, tl 4 00
0543, tm 39 8c
0544, rtnsk
0545, t 05
0546, t 3e
0547, adi 4
0548, ldi 0
0549, cys
054A, t 1f
054B, tl 1 00
054C, t 1b
054D, tm 1d 01
054E, tm 27 00
054F, tm 3e 50
0550, lbl ef
0551, t 1f
0552, t 18
0553, tm 27 00
0554, tm 3e 97
0555, ex 1
0556, tl 0 00
0557, ldi 0
0558, skbi 5
0559, adi 0
055A, exd 6
055B, skbi 4
055C, t 00
055D, ldi 4
055E, lb 00
055F, tm 2f 9f
0560, t 3e
0561, decb
0562, t 3f
0563, tm 24 44
0564, t 00
0565, t 15
0566, tml 95
0567, tml 95
0568, tml 95
0569, tml b9
056A, tml b1
056B, tml 9f
056C, ex 3
056D, t 17
056E, ex 0
056F, t 3f
0570, t 0a
0571, t 17
0572, adsk
0573, tm 25 9f
0574, and
0575, rtnsk
0576, lb 37
0577, skbi c
0578, t 04
0579, adi 4
057A, rtnsk
057B, t 0d
057C, rtnsk
057D, t 36
057E, t 08
057F, skbi b
0580, exd 1
0581, exd 1
0582, adi 1
0583, lb 27
0584, t 0b
0585, skbi 7
0586, tm 3d e4
0587, skbi 5
0588, tm 3d d8
0589, lbl 30
058A, t 2d
058B, tl f 5f
058C, tl f 5f
058D, tl f 5f
058E, tl f 5f
058F, tl f 5f
0590, tl f cf
0591, t 0c
0592, ex 0
0593, adcsk
0594, tml 9b
0595, t 02
0596, tm 16 6b
0597, ex 4
0598, t 1f
0599, t 05
059A, ex 7
059B, tm 25 cf
059C, or
059D, adsk
059E, adcsk
059F, tm 2d fe
05A0, tm 2e 00
05A1, t 0d
05A2, t 3d
05A3, tm 3e e5
05A4, skbi 4
05A5, skbi 6
05A6, skbi c
05A7, t 33
05A8, t 11
05A9, lbl 2e
05AA, t 3d
05AB, t 01
05AC, t 2a
05AD, tm 2c 7b
05AE, adi 1
05AF, lb c8
05B0, tm 3d 67
05B1, adi 8
05B2, t 1b
05B3, t 0b
05B4, skbi a
05B5, tm 3d 6f
05B6, lbl 6c
05B7, tm 1e 30
05B8, t 2d
05B9, tl 6 ee
05BA, tm 12 ba
05BB, tm 12 ba
05BC, tm 21 56
05BD, adi 0
05BE, t 00
05BF, tm 29 bb
05C0, dia
05C1, exd 6
05C2, tm 1b 80
05C3, ldi 2
05C4, ldi 2
05C5, t 03
05C6, t 00
05C7, adcsk
05C8, t 01
05C9, tm 1b 80
05CA, tm 28 3b
05CB, tm 35 e1
05CC, tm 1b eb
05CD, ex 5
05CE, tl 6 e8
05CF, ex 5
05D0, adi e
05D1, lb eb
05D2, ex 4
05D3, tm 1d 4c
05D4, tm 2b bd
05D5, adi 7
05D6, tm 29 3c
05D7, tl 9 7d
05D8, adi 7
05D9, ldi 2
05DA, tm 1e 51
05DB, tml 7e
05DC, t 03
05DD, t 00
05DE, tm 32 e5
05DF, t 29
05E0, tml ee
05E1, lbl 69
05E2, lbl 00
05E3, lbl 00
05E4, lbl 00
05E5, lbl 00
05E6, lbl 00
05E7, lbl 00
05E8, lbl 00
05E9, lbl 00
05EA, lbl 00
05EB, lbl 00
05EC, lbl 00
05ED, lbl 00
05EE, lbl 00
05EF, lbl 00
05F0, lbl 00
05F1, lbl 00
05F2, lbl 00
05F3, lbl 00
05F4, lbl 00
05F5, lbl 00
05F6, lbl 00
05F7, lbl 00
05F8, lbl 00
05F9, lbl 00
05FA, lbl 00
05FB, lbl 00
05FC, lbl 00
05FD, lbl 00
05FE, lbl 00
05FF, lbl 00
0600, lbl 00
0601, lbl 00
0602, lbl 00
0603, lbl 00
0604, lbl 00
0605, lbl 00
0606, lbl 00
0607, lbl 00
0608, lbl 00
0609, lbl 00
060A, lbl 00
060B, lbl 00
060C, lbl 00
060D, lbl 00
060E, lbl 00
060F, lbl 00
0610, lbl 00
0611, lbl 00
0612, lbl 00
0613, lbl 00
0614, lbl 00
0615, lbl 00
0616, lbl 00
0617, lbl 00
0618, lbl 00
0619, lbl 00
061A, lbl 00
061B, lbl 00
061C, lbl 00
061D, lbl 00
061E, lbl 00
061F, lbl 00
0620, lbl 00
0621, lbl 00
0622, lbl 00
0623, lbl 00
0624, lbl 00
0625, lbl 00
0626, lbl 00
0627, lbl 00
0628, lbl 00
0629, lbl 00
062A, lbl 00
062B, lbl 00
062C, lbl 00
062D, lbl 00
062E, lbl 00
062F, lbl 00
0630, lbl 00
0631, lbl 00
0632, lbl 00
0633, lbl 00
0634, lbl 00
0635, lbl 00
0636, lbl 00
0637, lbl 00
0638, lbl 00
0639, lbl 00
063A, lbl 00
063B, lbl 00
063C, lbl 00
063D, lbl 00
063E, lbl 00
063F, lbl 00
0640, lbl 00
0641, lbl 00
0642, lbl 00
0643, lbl 00
0644, lbl 00
0645, lbl 00
0646, lbl 00
0647, lbl 00
0648, lbl 00
0649, lbl 00
064A, lbl 00
064B, lbl 00
064C, lbl 00
064D, lbl 00
064E, lbl 00
064F, lbl 00
0650, lbl 00
0651, lbl 00
0652, lbl 00
0653, lbl 00
0654, lbl 00
0655, lbl 00
0656, lbl 00
0657, lbl 00
0658, lbl 00
0659, lbl 00
065A, lbl 00
065B, lbl 00
065C, lbl 00
065D, lbl 00
065E, lbl 00
065F, lbl 00
0660, lbl 00
0661, lbl 00
0662, lbl 00
0663, lbl 00
0664, lbl 00
0665, lbl 00
0666, lbl 00
0667, lbl 00
0668, lbl 00
0669, lbl 00
066A, lbl 00
066B, lbl 00
066C, lbl 00
066D, lbl 00
066E, lbl 00
066F, lbl 00
0670, lbl 00
0671, lbl 00
0672, lbl 00
0673, lbl 00
0674, lbl 00
0675, lbl 00
0676, lbl 00
0677, lbl 00
0678, lbl 00
0679, lbl 00
067A, lbl 00
067B, lbl 00
067C, lbl 00
067D, lbl 00
067E, lbl 00
067F, lbl 00
0680, lbl 00
0681, lbl 00
0682, lbl 00
0683, lbl 00
0684, lbl 00
0685, lbl 00
0686, lbl 00
0687, lbl 00
0688, lbl 00
0689, lbl 00
068A, lbl 00
068B, lbl 00
068C, lbl 00
068D, lbl 00
068E, lbl 00
068F, lbl 00
0690, lbl 00
0691, lbl 00
0692, lbl 00
0693, lbl 00
0694, lbl 00
0695, lbl 00
0696, lbl 00
0697, lbl 00
0698, lbl 00
0699, lbl 00
069A, lbl 00
069B, lbl 00
069C, lbl 00
069D, lbl 00
069E, lbl 00
069F, lbl 00
06A0, lbl 00
06A1, lbl 00
06A2, lbl 00
06A3, lbl 00
06A4, lbl 00
06A5, lbl 00
06A6, lbl 00
06A7, lbl 00
06A8, lbl 00
06A9, lbl 00
06AA, lbl 00
06AB, lbl 00
06AC, lbl 00
06AD, lbl 00
06AE, lbl 00
06AF, lbl 00
06B0, lbl 00
06B1, lbl 00
06B2, lbl 00
06B3, lbl 00
06B4, lbl 00
06B5, lbl 00
06B6, lbl 00
06B7, lbl 00
06B8, lbl 00
06B9, lbl 00
06BA, lbl 00
06BB, lbl 00
06BC, lbl 00
06BD, lbl 00
06BE, lbl 00
06BF, lbl 00
06C0, lbl 00
06C1, lbl 00
06C2, lbl 00
06C3, lbl 00
06C4, lbl 00
06C5, lbl 00
06C6, lbl 00
06C7, lbl 00
06C8, lbl 00
06C9, lbl 00
06CA, lbl 00
06CB, lbl 00
06CC, lbl 00
06CD, lbl 00
06CE, lbl 00
06CF, lbl 00
06D0, lbl 00
06D1, lbl 00
06D2, lbl 00
06D3, lbl 00
06D4, lbl 00
06D5, lbl 00
06D6, lbl 00
06D7, lbl 00
06D8, lbl 00
06D9, lbl 00
06DA, lbl 00
06DB, lbl 00
06DC, lbl 00
06DD, lbl 00
06DE, lbl 00
06DF, lbl 00
06E0, lbl 00
06E1, lbl 00
06E2, lbl 00
06E3, lbl 00
06E4, lbl 00
06E5, lbl 00
06E6, lbl 00
06E7, lbl 00
06E8, lbl 00
06E9, lbl 00
06EA, lbl 00
06EB, lbl 00
06EC, lbl 00
06ED, lbl 00
06EE, lbl 00
06EF, lbl 00
06F0, lbl 00
06F1, lbl 00
06F2, lbl 00
06F3, lbl 00
06F4, lbl 00
06F5, lbl 00
06F6, lbl 00
06F7, lbl 00
06F8, lbl 00
06F9, lbl 00
06FA, lbl 00
06FB, lbl 00
06FC, lbl 00
06FD, lbl 00
06FE, lbl 00
06FF, lbl 00
0700, lbl 00
0701, lbl 00
0702, lbl 00
0703, lbl 00
0704, lbl 00
0705, lbl 00
0706, lbl 00
0707, lbl 00
0708, lbl 00
0709, lbl 00
070A, lbl 00
070B, lbl 00
070C, lbl 00
070D, lbl 00
070E, lbl 00
070F, lbl 00
0710, lbl 00
0711, lbl 00
0712, lbl 00
0713, lbl 00
0714, lbl 00
0715, lbl 00
0716, lbl 00
0717, lbl 00
0718, lbl 00
0719, lbl 00
071A, lbl 00
071B, lbl 00
071C, lbl 00
071D, lbl 00
071E, lbl 00
071F, lbl 00
0720, lbl 00
0721, lbl 00
0722, lbl 00
0723, lbl 00
0724, lbl 00
0725, lbl 00
0726, lbl 00
0727, lbl 00
0728, lbl 00
0729, lbl 00
072A, lbl 00
072B, lbl 00
072C, lbl 00
072D, lbl 00
072E, lbl 00
072F, lbl 00
0730, lbl 00
0731, lbl 00
0732, lbl 00
0733, lbl 00
0734, lbl 00
0735, lbl 00
0736, lbl 00
0737, lbl 00
0738, lbl 00
0739, lbl 00
073A, lbl 00
073B, lbl 00
073C, lbl 00
073D, lbl 00
073E, lbl 00
073F, lbl 00
0740, lbl 00
0741, lbl 00
0742, lbl 00
0743, lbl 00
0744, lbl 00
0745, lbl 00
0746, lbl 00
0747, lbl 00
0748, lbl 00
0749, lbl 00
074A, lbl 00
074B, lbl 00
074C, lbl 00
074D, lbl 00
074E, lbl 00
074F, lbl 00
0750, lbl 00
0751, lbl 00
0752, lbl 00
0753, lbl 00
0754, lbl 00
0755, lbl 00
0756, lbl 00
0757, lbl 00
0758, lbl 00
0759, lbl 00
075A, lbl 00
075B, lbl 00
075C, lbl 00
075D, lbl 00
075E, lbl 00
075F, lbl 00
0760, lbl 00
0761, lbl 00
0762, lbl 00
0763, lbl 00
0764, lbl 00
0765, lbl 00
0766, lbl 00
0767, lbl 00
0768, lbl 00
0769, lbl 00
076A, lbl 00
076B, lbl 00
076C, lbl 00
076D, lbl 00
076E, lbl 00
076F, lbl 00
0770, lbl 00
0771, lbl 00
0772, lbl 00
0773, lbl 00
0774, lbl 00
0775, lbl 00
0776, lbl 00
0777, lbl 00
0778, lbl 00
0779, lbl 00
077A, lbl 00
077B, lbl 00
077C, lbl 00
077D, lbl 00
077E, lbl 00
077F, lbl 00
0780, lbl 00
0781, lbl 00
0782, lbl 00
0783, lbl 00
0784, lbl 00
0785, lbl 00
0786, lbl 00
0787, lbl 00
0788, lbl 00
0789, lbl 00
078A, lbl 00
078B, lbl 00
078C, lbl 00
078D, lbl 00
078E, lbl 00
078F, lbl 00
0790, lbl 00
0791, lbl 00
0792, lbl 00
0793, lbl 00
0794, lbl 00
0795, lbl 00
0796, lbl 00
0797, lbl 00
0798, lbl 00
0799, lbl 00
079A, lbl 00
079B, lbl 00
079C, lbl 00
079D, lbl 00
079E, lbl 00
079F, lbl 00
07A0, lbl 00
07A1, lbl 00
07A2, lbl 00
07A3, lbl 00
07A4, lbl 00
07A5, lbl 00
07A6, lbl 00
07A7, lbl 00
07A8, lbl 00
07A9, lbl 00
07AA, lbl 00
07AB, lbl 00
07AC, lbl 00
07AD, lbl 00
07AE, lbl 00
07AF, lbl 00
07B0, lbl 00
07B1, lbl 00
07B2, lbl 00
07B3, lbl 00
07B4, lbl 00
07B5, lbl 00
07B6, lbl 00
07B7, lbl 00
07B8, lbl 00
07B9, lbl 00
07BA, lbl 00
07BB, lbl 00
07BC, lbl 00
07BD, lbl 00
07BE, lbl 00
07BF, lbl 00
07C0, lbl 00
07C1, lbl 00
07C2, lbl 00
07C3, lbl 00
07C4, lbl 00
07C5, lbl 00
07C6, lbl 00
07C7, lbl 00
07C8, lbl 00
07C9, lbl 00
07CA, lbl 00
07CB, lbl 00
07CC, lbl 00
07CD, lbl 00
07CE, lbl 00
07CF, lbl 00
07D0, lbl 00
07D1, lbl 00
07D2, lbl 00
07D3, lbl 00
07D4, lbl 00
07D5, lbl 00
07D6, lbl 00
07D7, lbl 00
07D8, lbl 00
07D9, lbl 00
07DA, lbl 00
07DB, lbl 00
07DC, lbl 00
07DD, lbl 00
07DE, lbl 00
07DF, lbl 00
07E0, lbl 00
07E1, lbl 00
07E2, lbl 00
07E3, lbl 00
07E4, lbl 00
07E5, lbl 00
07E6, lbl 00
07E7, lbl 00
07E8, lbl 00
07E9, lbl 00
07EA, lbl 00
07EB, lbl 00
07EC, lbl 00
07ED, lbl 00
07EE, lbl 00
07EF, lbl 00
07F0, lbl 00
07F1, lbl 00
07F2, lbl 00
07F3, lbl 00
07F4, lbl 00
07F5, lbl 00
07F6, lbl 00
07F7, lbl 00
07F8, lbl 00
07F9, lbl 00
07FA, lbl 00
07FB, lbl 00
07FC, lbl 00
07FD, lbl 00
07FE, lbl 00
07FF, lbl 00

